{"record_id":1566,"event_id":1004,"level":"Information","timestamp":"2026-02-22T03:32:02.009337Z","provider":"Microsoft-Windows-Security-SPP","channel":"Application","computer":"Niaina","task_id":0,"keywords":36028797018963968,"user_id":null,"data":{"Data":{"#text":["Office 19 UL oob License (Private)","773f1137-f2a5-4201-b9f7-c7d3356ef85b"]},"Binary":null},"raw_xml":null,"source_file":null,"sigma_matches":[]},
{"record_id":1567,"event_id":1004,"level":"Information","timestamp":"2026-02-22T03:32:02.127457Z","provider":"Microsoft-Windows-Security-SPP","channel":"Application","computer":"Niaina","task_id":0,"keywords":36028797018963968,"user_id":null,"data":{"Data":{"#text":["OfficeA3072B8F-ADCC-4E75-8D62-FDEB9BDFAE57 PPD License","053f890f-7ba6-c3d9-1a4d-3f68fb930e84"]},"Binary":null},"raw_xml":null,"source_file":null,"sigma_matches":[]},
{"record_id":1568,"event_id":1004,"level":"Information","timestamp":"2026-02-22T03:32:02.211394Z","provider":"Microsoft-Windows-Security-SPP","channel":"Application","computer":"Niaina","task_id":0,"keywords":36028797018963968,"user_id":null,"data":{"Data":{"#text":["Office 19 Publishing License (Public)","0e48f746-7b41-40fd-a4d5-fbdbccda0068"]},"Binary":null},"raw_xml":null,"source_file":null,"sigma_matches":[]},
{"record_id":1569,"event_id":1004,"level":"Information","timestamp":"2026-02-22T03:32:02.212015Z","provider":"Microsoft-Windows-Security-SPP","channel":"Application","computer":"Niaina","task_id":0,"keywords":36028797018963968,"user_id":null,"data":{"Data":{"#text":["Office 19 Publishing License (Private)","67c00957-c0d2-4bf6-9e4e-58b1ad3ccaf7"]},"Binary":null},"raw_xml":null,"source_file":null,"sigma_matches":[]},
{"record_id":1570,"event_id":1004,"level":"Information","timestamp":"2026-02-22T03:32:02.345979Z","provider":"Microsoft-Windows-Security-SPP","channel":"Application","computer":"Niaina","task_id":0,"keywords":36028797018963968,"user_id":null,"data":{"Data":{"#text":["Office 19 UL oob License (Public)","0242447f-fff0-4a8e-840e-9999acfad972"]},"Binary":null},"raw_xml":null,"source_file":null,"sigma_matches":[]},
{"record_id":1571,"event_id":1004,"level":"Information","timestamp":"2026-02-22T03:32:02.346877Z","provider":"Microsoft-Windows-Security-SPP","channel":"Application","computer":"Niaina","task_id":0,"keywords":36028797018963968,"user_id":null,"data":{"Data":{"#text":["Office 19 UL oob License (Private)","81930ada-b6b3-4683-8d93-eb03316c1ad4"]},"Binary":null},"raw_xml":null,"source_file":null,"sigma_matches":[]},
{"record_id":1572,"event_id":1004,"level":"Information","timestamp":"2026-02-22T03:32:02.469732Z","provider":"Microsoft-Windows-Security-SPP","channel":"Application","computer":"Niaina","task_id":0,"keywords":36028797018963968,"user_id":null,"data":{"Data":{"#text":["OfficeE18C439E-424A-4E83-8F1B-5F9DD021B38D PPD License","1227739c-3234-1f8f-0d5c-6e1c8bd7fd2a"]},"Binary":null},"raw_xml":null,"source_file":null,"sigma_matches":[]},
{"record_id":1573,"event_id":1004,"level":"Information","timestamp":"2026-02-22T03:32:02.553166Z","provider":"Microsoft-Windows-Security-SPP","channel":"Application","computer":"Niaina","task_id":0,"keywords":36028797018963968,"user_id":null,"data":{"Data":{"#text":["Office 19 Publishing License (Public)","cee46be3-8345-44c9-94a3-36b642728435"]},"Binary":null},"raw_xml":null,"source_file":null,"sigma_matches":[]},
{"record_id":1574,"event_id":1004,"level":"Information","timestamp":"2026-02-22T03:32:02.553801Z","provider":"Microsoft-Windows-Security-SPP","channel":"Application","computer":"Niaina","task_id":0,"keywords":36028797018963968,"user_id":null,"data":{"Data":{"#text":["Office 19 Publishing License (Private)","c091a298-8a46-4d4c-aa08-1ef3aa563d9e"]},"Binary":null},"raw_xml":null,"source_file":null,"sigma_matches":[]},
{"record_id":1575,"event_id":1004,"level":"Information","timestamp":"2026-02-22T03:32:02.673769Z","provider":"Microsoft-Windows-Security-SPP","channel":"Application","computer":"Niaina","task_id":0,"keywords":36028797018963968,"user_id":null,"data":{"Data":{"#text":["Office 19 UL oob License (Public)","aa02ced5-ba63-4419-b55b-4054fdc34bbf"]},"Binary":null},"raw_xml":null,"source_file":null,"sigma_matches":[]},
{"record_id":1576,"event_id":1004,"level":"Information","timestamp":"2026-02-22T03:32:02.676059Z","provider":"Microsoft-Windows-Security-SPP","channel":"Application","computer":"Niaina","task_id":0,"keywords":36028797018963968,"user_id":null,"data":{"Data":{"#text":["Office 19 UL oob License (Private)","3ea08bd3-0b22-407d-8311-621d5ca2b392"]},"Binary":null},"raw_xml":null,"source_file":null,"sigma_matches":[]},
{"record_id":1577,"event_id":1004,"level":"Information","timestamp":"2026-02-22T03:32:02.809232Z","provider":"Microsoft-Windows-Security-SPP","channel":"Application","computer":"Niaina","task_id":0,"keywords":36028797018963968,"user_id":null,"data":{"Data":{"#text":["Office83BD3F0A-A827-46C9-8B30-3F73BF933CFE PPD License","ed45a917-31b6-ee0c-0dbb-c2bcf1f3c7b4"]},"Binary":null},"raw_xml":null,"source_file":null,"sigma_matches":[]},
{"record_id":1578,"event_id":1004,"level":"Information","timestamp":"2026-02-22T03:32:02.921429Z","provider":"Microsoft-Windows-Security-SPP","channel":"Application","computer":"Niaina","task_id":0,"keywords":36028797018963968,"user_id":null,"data":{"Data":{"#text":["Office 24 UL oob License (Public)","3ce39260-d1a9-4175-80cc-2e181afc38cd"]},"Binary":null},"raw_xml":null,"source_file":null,"sigma_matches":[]},
{"record_id":1579,"event_id":1004,"level":"Information","timestamp":"2026-02-22T03:32:02.922164Z","provider":"Microsoft-Windows-Security-SPP","channel":"Application","computer":"Niaina","task_id":0,"keywords":36028797018963968,"user_id":null,"data":{"Data":{"#text":["Office 24 UL oob License (Private)","6bfba4c7-4403-4dfd-970d-ff18ad0fe6b2"]},"Binary":null},"raw_xml":null,"source_file":null,"sigma_matches":[]},
{"record_id":1580,"event_id":1004,"level":"Information","timestamp":"2026-02-22T03:32:03.064891Z","provider":"Microsoft-Windows-Security-SPP","channel":"Application","computer":"Niaina","task_id":0,"keywords":36028797018963968,"user_id":null,"data":{"Data":{"#text":["Office24996154-F927-413F-B2D5-C81882464EE3 PPD License","9daf001b-a3d4-715a-a9f8-5fedd0199a99"]},"Binary":null},"raw_xml":null,"source_file":null,"sigma_matches":[]},
{"record_id":1581,"event_id":1004,"level":"Information","timestamp":"2026-02-22T03:32:03.150715Z","provider":"Microsoft-Windows-Security-SPP","channel":"Application","computer":"Niaina","task_id":0,"keywords":36028797018963968,"user_id":null,"data":{"Data":{"#text":["Office 24 Publishing License (Public)","ec4412ce-9478-4624-92ed-b0187dd995d7"]},"Binary":null},"raw_xml":null,"source_file":null,"sigma_matches":[]},
{"record_id":1582,"event_id":1004,"level":"Information","timestamp":"2026-02-22T03:32:03.151324Z","provider":"Microsoft-Windows-Security-SPP","channel":"Application","computer":"Niaina","task_id":0,"keywords":36028797018963968,"user_id":null,"data":{"Data":{"#text":["Office 24 Publishing License (Private)","c1888525-e6bc-48ac-8c35-4d4131f5a8e1"]},"Binary":null},"raw_xml":null,"source_file":null,"sigma_matches":[]},
{"record_id":1583,"event_id":1004,"level":"Information","timestamp":"2026-02-22T03:32:03.260941Z","provider":"Microsoft-Windows-Security-SPP","channel":"Application","computer":"Niaina","task_id":0,"keywords":36028797018963968,"user_id":null,"data":{"Data":{"#text":["Office 24 UL phone License (Public)","eb1b706d-73e4-432b-b200-6edab02167eb"]},"Binary":null},"raw_xml":null,"source_file":null,"sigma_matches":[]},
{"record_id":1584,"event_id":1004,"level":"Information","timestamp":"2026-02-22T03:32:03.261584Z","provider":"Microsoft-Windows-Security-SPP","channel":"Application","computer":"Niaina","task_id":0,"keywords":36028797018963968,"user_id":null,"data":{"Data":{"#text":["Office 24 UL phone License (Private)","ef8c77b6-541a-426e-979c-c09791b2cb17"]},"Binary":null},"raw_xml":null,"source_file":null,"sigma_matches":[]},
{"record_id":1585,"event_id":1004,"level":"Information","timestamp":"2026-02-22T03:32:03.348967Z","provider":"Microsoft-Windows-Security-SPP","channel":"Application","computer":"Niaina","task_id":0,"keywords":36028797018963968,"user_id":null,"data":{"Data":{"#text":["Office 24 UL oob License (Public)","9aa712e5-3b28-4c03-b0f5-1f65311d46d7"]},"Binary":null},"raw_xml":null,"source_file":null,"sigma_matches":[]},
{"record_id":1586,"event_id":1004,"level":"Information","timestamp":"2026-02-22T03:32:03.349637Z","provider":"Microsoft-Windows-Security-SPP","channel":"Application","computer":"Niaina","task_id":0,"keywords":36028797018963968,"user_id":null,"data":{"Data":{"#text":["Office 24 UL oob License (Private)","57408032-0586-43b8-808d-23a4d727ce94"]},"Binary":null},"raw_xml":null,"source_file":null,"sigma_matches":[]},
{"record_id":1587,"event_id":1004,"level":"Information","timestamp":"2026-02-22T03:32:03.499210Z","provider":"Microsoft-Windows-Security-SPP","channel":"Application","computer":"Niaina","task_id":0,"keywords":36028797018963968,"user_id":null,"data":{"Data":{"#text":["OfficeDB249714-BB54-4422-8C78-2CC8D4C4A19F PPD License","2c1b182d-fe40-0263-915e-e69b3fed75f4"]},"Binary":null},"raw_xml":null,"source_file":null,"sigma_matches":[]},
{"record_id":1588,"event_id":8231,"level":"Information","timestamp":"2026-02-22T03:32:17.249765Z","provider":"VSS","channel":"Application","computer":"Niaina","task_id":0,"keywords":36028797018963968,"user_id":null,"data":{"Data":{"#text":["{8a8174da-ff54-4dae-9c5f-9adcdff6e4b4}","C:\\WINDOWS\\system32\\DllHost.exe /Processid:{F32D97DF-E3E5-4CB9-9E3E-0EB5B4E49801}","dllhost.exe","svchost.exe","services.exe"]},"Binary":null},"raw_xml":null,"source_file":null,"sigma_matches":[]},
{"record_id":1589,"event_id":8194,"level":"Information","timestamp":"2026-02-22T03:32:20.210344Z","provider":"System Restore","channel":"Application","computer":"Niaina","task_id":0,"keywords":36028797018963968,"user_id":null,"data":{"Data":{"#text":["C:\\WINDOWS\\Temp\\{7AC005D7-AB1E-46D7-8671-11C11C79D2E3}\\.be\\VC_redist.x86.exe -q -burn.elevated BurnPipe.{A9C48D66-BBA4-47D0-B548-949F64C59DC3} {37E2B904-A313-423F-80BC-F6FB7A608D22} 12036","Microsoft Visual C++ 2015-2022 Redistributable (x86) - 14.44.35211"]},"Binary":"0000000067020000590200000000000022CE28677C6DDA79E28C1C000000000000000000"},"raw_xml":null,"source_file":null,"sigma_matches":[]},
{"record_id":1590,"event_id":10003,"level":"Information","timestamp":"2026-02-22T03:32:29.074482Z","provider":"Microsoft-Windows-RestartManager","channel":"Application","computer":"Niaina","task_id":0,"keywords":9223372036854775808,"user_id":"S-1-5-21-3595381792-2646053551-3183893924-1001","data":null,"raw_xml":null,"source_file":null,"sigma_matches":[]},
{"record_id":1591,"event_id":10000,"level":"Information","timestamp":"2026-02-22T03:32:29.419568Z","provider":"Microsoft-Windows-RestartManager","channel":"Application","computer":"Niaina","task_id":0,"keywords":9223372036854775808,"user_id":"S-1-5-21-3595381792-2646053551-3183893924-1001","data":null,"raw_xml":null,"source_file":null,"sigma_matches":[]},
{"record_id":1592,"event_id":16384,"level":"Information","timestamp":"2026-02-22T03:32:33.604707Z","provider":"Microsoft-Windows-Security-SPP","channel":"Application","computer":"Niaina","task_id":0,"keywords":36028797018963968,"user_id":null,"data":{"Data":{"#text":["2026-05-20T15:58:33Z","RulesEngine"]},"Binary":null},"raw_xml":null,"source_file":null,"sigma_matches":[]},
{"record_id":1593,"event_id":16394,"level":"Information","timestamp":"2026-02-22T03:32:36.999439Z","provider":"Microsoft-Windows-Security-SPP","channel":"Application","computer":"Niaina","task_id":0,"keywords":36028797018963968,"user_id":null,"data":{"Data":{"#text":""},"Binary":null},"raw_xml":null,"source_file":null,"sigma_matches":[]},
{"record_id":1594,"event_id":8300,"level":"Information","timestamp":"2026-02-22T03:32:36.067769Z","provider":"Microsoft-Windows-System-Restore","channel":"Application","computer":"Niaina","task_id":0,"keywords":9223653511831486465,"user_id":"S-1-5-18","data":{"SnapshotPath":"\\\\?\\GLOBALROOT\\Device\\HarddiskVolumeShadowCopy2"},"raw_xml":null,"source_file":null,"sigma_matches":[]},
{"record_id":1595,"event_id":1013,"level":"Information","timestamp":"2026-02-22T03:32:44.281370Z","provider":"Microsoft-Windows-Search","channel":"Application","computer":"Niaina","task_id":1,"keywords":36028797018963968,"user_id":null,"data":{"ExtraInfo":"\n"},"raw_xml":null,"source_file":null,"sigma_matches":[]},
{"record_id":1596,"event_id":1003,"level":"Information","timestamp":"2026-02-22T03:32:48.432278Z","provider":"Microsoft-Windows-Search","channel":"Application","computer":"Niaina","task_id":1,"keywords":36028797018963968,"user_id":null,"data":{"ExtraInfo":"\n"},"raw_xml":null,"source_file":null,"sigma_matches":[]},
{"record_id":1597,"event_id":1040,"level":"Information","timestamp":"2026-02-22T03:33:03.387571Z","provider":"MsiInstaller","channel":"Application","computer":"Niaina","task_id":0,"keywords":36028797018963968,"user_id":"S-1-5-18","data":{"Data":{"#text":["c:\\program files (x86)\\microsoft office\\root\\integration\\c2rint.16.msi","16144","(NULL)","(NULL)","(NULL)","(NULL)"]},"Binary":null},"raw_xml":null,"source_file":null,"sigma_matches":[]},
{"record_id":1598,"event_id":16384,"level":"Information","timestamp":"2026-02-22T03:33:07.545435Z","provider":"Microsoft-Windows-Security-SPP","channel":"Application","computer":"Niaina","task_id":0,"keywords":36028797018963968,"user_id":null,"data":{"Data":{"#text":["2026-05-20T15:58:07Z","RulesEngine"]},"Binary":null},"raw_xml":null,"source_file":null,"sigma_matches":[]},
{"record_id":1599,"event_id":11728,"level":"Information","timestamp":"2026-02-22T03:33:24.278051Z","provider":"MsiInstaller","channel":"Application","computer":"Niaina","task_id":0,"keywords":36028797018963968,"user_id":"S-1-5-18","data":{"Data":{"#text":["Produit : Office 16 Click-to-Run Extensibility Component -- Configuration effectuée.","(NULL)","(NULL)","(NULL)","(NULL)","(NULL)"]},"Binary":"7B39303136303030302D303038432D303030302D303030302D3030303030303046463143457D"},"raw_xml":null,"source_file":null,"sigma_matches":[]},
{"record_id":1600,"event_id":1035,"level":"Information","timestamp":"2026-02-22T03:33:24.278533Z","provider":"MsiInstaller","channel":"Application","computer":"Niaina","task_id":0,"keywords":36028797018963968,"user_id":"S-1-5-18","data":{"Data":{"#text":["Office 16 Click-to-Run Extensibility Component","16.0.19628.20214","0","0","Microsoft Corporation","(NULL)"]},"Binary":"7B39303136303030302D303038432D303030302D303030302D3030303030303046463143457D3030303037633531386261373861376162613436666336336437636561303834346232353030303030303030"},"raw_xml":null,"source_file":null,"sigma_matches":[]},
{"record_id":1601,"event_id":1042,"level":"Information","timestamp":"2026-02-22T03:33:26.366420Z","provider":"MsiInstaller","channel":"Application","computer":"Niaina","task_id":0,"keywords":36028797018963968,"user_id":"S-1-5-18","data":{"Data":{"#text":["c:\\program files (x86)\\microsoft office\\root\\integration\\c2rint.16.msi","16144","(NULL)","(NULL)","(NULL)","(NULL)"]},"Binary":null},"raw_xml":null,"source_file":null,"sigma_matches":[]},
{"record_id":1602,"event_id":1013,"level":"Information","timestamp":"2026-02-22T03:33:26.571551Z","provider":"Microsoft-Windows-Search","channel":"Application","computer":"Niaina","task_id":1,"keywords":36028797018963968,"user_id":null,"data":{"ExtraInfo":"\n"},"raw_xml":null,"source_file":null,"sigma_matches":[]},
{"record_id":1603,"event_id":1003,"level":"Information","timestamp":"2026-02-22T03:33:27.727349Z","provider":"Microsoft-Windows-Search","channel":"Application","computer":"Niaina","task_id":1,"keywords":36028797018963968,"user_id":null,"data":{"ExtraInfo":"\n"},"raw_xml":null,"source_file":null,"sigma_matches":[]},
{"record_id":1604,"event_id":8301,"level":"Information","timestamp":"2026-02-22T03:34:21.782230Z","provider":"Microsoft-Windows-System-Restore","channel":"Application","computer":"Niaina","task_id":0,"keywords":9223653511831486465,"user_id":"S-1-5-18","data":{"SnapshotPath":"\\\\?\\GLOBALROOT\\Device\\HarddiskVolumeShadowCopy2","ErrorCode":"0x0","TotalDirectories":167614,"TotalFiles":738783,"FilesScoped":323121,"FilesResident":141305,"FilesCachedFirstPass":186925,"FilesMissedSecondPass":186533},"raw_xml":null,"source_file":null,"sigma_matches":[]},
{"record_id":1605,"event_id":8302,"level":"Information","timestamp":"2026-02-22T03:34:21.782240Z","provider":"Microsoft-Windows-System-Restore","channel":"Application","computer":"Niaina","task_id":0,"keywords":9223372036854775808,"user_id":"S-1-5-18","data":{"SnapshotPath":"\\\\?\\GLOBALROOT\\Device\\HarddiskVolumeShadowCopy2","ErrorCode":"0x0","TotalDirectories":167614,"TotalFiles":738783,"FilesScoped":323121,"FilesResident":141305,"FilesCachedFirstPass":186925,"FilesMissedSecondPass":186533},"raw_xml":null,"source_file":null,"sigma_matches":[]},
{"record_id":1606,"event_id":1040,"level":"Information","timestamp":"2026-02-22T03:34:26.881737Z","provider":"MsiInstaller","channel":"Application","computer":"Niaina","task_id":0,"keywords":36028797018963968,"user_id":"S-1-5-18","data":{"Data":{"#text":["c:\\program files (x86)\\microsoft office\\root\\integration\\c2rint.16.msi","16144","(NULL)","(NULL)","(NULL)","(NULL)"]},"Binary":null},"raw_xml":null,"source_file":null,"sigma_matches":[]},
{"record_id":1607,"event_id":11728,"level":"Information","timestamp":"2026-02-22T03:34:29.307124Z","provider":"MsiInstaller","channel":"Application","computer":"Niaina","task_id":0,"keywords":36028797018963968,"user_id":"S-1-5-18","data":{"Data":{"#text":["Produit : Office 16 Click-to-Run Extensibility Component -- Configuration effectuée.","(NULL)","(NULL)","(NULL)","(NULL)","(NULL)"]},"Binary":"7B39303136303030302D303038432D303030302D303030302D3030303030303046463143457D"},"raw_xml":null,"source_file":null,"sigma_matches":[]},
{"record_id":1608,"event_id":1035,"level":"Information","timestamp":"2026-02-22T03:34:29.307510Z","provider":"MsiInstaller","channel":"Application","computer":"Niaina","task_id":0,"keywords":36028797018963968,"user_id":"S-1-5-18","data":{"Data":{"#text":["Office 16 Click-to-Run Extensibility Component","16.0.19628.20214","0","0","Microsoft Corporation","(NULL)"]},"Binary":"7B39303136303030302D303038432D303030302D303030302D3030303030303046463143457D3030303037633531386261373861376162613436666336336437636561303834346232353030303030303030"},"raw_xml":null,"source_file":null,"sigma_matches":[]},
{"record_id":1609,"event_id":1042,"level":"Information","timestamp":"2026-02-22T03:34:29.321714Z","provider":"MsiInstaller","channel":"Application","computer":"Niaina","task_id":0,"keywords":36028797018963968,"user_id":"S-1-5-18","data":{"Data":{"#text":["c:\\program files (x86)\\microsoft office\\root\\integration\\c2rint.16.msi","16144","(NULL)","(NULL)","(NULL)","(NULL)"]},"Binary":null},"raw_xml":null,"source_file":null,"sigma_matches":[]},
{"record_id":1610,"event_id":1040,"level":"Information","timestamp":"2026-02-22T03:34:29.560409Z","provider":"MsiInstaller","channel":"Application","computer":"Niaina","task_id":0,"keywords":36028797018963968,"user_id":"S-1-5-18","data":{"Data":{"#text":["c:\\program files (x86)\\microsoft office\\root\\integration\\c2rint64.16.msi","16144","(NULL)","(NULL)","(NULL)","(NULL)"]},"Binary":null},"raw_xml":null,"source_file":null,"sigma_matches":[]},
{"record_id":1611,"event_id":11728,"level":"Information","timestamp":"2026-02-22T03:34:32.688079Z","provider":"MsiInstaller","channel":"Application","computer":"Niaina","task_id":0,"keywords":36028797018963968,"user_id":"S-1-5-18","data":{"Data":{"#text":["Produit : Office 16 Click-to-Run Extensibility Component 64-bit Registration -- Configuration effectuée.","(NULL)","(NULL)","(NULL)","(NULL)","(NULL)"]},"Binary":"7B39303136303030302D303044442D303030302D313030302D3030303030303046463143457D"},"raw_xml":null,"source_file":null,"sigma_matches":[]},
{"record_id":1612,"event_id":1035,"level":"Information","timestamp":"2026-02-22T03:34:32.688523Z","provider":"MsiInstaller","channel":"Application","computer":"Niaina","task_id":0,"keywords":36028797018963968,"user_id":"S-1-5-18","data":{"Data":{"#text":["Office 16 Click-to-Run Extensibility Component 64-bit Registration","16.0.19628.20214","0","0","Microsoft Corporation","(NULL)"]},"Binary":"7B39303136303030302D303044442D303030302D313030302D3030303030303046463143457D3030303063376162393139313661306263653234623766613163623461333665396461393030303030303030"},"raw_xml":null,"source_file":null,"sigma_matches":[]},
{"record_id":1613,"event_id":1042,"level":"Information","timestamp":"2026-02-22T03:34:32.701850Z","provider":"MsiInstaller","channel":"Application","computer":"Niaina","task_id":0,"keywords":36028797018963968,"user_id":"S-1-5-18","data":{"Data":{"#text":["c:\\program files (x86)\\microsoft office\\root\\integration\\c2rint64.16.msi","16144","(NULL)","(NULL)","(NULL)","(NULL)"]},"Binary":null},"raw_xml":null,"source_file":null,"sigma_matches":[]},
{"record_id":1614,"event_id":1040,"level":"Information","timestamp":"2026-02-22T03:34:32.735434Z","provider":"MsiInstaller","channel":"Application","computer":"Niaina","task_id":0,"keywords":36028797018963968,"user_id":"S-1-5-18","data":{"Data":{"#text":["c:\\program files (x86)\\microsoft office\\root\\integration\\c2rint64.16.msi","16144","(NULL)","(NULL)","(NULL)","(NULL)"]},"Binary":null},"raw_xml":null,"source_file":null,"sigma_matches":[]},
{"record_id":1615,"event_id":11728,"level":"Information","timestamp":"2026-02-22T03:34:32.943891Z","provider":"MsiInstaller","channel":"Application","computer":"Niaina","task_id":0,"keywords":36028797018963968,"user_id":"S-1-5-18","data":{"Data":{"#text":["Produit : Office 16 Click-to-Run Extensibility Component 64-bit Registration -- Configuration effectuée.","(NULL)","(NULL)","(NULL)","(NULL)","(NULL)"]},"Binary":"7B39303136303030302D303044442D303030302D313030302D3030303030303046463143457D"},"raw_xml":null,"source_file":null,"sigma_matches":[]},
{"record_id":1616,"event_id":1035,"level":"Information","timestamp":"2026-02-22T03:34:32.944354Z","provider":"MsiInstaller","channel":"Application","computer":"Niaina","task_id":0,"keywords":36028797018963968,"user_id":"S-1-5-18","data":{"Data":{"#text":["Office 16 Click-to-Run Extensibility Component 64-bit Registration","16.0.19628.20214","0","0","Microsoft Corporation","(NULL)"]},"Binary":"7B39303136303030302D303044442D303030302D313030302D3030303030303046463143457D3030303063376162393139313661306263653234623766613163623461333665396461393030303030303030"},"raw_xml":null,"source_file":null,"sigma_matches":[]},
{"record_id":1617,"event_id":1042,"level":"Information","timestamp":"2026-02-22T03:34:32.956031Z","provider":"MsiInstaller","channel":"Application","computer":"Niaina","task_id":0,"keywords":36028797018963968,"user_id":"S-1-5-18","data":{"Data":{"#text":["c:\\program files (x86)\\microsoft office\\root\\integration\\c2rint64.16.msi","16144","(NULL)","(NULL)","(NULL)","(NULL)"]},"Binary":null},"raw_xml":null,"source_file":null,"sigma_matches":[]},
{"record_id":1618,"event_id":1040,"level":"Information","timestamp":"2026-02-22T03:34:33.565535Z","provider":"MsiInstaller","channel":"Application","computer":"Niaina","task_id":0,"keywords":36028797018963968,"user_id":"S-1-5-18","data":{"Data":{"#text":["c:\\program files (x86)\\microsoft office\\root\\integration\\c2rintloc.fr-fr.16.msi","16144","(NULL)","(NULL)","(NULL)","(NULL)"]},"Binary":null},"raw_xml":null,"source_file":null,"sigma_matches":[]},
{"record_id":1619,"event_id":11728,"level":"Information","timestamp":"2026-02-22T03:34:34.882145Z","provider":"MsiInstaller","channel":"Application","computer":"Niaina","task_id":0,"keywords":36028797018963968,"user_id":"S-1-5-18","data":{"Data":{"#text":["Produit : Office 16 Click-to-Run Localization Component -- Configuration effectuée.","(NULL)","(NULL)","(NULL)","(NULL)","(NULL)"]},"Binary":"7B39303136303030302D303038432D303430432D303030302D3030303030303046463143457D"},"raw_xml":null,"source_file":null,"sigma_matches":[]},
{"record_id":1620,"event_id":1035,"level":"Information","timestamp":"2026-02-22T03:34:34.882659Z","provider":"MsiInstaller","channel":"Application","computer":"Niaina","task_id":0,"keywords":36028797018963968,"user_id":"S-1-5-18","data":{"Data":{"#text":["Office 16 Click-to-Run Localization Component","16.0.19628.20214","1036","0","Microsoft Corporation","(NULL)"]},"Binary":"7B39303136303030302D303038432D303430432D303030302D3030303030303046463143457D3030303064613163633633396438353138386334356636383662616665653562336463363030303030633034"},"raw_xml":null,"source_file":null,"sigma_matches":[]},
{"record_id":1621,"event_id":1042,"level":"Information","timestamp":"2026-02-22T03:34:34.895697Z","provider":"MsiInstaller","channel":"Application","computer":"Niaina","task_id":0,"keywords":36028797018963968,"user_id":"S-1-5-18","data":{"Data":{"#text":["c:\\program files (x86)\\microsoft office\\root\\integration\\c2rintloc.fr-fr.16.msi","16144","(NULL)","(NULL)","(NULL)","(NULL)"]},"Binary":null},"raw_xml":null,"source_file":null,"sigma_matches":[]},
{"record_id":1622,"event_id":8224,"level":"Information","timestamp":"2026-02-22T03:35:30.703274Z","provider":"VSS","channel":"Application","computer":"Niaina","task_id":0,"keywords":36028797018963968,"user_id":null,"data":{"Data":{"#text":""},"Binary":"2D20436F64653A2020434F525356434330303030303737322D2043616C6C3A2020434F525356434330303030303735342D205049443A202030303031313430382D205449443A202030303030333531322D20434D443A2020433A5C57494E444F57535C73797374656D33325C76737376632E6578652020202D20557365723A204E616D653A204155544F52495445204E545C53797374E86D652C205349443A532D312D352D313820"},"raw_xml":null,"source_file":null,"sigma_matches":[]},
{"record_id":1623,"event_id":16394,"level":"Information","timestamp":"2026-02-22T03:35:55.679980Z","provider":"Microsoft-Windows-Security-SPP","channel":"Application","computer":"Niaina","task_id":0,"keywords":36028797018963968,"user_id":null,"data":{"Data":{"#text":""},"Binary":null},"raw_xml":null,"source_file":null,"sigma_matches":[]},
{"record_id":1624,"event_id":1034,"level":"Information","timestamp":"2026-02-22T03:35:56.174862Z","provider":"Microsoft-Windows-Security-SPP","channel":"Application","computer":"Niaina","task_id":0,"keywords":36028797018963968,"user_id":null,"data":{"Data":{"#text":["AAD-AddDeviceJoinUserToAdminGroup-Policy","100"]},"Binary":null},"raw_xml":null,"source_file":null,"sigma_matches":[]},
{"record_id":1625,"event_id":1034,"level":"Information","timestamp":"2026-02-22T03:35:56.187296Z","provider":"Microsoft-Windows-Security-SPP","channel":"Application","computer":"Niaina","task_id":0,"keywords":36028797018963968,"user_id":null,"data":{"Data":{"#text":["AAD-AddDeviceJoinUserToAdminGroup-Policy","100"]},"Binary":null},"raw_xml":null,"source_file":null,"sigma_matches":[]},
{"record_id":1626,"event_id":1034,"level":"Information","timestamp":"2026-02-22T03:35:56.200330Z","provider":"Microsoft-Windows-Security-SPP","channel":"Application","computer":"Niaina","task_id":0,"keywords":36028797018963968,"user_id":null,"data":{"Data":{"#text":["AAD-AddDeviceJoinUserToAdminGroup-Policy","100"]},"Binary":null},"raw_xml":null,"source_file":null,"sigma_matches":[]},
{"record_id":1627,"event_id":1034,"level":"Information","timestamp":"2026-02-22T03:35:56.212866Z","provider":"Microsoft-Windows-Security-SPP","channel":"Application","computer":"Niaina","task_id":0,"keywords":36028797018963968,"user_id":null,"data":{"Data":{"#text":["AAD-AddDeviceJoinUserToAdminGroup-Policy","100"]},"Binary":null},"raw_xml":null,"source_file":null,"sigma_matches":[]},
{"record_id":1628,"event_id":1034,"level":"Information","timestamp":"2026-02-22T03:35:56.226938Z","provider":"Microsoft-Windows-Security-SPP","channel":"Application","computer":"Niaina","task_id":0,"keywords":36028797018963968,"user_id":null,"data":{"Data":{"#text":["AAD-AddDeviceJoinUserToAdminGroup-Policy","100"]},"Binary":null},"raw_xml":null,"source_file":null,"sigma_matches":[]},
{"record_id":1629,"event_id":1034,"level":"Information","timestamp":"2026-02-22T03:35:56.244583Z","provider":"Microsoft-Windows-Security-SPP","channel":"Application","computer":"Niaina","task_id":0,"keywords":36028797018963968,"user_id":null,"data":{"Data":{"#text":["AAD-AddDeviceJoinUserToAdminGroup-Policy","100"]},"Binary":null},"raw_xml":null,"source_file":null,"sigma_matches":[]},
{"record_id":1630,"event_id":1034,"level":"Information","timestamp":"2026-02-22T03:35:56.259114Z","provider":"Microsoft-Windows-Security-SPP","channel":"Application","computer":"Niaina","task_id":0,"keywords":36028797018963968,"user_id":null,"data":{"Data":{"#text":["AAD-AddDeviceJoinUserToAdminGroup-Policy","100"]},"Binary":null},"raw_xml":null,"source_file":null,"sigma_matches":[]},
{"record_id":1631,"event_id":1034,"level":"Information","timestamp":"2026-02-22T03:35:56.273789Z","provider":"Microsoft-Windows-Security-SPP","channel":"Application","computer":"Niaina","task_id":0,"keywords":36028797018963968,"user_id":null,"data":{"Data":{"#text":["AAD-AddDeviceJoinUserToAdminGroup-Policy","100"]},"Binary":null},"raw_xml":null,"source_file":null,"sigma_matches":[]},
{"record_id":1632,"event_id":1034,"level":"Information","timestamp":"2026-02-22T03:35:56.288743Z","provider":"Microsoft-Windows-Security-SPP","channel":"Application","computer":"Niaina","task_id":0,"keywords":36028797018963968,"user_id":null,"data":{"Data":{"#text":["AAD-AddDeviceJoinUserToAdminGroup-Policy","100"]},"Binary":null},"raw_xml":null,"source_file":null,"sigma_matches":[]},
{"record_id":1633,"event_id":1034,"level":"Information","timestamp":"2026-02-22T03:35:56.302150Z","provider":"Microsoft-Windows-Security-SPP","channel":"Application","computer":"Niaina","task_id":0,"keywords":36028797018963968,"user_id":null,"data":{"Data":{"#text":["AAD-AddDeviceJoinUserToAdminGroup-Policy","100"]},"Binary":null},"raw_xml":null,"source_file":null,"sigma_matches":[]},
{"record_id":1634,"event_id":1034,"level":"Information","timestamp":"2026-02-22T03:35:56.316033Z","provider":"Microsoft-Windows-Security-SPP","channel":"Application","computer":"Niaina","task_id":0,"keywords":36028797018963968,"user_id":null,"data":{"Data":{"#text":["AAD-AddDeviceJoinUserToAdminGroup-Policy","100"]},"Binary":null},"raw_xml":null,"source_file":null,"sigma_matches":[]},
{"record_id":1635,"event_id":1034,"level":"Information","timestamp":"2026-02-22T03:35:56.321452Z","provider":"Microsoft-Windows-Security-SPP","channel":"Application","computer":"Niaina","task_id":0,"keywords":36028797018963968,"user_id":null,"data":{"Data":{"#text":["Security-SPP-WriteWauMarker","500"]},"Binary":null},"raw_xml":null,"source_file":null,"sigma_matches":[]},
{"record_id":1636,"event_id":1033,"level":"Information","timestamp":"2026-02-22T03:35:56.336953Z","provider":"Microsoft-Windows-Security-SPP","channel":"Application","computer":"Niaina","task_id":0,"keywords":36028797018963968,"user_id":null,"data":{"Data":{"#text":["(Security-SPP-Reserved-EnableNotificationMode) ","55c92734-d682-4d71-983e-d6ec3f16059f","4de7cb65-cdf1-4de9-8ae8-e3cce27b9f2c"]},"Binary":null},"raw_xml":null,"source_file":null,"sigma_matches":[]},
{"record_id":1637,"event_id":16384,"level":"Information","timestamp":"2026-02-22T03:36:26.425763Z","provider":"Microsoft-Windows-Security-SPP","channel":"Application","computer":"Niaina","task_id":0,"keywords":36028797018963968,"user_id":null,"data":{"Data":{"#text":["2026-05-20T15:58:26Z","RulesEngine"]},"Binary":null},"raw_xml":null,"source_file":null,"sigma_matches":[]},
{"record_id":1638,"event_id":16394,"level":"Information","timestamp":"2026-02-22T04:12:41.422526Z","provider":"Microsoft-Windows-Security-SPP","channel":"Application","computer":"Niaina","task_id":0,"keywords":36028797018963968,"user_id":null,"data":{"Data":{"#text":""},"Binary":null},"raw_xml":null,"source_file":null,"sigma_matches":[]},
{"record_id":1639,"event_id":16384,"level":"Information","timestamp":"2026-02-22T04:13:21.709347Z","provider":"Microsoft-Windows-Security-SPP","channel":"Application","computer":"Niaina","task_id":0,"keywords":36028797018963968,"user_id":null,"data":{"Data":{"#text":["2026-05-20T15:58:21Z","RulesEngine"]},"Binary":null},"raw_xml":null,"source_file":null,"sigma_matches":[]},
{"record_id":1640,"event_id":16394,"level":"Information","timestamp":"2026-02-22T04:15:31.447815Z","provider":"Microsoft-Windows-Security-SPP","channel":"Application","computer":"Niaina","task_id":0,"keywords":36028797018963968,"user_id":null,"data":{"Data":{"#text":""},"Binary":null},"raw_xml":null,"source_file":null,"sigma_matches":[]},
{"record_id":1641,"event_id":16384,"level":"Information","timestamp":"2026-02-22T04:16:01.785631Z","provider":"Microsoft-Windows-Security-SPP","channel":"Application","computer":"Niaina","task_id":0,"keywords":36028797018963968,"user_id":null,"data":{"Data":{"#text":["2026-05-20T15:58:01Z","RulesEngine"]},"Binary":null},"raw_xml":null,"source_file":null,"sigma_matches":[]},
{"record_id":1642,"event_id":100,"level":"Error","timestamp":"2026-02-22T04:26:05.909354Z","provider":"Bonjour Service","channel":"Application","computer":"Niaina","task_id":0,"keywords":36028797018963968,"user_id":null,"data":{"Data":{"#text":"mDNSCoreReceiveResponse: Received from 192.168.137.1:5353   16 Niaina.local. AAAA FE80:0000:0000:0000:606E:FFC6:BDAB:1D21"},"Binary":null},"raw_xml":null,"source_file":null,"sigma_matches":[]},
{"record_id":1643,"event_id":100,"level":"Error","timestamp":"2026-02-22T04:26:05.909917Z","provider":"Bonjour Service","channel":"Application","computer":"Niaina","task_id":0,"keywords":36028797018963968,"user_id":null,"data":{"Data":{"#text":"mDNSCoreReceiveResponse: ProbeCount 2; will deregister    4 Niaina.local. Addr 192.168.137.70"},"Binary":null},"raw_xml":null,"source_file":null,"sigma_matches":[]},
{"record_id":1644,"event_id":100,"level":"Error","timestamp":"2026-02-22T04:26:05.910125Z","provider":"Bonjour Service","channel":"Application","computer":"Niaina","task_id":0,"keywords":36028797018963968,"user_id":null,"data":{"Data":{"#text":"Local Hostname Niaina.local already in use; will try Niaina-2.local instead"},"Binary":null},"raw_xml":null,"source_file":null,"sigma_matches":[]},
{"record_id":1645,"event_id":100,"level":"Error","timestamp":"2026-02-22T04:34:42.854653Z","provider":"Bonjour Service","channel":"Application","computer":"Niaina","task_id":0,"keywords":36028797018963968,"user_id":null,"data":{"Data":{"#text":"mDNSCoreReceiveResponse: Received from 192.168.88.245:5353   16 Niaina.local. AAAA FE80:0000:0000:0000:5FB6:6328:87CD:3568"},"Binary":null},"raw_xml":null,"source_file":null,"sigma_matches":[]},
{"record_id":1646,"event_id":100,"level":"Error","timestamp":"2026-02-22T04:34:42.856057Z","provider":"Bonjour Service","channel":"Application","computer":"Niaina","task_id":0,"keywords":36028797018963968,"user_id":null,"data":{"Data":{"#text":"mDNSCoreReceiveResponse: ProbeCount 0; will deregister    4 Niaina.local. Addr 192.168.88.246"},"Binary":null},"raw_xml":null,"source_file":null,"sigma_matches":[]},
{"record_id":1647,"event_id":100,"level":"Error","timestamp":"2026-02-22T04:34:42.856292Z","provider":"Bonjour Service","channel":"Application","computer":"Niaina","task_id":0,"keywords":36028797018963968,"user_id":null,"data":{"Data":{"#text":"Local Hostname Niaina.local already in use; will try Niaina-2.local instead"},"Binary":null},"raw_xml":null,"source_file":null,"sigma_matches":[]},
{"record_id":1648,"event_id":100,"level":"Error","timestamp":"2026-02-22T04:34:42.856455Z","provider":"Bonjour Service","channel":"Application","computer":"Niaina","task_id":0,"keywords":36028797018963968,"user_id":null,"data":{"Data":{"#text":"mDNSCoreReceiveResponse: Received from 192.168.88.246:5353   14 246.88.168.192.in-addr.arpa. PTR Niaina.local."},"Binary":null},"raw_xml":null,"source_file":null,"sigma_matches":[]},
{"record_id":1649,"event_id":100,"level":"Error","timestamp":"2026-02-22T04:34:42.856554Z","provider":"Bonjour Service","channel":"Application","computer":"Niaina","task_id":0,"keywords":36028797018963968,"user_id":null,"data":{"Data":{"#text":"mDNSCoreReceiveResponse: Unexpected conflict discarding   16 246.88.168.192.in-addr.arpa. PTR Niaina-2.local."},"Binary":null},"raw_xml":null,"source_file":null,"sigma_matches":[]},
{"record_id":1650,"event_id":100,"level":"Error","timestamp":"2026-02-22T04:34:42.856863Z","provider":"Bonjour Service","channel":"Application","computer":"Niaina","task_id":0,"keywords":36028797018963968,"user_id":null,"data":{"Data":{"#text":"mDNSCoreReceiveResponse: Received from 192.168.88.246:5353   14 7.0.3.A.8.5.3.3.F.5.6.8.B.A.7.1.0.0.0.0.0.0.0.0.0.0.0.0.0.8.E.F.ip6.arpa. PTR Niaina.local."},"Binary":null},"raw_xml":null,"source_file":null,"sigma_matches":[]},
{"record_id":1651,"event_id":100,"level":"Error","timestamp":"2026-02-22T04:34:42.857142Z","provider":"Bonjour Service","channel":"Application","computer":"Niaina","task_id":0,"keywords":36028797018963968,"user_id":null,"data":{"Data":{"#text":"mDNSCoreReceiveResponse: Unexpected conflict discarding   16 7.0.3.A.8.5.3.3.F.5.6.8.B.A.7.1.0.0.0.0.0.0.0.0.0.0.0.0.0.8.E.F.ip6.arpa. PTR Niaina-2.local."},"Binary":null},"raw_xml":null,"source_file":null,"sigma_matches":[]},
{"record_id":1652,"event_id":100,"level":"Error","timestamp":"2026-02-22T04:34:42.857491Z","provider":"Bonjour Service","channel":"Application","computer":"Niaina","task_id":0,"keywords":36028797018963968,"user_id":null,"data":{"Data":{"#text":"mDNSCoreReceiveResponse: Received from 192.168.137.70:5353   14 70.137.168.192.in-addr.arpa. PTR Niaina.local."},"Binary":null},"raw_xml":null,"source_file":null,"sigma_matches":[]},
{"record_id":1653,"event_id":100,"level":"Error","timestamp":"2026-02-22T04:34:42.857772Z","provider":"Bonjour Service","channel":"Application","computer":"Niaina","task_id":0,"keywords":36028797018963968,"user_id":null,"data":{"Data":{"#text":"mDNSCoreReceiveResponse: Unexpected conflict discarding   16 70.137.168.192.in-addr.arpa. PTR Niaina-2.local."},"Binary":null},"raw_xml":null,"source_file":null,"sigma_matches":[]},
{"record_id":1654,"event_id":100,"level":"Error","timestamp":"2026-02-22T04:34:42.859022Z","provider":"Bonjour Service","channel":"Application","computer":"Niaina","task_id":0,"keywords":36028797018963968,"user_id":null,"data":{"Data":{"#text":"mDNSCoreReceiveResponse: Received from 192.168.137.70:5353   14 A.2.B.D.8.6.2.7.7.7.2.6.B.5.E.E.0.0.0.0.0.0.0.0.0.0.0.0.0.8.E.F.ip6.arpa. PTR Niaina.local."},"Binary":null},"raw_xml":null,"source_file":null,"sigma_matches":[]},
{"record_id":1655,"event_id":100,"level":"Error","timestamp":"2026-02-22T04:34:42.860659Z","provider":"Bonjour Service","channel":"Application","computer":"Niaina","task_id":0,"keywords":36028797018963968,"user_id":null,"data":{"Data":{"#text":"mDNSCoreReceiveResponse: Unexpected conflict discarding   16 A.2.B.D.8.6.2.7.7.7.2.6.B.5.E.E.0.0.0.0.0.0.0.0.0.0.0.0.0.8.E.F.ip6.arpa. PTR Niaina-2.local."},"Binary":null},"raw_xml":null,"source_file":null,"sigma_matches":[]},
{"record_id":1656,"event_id":16394,"level":"Information","timestamp":"2026-02-22T04:34:47.502566Z","provider":"Microsoft-Windows-Security-SPP","channel":"Application","computer":"Niaina","task_id":0,"keywords":36028797018963968,"user_id":null,"data":{"Data":{"#text":""},"Binary":null},"raw_xml":null,"source_file":null,"sigma_matches":[]},
{"record_id":1657,"event_id":16384,"level":"Information","timestamp":"2026-02-22T04:35:37.909977Z","provider":"Microsoft-Windows-Security-SPP","channel":"Application","computer":"Niaina","task_id":0,"keywords":36028797018963968,"user_id":null,"data":{"Data":{"#text":["2026-05-20T15:58:37Z","RulesEngine"]},"Binary":null},"raw_xml":null,"source_file":null,"sigma_matches":[]},
{"record_id":1658,"event_id":16394,"level":"Information","timestamp":"2026-02-22T04:44:44.818770Z","provider":"Microsoft-Windows-Security-SPP","channel":"Application","computer":"Niaina","task_id":0,"keywords":36028797018963968,"user_id":null,"data":{"Data":{"#text":""},"Binary":null},"raw_xml":null,"source_file":null,"sigma_matches":[]},
{"record_id":1659,"event_id":100,"level":"Error","timestamp":"2026-02-22T04:44:46.203261Z","provider":"Bonjour Service","channel":"Application","computer":"Niaina","task_id":0,"keywords":36028797018963968,"user_id":null,"data":{"Data":{"#text":"mDNSCoreReceiveResponse: Received from 192.168.137.1:5353   16 Niaina.local. AAAA FE80:0000:0000:0000:606E:FFC6:BDAB:1D21"},"Binary":null},"raw_xml":null,"source_file":null,"sigma_matches":[]},
{"record_id":1660,"event_id":100,"level":"Error","timestamp":"2026-02-22T04:44:46.203525Z","provider":"Bonjour Service","channel":"Application","computer":"Niaina","task_id":0,"keywords":36028797018963968,"user_id":null,"data":{"Data":{"#text":"mDNSCoreReceiveResponse: ProbeCount 2; will deregister    4 Niaina.local. Addr 192.168.137.70"},"Binary":null},"raw_xml":null,"source_file":null,"sigma_matches":[]},
{"record_id":1661,"event_id":100,"level":"Error","timestamp":"2026-02-22T04:44:46.203654Z","provider":"Bonjour Service","channel":"Application","computer":"Niaina","task_id":0,"keywords":36028797018963968,"user_id":null,"data":{"Data":{"#text":"Local Hostname Niaina.local already in use; will try Niaina-2.local instead"},"Binary":null},"raw_xml":null,"source_file":null,"sigma_matches":[]},
{"record_id":1662,"event_id":16384,"level":"Information","timestamp":"2026-02-22T04:45:59.156238Z","provider":"Microsoft-Windows-Security-SPP","channel":"Application","computer":"Niaina","task_id":0,"keywords":36028797018963968,"user_id":null,"data":{"Data":{"#text":["2026-05-20T15:57:59Z","RulesEngine"]},"Binary":null},"raw_xml":null,"source_file":null,"sigma_matches":[]},
{"record_id":1663,"event_id":10000,"level":"Information","timestamp":"2026-02-22T04:46:54.214553Z","provider":"Microsoft-Windows-RestartManager","channel":"Application","computer":"Niaina","task_id":0,"keywords":9223372036854775808,"user_id":"S-1-5-21-3595381792-2646053551-3183893924-1001","data":null,"raw_xml":null,"source_file":null,"sigma_matches":[]},
{"record_id":1664,"event_id":10001,"level":"Information","timestamp":"2026-02-22T04:46:54.225770Z","provider":"Microsoft-Windows-RestartManager","channel":"Application","computer":"Niaina","task_id":0,"keywords":9223372036854775808,"user_id":"S-1-5-21-3595381792-2646053551-3183893924-1001","data":null,"raw_xml":null,"source_file":null,"sigma_matches":[]},
{"record_id":1665,"event_id":16394,"level":"Information","timestamp":"2026-02-22T04:49:10.472014Z","provider":"Microsoft-Windows-Security-SPP","channel":"Application","computer":"Niaina","task_id":0,"keywords":36028797018963968,"user_id":null,"data":{"Data":{"#text":""},"Binary":null},"raw_xml":null,"source_file":null,"sigma_matches":[]},
{"record_id":1666,"event_id":16384,"level":"Information","timestamp":"2026-02-22T04:49:40.776679Z","provider":"Microsoft-Windows-Security-SPP","channel":"Application","computer":"Niaina","task_id":0,"keywords":36028797018963968,"user_id":null,"data":{"Data":{"#text":["2026-05-20T15:58:40Z","RulesEngine"]},"Binary":null},"raw_xml":null,"source_file":null,"sigma_matches":[]},
{"record_id":1667,"event_id":100,"level":"Error","timestamp":"2026-02-22T04:50:26.322338Z","provider":"Bonjour Service","channel":"Application","computer":"Niaina","task_id":0,"keywords":36028797018963968,"user_id":null,"data":{"Data":{"#text":"mDNSCoreReceiveResponse: Received from 192.168.88.245:5353   16 Niaina.local. AAAA FE80:0000:0000:0000:5FB6:6328:87CD:3568"},"Binary":null},"raw_xml":null,"source_file":null,"sigma_matches":[]},
{"record_id":1668,"event_id":100,"level":"Error","timestamp":"2026-02-22T04:50:26.322685Z","provider":"Bonjour Service","channel":"Application","computer":"Niaina","task_id":0,"keywords":36028797018963968,"user_id":null,"data":{"Data":{"#text":"mDNSCoreReceiveResponse: ProbeCount 1; will deregister    4 Niaina.local. Addr 192.168.88.246"},"Binary":null},"raw_xml":null,"source_file":null,"sigma_matches":[]},
{"record_id":1669,"event_id":100,"level":"Error","timestamp":"2026-02-22T04:50:26.323084Z","provider":"Bonjour Service","channel":"Application","computer":"Niaina","task_id":0,"keywords":36028797018963968,"user_id":null,"data":{"Data":{"#text":"Local Hostname Niaina.local already in use; will try Niaina-2.local instead"},"Binary":null},"raw_xml":null,"source_file":null,"sigma_matches":[]},
{"record_id":1670,"event_id":533,"level":"Warning","timestamp":"2026-02-22T04:52:04.911122Z","provider":"ESENT","channel":"Application","computer":"Niaina","task_id":1,"keywords":36028797018963968,"user_id":null,"data":{"Data":{"#text":["svchost","4476,T,0,0","SRUJet: ","C:\\WINDOWS\\system32\\SRU\\SRU.chk","0 (0x0000000000000000)","4096 (0x00001000)","36"]},"Binary":null},"raw_xml":null,"source_file":null,"sigma_matches":[]},
{"record_id":1671,"event_id":508,"level":"Warning","timestamp":"2026-02-22T04:52:06.161894Z","provider":"ESENT","channel":"Application","computer":"Niaina","task_id":7,"keywords":36028797018963968,"user_id":null,"data":{"Data":{"#text":["svchost","4476,T,97,0","SRUJet: ","C:\\WINDOWS\\system32\\SRU\\SRU.chk","0 (0x0000000000000000)","4096 (0x00001000)","36"]},"Binary":null},"raw_xml":null,"source_file":null,"sigma_matches":[]},
{"record_id":1672,"event_id":1001,"level":"Information","timestamp":"2026-02-22T04:52:30.691132Z","provider":"Windows Error Reporting","channel":"Application","computer":"Niaina","task_id":0,"keywords":9223372036854775808,"user_id":"S-1-5-21-3595381792-2646053551-3183893924-1001","data":{"Bucket":"2178634289696018076","BucketType":"5","EventName":"RADAR_PRE_LEAK_64","Response":"Non disponible","CabId":"2246429226794116267","P1":"dwm.exe","P2":"10.0.26100.7705","P3":"10.0.26200.2.0.0","P4":"","P5":"","P6":"","P7":"","P8":"","P9":"","P10":"","AttachedFiles":"\r\n\\\\?\\C:\\Users\\Niaina\\AppData\\Local\\Temp\\RDR7C73.tmp\\empty.txt\r\n\\\\?\\C:\\ProgramData\\Microsoft\\Windows\\WER\\Temp\\WER.4b9381a0-3641-484f-b96c-8b00d191ea67.tmp.WERInternalMetadata.xml\r\nWPR_initiated_DiagTrackMiniLogger_OneTrace_User_Logger_20260219_1_EC_0_inject.etl\r\n\\\\?\\C:\\ProgramData\\Microsoft\\Windows\\WER\\Temp\\WER.350266fc-c7bd-4e9c-8d3d-cb82597aa9db.tmp.etl\r\nWPR_initiated_DiagTrackMiniLogger_WPR System Collector_inject.etl\r\n\\\\?\\C:\\ProgramData\\Microsoft\\Windows\\WER\\Temp\\WER.0170ce4a-bf69-4d8b-8fd5-8e4cc0a52440.tmp.etl\r\n\\\\?\\C:\\ProgramData\\Microsoft\\Windows\\WER\\Temp\\WER.85384462-2c5b-4c57-9ebe-85621e1b4021.tmp.csv\r\n\\\\?\\C:\\ProgramData\\Microsoft\\Windows\\WER\\Temp\\WER.4fe945ed-471c-4ec1-ad4d-6e979084eed9.tmp.txt\r\n\\\\?\\C:\\ProgramData\\Microsoft\\Windows\\WER\\Temp\\WER.bc2c28ea-c97b-4b78-8211-5eee300d4a85.tmp.xml\r\n\\\\?\\C:\\Users\\Niaina\\AppData\\Local\\Temp\\WER.815b3064-6332-42a6-89ec-7680ac1af50d.tmp.WERDataCollectionStatus.txt","StorePath":"NULL","AnalysisSymbol":"","Rechecking":0,"ReportId":"6edd0fe3-e8aa-48b6-8ff5-6d5fedde4f4d","ReportStatus":268435464,"HashedBucket":"e725458d54f29cd2de3c1057f4d10e9c","CabGuid":"024a3ef3-11c1-487f-af2c-eb7acc1e64ab"},"raw_xml":null,"source_file":null,"sigma_matches":[]},
{"record_id":1673,"event_id":10000,"level":"Information","timestamp":"2026-02-22T04:53:25.810584Z","provider":"Microsoft-Windows-RestartManager","channel":"Application","computer":"Niaina","task_id":0,"keywords":9223372036854775808,"user_id":"S-1-5-21-3595381792-2646053551-3183893924-1001","data":null,"raw_xml":null,"source_file":null,"sigma_matches":[]},
{"record_id":1674,"event_id":1040,"level":"Information","timestamp":"2026-02-22T04:53:52.049044Z","provider":"MsiInstaller","channel":"Application","computer":"Niaina","task_id":0,"keywords":36028797018963968,"user_id":"S-1-5-21-3595381792-2646053551-3183893924-1001","data":{"Data":{"#text":["C:\\ProgramData\\Package Cache\\{4D41CBE1-5A10-4384-BC2C-081A7EE74BBA}v80.8.45513\\dotnet-host-10.0.2-win-x86.msi","14264","(NULL)","(NULL)","(NULL)","(NULL)"]},"Binary":null},"raw_xml":null,"source_file":null,"sigma_matches":[]},
{"record_id":1675,"event_id":10000,"level":"Information","timestamp":"2026-02-22T04:53:52.346026Z","provider":"Microsoft-Windows-RestartManager","channel":"Application","computer":"Niaina","task_id":0,"keywords":9223372036854775808,"user_id":"S-1-5-21-3595381792-2646053551-3183893924-1001","data":null,"raw_xml":null,"source_file":null,"sigma_matches":[]},
{"record_id":1676,"event_id":11707,"level":"Information","timestamp":"2026-02-22T04:53:53.443319Z","provider":"MsiInstaller","channel":"Application","computer":"Niaina","task_id":0,"keywords":36028797018963968,"user_id":"S-1-5-21-3595381792-2646053551-3183893924-1001","data":{"Data":{"#text":["Product: Microsoft .NET Host - 10.0.2 (x86) -- Installation completed successfully.","(NULL)","(NULL)","(NULL)","(NULL)","(NULL)"]},"Binary":"7B34443431434245312D354131302D343338342D424332432D3038314137454537344242417D"},"raw_xml":null,"source_file":null,"sigma_matches":[]},
{"record_id":1677,"event_id":1033,"level":"Information","timestamp":"2026-02-22T04:53:53.444224Z","provider":"MsiInstaller","channel":"Application","computer":"Niaina","task_id":0,"keywords":36028797018963968,"user_id":"S-1-5-21-3595381792-2646053551-3183893924-1001","data":{"Data":{"#text":["Microsoft .NET Host - 10.0.2 (x86)","80.8.45513","1033","0","Microsoft Corporation","(NULL)"]},"Binary":"7B34443431434245312D354131302D343338342D424332432D3038314137454537344242417D3030303061623361363735343937666464356366346266363234643036633966373132633030303030393034"},"raw_xml":null,"source_file":null,"sigma_matches":[]},
