{"record_id":487,"event_id":1003,"level":"Information","timestamp":"2026-02-19T16:04:22.901787Z","provider":"Microsoft-Windows-Security-SPP","channel":"Application","computer":"Niaina","task_id":0,"keywords":36028797018963968,"user_id":null,"data":{"Data":{"#text":["55c92734-d682-4d71-983e-d6ec3f16059f","\n1: 01eb852c-424d-4060-94b8-c10d799d7364, 1, 0 [(0 [0xC004F014, 0, 0], [(?)(?)(?)(?)(?)(?)(?)(?)])(1 )(2 )(3 )]\n2: 040fa323-92b1-4baf-97a2-5b67feaefddb, 1, 0 [(0 [0xC004F014, 0, 0], [(?)(?)(?)(?)(?)(?)(?)(?)])(1 )(2 )(3 )]\n3: 0724cb7d-3437-4cb7-93cb-830375d0079d, 1, 0 [(0 [0xC004F014, 0, 0], [(?)(?)(?)(?)(?)(?)(?)(?)])(1 )(2 )(3 )]\n4: 0ad2ac98-7bb9-4201-8d92-312299201369, 1, 0 [(0 [0xC004F014, 0, 0], [(?)(?)(?)(?)(?)(?)(?)(?)])(1 )(2 )(3 )]\n5: 19de9b2f-0166-4abb-9534-56ea69a80edb, 1, 0 [(0 [0xC004F014, 0, 0], [(?)(?)(?)(?)(?)(?)(?)(?)])(1 )(2 )(3 )]\n6: 1a9a717a-cf13-4ba5-83c3-0fe25fa868d5, 1, 0 [(0 [0xC004F014, 0, 0], [(?)(?)(?)(?)(?)(?)(?)(?)])(1 )(2 )(3 )]\n7: 221a02da-e2a1-4b75-864c-0a4410a33fdf, 1, 0 [(0 [0xC004F014, 0, 0], [(?)(?)(?)(?)(?)(?)(?)(?)])(1 )(2 )(3 )]\n8: 265f3fad-6a1c-4bdd-ae30-c75efa556ccb, 1, 0 [(0 [0xC004F014, 0, 0], [(?)(?)(?)(?)(?)(?)(?)(?)])(1 )(2 )(3 )]\n9: 291ece0e-9c38-40ca-a9e1-32cc7ec19507, 1, 0 [(0 [0xC004F014, 0, 0], [(?)(?)(?)(?)(?)(?)(?)(?)])(1 )(2 )(3 )]\n10: 2936d1d2-913a-4542-b54e-ce5a602a2a38, 1, 0 [(0 [0xC004F014, 0, 0], [(?)(?)(?)(?)(?)(?)(?)(?)])(1 )(2 )(3 )]\n11: 2c293c26-a45a-4a2a-a350-c69a67097529, 1, 0 [(0 [0xC004F014, 0, 0], [(?)(?)(?)(?)(?)(?)(?)(?)])(1 )(2 )(3 )]\n12: 2de67392-b7a7-462a-b1ca-108dd189f588, 1, 0 [(0 [0xC004F014, 0, 0], [(?)(?)(?)(?)(?)(?)(?)(?)])(1 )(2 )(3 )]\n13: 2ffd8952-423e-4903-b993-72a1aa44cf82, 1, 0 [(0 [0xC004F014, 0, 0], [(?)(?)(?)(?)(?)(?)(?)(?)])(1 )(2 )(3 )]\n14: 30a42c86-b7a0-4a34-8c90-ff177cb2acb7, 1, 0 [(0 [0xC004F014, 0, 0], [(?)(?)(?)(?)(?)(?)(?)(?)])(1 )(2 )(3 )]\n15: 345a5db0-d94f-4e3b-a0c0-7c42f7bc3ebf, 1, 0 [(0 [0xC004F014, 0, 0], [(?)(?)(?)(?)(?)(?)(?)(?)])(1 )(2 )(3 )]\n16: 3502365a-f88a-4ba4-822a-5769d3073b65, 1, 0 [(0 [0xC004F014, 0, 0], [(?)(?)(?)(?)(?)(?)(?)(?)])(1 )(2 )(3 )]\n17: 377333b1-8b5d-48d6-9679-1225c872d37c, 1, 0 [(0 [0xC004F014, 0, 0], [(?)(?)(?)(?)(?)(?)(?)(?)])(1 )(2 )(3 )]\n18: 3df374ef-d444-4494-a5a1-4b0d9fd0e203, 1, 0 [(0 [0xC004F014, 0, 0], [(?)(?)(?)(?)(?)(?)(?)(?)])(1 )(2 )(3 )]\n19: 3ebce241-ea87-4946-8a4f-80d00e921dff, 1, 0 [(0 [0xC004F014, 0, 0], [(?)(?)(?)(?)(?)(?)(?)(?)])(1 )(2 )(3 )]\n20: 3f1afc82-f8ac-4f6c-8005-1d233e606eee, 1, 0 [(0 [0xC004F014, 0, 0], [(?)(?)(?)(?)(?)(?)(?)(?)])(1 )(2 )(3 )]\n21: 4322a811-697c-44dc-865e-3e2fdcb86009, 1, 0 [(0 [0xC004F014, 0, 0], [(?)(?)(?)(?)(?)(?)(?)(?)])(1 )(2 )(3 )]\n22: 49cd895b-53b2-4dc4-a5f7-b18aa019ad37, 1, 0 [(0 [0xC004F014, 0, 0], [(?)(?)(?)(?)(?)(?)(?)(?)])(1 )(2 )(3 )]\n23: 4de7cb65-cdf1-4de9-8ae8-e3cce27b9f2c, 1, 1 [(0 )(1 )(2 [0x00000000, 1, 0], [(?)( 1 0x00000000)(?)(?)(?)(?)( 10 0x00000000 msft:rm/algorithm/flags/1.0)(?)])(3 )]\n24: 4f3da0d2-271d-4508-ae81-626b60809a38, 1, 0 [(0 [0xC004F014, 0, 0], [(?)(?)(?)(?)(?)(?)(?)(?)])(1 )(2 )(3 )]\n25: 5d78c4e9-aeb3-4b40-8ac2-6a6005e0ad6d, 1, 0 [(0 [0xC004F014, 0, 0], [(?)(?)(?)(?)(?)(?)(?)(?)])(1 )(2 )(3 )]\n26: 60b3ec1b-9545-4921-821f-311b129dd6f6, 1, 0 [(0 [0xC004F014, 0, 0], [(?)(?)(?)(?)(?)(?)(?)(?)])(1 )(2 )(3 )]\n27: 613d217f-7f13-4268-9907-1662339531cd, 1, 0 [(0 [0xC004F014, 0, 0], [(?)(?)(?)(?)(?)(?)(?)(?)])(1 )(2 )(3 )]\n28: 62f0c100-9c53-4e02-b886-a3528ddfe7f6, 1, 0 [(0 [0xC004F014, 0, 0], [(?)(?)(?)(?)(?)(?)(?)(?)])(1 )(2 )(3 )]\n29: 6365275e-368d-46ca-a0ef-fc0404119333, 1, 0 [(0 [0xC004F014, 0, 0], [(?)(?)(?)(?)(?)(?)(?)(?)])(1 )(2 )(3 )]\n30: 721f9237-9341-4453-a661-09e8baa6cca5, 1, 0 [(0 [0xC004F014, 0, 0], [(?)(?)(?)(?)(?)(?)(?)(?)])(1 )(2 )(3 )]\n31: 73111121-5638-40f6-bc11-f1d7b0d64300, 1, 0 [(0 [0xC004F014, 0, 0], [(?)(?)(?)(?)(?)(?)(?)(?)])(1 )(2 )(3 )]\n32: 7a802526-4c94-4bd1-ba14-835a1aca2120, 1, 0 [(0 [0xC004F014, 0, 0], [(?)(?)(?)(?)(?)(?)(?)(?)])(1 )(2 )(3 )]\n33: 7cb546c0-c7d5-44d8-9a5c-69ecdd782b69, 1, 0 [(0 [0xC004F014, 0, 0], [(?)(?)(?)(?)(?)(?)(?)(?)])(1 )(2 )(3 )]\n34: 80083eae-7031-4394-9e88-4901973d56fe, 1, 0 [(0 [0xC004F014, 0, 0], [(?)(?)(?)(?)(?)(?)(?)(?)])(1 )(2 )(3 )]\n35: 82bbc092-bc50-4e16-8e18-b74fc486aec3, 1, 0 [(0 [0xC004F014, 0, 0], [(?)(?)(?)(?)(?)(?)(?)(?)])(1 )(2 )(3 )]\n36: 8ab9bdd1-1f67-4997-82d9-8878520837d9, 1, 0 [(0 [0xC004F014, 0, 0], [(?)(?)(?)(?)(?)(?)(?)(?)])(1 )(2 )(3 )]\n37: 8b351c9c-f398-4515-9900-09df49427262, 1, 0 [(0 [0xC004F014, 0, 0], [(?)(?)(?)(?)(?)(?)(?)(?)])(1 )(2 )(3 )]\n38: 90da7373-1c51-430b-bf26-c97e9c5cdc31, 1, 0 [(0 [0xC004F014, 0, 0], [(?)(?)(?)(?)(?)(?)(?)(?)])(1 )(2 )(3 )]\n39: 92fb8726-92a8-4ffc-94ce-f82e07444653, 1, 0 [(0 [0xC004F014, 0, 0], [(?)(?)(?)(?)(?)(?)(?)(?)])(1 )(2 )(3 )]\n40: 95dca82f-385d-4d39-b85b-5c73fa285d6f, 1, 0 [(0 [0xC004F014, 0, 0], [(?)(?)(?)(?)(?)(?)(?)(?)])(1 )(2 )(3 )]\n41: 97cde3ae-e908-4b59-ac96-a17645c5b57e, 1, 0 [(0 [0xC004F014, 0, 0], [(?)(?)(?)(?)(?)(?)(?)(?)])(1 )(2 )(3 )]\n42: a48938aa-62fa-4966-9d44-9f04da3f72f2, 1, 0 [(0 [0xC004F014, 0, 0], [(?)(?)(?)(?)(?)(?)(?)(?)])(1 )(2 )(3 )]\n43: b0773a15-df3a-4312-9ad2-83d69648e356, 1, 0 [(0 [0xC004F014, 0, 0], [(?)(?)(?)(?)(?)(?)(?)(?)])(1 )(2 )(3 )]\n44: b4bfe195-541e-4e64-ad23-6177f19e395e, 1, 0 [(0 [0xC004F014, 0, 0], [(?)(?)(?)(?)(?)(?)(?)(?)])(1 )(2 )(3 )]\n45: b68e61d2-68ca-4757-be45-0cc2f3e68eee, 1, 0 [(0 [0xC004F014, 0, 0], [(?)(?)(?)(?)(?)(?)(?)(?)])(1 )(2 )(3 )]\n46: bd3762d7-270d-4760-8fb3-d829ca45278a, 1, 0 [(0 [0xC004F014, 0, 0], [(?)(?)(?)(?)(?)(?)(?)(?)])(1 )(2 )(3 )]\n47: c86d5194-4840-4dae-9c1c-0301003a5ab0, 1, 0 [(0 [0xC004F014, 0, 0], [(?)(?)(?)(?)(?)(?)(?)(?)])(1 )(2 )(3 )]\n48: ca7df2e3-5ea0-47b8-9ac1-b1be4d8edd69, 1, 0 [(0 [0xC004F014, 0, 0], [(?)(?)(?)(?)(?)(?)(?)(?)])(1 )(2 )(3 )]\n49: d552befb-48cc-4327-8f39-47d2d94f987c, 1, 0 [(0 [0xC004F014, 0, 0], [(?)(?)(?)(?)(?)(?)(?)(?)])(1 )(2 )(3 )]\n50: d6eadb3b-5ca8-4a6b-986e-35b550756111, 1, 0 [(0 [0xC004F014, 0, 0], [(?)(?)(?)(?)(?)(?)(?)(?)])(1 )(2 )(3 )]\n51: df96023b-dcd9-4be2-afa0-c6c871159ebe, 1, 0 [(0 [0xC004F014, 0, 0], [(?)(?)(?)(?)(?)(?)(?)(?)])(1 )(2 )(3 )]\n52: e0c42288-980c-4788-a014-c080d2e1926e, 1, 0 [(0 [0xC004F014, 0, 0], [(?)(?)(?)(?)(?)(?)(?)(?)])(1 )(2 )(3 )]\n53: e4db50ea-bda1-4566-b047-0ca50abc6f07, 1, 0 [(0 [0xC004F014, 0, 0], [(?)(?)(?)(?)(?)(?)(?)(?)])(1 )(2 )(3 )]\n54: e558417a-5123-4f6f-91e7-385c1c7ca9d4, 1, 0 [(0 [0xC004F014, 0, 0], [(?)(?)(?)(?)(?)(?)(?)(?)])(1 )(2 )(3 )]\n55: e7a950a2-e548-4f10-bf16-02ec848e0643, 1, 0 [(0 [0xC004F014, 0, 0], [(?)(?)(?)(?)(?)(?)(?)(?)])(1 )(2 )(3 )]\n56: eb6d346f-1c60-4643-b960-40ec31596c45, 1, 0 [(0 [0xC004F014, 0, 0], [(?)(?)(?)(?)(?)(?)(?)(?)])(1 )(2 )(3 )]\n57: ec868e65-fadf-4759-b23e-93fe37f2cc29, 1, 0 [(0 [0xC004F014, 0, 0], [(?)(?)(?)(?)(?)(?)(?)(?)])(1 )(2 )(3 )]\n58: ef51e000-2659-4f25-8345-3de70a9cf4c4, 1, 0 [(0 [0xC004F014, 0, 0], [(?)(?)(?)(?)(?)(?)(?)(?)])(1 )(2 )(3 )]\n59: f7af7d09-40e4-419c-a49b-eae366689ebd, 1, 0 [(0 [0xC004F014, 0, 0], [(?)(?)(?)(?)(?)(?)(?)(?)])(1 )(2 )(3 )]\n60: fa755fe6-6739-40b9-8d84-6d0ea3b6d1ab, 1, 0 [(0 [0xC004F014, 0, 0], [(?)(?)(?)(?)(?)(?)(?)(?)])(1 )(2 )(3 )]\n61: fe74f55b-0338-41d6-b267-4a201abe7285, 1, 0 [(0 [0xC004F014, 0, 0], [(?)(?)(?)(?)(?)(?)(?)(?)])(1 )(2 )(3 )]\n\n"]},"Binary":null},"raw_xml":null,"source_file":null,"sigma_matches":[]},
{"record_id":488,"event_id":1003,"level":"Information","timestamp":"2026-02-19T16:04:23.670114Z","provider":"Microsoft-Windows-Security-SPP","channel":"Application","computer":"Niaina","task_id":0,"keywords":36028797018963968,"user_id":null,"data":{"Data":{"#text":["55c92734-d682-4d71-983e-d6ec3f16059f","\n1: fe74f55b-0338-41d6-b267-4a201abe7285, 1, 0 [(0 [0xC004F014, 0, 0], [(?)(?)(?)(?)(?)(?)(?)(?)])(1 )(2 )(3 )]\n\n"]},"Binary":null},"raw_xml":null,"source_file":null,"sigma_matches":[]},
{"record_id":489,"event_id":1003,"level":"Information","timestamp":"2026-02-19T16:04:23.734269Z","provider":"Microsoft-Windows-Security-SPP","channel":"Application","computer":"Niaina","task_id":0,"keywords":36028797018963968,"user_id":null,"data":{"Data":{"#text":["55c92734-d682-4d71-983e-d6ec3f16059f","\n1: 01eb852c-424d-4060-94b8-c10d799d7364, 1, 0 [(0 [0xC004F014, 0, 0], [(?)(?)(?)(?)(?)(?)(?)(?)])(1 )(2 )(3 )]\n2: 040fa323-92b1-4baf-97a2-5b67feaefddb, 1, 0 [(0 [0xC004F014, 0, 0], [(?)(?)(?)(?)(?)(?)(?)(?)])(1 )(2 )(3 )]\n3: 0724cb7d-3437-4cb7-93cb-830375d0079d, 1, 0 [(0 [0xC004F014, 0, 0], [(?)(?)(?)(?)(?)(?)(?)(?)])(1 )(2 )(3 )]\n4: 0ad2ac98-7bb9-4201-8d92-312299201369, 1, 0 [(0 [0xC004F014, 0, 0], [(?)(?)(?)(?)(?)(?)(?)(?)])(1 )(2 )(3 )]\n5: 19de9b2f-0166-4abb-9534-56ea69a80edb, 1, 0 [(0 [0xC004F014, 0, 0], [(?)(?)(?)(?)(?)(?)(?)(?)])(1 )(2 )(3 )]\n6: 1a9a717a-cf13-4ba5-83c3-0fe25fa868d5, 1, 0 [(0 [0xC004F014, 0, 0], [(?)(?)(?)(?)(?)(?)(?)(?)])(1 )(2 )(3 )]\n7: 221a02da-e2a1-4b75-864c-0a4410a33fdf, 1, 0 [(0 [0xC004F014, 0, 0], [(?)(?)(?)(?)(?)(?)(?)(?)])(1 )(2 )(3 )]\n8: 265f3fad-6a1c-4bdd-ae30-c75efa556ccb, 1, 0 [(0 [0xC004F014, 0, 0], [(?)(?)(?)(?)(?)(?)(?)(?)])(1 )(2 )(3 )]\n9: 291ece0e-9c38-40ca-a9e1-32cc7ec19507, 1, 0 [(0 [0xC004F014, 0, 0], [(?)(?)(?)(?)(?)(?)(?)(?)])(1 )(2 )(3 )]\n10: 2936d1d2-913a-4542-b54e-ce5a602a2a38, 1, 0 [(0 [0xC004F014, 0, 0], [(?)(?)(?)(?)(?)(?)(?)(?)])(1 )(2 )(3 )]\n11: 2c293c26-a45a-4a2a-a350-c69a67097529, 1, 0 [(0 [0xC004F014, 0, 0], [(?)(?)(?)(?)(?)(?)(?)(?)])(1 )(2 )(3 )]\n12: 2de67392-b7a7-462a-b1ca-108dd189f588, 1, 0 [(0 [0xC004F014, 0, 0], [(?)(?)(?)(?)(?)(?)(?)(?)])(1 )(2 )(3 )]\n13: 2ffd8952-423e-4903-b993-72a1aa44cf82, 1, 0 [(0 [0xC004F014, 0, 0], [(?)(?)(?)(?)(?)(?)(?)(?)])(1 )(2 )(3 )]\n14: 30a42c86-b7a0-4a34-8c90-ff177cb2acb7, 1, 0 [(0 [0xC004F014, 0, 0], [(?)(?)(?)(?)(?)(?)(?)(?)])(1 )(2 )(3 )]\n15: 345a5db0-d94f-4e3b-a0c0-7c42f7bc3ebf, 1, 0 [(0 [0xC004F014, 0, 0], [(?)(?)(?)(?)(?)(?)(?)(?)])(1 )(2 )(3 )]\n16: 3502365a-f88a-4ba4-822a-5769d3073b65, 1, 0 [(0 [0xC004F014, 0, 0], [(?)(?)(?)(?)(?)(?)(?)(?)])(1 )(2 )(3 )]\n17: 377333b1-8b5d-48d6-9679-1225c872d37c, 1, 0 [(0 [0xC004F014, 0, 0], [(?)(?)(?)(?)(?)(?)(?)(?)])(1 )(2 )(3 )]\n18: 3df374ef-d444-4494-a5a1-4b0d9fd0e203, 1, 0 [(0 [0xC004F014, 0, 0], [(?)(?)(?)(?)(?)(?)(?)(?)])(1 )(2 )(3 )]\n19: 3ebce241-ea87-4946-8a4f-80d00e921dff, 1, 0 [(0 [0xC004F014, 0, 0], [(?)(?)(?)(?)(?)(?)(?)(?)])(1 )(2 )(3 )]\n20: 3f1afc82-f8ac-4f6c-8005-1d233e606eee, 1, 0 [(0 [0xC004F014, 0, 0], [(?)(?)(?)(?)(?)(?)(?)(?)])(1 )(2 )(3 )]\n21: 4322a811-697c-44dc-865e-3e2fdcb86009, 1, 0 [(0 [0xC004F014, 0, 0], [(?)(?)(?)(?)(?)(?)(?)(?)])(1 )(2 )(3 )]\n22: 49cd895b-53b2-4dc4-a5f7-b18aa019ad37, 1, 0 [(0 [0xC004F014, 0, 0], [(?)(?)(?)(?)(?)(?)(?)(?)])(1 )(2 )(3 )]\n23: 4de7cb65-cdf1-4de9-8ae8-e3cce27b9f2c, 1, 1 [(0 )(1 )(2 [0x00000000, 1, 0], [(?)( 1 0x00000000)(?)(?)(?)(?)( 10 0x00000000 msft:rm/algorithm/flags/1.0)(?)])(3 )]\n24: 4f3da0d2-271d-4508-ae81-626b60809a38, 1, 0 [(0 [0xC004F014, 0, 0], [(?)(?)(?)(?)(?)(?)(?)(?)])(1 )(2 )(3 )]\n25: 5d78c4e9-aeb3-4b40-8ac2-6a6005e0ad6d, 1, 0 [(0 [0xC004F014, 0, 0], [(?)(?)(?)(?)(?)(?)(?)(?)])(1 )(2 )(3 )]\n26: 60b3ec1b-9545-4921-821f-311b129dd6f6, 1, 0 [(0 [0xC004F014, 0, 0], [(?)(?)(?)(?)(?)(?)(?)(?)])(1 )(2 )(3 )]\n27: 613d217f-7f13-4268-9907-1662339531cd, 1, 0 [(0 [0xC004F014, 0, 0], [(?)(?)(?)(?)(?)(?)(?)(?)])(1 )(2 )(3 )]\n28: 62f0c100-9c53-4e02-b886-a3528ddfe7f6, 1, 0 [(0 [0xC004F014, 0, 0], [(?)(?)(?)(?)(?)(?)(?)(?)])(1 )(2 )(3 )]\n29: 6365275e-368d-46ca-a0ef-fc0404119333, 1, 0 [(0 [0xC004F014, 0, 0], [(?)(?)(?)(?)(?)(?)(?)(?)])(1 )(2 )(3 )]\n30: 721f9237-9341-4453-a661-09e8baa6cca5, 1, 0 [(0 [0xC004F014, 0, 0], [(?)(?)(?)(?)(?)(?)(?)(?)])(1 )(2 )(3 )]\n31: 73111121-5638-40f6-bc11-f1d7b0d64300, 1, 0 [(0 [0xC004F014, 0, 0], [(?)(?)(?)(?)(?)(?)(?)(?)])(1 )(2 )(3 )]\n32: 7a802526-4c94-4bd1-ba14-835a1aca2120, 1, 0 [(0 [0xC004F014, 0, 0], [(?)(?)(?)(?)(?)(?)(?)(?)])(1 )(2 )(3 )]\n33: 7cb546c0-c7d5-44d8-9a5c-69ecdd782b69, 1, 0 [(0 [0xC004F014, 0, 0], [(?)(?)(?)(?)(?)(?)(?)(?)])(1 )(2 )(3 )]\n34: 80083eae-7031-4394-9e88-4901973d56fe, 1, 0 [(0 [0xC004F014, 0, 0], [(?)(?)(?)(?)(?)(?)(?)(?)])(1 )(2 )(3 )]\n35: 82bbc092-bc50-4e16-8e18-b74fc486aec3, 1, 0 [(0 [0xC004F014, 0, 0], [(?)(?)(?)(?)(?)(?)(?)(?)])(1 )(2 )(3 )]\n36: 8ab9bdd1-1f67-4997-82d9-8878520837d9, 1, 0 [(0 [0xC004F014, 0, 0], [(?)(?)(?)(?)(?)(?)(?)(?)])(1 )(2 )(3 )]\n37: 8b351c9c-f398-4515-9900-09df49427262, 1, 0 [(0 [0xC004F014, 0, 0], [(?)(?)(?)(?)(?)(?)(?)(?)])(1 )(2 )(3 )]\n38: 90da7373-1c51-430b-bf26-c97e9c5cdc31, 1, 0 [(0 [0xC004F014, 0, 0], [(?)(?)(?)(?)(?)(?)(?)(?)])(1 )(2 )(3 )]\n39: 92fb8726-92a8-4ffc-94ce-f82e07444653, 1, 0 [(0 [0xC004F014, 0, 0], [(?)(?)(?)(?)(?)(?)(?)(?)])(1 )(2 )(3 )]\n40: 95dca82f-385d-4d39-b85b-5c73fa285d6f, 1, 0 [(0 [0xC004F014, 0, 0], [(?)(?)(?)(?)(?)(?)(?)(?)])(1 )(2 )(3 )]\n41: 97cde3ae-e908-4b59-ac96-a17645c5b57e, 1, 0 [(0 [0xC004F014, 0, 0], [(?)(?)(?)(?)(?)(?)(?)(?)])(1 )(2 )(3 )]\n42: a48938aa-62fa-4966-9d44-9f04da3f72f2, 1, 0 [(0 [0xC004F014, 0, 0], [(?)(?)(?)(?)(?)(?)(?)(?)])(1 )(2 )(3 )]\n43: b0773a15-df3a-4312-9ad2-83d69648e356, 1, 0 [(0 [0xC004F014, 0, 0], [(?)(?)(?)(?)(?)(?)(?)(?)])(1 )(2 )(3 )]\n44: b4bfe195-541e-4e64-ad23-6177f19e395e, 1, 0 [(0 [0xC004F014, 0, 0], [(?)(?)(?)(?)(?)(?)(?)(?)])(1 )(2 )(3 )]\n45: b68e61d2-68ca-4757-be45-0cc2f3e68eee, 1, 0 [(0 [0xC004F014, 0, 0], [(?)(?)(?)(?)(?)(?)(?)(?)])(1 )(2 )(3 )]\n46: bd3762d7-270d-4760-8fb3-d829ca45278a, 1, 0 [(0 [0xC004F014, 0, 0], [(?)(?)(?)(?)(?)(?)(?)(?)])(1 )(2 )(3 )]\n47: c86d5194-4840-4dae-9c1c-0301003a5ab0, 1, 0 [(0 [0xC004F014, 0, 0], [(?)(?)(?)(?)(?)(?)(?)(?)])(1 )(2 )(3 )]\n48: ca7df2e3-5ea0-47b8-9ac1-b1be4d8edd69, 1, 0 [(0 [0xC004F014, 0, 0], [(?)(?)(?)(?)(?)(?)(?)(?)])(1 )(2 )(3 )]\n49: d552befb-48cc-4327-8f39-47d2d94f987c, 1, 0 [(0 [0xC004F014, 0, 0], [(?)(?)(?)(?)(?)(?)(?)(?)])(1 )(2 )(3 )]\n50: d6eadb3b-5ca8-4a6b-986e-35b550756111, 1, 0 [(0 [0xC004F014, 0, 0], [(?)(?)(?)(?)(?)(?)(?)(?)])(1 )(2 )(3 )]\n51: df96023b-dcd9-4be2-afa0-c6c871159ebe, 1, 0 [(0 [0xC004F014, 0, 0], [(?)(?)(?)(?)(?)(?)(?)(?)])(1 )(2 )(3 )]\n52: e0c42288-980c-4788-a014-c080d2e1926e, 1, 0 [(0 [0xC004F014, 0, 0], [(?)(?)(?)(?)(?)(?)(?)(?)])(1 )(2 )(3 )]\n53: e4db50ea-bda1-4566-b047-0ca50abc6f07, 1, 0 [(0 [0xC004F014, 0, 0], [(?)(?)(?)(?)(?)(?)(?)(?)])(1 )(2 )(3 )]\n54: e558417a-5123-4f6f-91e7-385c1c7ca9d4, 1, 0 [(0 [0xC004F014, 0, 0], [(?)(?)(?)(?)(?)(?)(?)(?)])(1 )(2 )(3 )]\n55: e7a950a2-e548-4f10-bf16-02ec848e0643, 1, 0 [(0 [0xC004F014, 0, 0], [(?)(?)(?)(?)(?)(?)(?)(?)])(1 )(2 )(3 )]\n56: eb6d346f-1c60-4643-b960-40ec31596c45, 1, 0 [(0 [0xC004F014, 0, 0], [(?)(?)(?)(?)(?)(?)(?)(?)])(1 )(2 )(3 )]\n57: ec868e65-fadf-4759-b23e-93fe37f2cc29, 1, 0 [(0 [0xC004F014, 0, 0], [(?)(?)(?)(?)(?)(?)(?)(?)])(1 )(2 )(3 )]\n58: ef51e000-2659-4f25-8345-3de70a9cf4c4, 1, 0 [(0 [0xC004F014, 0, 0], [(?)(?)(?)(?)(?)(?)(?)(?)])(1 )(2 )(3 )]\n59: f7af7d09-40e4-419c-a49b-eae366689ebd, 1, 0 [(0 [0xC004F014, 0, 0], [(?)(?)(?)(?)(?)(?)(?)(?)])(1 )(2 )(3 )]\n60: fa755fe6-6739-40b9-8d84-6d0ea3b6d1ab, 1, 0 [(0 [0xC004F014, 0, 0], [(?)(?)(?)(?)(?)(?)(?)(?)])(1 )(2 )(3 )]\n61: fe74f55b-0338-41d6-b267-4a201abe7285, 1, 0 [(0 [0xC004F014, 0, 0], [(?)(?)(?)(?)(?)(?)(?)(?)])(1 )(2 )(3 )]\n\n"]},"Binary":null},"raw_xml":null,"source_file":null,"sigma_matches":[]},
{"record_id":490,"event_id":16384,"level":"Information","timestamp":"2026-02-19T16:04:54.572452Z","provider":"Microsoft-Windows-Security-SPP","channel":"Application","computer":"Niaina","task_id":0,"keywords":36028797018963968,"user_id":null,"data":{"Data":{"#text":["2026-05-20T15:57:54Z","RulesEngine"]},"Binary":null},"raw_xml":null,"source_file":null,"sigma_matches":[]},
{"record_id":491,"event_id":16394,"level":"Information","timestamp":"2026-02-19T16:05:19.997702Z","provider":"Microsoft-Windows-Security-SPP","channel":"Application","computer":"Niaina","task_id":0,"keywords":36028797018963968,"user_id":null,"data":{"Data":{"#text":""},"Binary":null},"raw_xml":null,"source_file":null,"sigma_matches":[]},
{"record_id":492,"event_id":8224,"level":"Information","timestamp":"2026-02-19T16:05:39.262588Z","provider":"VSS","channel":"Application","computer":"Niaina","task_id":0,"keywords":36028797018963968,"user_id":null,"data":{"Data":{"#text":""},"Binary":"2D20436F64653A2020434F525356434330303030303737322D2043616C6C3A2020434F525356434330303030303735342D205049443A202030303030373033322D205449443A202030303031333530382D20434D443A2020433A5C57494E444F57535C73797374656D33325C76737376632E6578652020202D20557365723A204E616D653A204155544F52495445204E545C53797374E86D652C205349443A532D312D352D313820"},"raw_xml":null,"source_file":null,"sigma_matches":[]},
{"record_id":493,"event_id":16384,"level":"Information","timestamp":"2026-02-19T16:05:50.204590Z","provider":"Microsoft-Windows-Security-SPP","channel":"Application","computer":"Niaina","task_id":0,"keywords":36028797018963968,"user_id":null,"data":{"Data":{"#text":["2026-05-20T15:57:50Z","RulesEngine"]},"Binary":null},"raw_xml":null,"source_file":null,"sigma_matches":[]},
{"record_id":494,"event_id":8301,"level":"Information","timestamp":"2026-02-19T16:14:16.437939Z","provider":"Microsoft-Windows-System-Restore","channel":"Application","computer":"Niaina","task_id":0,"keywords":9223653511831486465,"user_id":"S-1-5-18","data":{"SnapshotPath":"\\\\?\\GLOBALROOT\\Device\\HarddiskVolumeShadowCopy1","ErrorCode":"0x0","TotalDirectories":354778,"TotalFiles":1098720,"FilesScoped":589770,"FilesResident":231954,"FilesCachedFirstPass":265611,"FilesMissedSecondPass":259977},"raw_xml":null,"source_file":null,"sigma_matches":[]},
{"record_id":495,"event_id":8302,"level":"Information","timestamp":"2026-02-19T16:14:16.437964Z","provider":"Microsoft-Windows-System-Restore","channel":"Application","computer":"Niaina","task_id":0,"keywords":9223372036854775808,"user_id":"S-1-5-18","data":{"SnapshotPath":"\\\\?\\GLOBALROOT\\Device\\HarddiskVolumeShadowCopy1","ErrorCode":"0x0","TotalDirectories":354778,"TotalFiles":1098720,"FilesScoped":589770,"FilesResident":231954,"FilesCachedFirstPass":265611,"FilesMissedSecondPass":259977},"raw_xml":null,"source_file":null,"sigma_matches":[]},
{"record_id":496,"event_id":16394,"level":"Information","timestamp":"2026-02-19T16:36:41.322773Z","provider":"Microsoft-Windows-Security-SPP","channel":"Application","computer":"Niaina","task_id":0,"keywords":36028797018963968,"user_id":null,"data":{"Data":{"#text":""},"Binary":null},"raw_xml":null,"source_file":null,"sigma_matches":[]},
{"record_id":497,"event_id":1001,"level":"Information","timestamp":"2026-02-19T16:36:47.865710Z","provider":"Windows Error Reporting","channel":"Application","computer":"Niaina","task_id":0,"keywords":9223372036854775808,"user_id":"S-1-5-21-3595381792-2646053551-3183893924-1001","data":{"Bucket":"1648879991811430765","BucketType":"5","EventName":"RADAR_PRE_LEAK_64","Response":"Non disponible","CabId":"0","P1":"terminal64.exe","P2":"5.0.0.5572","P3":"10.0.26200.2.0.0","P4":"","P5":"","P6":"","P7":"","P8":"","P9":"","P10":"","AttachedFiles":"\r\n\\\\?\\C:\\Users\\Niaina\\AppData\\Local\\Temp\\RDRC88D.tmp\\empty.txt\r\n\\\\?\\C:\\ProgramData\\Microsoft\\Windows\\WER\\Temp\\WER.867af2b6-41ee-4b78-ad9c-f59737a1ffd4.tmp.WERInternalMetadata.xml\r\nWPR_initiated_DiagTrackMiniLogger_OneTrace_User_Logger_20260219_1_EC_0_inject.etl\r\n\\\\?\\C:\\ProgramData\\Microsoft\\Windows\\WER\\Temp\\WER.c3b816ed-65d7-4ab1-8fa2-42da430c3b28.tmp.etl\r\nWPR_initiated_DiagTrackMiniLogger_WPR System Collector_inject.etl\r\n\\\\?\\C:\\ProgramData\\Microsoft\\Windows\\WER\\Temp\\WER.ad9cd824-e3b9-49a4-90ce-d3ed7c57cfc1.tmp.etl\r\n\\\\?\\C:\\ProgramData\\Microsoft\\Windows\\WER\\Temp\\WER.c09c493e-731c-48ca-baac-92e8860bdda8.tmp.csv\r\n\\\\?\\C:\\ProgramData\\Microsoft\\Windows\\WER\\Temp\\WER.eaf0a946-38d2-475b-80f2-2c2578933e9b.tmp.txt\r\n\\\\?\\C:\\ProgramData\\Microsoft\\Windows\\WER\\Temp\\WER.ffdd6f7f-dd2f-49d0-b916-d4a3d29750f6.tmp.xml","StorePath":"NULL","AnalysisSymbol":"","Rechecking":0,"ReportId":"ffd06ac9-7838-4e03-a44e-ad228b839cd8","ReportStatus":268435456,"HashedBucket":"9d3e6a5211a0062936e1ff9dcd2b596d","CabGuid":"0"},"raw_xml":null,"source_file":null,"sigma_matches":[]},
{"record_id":498,"event_id":16384,"level":"Information","timestamp":"2026-02-19T16:37:11.652274Z","provider":"Microsoft-Windows-Security-SPP","channel":"Application","computer":"Niaina","task_id":0,"keywords":36028797018963968,"user_id":null,"data":{"Data":{"#text":["2026-05-20T15:58:11Z","RulesEngine"]},"Binary":null},"raw_xml":null,"source_file":null,"sigma_matches":[]},
{"record_id":499,"event_id":100,"level":"Error","timestamp":"2026-02-19T16:40:40.416028Z","provider":"Bonjour Service","channel":"Application","computer":"Niaina","task_id":0,"keywords":36028797018963968,"user_id":null,"data":{"Data":{"#text":"mDNSCoreReceiveResponse: Received from 192.168.88.248:5353   16 Niaina.local. AAAA FE80:0000:0000:0000:F59E:2296:BDD0:7541"},"Binary":null},"raw_xml":null,"source_file":null,"sigma_matches":[]},
{"record_id":500,"event_id":100,"level":"Error","timestamp":"2026-02-19T16:40:40.482732Z","provider":"Bonjour Service","channel":"Application","computer":"Niaina","task_id":0,"keywords":36028797018963968,"user_id":null,"data":{"Data":{"#text":"mDNSCoreReceiveResponse: Resetting to Probing:    4 Niaina.local. Addr 192.168.88.246"},"Binary":null},"raw_xml":null,"source_file":null,"sigma_matches":[]},
{"record_id":501,"event_id":100,"level":"Error","timestamp":"2026-02-19T16:40:40.483103Z","provider":"Bonjour Service","channel":"Application","computer":"Niaina","task_id":0,"keywords":36028797018963968,"user_id":null,"data":{"Data":{"#text":"mDNSCoreReceiveResponse: Received from 192.168.88.248:5353   16 Niaina.local. AAAA FE80:0000:0000:0000:F59E:2296:BDD0:7541"},"Binary":null},"raw_xml":null,"source_file":null,"sigma_matches":[]},
{"record_id":502,"event_id":100,"level":"Error","timestamp":"2026-02-19T16:40:40.483298Z","provider":"Bonjour Service","channel":"Application","computer":"Niaina","task_id":0,"keywords":36028797018963968,"user_id":null,"data":{"Data":{"#text":"mDNSCoreReceiveResponse: Resetting to Probing:   16 Niaina.local. AAAA FE80:0000:0000:0000:17AB:865F:3358:A307"},"Binary":null},"raw_xml":null,"source_file":null,"sigma_matches":[]},
{"record_id":503,"event_id":100,"level":"Error","timestamp":"2026-02-19T16:40:40.503032Z","provider":"Bonjour Service","channel":"Application","computer":"Niaina","task_id":0,"keywords":36028797018963968,"user_id":null,"data":{"Data":{"#text":"mDNSCoreReceiveResponse: Received from 192.168.88.248:5353    4 Niaina.local. Addr 192.168.88.248"},"Binary":null},"raw_xml":null,"source_file":null,"sigma_matches":[]},
{"record_id":504,"event_id":100,"level":"Error","timestamp":"2026-02-19T16:40:40.503538Z","provider":"Bonjour Service","channel":"Application","computer":"Niaina","task_id":0,"keywords":36028797018963968,"user_id":null,"data":{"Data":{"#text":"mDNSCoreReceiveResponse: ProbeCount 2; will deregister    4 Niaina.local. Addr 192.168.88.246"},"Binary":null},"raw_xml":null,"source_file":null,"sigma_matches":[]},
{"record_id":505,"event_id":100,"level":"Error","timestamp":"2026-02-19T16:40:40.517370Z","provider":"Bonjour Service","channel":"Application","computer":"Niaina","task_id":0,"keywords":36028797018963968,"user_id":null,"data":{"Data":{"#text":"Local Hostname Niaina.local already in use; will try Niaina-2.local instead"},"Binary":null},"raw_xml":null,"source_file":null,"sigma_matches":[]},
{"record_id":506,"event_id":0,"level":"Information","timestamp":"2026-02-19T16:52:11.435965Z","provider":"edgeupdate","channel":"Application","computer":"Niaina","task_id":0,"keywords":36028797018963968,"user_id":null,"data":{"Data":{"#text":"Service stopped"},"Binary":null},"raw_xml":null,"source_file":null,"sigma_matches":[]},
{"record_id":507,"event_id":16394,"level":"Information","timestamp":"2026-02-19T16:59:54.859593Z","provider":"Microsoft-Windows-Security-SPP","channel":"Application","computer":"Niaina","task_id":0,"keywords":36028797018963968,"user_id":null,"data":{"Data":{"#text":""},"Binary":null},"raw_xml":null,"source_file":null,"sigma_matches":[]},
{"record_id":508,"event_id":16384,"level":"Information","timestamp":"2026-02-19T17:00:26.742561Z","provider":"Microsoft-Windows-Security-SPP","channel":"Application","computer":"Niaina","task_id":0,"keywords":36028797018963968,"user_id":null,"data":{"Data":{"#text":["2026-05-20T15:58:26Z","RulesEngine"]},"Binary":null},"raw_xml":null,"source_file":null,"sigma_matches":[]},
{"record_id":509,"event_id":16394,"level":"Information","timestamp":"2026-02-19T17:09:02.061167Z","provider":"Microsoft-Windows-Security-SPP","channel":"Application","computer":"Niaina","task_id":0,"keywords":36028797018963968,"user_id":null,"data":{"Data":{"#text":""},"Binary":null},"raw_xml":null,"source_file":null,"sigma_matches":[]},
{"record_id":510,"event_id":16384,"level":"Information","timestamp":"2026-02-19T17:09:58.675204Z","provider":"Microsoft-Windows-Security-SPP","channel":"Application","computer":"Niaina","task_id":0,"keywords":36028797018963968,"user_id":null,"data":{"Data":{"#text":["2026-05-20T15:57:58Z","RulesEngine"]},"Binary":null},"raw_xml":null,"source_file":null,"sigma_matches":[]},
{"record_id":511,"event_id":16394,"level":"Information","timestamp":"2026-02-19T17:31:04.893439Z","provider":"Microsoft-Windows-Security-SPP","channel":"Application","computer":"Niaina","task_id":0,"keywords":36028797018963968,"user_id":null,"data":{"Data":{"#text":""},"Binary":null},"raw_xml":null,"source_file":null,"sigma_matches":[]},
{"record_id":512,"event_id":16384,"level":"Information","timestamp":"2026-02-19T17:31:35.359541Z","provider":"Microsoft-Windows-Security-SPP","channel":"Application","computer":"Niaina","task_id":0,"keywords":36028797018963968,"user_id":null,"data":{"Data":{"#text":["2026-05-20T15:58:35Z","RulesEngine"]},"Binary":null},"raw_xml":null,"source_file":null,"sigma_matches":[]},
{"record_id":513,"event_id":1001,"level":"Information","timestamp":"2026-02-19T17:56:58.417323Z","provider":"Windows Error Reporting","channel":"Application","computer":"Niaina","task_id":0,"keywords":9223372036854775808,"user_id":"S-1-5-21-3595381792-2646053551-3183893924-1001","data":{"Bucket":"1415648758065710913","BucketType":"5","EventName":"RADAR_PRE_LEAK_64","Response":"Non disponible","CabId":"0","P1":"metatester64.exe","P2":"5.0.0.5572","P3":"10.0.26200.2.0.0","P4":"","P5":"","P6":"","P7":"","P8":"","P9":"","P10":"","AttachedFiles":"\r\n\\\\?\\C:\\Users\\Niaina\\AppData\\Local\\Temp\\RDR17A5.tmp\\empty.txt\r\n\\\\?\\C:\\ProgramData\\Microsoft\\Windows\\WER\\Temp\\WER.d82537b0-8e37-4656-9f0a-5395c76b5306.tmp.WERInternalMetadata.xml\r\nWPR_initiated_DiagTrackMiniLogger_OneTrace_User_Logger_20260219_1_EC_0_inject.etl\r\n\\\\?\\C:\\ProgramData\\Microsoft\\Windows\\WER\\Temp\\WER.35d5d634-f724-425c-857f-a273e6fa1ea9.tmp.etl\r\nWPR_initiated_DiagTrackMiniLogger_WPR System Collector_inject.etl\r\n\\\\?\\C:\\ProgramData\\Microsoft\\Windows\\WER\\Temp\\WER.35e45645-5409-4097-b061-0473eda46d9f.tmp.etl\r\n\\\\?\\C:\\ProgramData\\Microsoft\\Windows\\WER\\Temp\\WER.d0359b4c-5131-4298-9cec-d1e446956dab.tmp.csv\r\n\\\\?\\C:\\ProgramData\\Microsoft\\Windows\\WER\\Temp\\WER.96c5cfe2-9b0d-44c9-b936-2909e101aef4.tmp.txt\r\n\\\\?\\C:\\ProgramData\\Microsoft\\Windows\\WER\\Temp\\WER.e5e067b6-73da-409d-8eef-ed7c267d7018.tmp.xml","StorePath":"NULL","AnalysisSymbol":"","Rechecking":0,"ReportId":"6137e46f-aaa3-43da-9cbf-d72425f8d1b4","ReportStatus":268435456,"HashedBucket":"1a61a04e441025cc73a5650b873ac741","CabGuid":"0"},"raw_xml":null,"source_file":null,"sigma_matches":[]},
{"record_id":514,"event_id":16394,"level":"Information","timestamp":"2026-02-19T18:02:01.375635Z","provider":"Microsoft-Windows-Security-SPP","channel":"Application","computer":"Niaina","task_id":0,"keywords":36028797018963968,"user_id":null,"data":{"Data":{"#text":""},"Binary":null},"raw_xml":null,"source_file":null,"sigma_matches":[]},
{"record_id":515,"event_id":8224,"level":"Information","timestamp":"2026-02-19T18:02:03.160848Z","provider":"VSS","channel":"Application","computer":"Niaina","task_id":0,"keywords":36028797018963968,"user_id":null,"data":{"Data":{"#text":""},"Binary":"2D20436F64653A2020434F525356434330303030303737322D2043616C6C3A2020434F525356434330303030303735342D205049443A202030303031343333322D205449443A202030303031373535362D20434D443A2020433A5C57494E444F57535C73797374656D33325C76737376632E6578652020202D20557365723A204E616D653A204155544F52495445204E545C53797374E86D652C205349443A532D312D352D313820"},"raw_xml":null,"source_file":null,"sigma_matches":[]},
{"record_id":516,"event_id":16384,"level":"Information","timestamp":"2026-02-19T18:02:35.004942Z","provider":"Microsoft-Windows-Security-SPP","channel":"Application","computer":"Niaina","task_id":0,"keywords":36028797018963968,"user_id":null,"data":{"Data":{"#text":["2026-05-20T15:58:34Z","RulesEngine"]},"Binary":null},"raw_xml":null,"source_file":null,"sigma_matches":[]},
{"record_id":517,"event_id":16394,"level":"Information","timestamp":"2026-02-19T18:03:09.074056Z","provider":"Microsoft-Windows-Security-SPP","channel":"Application","computer":"Niaina","task_id":0,"keywords":36028797018963968,"user_id":null,"data":{"Data":{"#text":""},"Binary":null},"raw_xml":null,"source_file":null,"sigma_matches":[]},
{"record_id":518,"event_id":16384,"level":"Information","timestamp":"2026-02-19T18:04:09.657068Z","provider":"Microsoft-Windows-Security-SPP","channel":"Application","computer":"Niaina","task_id":0,"keywords":36028797018963968,"user_id":null,"data":{"Data":{"#text":["2026-05-20T15:58:09Z","RulesEngine"]},"Binary":null},"raw_xml":null,"source_file":null,"sigma_matches":[]},
{"record_id":519,"event_id":15,"level":"Information","timestamp":"2026-02-19T18:05:05.673240Z","provider":"SecurityCenter","channel":"Application","computer":"Niaina","task_id":0,"keywords":36028797018963968,"user_id":null,"data":{"Data":{"#text":["Windows Defender","SECURITY_PRODUCT_STATE_ON"]},"Binary":null},"raw_xml":null,"source_file":null,"sigma_matches":[]},
{"record_id":520,"event_id":1001,"level":"Information","timestamp":"2026-02-19T18:07:04.477929Z","provider":"Windows Error Reporting","channel":"Application","computer":"Niaina","task_id":0,"keywords":9223372036854775808,"user_id":"S-1-5-18","data":{"Bucket":"","BucketType":"0","EventName":"WindowsWcpOtherFailure3","Response":"Non disponible","CabId":"0","P1":"10.0.26100.7839:1","P2":"wcp\\componentstore\\storelayout.cpp","P3":"ComponentStore::CRawStoreLayout::OpenComponentFile","P4":"2204","P5":"800f0983","P6":"0x64993f0f","P7":"","P8":"","P9":"","P10":"","AttachedFiles":"\r\n\\\\?\\C:\\Windows\\Logs\\CBS\\CBS.log\r\n\\\\?\\C:\\WINDOWS\\servicing\\Sessions\\Sessions.xml\r\n\\\\?\\C:\\WINDOWS\\system32\\LogFiles\\Scm\\SCM.EVM\r\n\\\\?\\C:\\WINDOWS\\Logs\\Cbs\\FilterList.log\r\n\\\\?\\C:\\ProgramData\\Microsoft\\Windows\\WER\\Temp\\WER.b31765f8-96d8-4e08-95b3-fb0f7d81f362.tmp.WERInternalMetadata.xml\r\n\\\\?\\C:\\ProgramData\\Microsoft\\Windows\\WER\\Temp\\WER.85d5d453-3a15-444f-b92f-3ce79a696315.tmp.csv\r\n\\\\?\\C:\\ProgramData\\Microsoft\\Windows\\WER\\Temp\\WER.3654c587-b1f8-4872-b9d6-2fa37c182d88.tmp.txt\r\n\\\\?\\C:\\ProgramData\\Microsoft\\Windows\\WER\\Temp\\WER.8466469e-7416-40db-b883-8ea6effc47fc.tmp.xml\r\n\\\\?\\C:\\ProgramData\\Microsoft\\Windows\\WER\\Temp\\WER.f8b6dbc9-e5aa-4cd8-8781-15e905968470.tmp.mdmp\r\n\\\\?\\C:\\ProgramData\\Microsoft\\Windows\\WER\\ReportQueue\\Critical_10.0.26100.7839__9bc24382b3f5b84b94ea29dae827ef228e12e_00000000_cab_3ba3a565-90fd-4a27-be2a-3e4ea0d50212\\memory.hdmp\r\n\\\\?\\C:\\Windows\\SystemTemp\\WER.63c41197-a229-4892-b590-b0a29a6b117c.tmp.WERDataCollectionStatus.txt","StorePath":"\\\\?\\C:\\ProgramData\\Microsoft\\Windows\\WER\\ReportQueue\\Critical_10.0.26100.7839__9bc24382b3f5b84b94ea29dae827ef228e12e_00000000_cab_3ba3a565-90fd-4a27-be2a-3e4ea0d50212","AnalysisSymbol":"","Rechecking":0,"ReportId":"3ba3a565-90fd-4a27-be2a-3e4ea0d50212","ReportStatus":4,"HashedBucket":"","CabGuid":"0"},"raw_xml":null,"source_file":null,"sigma_matches":[]},
{"record_id":521,"event_id":1001,"level":"Information","timestamp":"2026-02-19T18:07:04.652691Z","provider":"Windows Error Reporting","channel":"Application","computer":"Niaina","task_id":0,"keywords":9223372036854775808,"user_id":"S-1-5-18","data":{"Bucket":"","BucketType":"0","EventName":"WindowsWcpOtherFailure3","Response":"Non disponible","CabId":"0","P1":"10.0.26100.7839:1","P2":"wcp\\componentstore\\storelayout.cpp","P3":"ComponentStore::CRawStoreLayout::OpenComponentFile","P4":"2204","P5":"800f0983","P6":"0x64993f0f","P7":"","P8":"","P9":"","P10":"","AttachedFiles":"\r\n\\\\?\\C:\\Windows\\Logs\\CBS\\CBS.log\r\n\\\\?\\C:\\WINDOWS\\servicing\\Sessions\\Sessions.xml\r\n\\\\?\\C:\\WINDOWS\\system32\\LogFiles\\Scm\\SCM.EVM\r\n\\\\?\\C:\\WINDOWS\\Logs\\Cbs\\FilterList.log","StorePath":"NULL","AnalysisSymbol":"","Rechecking":0,"ReportId":"3ba3a565-90fd-4a27-be2a-3e4ea0d50212","ReportStatus":262148,"HashedBucket":"","CabGuid":"0"},"raw_xml":null,"source_file":null,"sigma_matches":[]},
{"record_id":522,"event_id":1001,"level":"Information","timestamp":"2026-02-19T18:07:32.064508Z","provider":"Windows Error Reporting","channel":"Application","computer":"Niaina","task_id":0,"keywords":9223372036854775808,"user_id":"S-1-5-18","data":{"Bucket":"","BucketType":"0","EventName":"WindowsWcpOtherFailure3","Response":"Non disponible","CabId":"0","P1":"10.0.26100.7839:1","P2":"wcp\\componentstore\\storelayout.cpp","P3":"ComponentStore::CRawStoreLayout::OpenComponentFile","P4":"2204","P5":"800f0983","P6":"0x64993f0f","P7":"","P8":"","P9":"","P10":"","AttachedFiles":"\r\n\\\\?\\C:\\Windows\\Logs\\CBS\\CBS.log\r\n\\\\?\\C:\\WINDOWS\\servicing\\Sessions\\Sessions.xml\r\n\\\\?\\C:\\WINDOWS\\system32\\LogFiles\\Scm\\SCM.EVM\r\n\\\\?\\C:\\WINDOWS\\Logs\\Cbs\\FilterList.log\r\n\\\\?\\C:\\ProgramData\\Microsoft\\Windows\\WER\\Temp\\WER.b31765f8-96d8-4e08-95b3-fb0f7d81f362.tmp.WERInternalMetadata.xml\r\n\\\\?\\C:\\ProgramData\\Microsoft\\Windows\\WER\\Temp\\WER.85d5d453-3a15-444f-b92f-3ce79a696315.tmp.csv\r\n\\\\?\\C:\\ProgramData\\Microsoft\\Windows\\WER\\Temp\\WER.3654c587-b1f8-4872-b9d6-2fa37c182d88.tmp.txt\r\n\\\\?\\C:\\ProgramData\\Microsoft\\Windows\\WER\\Temp\\WER.8466469e-7416-40db-b883-8ea6effc47fc.tmp.xml\r\n\\\\?\\C:\\ProgramData\\Microsoft\\Windows\\WER\\Temp\\WER.f8b6dbc9-e5aa-4cd8-8781-15e905968470.tmp.mdmp\r\n\\\\?\\C:\\ProgramData\\Microsoft\\Windows\\WER\\ReportQueue\\Critical_10.0.26100.7839__9bc24382b3f5b84b94ea29dae827ef228e12e_00000000_cab_3ba3a565-90fd-4a27-be2a-3e4ea0d50212\\memory.hdmp\r\n\\\\?\\C:\\Windows\\SystemTemp\\WER.63c41197-a229-4892-b590-b0a29a6b117c.tmp.WERDataCollectionStatus.txt","StorePath":"\\\\?\\C:\\ProgramData\\Microsoft\\Windows\\WER\\ReportArchive\\Critical_10.0.26100.7839__9bc24382b3f5b84b94ea29dae827ef228e12e_00000000_3ba3a565-90fd-4a27-be2a-3e4ea0d50212","AnalysisSymbol":"","Rechecking":0,"ReportId":"3ba3a565-90fd-4a27-be2a-3e4ea0d50212","ReportStatus":2147491840,"HashedBucket":"","CabGuid":"0"},"raw_xml":null,"source_file":null,"sigma_matches":[]},
{"record_id":523,"event_id":16394,"level":"Information","timestamp":"2026-02-19T18:22:25.003761Z","provider":"Microsoft-Windows-Security-SPP","channel":"Application","computer":"Niaina","task_id":0,"keywords":36028797018963968,"user_id":null,"data":{"Data":{"#text":""},"Binary":null},"raw_xml":null,"source_file":null,"sigma_matches":[]},
{"record_id":524,"event_id":16384,"level":"Information","timestamp":"2026-02-19T18:22:55.219063Z","provider":"Microsoft-Windows-Security-SPP","channel":"Application","computer":"Niaina","task_id":0,"keywords":36028797018963968,"user_id":null,"data":{"Data":{"#text":["2026-05-20T15:57:55Z","RulesEngine"]},"Binary":null},"raw_xml":null,"source_file":null,"sigma_matches":[]},
{"record_id":525,"event_id":1001,"level":"Information","timestamp":"2026-02-19T18:36:53.108653Z","provider":"Windows Error Reporting","channel":"Application","computer":"Niaina","task_id":0,"keywords":9223372036854775808,"user_id":"S-1-5-21-3595381792-2646053551-3183893924-1001","data":{"Bucket":"1500714535696304373","BucketType":"5","EventName":"RADAR_PRE_LEAK_64","Response":"Non disponible","CabId":"0","P1":"dllhost.exe","P2":"10.0.26100.7705","P3":"10.0.26200.2.0.0","P4":"","P5":"","P6":"","P7":"","P8":"","P9":"","P10":"","AttachedFiles":"\r\n\\\\?\\C:\\Users\\Niaina\\AppData\\Local\\Temp\\RDRB8F8.tmp\\empty.txt\r\n\\\\?\\C:\\ProgramData\\Microsoft\\Windows\\WER\\Temp\\WER.34df2f23-5368-4b2d-97e0-f8c41c224e1d.tmp.WERInternalMetadata.xml\r\nWPR_initiated_DiagTrackMiniLogger_OneTrace_User_Logger_20260219_1_EC_0_inject.etl\r\n\\\\?\\C:\\ProgramData\\Microsoft\\Windows\\WER\\Temp\\WER.f64264de-31ea-48cc-80b9-f415593a2b85.tmp.etl\r\nWPR_initiated_DiagTrackMiniLogger_WPR System Collector_inject.etl\r\n\\\\?\\C:\\ProgramData\\Microsoft\\Windows\\WER\\Temp\\WER.8ac9c29a-450e-412e-99d2-67a5f4801122.tmp.etl\r\n\\\\?\\C:\\ProgramData\\Microsoft\\Windows\\WER\\Temp\\WER.a947293a-6a0b-40f8-bcc4-bad40319ebed.tmp.csv\r\n\\\\?\\C:\\ProgramData\\Microsoft\\Windows\\WER\\Temp\\WER.4b1b829e-a9f9-4391-87fc-1db115d25a9f.tmp.txt\r\n\\\\?\\C:\\ProgramData\\Microsoft\\Windows\\WER\\Temp\\WER.b8730c6b-6118-4176-a58d-96ba8f18a704.tmp.xml","StorePath":"NULL","AnalysisSymbol":"","Rechecking":0,"ReportId":"ae1e1699-8287-4841-9cc6-0ec499edee77","ReportStatus":268435456,"HashedBucket":"a2bf96e1ca7300cf04d39beb497188f5","CabGuid":"0"},"raw_xml":null,"source_file":null,"sigma_matches":[]},
{"record_id":526,"event_id":16394,"level":"Information","timestamp":"2026-02-19T18:43:33.714186Z","provider":"Microsoft-Windows-Security-SPP","channel":"Application","computer":"Niaina","task_id":0,"keywords":36028797018963968,"user_id":null,"data":{"Data":{"#text":""},"Binary":null},"raw_xml":null,"source_file":null,"sigma_matches":[]},
{"record_id":527,"event_id":16384,"level":"Information","timestamp":"2026-02-19T18:44:03.996948Z","provider":"Microsoft-Windows-Security-SPP","channel":"Application","computer":"Niaina","task_id":0,"keywords":36028797018963968,"user_id":null,"data":{"Data":{"#text":["2026-05-20T15:58:03Z","RulesEngine"]},"Binary":null},"raw_xml":null,"source_file":null,"sigma_matches":[]},
{"record_id":528,"event_id":16394,"level":"Information","timestamp":"2026-02-19T19:04:47.194865Z","provider":"Microsoft-Windows-Security-SPP","channel":"Application","computer":"Niaina","task_id":0,"keywords":36028797018963968,"user_id":null,"data":{"Data":{"#text":""},"Binary":null},"raw_xml":null,"source_file":null,"sigma_matches":[]},
{"record_id":529,"event_id":16384,"level":"Information","timestamp":"2026-02-19T19:05:17.946317Z","provider":"Microsoft-Windows-Security-SPP","channel":"Application","computer":"Niaina","task_id":0,"keywords":36028797018963968,"user_id":null,"data":{"Data":{"#text":["2026-05-20T15:58:17Z","RulesEngine"]},"Binary":null},"raw_xml":null,"source_file":null,"sigma_matches":[]},
{"record_id":530,"event_id":16394,"level":"Information","timestamp":"2026-02-19T19:06:57.555759Z","provider":"Microsoft-Windows-Security-SPP","channel":"Application","computer":"Niaina","task_id":0,"keywords":36028797018963968,"user_id":null,"data":{"Data":{"#text":""},"Binary":null},"raw_xml":null,"source_file":null,"sigma_matches":[]},
{"record_id":531,"event_id":16384,"level":"Information","timestamp":"2026-02-19T19:08:09.325896Z","provider":"Microsoft-Windows-Security-SPP","channel":"Application","computer":"Niaina","task_id":0,"keywords":36028797018963968,"user_id":null,"data":{"Data":{"#text":["2026-05-20T15:58:09Z","RulesEngine"]},"Binary":null},"raw_xml":null,"source_file":null,"sigma_matches":[]},
{"record_id":532,"event_id":16394,"level":"Information","timestamp":"2026-02-19T19:24:23.127034Z","provider":"Microsoft-Windows-Security-SPP","channel":"Application","computer":"Niaina","task_id":0,"keywords":36028797018963968,"user_id":null,"data":{"Data":{"#text":""},"Binary":null},"raw_xml":null,"source_file":null,"sigma_matches":[]},
{"record_id":533,"event_id":16384,"level":"Information","timestamp":"2026-02-19T19:25:19.552073Z","provider":"Microsoft-Windows-Security-SPP","channel":"Application","computer":"Niaina","task_id":0,"keywords":36028797018963968,"user_id":null,"data":{"Data":{"#text":["2026-05-20T15:58:19Z","RulesEngine"]},"Binary":null},"raw_xml":null,"source_file":null,"sigma_matches":[]},
{"record_id":534,"event_id":16394,"level":"Information","timestamp":"2026-02-19T19:25:30.385062Z","provider":"Microsoft-Windows-Security-SPP","channel":"Application","computer":"Niaina","task_id":0,"keywords":36028797018963968,"user_id":null,"data":{"Data":{"#text":""},"Binary":null},"raw_xml":null,"source_file":null,"sigma_matches":[]},
{"record_id":535,"event_id":16384,"level":"Information","timestamp":"2026-02-19T19:26:00.864295Z","provider":"Microsoft-Windows-Security-SPP","channel":"Application","computer":"Niaina","task_id":0,"keywords":36028797018963968,"user_id":null,"data":{"Data":{"#text":["2026-05-20T15:58:00Z","RulesEngine"]},"Binary":null},"raw_xml":null,"source_file":null,"sigma_matches":[]},
{"record_id":536,"event_id":16394,"level":"Information","timestamp":"2026-02-19T20:04:14.607485Z","provider":"Microsoft-Windows-Security-SPP","channel":"Application","computer":"Niaina","task_id":0,"keywords":36028797018963968,"user_id":null,"data":{"Data":{"#text":""},"Binary":null},"raw_xml":null,"source_file":null,"sigma_matches":[]},
{"record_id":537,"event_id":16384,"level":"Information","timestamp":"2026-02-19T20:04:44.952386Z","provider":"Microsoft-Windows-Security-SPP","channel":"Application","computer":"Niaina","task_id":0,"keywords":36028797018963968,"user_id":null,"data":{"Data":{"#text":["2026-05-20T15:58:44Z","RulesEngine"]},"Binary":null},"raw_xml":null,"source_file":null,"sigma_matches":[]},
{"record_id":538,"event_id":16394,"level":"Information","timestamp":"2026-02-19T20:08:42.766612Z","provider":"Microsoft-Windows-Security-SPP","channel":"Application","computer":"Niaina","task_id":0,"keywords":36028797018963968,"user_id":null,"data":{"Data":{"#text":""},"Binary":null},"raw_xml":null,"source_file":null,"sigma_matches":[]},
{"record_id":539,"event_id":16384,"level":"Information","timestamp":"2026-02-19T20:09:13.130990Z","provider":"Microsoft-Windows-Security-SPP","channel":"Application","computer":"Niaina","task_id":0,"keywords":36028797018963968,"user_id":null,"data":{"Data":{"#text":["2026-05-20T15:58:13Z","RulesEngine"]},"Binary":null},"raw_xml":null,"source_file":null,"sigma_matches":[]},
{"record_id":540,"event_id":16394,"level":"Information","timestamp":"2026-02-19T20:28:37.600930Z","provider":"Microsoft-Windows-Security-SPP","channel":"Application","computer":"Niaina","task_id":0,"keywords":36028797018963968,"user_id":null,"data":{"Data":{"#text":""},"Binary":null},"raw_xml":null,"source_file":null,"sigma_matches":[]},
{"record_id":541,"event_id":16384,"level":"Information","timestamp":"2026-02-19T20:29:08.013810Z","provider":"Microsoft-Windows-Security-SPP","channel":"Application","computer":"Niaina","task_id":0,"keywords":36028797018963968,"user_id":null,"data":{"Data":{"#text":["2026-05-20T15:58:07Z","RulesEngine"]},"Binary":null},"raw_xml":null,"source_file":null,"sigma_matches":[]},
{"record_id":542,"event_id":10000,"level":"Information","timestamp":"2026-02-19T20:46:09.481450Z","provider":"Microsoft-Windows-RestartManager","channel":"Application","computer":"Niaina","task_id":0,"keywords":9223372036854775808,"user_id":"S-1-5-21-3595381792-2646053551-3183893924-1001","data":null,"raw_xml":null,"source_file":null,"sigma_matches":[]},
{"record_id":543,"event_id":16394,"level":"Information","timestamp":"2026-02-19T20:49:42.526128Z","provider":"Microsoft-Windows-Security-SPP","channel":"Application","computer":"Niaina","task_id":0,"keywords":36028797018963968,"user_id":null,"data":{"Data":{"#text":""},"Binary":null},"raw_xml":null,"source_file":null,"sigma_matches":[]},
{"record_id":544,"event_id":16384,"level":"Information","timestamp":"2026-02-19T20:50:13.126708Z","provider":"Microsoft-Windows-Security-SPP","channel":"Application","computer":"Niaina","task_id":0,"keywords":36028797018963968,"user_id":null,"data":{"Data":{"#text":["2026-05-20T15:58:13Z","RulesEngine"]},"Binary":null},"raw_xml":null,"source_file":null,"sigma_matches":[]},
{"record_id":545,"event_id":10001,"level":"Information","timestamp":"2026-02-19T20:50:52.232109Z","provider":"Microsoft-Windows-RestartManager","channel":"Application","computer":"Niaina","task_id":0,"keywords":9223372036854775808,"user_id":"S-1-5-21-3595381792-2646053551-3183893924-1001","data":null,"raw_xml":null,"source_file":null,"sigma_matches":[]},
{"record_id":546,"event_id":16394,"level":"Information","timestamp":"2026-02-19T21:10:13.974900Z","provider":"Microsoft-Windows-Security-SPP","channel":"Application","computer":"Niaina","task_id":0,"keywords":36028797018963968,"user_id":null,"data":{"Data":{"#text":""},"Binary":null},"raw_xml":null,"source_file":null,"sigma_matches":[]},
{"record_id":547,"event_id":16384,"level":"Information","timestamp":"2026-02-19T21:10:44.337072Z","provider":"Microsoft-Windows-Security-SPP","channel":"Application","computer":"Niaina","task_id":0,"keywords":36028797018963968,"user_id":null,"data":{"Data":{"#text":["2026-05-20T15:58:44Z","RulesEngine"]},"Binary":null},"raw_xml":null,"source_file":null,"sigma_matches":[]},
{"record_id":548,"event_id":16394,"level":"Information","timestamp":"2026-02-19T21:42:37.897947Z","provider":"Microsoft-Windows-Security-SPP","channel":"Application","computer":"Niaina","task_id":0,"keywords":36028797018963968,"user_id":null,"data":{"Data":{"#text":""},"Binary":null},"raw_xml":null,"source_file":null,"sigma_matches":[]},
{"record_id":549,"event_id":16384,"level":"Information","timestamp":"2026-02-19T21:43:08.247968Z","provider":"Microsoft-Windows-Security-SPP","channel":"Application","computer":"Niaina","task_id":0,"keywords":36028797018963968,"user_id":null,"data":{"Data":{"#text":["2026-05-20T15:58:08Z","RulesEngine"]},"Binary":null},"raw_xml":null,"source_file":null,"sigma_matches":[]},
{"record_id":550,"event_id":16394,"level":"Information","timestamp":"2026-02-19T21:51:27.912700Z","provider":"Microsoft-Windows-Security-SPP","channel":"Application","computer":"Niaina","task_id":0,"keywords":36028797018963968,"user_id":null,"data":{"Data":{"#text":""},"Binary":null},"raw_xml":null,"source_file":null,"sigma_matches":[]},
{"record_id":551,"event_id":16384,"level":"Information","timestamp":"2026-02-19T21:51:58.220845Z","provider":"Microsoft-Windows-Security-SPP","channel":"Application","computer":"Niaina","task_id":0,"keywords":36028797018963968,"user_id":null,"data":{"Data":{"#text":["2026-05-20T15:57:58Z","RulesEngine"]},"Binary":null},"raw_xml":null,"source_file":null,"sigma_matches":[]},
{"record_id":552,"event_id":16394,"level":"Information","timestamp":"2026-02-19T21:57:04.960317Z","provider":"Microsoft-Windows-Security-SPP","channel":"Application","computer":"Niaina","task_id":0,"keywords":36028797018963968,"user_id":null,"data":{"Data":{"#text":""},"Binary":null},"raw_xml":null,"source_file":null,"sigma_matches":[]},
{"record_id":553,"event_id":16384,"level":"Information","timestamp":"2026-02-19T21:57:35.302070Z","provider":"Microsoft-Windows-Security-SPP","channel":"Application","computer":"Niaina","task_id":0,"keywords":36028797018963968,"user_id":null,"data":{"Data":{"#text":["2026-05-20T15:58:35Z","RulesEngine"]},"Binary":null},"raw_xml":null,"source_file":null,"sigma_matches":[]},
{"record_id":554,"event_id":16394,"level":"Information","timestamp":"2026-02-19T22:04:23.619097Z","provider":"Microsoft-Windows-Security-SPP","channel":"Application","computer":"Niaina","task_id":0,"keywords":36028797018963968,"user_id":null,"data":{"Data":{"#text":""},"Binary":null},"raw_xml":null,"source_file":null,"sigma_matches":[]},
{"record_id":555,"event_id":16384,"level":"Information","timestamp":"2026-02-19T22:04:53.957996Z","provider":"Microsoft-Windows-Security-SPP","channel":"Application","computer":"Niaina","task_id":0,"keywords":36028797018963968,"user_id":null,"data":{"Data":{"#text":["2026-05-20T15:57:53Z","RulesEngine"]},"Binary":null},"raw_xml":null,"source_file":null,"sigma_matches":[]},
{"record_id":556,"event_id":16394,"level":"Information","timestamp":"2026-02-19T22:13:26.970221Z","provider":"Microsoft-Windows-Security-SPP","channel":"Application","computer":"Niaina","task_id":0,"keywords":36028797018963968,"user_id":null,"data":{"Data":{"#text":""},"Binary":null},"raw_xml":null,"source_file":null,"sigma_matches":[]},
{"record_id":557,"event_id":16384,"level":"Information","timestamp":"2026-02-19T22:13:57.581049Z","provider":"Microsoft-Windows-Security-SPP","channel":"Application","computer":"Niaina","task_id":0,"keywords":36028797018963968,"user_id":null,"data":{"Data":{"#text":["2026-05-20T15:57:57Z","RulesEngine"]},"Binary":null},"raw_xml":null,"source_file":null,"sigma_matches":[]},
{"record_id":558,"event_id":16394,"level":"Information","timestamp":"2026-02-19T23:11:19.705963Z","provider":"Microsoft-Windows-Security-SPP","channel":"Application","computer":"Niaina","task_id":0,"keywords":36028797018963968,"user_id":null,"data":{"Data":{"#text":""},"Binary":null},"raw_xml":null,"source_file":null,"sigma_matches":[]},
{"record_id":559,"event_id":16384,"level":"Information","timestamp":"2026-02-19T23:11:56.824575Z","provider":"Microsoft-Windows-Security-SPP","channel":"Application","computer":"Niaina","task_id":0,"keywords":36028797018963968,"user_id":null,"data":{"Data":{"#text":["2026-05-20T15:57:56Z","RulesEngine"]},"Binary":null},"raw_xml":null,"source_file":null,"sigma_matches":[]},
{"record_id":560,"event_id":16394,"level":"Information","timestamp":"2026-02-19T23:13:58.277421Z","provider":"Microsoft-Windows-Security-SPP","channel":"Application","computer":"Niaina","task_id":0,"keywords":36028797018963968,"user_id":null,"data":{"Data":{"#text":""},"Binary":null},"raw_xml":null,"source_file":null,"sigma_matches":[]},
