{"record_id":2976,"event_id":16384,"level":"Information","timestamp":"2026-02-24T19:37:58.539316Z","provider":"Microsoft-Windows-Security-SPP","channel":"Application","computer":"Niaina","task_id":0,"keywords":36028797018963968,"user_id":null,"data":{"Data":{"#text":["2026-05-20T15:57:58Z","RulesEngine"]},"Binary":null},"raw_xml":null,"source_file":null,"sigma_matches":[]},
{"record_id":2977,"event_id":16394,"level":"Information","timestamp":"2026-02-24T19:43:37.609893Z","provider":"Microsoft-Windows-Security-SPP","channel":"Application","computer":"Niaina","task_id":0,"keywords":36028797018963968,"user_id":null,"data":{"Data":{"#text":""},"Binary":null},"raw_xml":null,"source_file":null,"sigma_matches":[]},
{"record_id":2978,"event_id":16384,"level":"Information","timestamp":"2026-02-24T19:44:07.973634Z","provider":"Microsoft-Windows-Security-SPP","channel":"Application","computer":"Niaina","task_id":0,"keywords":36028797018963968,"user_id":null,"data":{"Data":{"#text":["2026-05-20T15:58:07Z","RulesEngine"]},"Binary":null},"raw_xml":null,"source_file":null,"sigma_matches":[]},
{"record_id":2979,"event_id":16394,"level":"Information","timestamp":"2026-02-24T19:54:02.492960Z","provider":"Microsoft-Windows-Security-SPP","channel":"Application","computer":"Niaina","task_id":0,"keywords":36028797018963968,"user_id":null,"data":{"Data":{"#text":""},"Binary":null},"raw_xml":null,"source_file":null,"sigma_matches":[]},
{"record_id":2980,"event_id":16384,"level":"Information","timestamp":"2026-02-24T19:54:32.833126Z","provider":"Microsoft-Windows-Security-SPP","channel":"Application","computer":"Niaina","task_id":0,"keywords":36028797018963968,"user_id":null,"data":{"Data":{"#text":["2026-05-20T15:58:32Z","RulesEngine"]},"Binary":null},"raw_xml":null,"source_file":null,"sigma_matches":[]},
{"record_id":2981,"event_id":16394,"level":"Information","timestamp":"2026-02-24T20:00:28.449261Z","provider":"Microsoft-Windows-Security-SPP","channel":"Application","computer":"Niaina","task_id":0,"keywords":36028797018963968,"user_id":null,"data":{"Data":{"#text":""},"Binary":null},"raw_xml":null,"source_file":null,"sigma_matches":[]},
{"record_id":2982,"event_id":16384,"level":"Information","timestamp":"2026-02-24T20:00:59.746899Z","provider":"Microsoft-Windows-Security-SPP","channel":"Application","computer":"Niaina","task_id":0,"keywords":36028797018963968,"user_id":null,"data":{"Data":{"#text":["2026-05-20T15:57:59Z","RulesEngine"]},"Binary":null},"raw_xml":null,"source_file":null,"sigma_matches":[]},
{"record_id":2983,"event_id":16394,"level":"Information","timestamp":"2026-02-24T20:05:49.261464Z","provider":"Microsoft-Windows-Security-SPP","channel":"Application","computer":"Niaina","task_id":0,"keywords":36028797018963968,"user_id":null,"data":{"Data":{"#text":""},"Binary":null},"raw_xml":null,"source_file":null,"sigma_matches":[]},
{"record_id":2984,"event_id":16384,"level":"Information","timestamp":"2026-02-24T20:06:19.721640Z","provider":"Microsoft-Windows-Security-SPP","channel":"Application","computer":"Niaina","task_id":0,"keywords":36028797018963968,"user_id":null,"data":{"Data":{"#text":["2026-05-20T15:58:19Z","RulesEngine"]},"Binary":null},"raw_xml":null,"source_file":null,"sigma_matches":[]},
{"record_id":2985,"event_id":16394,"level":"Information","timestamp":"2026-02-24T20:18:43.666605Z","provider":"Microsoft-Windows-Security-SPP","channel":"Application","computer":"Niaina","task_id":0,"keywords":36028797018963968,"user_id":null,"data":{"Data":{"#text":""},"Binary":null},"raw_xml":null,"source_file":null,"sigma_matches":[]},
{"record_id":2986,"event_id":16384,"level":"Information","timestamp":"2026-02-24T20:19:14.063325Z","provider":"Microsoft-Windows-Security-SPP","channel":"Application","computer":"Niaina","task_id":0,"keywords":36028797018963968,"user_id":null,"data":{"Data":{"#text":["2026-05-20T15:58:13Z","RulesEngine"]},"Binary":null},"raw_xml":null,"source_file":null,"sigma_matches":[]},
{"record_id":2987,"event_id":16394,"level":"Information","timestamp":"2026-02-24T20:41:57.712554Z","provider":"Microsoft-Windows-Security-SPP","channel":"Application","computer":"Niaina","task_id":0,"keywords":36028797018963968,"user_id":null,"data":{"Data":{"#text":""},"Binary":null},"raw_xml":null,"source_file":null,"sigma_matches":[]},
{"record_id":2988,"event_id":16384,"level":"Information","timestamp":"2026-02-24T20:42:30.331018Z","provider":"Microsoft-Windows-Security-SPP","channel":"Application","computer":"Niaina","task_id":0,"keywords":36028797018963968,"user_id":null,"data":{"Data":{"#text":["2026-05-20T15:58:28Z","RulesEngine"]},"Binary":null},"raw_xml":null,"source_file":null,"sigma_matches":[]},
{"record_id":2989,"event_id":16394,"level":"Information","timestamp":"2026-02-24T20:46:41.747459Z","provider":"Microsoft-Windows-Security-SPP","channel":"Application","computer":"Niaina","task_id":0,"keywords":36028797018963968,"user_id":null,"data":{"Data":{"#text":""},"Binary":null},"raw_xml":null,"source_file":null,"sigma_matches":[]},
{"record_id":2990,"event_id":16384,"level":"Information","timestamp":"2026-02-24T20:47:12.186531Z","provider":"Microsoft-Windows-Security-SPP","channel":"Application","computer":"Niaina","task_id":0,"keywords":36028797018963968,"user_id":null,"data":{"Data":{"#text":["2026-05-20T15:58:12Z","RulesEngine"]},"Binary":null},"raw_xml":null,"source_file":null,"sigma_matches":[]},
{"record_id":2991,"event_id":16394,"level":"Information","timestamp":"2026-02-24T21:19:49.566331Z","provider":"Microsoft-Windows-Security-SPP","channel":"Application","computer":"Niaina","task_id":0,"keywords":36028797018963968,"user_id":null,"data":{"Data":{"#text":""},"Binary":null},"raw_xml":null,"source_file":null,"sigma_matches":[]},
{"record_id":2992,"event_id":16384,"level":"Information","timestamp":"2026-02-24T21:20:22.821441Z","provider":"Microsoft-Windows-Security-SPP","channel":"Application","computer":"Niaina","task_id":0,"keywords":36028797018963968,"user_id":null,"data":{"Data":{"#text":["2026-05-20T15:58:22Z","RulesEngine"]},"Binary":null},"raw_xml":null,"source_file":null,"sigma_matches":[]},
{"record_id":2993,"event_id":16394,"level":"Information","timestamp":"2026-02-24T21:47:49.867028Z","provider":"Microsoft-Windows-Security-SPP","channel":"Application","computer":"Niaina","task_id":0,"keywords":36028797018963968,"user_id":null,"data":{"Data":{"#text":""},"Binary":null},"raw_xml":null,"source_file":null,"sigma_matches":[]},
{"record_id":2994,"event_id":16384,"level":"Information","timestamp":"2026-02-24T21:48:20.217921Z","provider":"Microsoft-Windows-Security-SPP","channel":"Application","computer":"Niaina","task_id":0,"keywords":36028797018963968,"user_id":null,"data":{"Data":{"#text":["2026-05-20T15:58:20Z","RulesEngine"]},"Binary":null},"raw_xml":null,"source_file":null,"sigma_matches":[]},
{"record_id":2995,"event_id":16394,"level":"Information","timestamp":"2026-02-24T21:59:43.636623Z","provider":"Microsoft-Windows-Security-SPP","channel":"Application","computer":"Niaina","task_id":0,"keywords":36028797018963968,"user_id":null,"data":{"Data":{"#text":""},"Binary":null},"raw_xml":null,"source_file":null,"sigma_matches":[]},
{"record_id":2996,"event_id":16384,"level":"Information","timestamp":"2026-02-24T22:00:16.350379Z","provider":"Microsoft-Windows-Security-SPP","channel":"Application","computer":"Niaina","task_id":0,"keywords":36028797018963968,"user_id":null,"data":{"Data":{"#text":["2026-05-20T15:58:16Z","RulesEngine"]},"Binary":null},"raw_xml":null,"source_file":null,"sigma_matches":[]},
{"record_id":2997,"event_id":16394,"level":"Information","timestamp":"2026-02-24T22:10:59.012864Z","provider":"Microsoft-Windows-Security-SPP","channel":"Application","computer":"Niaina","task_id":0,"keywords":36028797018963968,"user_id":null,"data":{"Data":{"#text":""},"Binary":null},"raw_xml":null,"source_file":null,"sigma_matches":[]},
{"record_id":2998,"event_id":16384,"level":"Information","timestamp":"2026-02-24T22:11:29.399901Z","provider":"Microsoft-Windows-Security-SPP","channel":"Application","computer":"Niaina","task_id":0,"keywords":36028797018963968,"user_id":null,"data":{"Data":{"#text":["2026-05-20T15:58:29Z","RulesEngine"]},"Binary":null},"raw_xml":null,"source_file":null,"sigma_matches":[]},
{"record_id":2999,"event_id":16394,"level":"Information","timestamp":"2026-02-24T22:20:27.856218Z","provider":"Microsoft-Windows-Security-SPP","channel":"Application","computer":"Niaina","task_id":0,"keywords":36028797018963968,"user_id":null,"data":{"Data":{"#text":""},"Binary":null},"raw_xml":null,"source_file":null,"sigma_matches":[]},
{"record_id":3000,"event_id":16384,"level":"Information","timestamp":"2026-02-24T22:21:02.272807Z","provider":"Microsoft-Windows-Security-SPP","channel":"Application","computer":"Niaina","task_id":0,"keywords":36028797018963968,"user_id":null,"data":{"Data":{"#text":["2026-05-20T15:58:02Z","RulesEngine"]},"Binary":null},"raw_xml":null,"source_file":null,"sigma_matches":[]},
{"record_id":3001,"event_id":16394,"level":"Information","timestamp":"2026-02-24T22:49:26.212324Z","provider":"Microsoft-Windows-Security-SPP","channel":"Application","computer":"Niaina","task_id":0,"keywords":36028797018963968,"user_id":null,"data":{"Data":{"#text":""},"Binary":null},"raw_xml":null,"source_file":null,"sigma_matches":[]},
{"record_id":3002,"event_id":16384,"level":"Information","timestamp":"2026-02-24T22:49:56.952531Z","provider":"Microsoft-Windows-Security-SPP","channel":"Application","computer":"Niaina","task_id":0,"keywords":36028797018963968,"user_id":null,"data":{"Data":{"#text":["2026-05-20T15:57:56Z","RulesEngine"]},"Binary":null},"raw_xml":null,"source_file":null,"sigma_matches":[]},
{"record_id":3003,"event_id":16394,"level":"Information","timestamp":"2026-02-24T23:29:31.064372Z","provider":"Microsoft-Windows-Security-SPP","channel":"Application","computer":"Niaina","task_id":0,"keywords":36028797018963968,"user_id":null,"data":{"Data":{"#text":""},"Binary":null},"raw_xml":null,"source_file":null,"sigma_matches":[]},
{"record_id":3004,"event_id":16384,"level":"Information","timestamp":"2026-02-24T23:30:04.425976Z","provider":"Microsoft-Windows-Security-SPP","channel":"Application","computer":"Niaina","task_id":0,"keywords":36028797018963968,"user_id":null,"data":{"Data":{"#text":["2026-05-20T15:58:04Z","RulesEngine"]},"Binary":null},"raw_xml":null,"source_file":null,"sigma_matches":[]},
{"record_id":3005,"event_id":16394,"level":"Information","timestamp":"2026-02-25T00:17:51.204344Z","provider":"Microsoft-Windows-Security-SPP","channel":"Application","computer":"Niaina","task_id":0,"keywords":36028797018963968,"user_id":null,"data":{"Data":{"#text":""},"Binary":null},"raw_xml":null,"source_file":null,"sigma_matches":[]},
{"record_id":3006,"event_id":16384,"level":"Information","timestamp":"2026-02-25T00:18:24.541079Z","provider":"Microsoft-Windows-Security-SPP","channel":"Application","computer":"Niaina","task_id":0,"keywords":36028797018963968,"user_id":null,"data":{"Data":{"#text":["2026-05-20T15:58:24Z","RulesEngine"]},"Binary":null},"raw_xml":null,"source_file":null,"sigma_matches":[]},
{"record_id":3007,"event_id":16394,"level":"Information","timestamp":"2026-02-25T00:18:58.131510Z","provider":"Microsoft-Windows-Security-SPP","channel":"Application","computer":"Niaina","task_id":0,"keywords":36028797018963968,"user_id":null,"data":{"Data":{"#text":""},"Binary":null},"raw_xml":null,"source_file":null,"sigma_matches":[]},
{"record_id":3008,"event_id":16384,"level":"Information","timestamp":"2026-02-25T00:19:28.394605Z","provider":"Microsoft-Windows-Security-SPP","channel":"Application","computer":"Niaina","task_id":0,"keywords":36028797018963968,"user_id":null,"data":{"Data":{"#text":["2026-05-20T15:58:28Z","RulesEngine"]},"Binary":null},"raw_xml":null,"source_file":null,"sigma_matches":[]},
{"record_id":3009,"event_id":16394,"level":"Information","timestamp":"2026-02-25T00:57:09.298943Z","provider":"Microsoft-Windows-Security-SPP","channel":"Application","computer":"Niaina","task_id":0,"keywords":36028797018963968,"user_id":null,"data":{"Data":{"#text":""},"Binary":null},"raw_xml":null,"source_file":null,"sigma_matches":[]},
{"record_id":3010,"event_id":16384,"level":"Information","timestamp":"2026-02-25T00:57:39.679610Z","provider":"Microsoft-Windows-Security-SPP","channel":"Application","computer":"Niaina","task_id":0,"keywords":36028797018963968,"user_id":null,"data":{"Data":{"#text":["2026-05-20T15:58:39Z","RulesEngine"]},"Binary":null},"raw_xml":null,"source_file":null,"sigma_matches":[]},
{"record_id":3011,"event_id":16394,"level":"Information","timestamp":"2026-02-25T00:57:45.606539Z","provider":"Microsoft-Windows-Security-SPP","channel":"Application","computer":"Niaina","task_id":0,"keywords":36028797018963968,"user_id":null,"data":{"Data":{"#text":""},"Binary":null},"raw_xml":null,"source_file":null,"sigma_matches":[]},
{"record_id":3012,"event_id":16384,"level":"Information","timestamp":"2026-02-25T00:58:16.187350Z","provider":"Microsoft-Windows-Security-SPP","channel":"Application","computer":"Niaina","task_id":0,"keywords":36028797018963968,"user_id":null,"data":{"Data":{"#text":["2026-05-20T15:58:16Z","RulesEngine"]},"Binary":null},"raw_xml":null,"source_file":null,"sigma_matches":[]},
{"record_id":3013,"event_id":16394,"level":"Information","timestamp":"2026-02-25T01:03:24.116776Z","provider":"Microsoft-Windows-Security-SPP","channel":"Application","computer":"Niaina","task_id":0,"keywords":36028797018963968,"user_id":null,"data":{"Data":{"#text":""},"Binary":null},"raw_xml":null,"source_file":null,"sigma_matches":[]},
{"record_id":3014,"event_id":16384,"level":"Information","timestamp":"2026-02-25T01:03:54.574948Z","provider":"Microsoft-Windows-Security-SPP","channel":"Application","computer":"Niaina","task_id":0,"keywords":36028797018963968,"user_id":null,"data":{"Data":{"#text":["2026-05-20T15:57:54Z","RulesEngine"]},"Binary":null},"raw_xml":null,"source_file":null,"sigma_matches":[]},
{"record_id":3015,"event_id":16394,"level":"Information","timestamp":"2026-02-25T01:20:16.676446Z","provider":"Microsoft-Windows-Security-SPP","channel":"Application","computer":"Niaina","task_id":0,"keywords":36028797018963968,"user_id":null,"data":{"Data":{"#text":""},"Binary":null},"raw_xml":null,"source_file":null,"sigma_matches":[]},
{"record_id":3016,"event_id":16384,"level":"Information","timestamp":"2026-02-25T01:20:47.086433Z","provider":"Microsoft-Windows-Security-SPP","channel":"Application","computer":"Niaina","task_id":0,"keywords":36028797018963968,"user_id":null,"data":{"Data":{"#text":["2026-05-20T15:57:47Z","RulesEngine"]},"Binary":null},"raw_xml":null,"source_file":null,"sigma_matches":[]},
{"record_id":3017,"event_id":16394,"level":"Information","timestamp":"2026-02-25T01:29:30.619187Z","provider":"Microsoft-Windows-Security-SPP","channel":"Application","computer":"Niaina","task_id":0,"keywords":36028797018963968,"user_id":null,"data":{"Data":{"#text":""},"Binary":null},"raw_xml":null,"source_file":null,"sigma_matches":[]},
{"record_id":3018,"event_id":16384,"level":"Information","timestamp":"2026-02-25T01:30:00.921326Z","provider":"Microsoft-Windows-Security-SPP","channel":"Application","computer":"Niaina","task_id":0,"keywords":36028797018963968,"user_id":null,"data":{"Data":{"#text":["2026-05-20T15:58:00Z","RulesEngine"]},"Binary":null},"raw_xml":null,"source_file":null,"sigma_matches":[]},
{"record_id":3019,"event_id":16394,"level":"Information","timestamp":"2026-02-25T02:03:54.961190Z","provider":"Microsoft-Windows-Security-SPP","channel":"Application","computer":"Niaina","task_id":0,"keywords":36028797018963968,"user_id":null,"data":{"Data":{"#text":""},"Binary":null},"raw_xml":null,"source_file":null,"sigma_matches":[]},
{"record_id":3020,"event_id":16384,"level":"Information","timestamp":"2026-02-25T02:04:25.301347Z","provider":"Microsoft-Windows-Security-SPP","channel":"Application","computer":"Niaina","task_id":0,"keywords":36028797018963968,"user_id":null,"data":{"Data":{"#text":["2026-05-20T15:58:25Z","RulesEngine"]},"Binary":null},"raw_xml":null,"source_file":null,"sigma_matches":[]},
{"record_id":3021,"event_id":16394,"level":"Information","timestamp":"2026-02-25T02:34:43.155306Z","provider":"Microsoft-Windows-Security-SPP","channel":"Application","computer":"Niaina","task_id":0,"keywords":36028797018963968,"user_id":null,"data":{"Data":{"#text":""},"Binary":null},"raw_xml":null,"source_file":null,"sigma_matches":[]},
{"record_id":3022,"event_id":16384,"level":"Information","timestamp":"2026-02-25T02:35:13.489755Z","provider":"Microsoft-Windows-Security-SPP","channel":"Application","computer":"Niaina","task_id":0,"keywords":36028797018963968,"user_id":null,"data":{"Data":{"#text":["2026-05-20T15:58:13Z","RulesEngine"]},"Binary":null},"raw_xml":null,"source_file":null,"sigma_matches":[]},
{"record_id":3023,"event_id":16394,"level":"Information","timestamp":"2026-02-25T02:46:05.093616Z","provider":"Microsoft-Windows-Security-SPP","channel":"Application","computer":"Niaina","task_id":0,"keywords":36028797018963968,"user_id":null,"data":{"Data":{"#text":""},"Binary":null},"raw_xml":null,"source_file":null,"sigma_matches":[]},
{"record_id":3024,"event_id":16384,"level":"Information","timestamp":"2026-02-25T02:46:35.413800Z","provider":"Microsoft-Windows-Security-SPP","channel":"Application","computer":"Niaina","task_id":0,"keywords":36028797018963968,"user_id":null,"data":{"Data":{"#text":["2026-05-20T15:58:35Z","RulesEngine"]},"Binary":null},"raw_xml":null,"source_file":null,"sigma_matches":[]},
{"record_id":3025,"event_id":0,"level":"Information","timestamp":"2026-02-25T02:52:08.918882Z","provider":"edgeupdate","channel":"Application","computer":"Niaina","task_id":0,"keywords":36028797018963968,"user_id":null,"data":{"Data":{"#text":"Service stopped"},"Binary":null},"raw_xml":null,"source_file":null,"sigma_matches":[]},
{"record_id":3026,"event_id":16394,"level":"Information","timestamp":"2026-02-25T03:20:22.639828Z","provider":"Microsoft-Windows-Security-SPP","channel":"Application","computer":"Niaina","task_id":0,"keywords":36028797018963968,"user_id":null,"data":{"Data":{"#text":""},"Binary":null},"raw_xml":null,"source_file":null,"sigma_matches":[]},
{"record_id":3027,"event_id":16384,"level":"Information","timestamp":"2026-02-25T03:20:52.980665Z","provider":"Microsoft-Windows-Security-SPP","channel":"Application","computer":"Niaina","task_id":0,"keywords":36028797018963968,"user_id":null,"data":{"Data":{"#text":["2026-05-20T15:57:52Z","RulesEngine"]},"Binary":null},"raw_xml":null,"source_file":null,"sigma_matches":[]},
{"record_id":3028,"event_id":16394,"level":"Information","timestamp":"2026-02-25T03:29:30.654961Z","provider":"Microsoft-Windows-Security-SPP","channel":"Application","computer":"Niaina","task_id":0,"keywords":36028797018963968,"user_id":null,"data":{"Data":{"#text":""},"Binary":null},"raw_xml":null,"source_file":null,"sigma_matches":[]},
{"record_id":3029,"event_id":16384,"level":"Information","timestamp":"2026-02-25T03:30:00.974742Z","provider":"Microsoft-Windows-Security-SPP","channel":"Application","computer":"Niaina","task_id":0,"keywords":36028797018963968,"user_id":null,"data":{"Data":{"#text":["2026-05-20T15:58:00Z","RulesEngine"]},"Binary":null},"raw_xml":null,"source_file":null,"sigma_matches":[]},
{"record_id":3030,"event_id":16394,"level":"Information","timestamp":"2026-02-25T03:40:46.337609Z","provider":"Microsoft-Windows-Security-SPP","channel":"Application","computer":"Niaina","task_id":0,"keywords":36028797018963968,"user_id":null,"data":{"Data":{"#text":""},"Binary":null},"raw_xml":null,"source_file":null,"sigma_matches":[]},
{"record_id":3031,"event_id":16384,"level":"Information","timestamp":"2026-02-25T03:41:16.677399Z","provider":"Microsoft-Windows-Security-SPP","channel":"Application","computer":"Niaina","task_id":0,"keywords":36028797018963968,"user_id":null,"data":{"Data":{"#text":["2026-05-20T15:58:16Z","RulesEngine"]},"Binary":null},"raw_xml":null,"source_file":null,"sigma_matches":[]},
{"record_id":3032,"event_id":508,"level":"Warning","timestamp":"2026-02-25T03:57:53.547684Z","provider":"ESENT","channel":"Application","computer":"Niaina","task_id":7,"keywords":36028797018963968,"user_id":null,"data":{"Data":{"#text":["taskhostw","5200,D,0,0","WebCacheLocal: ","C:\\Users\\Niaina\\AppData\\Local\\Microsoft\\Windows\\WebCache\\V01.log","192512 (0x000000000002f000)","4096 (0x00001000)","32"]},"Binary":null},"raw_xml":null,"source_file":null,"sigma_matches":[]},
{"record_id":3033,"event_id":508,"level":"Warning","timestamp":"2026-02-25T03:57:53.584161Z","provider":"ESENT","channel":"Application","computer":"Niaina","task_id":7,"keywords":36028797018963968,"user_id":null,"data":{"Data":{"#text":["taskhostw","5200,D,0,0","WebCacheLocal: ","C:\\Users\\Niaina\\AppData\\Local\\Microsoft\\Windows\\WebCache\\WebCacheV01.jfm","0 (0x0000000000000000)","8192 (0x00002000)","28"]},"Binary":null},"raw_xml":null,"source_file":null,"sigma_matches":[]},
{"record_id":3034,"event_id":533,"level":"Warning","timestamp":"2026-02-25T03:57:53.585261Z","provider":"ESENT","channel":"Application","computer":"Niaina","task_id":1,"keywords":36028797018963968,"user_id":null,"data":{"Data":{"#text":["taskhostw","5200,D,0,0","WebCacheLocal: ","C:\\Users\\Niaina\\AppData\\Local\\Microsoft\\Windows\\WebCache\\V01.log","192512 (0x000000000002f000)","4096 (0x00001000)","36"]},"Binary":null},"raw_xml":null,"source_file":null,"sigma_matches":[]},
{"record_id":3035,"event_id":16394,"level":"Information","timestamp":"2026-02-25T04:11:44.575359Z","provider":"Microsoft-Windows-Security-SPP","channel":"Application","computer":"Niaina","task_id":0,"keywords":36028797018963968,"user_id":null,"data":{"Data":{"#text":""},"Binary":null},"raw_xml":null,"source_file":null,"sigma_matches":[]},
{"record_id":3036,"event_id":16384,"level":"Information","timestamp":"2026-02-25T04:12:15.024861Z","provider":"Microsoft-Windows-Security-SPP","channel":"Application","computer":"Niaina","task_id":0,"keywords":36028797018963968,"user_id":null,"data":{"Data":{"#text":["2026-05-20T15:58:14Z","RulesEngine"]},"Binary":null},"raw_xml":null,"source_file":null,"sigma_matches":[]},
{"record_id":3037,"event_id":16394,"level":"Information","timestamp":"2026-02-25T04:32:32.773495Z","provider":"Microsoft-Windows-Security-SPP","channel":"Application","computer":"Niaina","task_id":0,"keywords":36028797018963968,"user_id":null,"data":{"Data":{"#text":""},"Binary":null},"raw_xml":null,"source_file":null,"sigma_matches":[]},
{"record_id":3038,"event_id":16384,"level":"Information","timestamp":"2026-02-25T05:13:03.399873Z","provider":"Microsoft-Windows-Security-SPP","channel":"Application","computer":"Niaina","task_id":0,"keywords":36028797018963968,"user_id":null,"data":{"Data":{"#text":["2026-05-20T15:58:03Z","RulesEngine"]},"Binary":null},"raw_xml":null,"source_file":null,"sigma_matches":[]},
{"record_id":3039,"event_id":16394,"level":"Information","timestamp":"2026-02-25T05:21:18.516940Z","provider":"Microsoft-Windows-Security-SPP","channel":"Application","computer":"Niaina","task_id":0,"keywords":36028797018963968,"user_id":null,"data":{"Data":{"#text":""},"Binary":null},"raw_xml":null,"source_file":null,"sigma_matches":[]},
{"record_id":3040,"event_id":16384,"level":"Information","timestamp":"2026-02-25T05:21:48.901710Z","provider":"Microsoft-Windows-Security-SPP","channel":"Application","computer":"Niaina","task_id":0,"keywords":36028797018963968,"user_id":null,"data":{"Data":{"#text":["2026-05-20T15:57:48Z","RulesEngine"]},"Binary":null},"raw_xml":null,"source_file":null,"sigma_matches":[]},
{"record_id":3041,"event_id":16394,"level":"Information","timestamp":"2026-02-25T05:24:55.771421Z","provider":"Microsoft-Windows-Security-SPP","channel":"Application","computer":"Niaina","task_id":0,"keywords":36028797018963968,"user_id":null,"data":{"Data":{"#text":""},"Binary":null},"raw_xml":null,"source_file":null,"sigma_matches":[]},
{"record_id":3042,"event_id":16384,"level":"Information","timestamp":"2026-02-25T05:25:27.299411Z","provider":"Microsoft-Windows-Security-SPP","channel":"Application","computer":"Niaina","task_id":0,"keywords":36028797018963968,"user_id":null,"data":{"Data":{"#text":["2026-05-20T15:58:26Z","RulesEngine"]},"Binary":null},"raw_xml":null,"source_file":null,"sigma_matches":[]},
{"record_id":3043,"event_id":1001,"level":"Information","timestamp":"2026-02-25T05:30:08.695530Z","provider":"Windows Error Reporting","channel":"Application","computer":"Niaina","task_id":0,"keywords":9223372036854775808,"user_id":"S-1-5-21-3595381792-2646053551-3183893924-1001","data":{"Bucket":"2102264015331197333","BucketType":"5","EventName":"MoAppHang","Response":"Non disponible","CabId":"0","P1":"RealtekSemiconductorCorp.RealtekAudioControl_1.1.137.0_x64__dt26b99r8h8gj","P2":"praid:App","P3":"0.0.0.0","P4":"5db2c8c2","P5":"ad1b","P6":"2097152","P7":"","P8":"","P9":"","P10":"","AttachedFiles":"\r\n\\\\?\\C:\\ProgramData\\Microsoft\\Windows\\WER\\Temp\\WER.46639366-7943-457a-8d93-58b62f2b14a7.tmp.WERInternalMetadata.xml\r\nWPR_initiated_DiagTrackMiniLogger_OneTrace_User_Logger_20260222_1_EC_0_inject.etl\r\n\\\\?\\C:\\ProgramData\\Microsoft\\Windows\\WER\\Temp\\WER.91a897ac-0f78-4fa4-9810-5a54186ca0b2.tmp.etl\r\nWPR_initiated_DiagTrackMiniLogger_WPR System Collector_inject.etl\r\n\\\\?\\C:\\ProgramData\\Microsoft\\Windows\\WER\\Temp\\WER.c404b19c-c530-4dd2-b663-4011346bde1f.tmp.etl\r\n\\\\?\\C:\\ProgramData\\Microsoft\\Windows\\WER\\Temp\\WER.31358008-af2a-478b-8fa0-5537f258ba1d.tmp.csv\r\n\\\\?\\C:\\ProgramData\\Microsoft\\Windows\\WER\\Temp\\WER.3002a069-48ff-4791-8c98-5eacee057b2d.tmp.txt\r\n\\\\?\\C:\\ProgramData\\Microsoft\\Windows\\WER\\Temp\\WER.5a1f4f16-69b4-4c3d-be16-acd5c79ac9f6.tmp.xml","StorePath":"\\\\?\\C:\\ProgramData\\Microsoft\\Windows\\WER\\ReportArchive\\AppHang_RealtekSemicondu_c2ede7adb1b62765d9722dcb543b2a164b69f9_497c738c_eb97a299-9557-45af-b504-41dff708c29e","AnalysisSymbol":"","Rechecking":0,"ReportId":"c8844cb5-b05b-4c1a-894f-83db14ca1e93","ReportStatus":268435456,"HashedBucket":"5ba464cd6a99bf0fad2cbdfbd1e70195","CabGuid":"0"},"raw_xml":null,"source_file":null,"sigma_matches":[]},
{"record_id":3044,"event_id":1002,"level":"Error","timestamp":"2026-02-25T05:30:09.057064Z","provider":"Application Hang","channel":"Application","computer":"Niaina","task_id":101,"keywords":9223372036854775808,"user_id":"S-1-5-18","data":{"AppName":"RtkUWP.exe","AppVersion":"0.0.0.0","ProcessId":"0x4380","StartTime":"0x1dca5cb6409ce77","TerminationTime":4294967295,"ExeFileName":"C:\\Program Files\\WindowsApps\\RealtekSemiconductorCorp.RealtekAudioControl_1.1.137.0_x64__dt26b99r8h8gj\\RtkUWP.exe","ReportId":"c8844cb5-b05b-4c1a-894f-83db14ca1e93","PackageFullName":"RealtekSemiconductorCorp.RealtekAudioControl_1.1.137.0_x64__dt26b99r8h8gj","PackageRelativeAppId":"App","HangType":"Quiesce"},"raw_xml":null,"source_file":null,"sigma_matches":[]},
{"record_id":3045,"event_id":16394,"level":"Information","timestamp":"2026-02-25T06:07:57.626073Z","provider":"Microsoft-Windows-Security-SPP","channel":"Application","computer":"Niaina","task_id":0,"keywords":36028797018963968,"user_id":null,"data":{"Data":{"#text":""},"Binary":null},"raw_xml":null,"source_file":null,"sigma_matches":[]},
{"record_id":3046,"event_id":16384,"level":"Information","timestamp":"2026-02-25T06:09:00.804645Z","provider":"Microsoft-Windows-Security-SPP","channel":"Application","computer":"Niaina","task_id":0,"keywords":36028797018963968,"user_id":null,"data":{"Data":{"#text":["2026-05-20T15:57:55Z","RulesEngine"]},"Binary":null},"raw_xml":null,"source_file":null,"sigma_matches":[]},
{"record_id":3047,"event_id":16394,"level":"Information","timestamp":"2026-02-25T06:19:40.834158Z","provider":"Microsoft-Windows-Security-SPP","channel":"Application","computer":"Niaina","task_id":0,"keywords":36028797018963968,"user_id":null,"data":{"Data":{"#text":""},"Binary":null},"raw_xml":null,"source_file":null,"sigma_matches":[]},
{"record_id":3048,"event_id":16384,"level":"Information","timestamp":"2026-02-25T06:20:22.054695Z","provider":"Microsoft-Windows-Security-SPP","channel":"Application","computer":"Niaina","task_id":0,"keywords":36028797018963968,"user_id":null,"data":{"Data":{"#text":["2026-05-20T15:58:21Z","RulesEngine"]},"Binary":null},"raw_xml":null,"source_file":null,"sigma_matches":[]},
{"record_id":3049,"event_id":16394,"level":"Information","timestamp":"2026-02-25T06:22:04.722369Z","provider":"Microsoft-Windows-Security-SPP","channel":"Application","computer":"Niaina","task_id":0,"keywords":36028797018963968,"user_id":null,"data":{"Data":{"#text":""},"Binary":null},"raw_xml":null,"source_file":null,"sigma_matches":[]},
{"record_id":3050,"event_id":16384,"level":"Information","timestamp":"2026-02-25T06:22:35.169185Z","provider":"Microsoft-Windows-Security-SPP","channel":"Application","computer":"Niaina","task_id":0,"keywords":36028797018963968,"user_id":null,"data":{"Data":{"#text":["2026-05-20T15:58:35Z","RulesEngine"]},"Binary":null},"raw_xml":null,"source_file":null,"sigma_matches":[]},
{"record_id":3051,"event_id":16394,"level":"Information","timestamp":"2026-02-25T06:23:05.401608Z","provider":"Microsoft-Windows-Security-SPP","channel":"Application","computer":"Niaina","task_id":0,"keywords":36028797018963968,"user_id":null,"data":{"Data":{"#text":""},"Binary":null},"raw_xml":null,"source_file":null,"sigma_matches":[]},
{"record_id":3052,"event_id":16384,"level":"Information","timestamp":"2026-02-25T06:23:53.885095Z","provider":"Microsoft-Windows-Security-SPP","channel":"Application","computer":"Niaina","task_id":0,"keywords":36028797018963968,"user_id":null,"data":{"Data":{"#text":["2026-05-20T15:57:53Z","RulesEngine"]},"Binary":null},"raw_xml":null,"source_file":null,"sigma_matches":[]},
{"record_id":3053,"event_id":16394,"level":"Information","timestamp":"2026-02-25T07:34:51.406620Z","provider":"Microsoft-Windows-Security-SPP","channel":"Application","computer":"Niaina","task_id":0,"keywords":36028797018963968,"user_id":null,"data":{"Data":{"#text":""},"Binary":null},"raw_xml":null,"source_file":null,"sigma_matches":[]},
{"record_id":3054,"event_id":16384,"level":"Information","timestamp":"2026-02-25T07:35:24.970836Z","provider":"Microsoft-Windows-Security-SPP","channel":"Application","computer":"Niaina","task_id":0,"keywords":36028797018963968,"user_id":null,"data":{"Data":{"#text":["2026-05-20T15:58:21Z","RulesEngine"]},"Binary":null},"raw_xml":null,"source_file":null,"sigma_matches":[]},
{"record_id":3055,"event_id":16394,"level":"Information","timestamp":"2026-02-25T07:41:22.699787Z","provider":"Microsoft-Windows-Security-SPP","channel":"Application","computer":"Niaina","task_id":0,"keywords":36028797018963968,"user_id":null,"data":{"Data":{"#text":""},"Binary":null},"raw_xml":null,"source_file":null,"sigma_matches":[]},
{"record_id":3056,"event_id":16384,"level":"Information","timestamp":"2026-02-25T07:42:09.083226Z","provider":"Microsoft-Windows-Security-SPP","channel":"Application","computer":"Niaina","task_id":0,"keywords":36028797018963968,"user_id":null,"data":{"Data":{"#text":["2026-05-20T15:58:09Z","RulesEngine"]},"Binary":null},"raw_xml":null,"source_file":null,"sigma_matches":[]},
{"record_id":3057,"event_id":16394,"level":"Information","timestamp":"2026-02-25T08:19:11.393245Z","provider":"Microsoft-Windows-Security-SPP","channel":"Application","computer":"Niaina","task_id":0,"keywords":36028797018963968,"user_id":null,"data":{"Data":{"#text":""},"Binary":null},"raw_xml":null,"source_file":null,"sigma_matches":[]},
{"record_id":3058,"event_id":16384,"level":"Information","timestamp":"2026-02-25T08:20:02.509066Z","provider":"Microsoft-Windows-Security-SPP","channel":"Application","computer":"Niaina","task_id":0,"keywords":36028797018963968,"user_id":null,"data":{"Data":{"#text":["2026-05-20T15:58:02Z","RulesEngine"]},"Binary":null},"raw_xml":null,"source_file":null,"sigma_matches":[]},
{"record_id":3059,"event_id":10024,"level":"Warning","timestamp":"2026-02-25T08:53:28.369774Z","provider":"Microsoft-Windows-Search","channel":"Application","computer":"Niaina","task_id":3,"keywords":36028797018963968,"user_id":null,"data":{"ExtraInfo":"\n","FilterHostProcessID":"15144"},"raw_xml":null,"source_file":null,"sigma_matches":[]},
{"record_id":3060,"event_id":1001,"level":"Information","timestamp":"2026-02-25T08:58:26.882996Z","provider":"Windows Error Reporting","channel":"Application","computer":"Niaina","task_id":0,"keywords":9223372036854775808,"user_id":"S-1-5-21-3595381792-2646053551-3183893924-1001","data":{"Bucket":"1725956316269068879","BucketType":"5","EventName":"MoAppHang","Response":"Non disponible","CabId":"0","P1":"5319275A.WhatsAppDesktop_2.2605.103.0_x64__cv1g1gvanyjgm","P2":"praid:App","P3":"1.0.0.0","P4":"67d40000","P5":"3c22","P6":"134217728","P7":"","P8":"","P9":"","P10":"","AttachedFiles":"\r\n\\\\?\\C:\\ProgramData\\Microsoft\\Windows\\WER\\Temp\\WER.3b76b79c-e171-4c2a-8fba-80f68df629c4.tmp.WERInternalMetadata.xml\r\nWPR_initiated_DiagTrackMiniLogger_OneTrace_User_Logger_20260222_1_EC_0_inject.etl\r\n\\\\?\\C:\\ProgramData\\Microsoft\\Windows\\WER\\Temp\\WER.e6727c79-1d28-48f9-9351-73641270ff9f.tmp.etl\r\nWPR_initiated_DiagTrackMiniLogger_WPR System Collector_inject.etl\r\n\\\\?\\C:\\ProgramData\\Microsoft\\Windows\\WER\\Temp\\WER.85d71866-6fb4-4c2a-995f-5b300b1843d9.tmp.etl\r\n\\\\?\\C:\\ProgramData\\Microsoft\\Windows\\WER\\Temp\\WER.ea3479ac-a10c-4541-a598-d9581fc34f33.tmp.csv\r\n\\\\?\\C:\\ProgramData\\Microsoft\\Windows\\WER\\Temp\\WER.c004c9e1-e5df-454c-8bdc-54a15a60742b.tmp.txt\r\n\\\\?\\C:\\Users\\Niaina\\AppData\\Local\\Temp\\WER.47752c39-f10a-4bab-ba9b-3dbcb6172a2e.tmp.appcompat.txt\r\n\\\\?\\C:\\ProgramData\\Microsoft\\Windows\\WER\\Temp\\WER.766d1c33-e980-4912-b27a-e12339c2ffb7.tmp.xml","StorePath":"\\\\?\\C:\\ProgramData\\Microsoft\\Windows\\WER\\ReportArchive\\AppHang_5319275A.WhatsAp_a4e658ba6929fbf389bb4b69c542e2c46f5a4ace_52c219e6_d302b70f-cfed-4555-98b0-a53339c26816","AnalysisSymbol":"","Rechecking":0,"ReportId":"11e757b3-15bd-4c9f-b0b5-ae236ef28aae","ReportStatus":268435456,"HashedBucket":"2f78463b58494254e7f3d420090f424f","CabGuid":"0"},"raw_xml":null,"source_file":null,"sigma_matches":[]},
{"record_id":3061,"event_id":1002,"level":"Error","timestamp":"2026-02-25T08:59:11.030521Z","provider":"Application Hang","channel":"Application","computer":"Niaina","task_id":101,"keywords":9223372036854775808,"user_id":"S-1-5-18","data":{"AppName":"WhatsApp.Root.exe","AppVersion":"1.0.0.0","ProcessId":"0xd60","StartTime":"0x1dca6348e0c46b0","TerminationTime":22105,"ExeFileName":"C:\\Program Files\\WindowsApps\\5319275A.WhatsAppDesktop_2.2605.103.0_x64__cv1g1gvanyjgm\\WhatsApp.Root.exe","ReportId":"11e757b3-15bd-4c9f-b0b5-ae236ef28aae","PackageFullName":"5319275A.WhatsAppDesktop_2.2605.103.0_x64__cv1g1gvanyjgm","PackageRelativeAppId":"App","HangType":"Unknown"},"raw_xml":null,"source_file":null,"sigma_matches":[]},
{"record_id":3062,"event_id":1001,"level":"Information","timestamp":"2026-02-25T09:00:31.071022Z","provider":"Windows Error Reporting","channel":"Application","computer":"Niaina","task_id":0,"keywords":9223372036854775808,"user_id":"S-1-5-18","data":{"Bucket":"","BucketType":"0","EventName":"AppTermFailureEvent","Response":"Non disponible","CabId":"0","P1":"","P2":"","P3":"","P4":"","P5":"","P6":"","P7":"","P8":"","P9":"","P10":"","AttachedFiles":"\r\n\\\\?\\C:\\Windows\\SystemTemp\\WER.f1cc2c84-3202-40b1-b490-2e8443449e17.tmpatk.kdmp\r\n\\\\?\\C:\\Windows\\SystemTemp\\WER.ed64b3dd-8d06-4b41-9fd5-bb4a954789de.tmp.appcompat.txt\r\n\\\\?\\C:\\ProgramData\\Microsoft\\Windows\\WER\\Temp\\WER.5d37c91e-15d2-413d-8ff9-81f04f43108a.tmp.WERInternalMetadata.xml\r\n\\\\?\\C:\\ProgramData\\Microsoft\\Windows\\WER\\ReportQueue\\Kernel_0_0_00000000_cab_f7413c39-6a1a-4c6b-a0fc-345a26080931\\WPR_initiated_DiagTrackMiniLogger_OneTrace_User_Logger_20260222_1_EC_0_inject.etl\r\n\\\\?\\C:\\ProgramData\\Microsoft\\Windows\\WER\\Temp\\WER.ed0e6e0d-f06e-4654-bba9-58bb0432c36b.tmp.etl\r\n\\\\?\\C:\\ProgramData\\Microsoft\\Windows\\WER\\ReportQueue\\Kernel_0_0_00000000_cab_f7413c39-6a1a-4c6b-a0fc-345a26080931\\WPR_initiated_DiagTrackMiniLogger_WPR System Collector_inject.etl\r\n\\\\?\\C:\\ProgramData\\Microsoft\\Windows\\WER\\Temp\\WER.fa5cf26c-2328-4025-947c-82cab61a9bb5.tmp.etl\r\n\\\\?\\C:\\ProgramData\\Microsoft\\Windows\\WER\\Temp\\WER.5070fd8f-d9f5-44c2-8e05-3f71bcfbe618.tmp.csv\r\n\\\\?\\C:\\ProgramData\\Microsoft\\Windows\\WER\\Temp\\WER.a191c3a0-34e9-447d-8902-f37bf70d9594.tmp.txt\r\n\\\\?\\C:\\ProgramData\\Microsoft\\Windows\\WER\\Temp\\WER.bfe5887d-ac34-4dd2-ae31-40fda880f3ec.tmp.xml\r\n\\\\?\\C:\\Windows\\SystemTemp\\WER.b033bf41-0c42-4eca-82f7-2df681649ff8.tmp.xml\r\n\\\\?\\C:\\Windows\\SystemTemp\\WER.49f9d72b-a66c-46ed-a828-6507824f7be0.tmp.WERDataCollectionStatus.txt","StorePath":"\\\\?\\C:\\ProgramData\\Microsoft\\Windows\\WER\\ReportQueue\\Kernel_0_0_00000000_cab_f7413c39-6a1a-4c6b-a0fc-345a26080931","AnalysisSymbol":"","Rechecking":0,"ReportId":"1dbdcf25-808f-4494-b4ee-7e3d29db371e","ReportStatus":131076,"HashedBucket":"","CabGuid":"0"},"raw_xml":null,"source_file":null,"sigma_matches":[]},
{"record_id":3063,"event_id":1001,"level":"Information","timestamp":"2026-02-25T09:02:33.251243Z","provider":"Windows Error Reporting","channel":"Application","computer":"Niaina","task_id":0,"keywords":9223372036854775808,"user_id":"S-1-5-21-3595381792-2646053551-3183893924-1001","data":{"Bucket":"2114648971983973467","BucketType":"5","EventName":"MoAppHang","Response":"Non disponible","CabId":"0","P1":"5319275A.WhatsAppDesktop_2.2605.103.0_x64__cv1g1gvanyjgm","P2":"praid:App","P3":"1.0.0.0","P4":"67d40000","P5":"fb25","P6":"134217728","P7":"","P8":"","P9":"","P10":"","AttachedFiles":"\r\n\\\\?\\C:\\ProgramData\\Microsoft\\Windows\\WER\\Temp\\WER.ff31f6b2-d794-4198-9475-cd0199e504f6.tmp.WERInternalMetadata.xml\r\n\\\\?\\C:\\ProgramData\\Microsoft\\Windows\\WER\\Temp\\WER.add3019b-f912-4cc0-b543-58fc67f5a99d.tmp.csv\r\n\\\\?\\C:\\ProgramData\\Microsoft\\Windows\\WER\\Temp\\WER.336455a5-080f-4a2d-bcc2-31ca6d3307b3.tmp.txt\r\n\\\\?\\C:\\Users\\Niaina\\AppData\\Local\\Temp\\WER.2b999421-3565-4d75-b5a2-e765553fc28e.tmp.appcompat.txt\r\n\\\\?\\C:\\ProgramData\\Microsoft\\Windows\\WER\\Temp\\WER.21e21a90-3be5-49fc-b3a8-08701b6b8a22.tmp.xml","StorePath":"\\\\?\\C:\\ProgramData\\Microsoft\\Windows\\WER\\ReportArchive\\AppHang_5319275A.WhatsAp_ec994f9a863e83d11d9e6ccf886f87489d7ac9e_52c219e6_5b1a87c8-0f7d-48b4-97b5-700dc1db3c9e","AnalysisSymbol":"","Rechecking":0,"ReportId":"8ccd36c3-fdba-4c8d-98fe-59e5c91bda63","ReportStatus":268435456,"HashedBucket":"a1eed662f3edeac15d58be093fbfec5b","CabGuid":"0"},"raw_xml":null,"source_file":null,"sigma_matches":[]},
{"record_id":3064,"event_id":1001,"level":"Information","timestamp":"2026-02-25T09:03:08.802084Z","provider":"Windows Error Reporting","channel":"Application","computer":"Niaina","task_id":0,"keywords":9223372036854775808,"user_id":"S-1-5-18","data":{"Bucket":"","BucketType":"0","EventName":"AppTermFailureEvent","Response":"Non disponible","CabId":"0","P1":"","P2":"","P3":"","P4":"","P5":"","P6":"","P7":"","P8":"","P9":"","P10":"","AttachedFiles":"\r\n\\\\?\\C:\\Windows\\SystemTemp\\WER.0b19e860-6840-4eae-b255-f8c028485368.tmpatk.kdmp\r\n\\\\?\\C:\\Windows\\SystemTemp\\WER.b63f8c07-f7e2-486a-9197-ab8c4c8fa3d1.tmp.appcompat.txt\r\n\\\\?\\C:\\ProgramData\\Microsoft\\Windows\\WER\\Temp\\WER.27de9d42-7fdf-4b83-8c8b-2c7b1b7f5481.tmp.WERInternalMetadata.xml\r\n\\\\?\\C:\\ProgramData\\Microsoft\\Windows\\WER\\Temp\\WER.b15cedd3-8b65-4b0c-94b2-c180cd2f409e.tmp.csv\r\n\\\\?\\C:\\ProgramData\\Microsoft\\Windows\\WER\\Temp\\WER.6d6e3406-d0b1-47a7-a1fa-dfb4286f954f.tmp.txt\r\n\\\\?\\C:\\ProgramData\\Microsoft\\Windows\\WER\\Temp\\WER.53672598-38df-49ae-8891-437f7941f74f.tmp.xml\r\n\\\\?\\C:\\Windows\\SystemTemp\\WER.67f73700-c901-460f-a58b-2b26114a9462.tmp.xml","StorePath":"\\\\?\\C:\\ProgramData\\Microsoft\\Windows\\WER\\ReportQueue\\Kernel_0_0_00000000_a77ea4cd-a2eb-48a3-a5f5-73ccb9478a8e","AnalysisSymbol":"","Rechecking":0,"ReportId":"fc6b49a6-78f6-45b0-b39b-94652d11bc19","ReportStatus":4100,"HashedBucket":"","CabGuid":"0"},"raw_xml":null,"source_file":null,"sigma_matches":[]},
{"record_id":3065,"event_id":1002,"level":"Error","timestamp":"2026-02-25T09:03:43.329206Z","provider":"Application Hang","channel":"Application","computer":"Niaina","task_id":101,"keywords":9223372036854775808,"user_id":"S-1-5-18","data":{"AppName":"WhatsApp.Root.exe","AppVersion":"1.0.0.0","ProcessId":"0x3db8","StartTime":"0x1dca634ef40d0a8","TerminationTime":60000,"ExeFileName":"C:\\Program Files\\WindowsApps\\5319275A.WhatsAppDesktop_2.2605.103.0_x64__cv1g1gvanyjgm\\WhatsApp.Root.exe","ReportId":"8ccd36c3-fdba-4c8d-98fe-59e5c91bda63","PackageFullName":"5319275A.WhatsAppDesktop_2.2605.103.0_x64__cv1g1gvanyjgm","PackageRelativeAppId":"App","HangType":"Unknown"},"raw_xml":null,"source_file":null,"sigma_matches":[]},
{"record_id":3066,"event_id":16394,"level":"Information","timestamp":"2026-02-25T09:35:02.016949Z","provider":"Microsoft-Windows-Security-SPP","channel":"Application","computer":"Niaina","task_id":0,"keywords":36028797018963968,"user_id":null,"data":{"Data":{"#text":""},"Binary":null},"raw_xml":null,"source_file":null,"sigma_matches":[]},
{"record_id":3067,"event_id":16384,"level":"Information","timestamp":"2026-02-25T09:35:32.299746Z","provider":"Microsoft-Windows-Security-SPP","channel":"Application","computer":"Niaina","task_id":0,"keywords":36028797018963968,"user_id":null,"data":{"Data":{"#text":["2026-05-20T15:58:32Z","RulesEngine"]},"Binary":null},"raw_xml":null,"source_file":null,"sigma_matches":[]},
{"record_id":3068,"event_id":1002,"level":"Information","timestamp":"2026-02-25T09:35:34.600605Z","provider":"Microsoft-Windows-Winlogon","channel":"Application","computer":"Niaina","task_id":0,"keywords":36028797018963968,"user_id":null,"data":{"Data":{"#text":"C:\\Windows\\system32\\userinit.exe"},"Binary":null},"raw_xml":null,"source_file":null,"sigma_matches":[]},
{"record_id":3069,"event_id":16394,"level":"Information","timestamp":"2026-02-25T10:38:14.690839Z","provider":"Microsoft-Windows-Security-SPP","channel":"Application","computer":"Niaina","task_id":0,"keywords":36028797018963968,"user_id":null,"data":{"Data":{"#text":""},"Binary":null},"raw_xml":null,"source_file":null,"sigma_matches":[]},
{"record_id":3070,"event_id":16384,"level":"Information","timestamp":"2026-02-25T10:39:12.999450Z","provider":"Microsoft-Windows-Security-SPP","channel":"Application","computer":"Niaina","task_id":0,"keywords":36028797018963968,"user_id":null,"data":{"Data":{"#text":["2026-05-20T15:58:12Z","RulesEngine"]},"Binary":null},"raw_xml":null,"source_file":null,"sigma_matches":[]},
{"record_id":3071,"event_id":10024,"level":"Warning","timestamp":"2026-02-25T10:58:34.740651Z","provider":"Microsoft-Windows-Search","channel":"Application","computer":"Niaina","task_id":3,"keywords":36028797018963968,"user_id":null,"data":{"ExtraInfo":"\n","FilterHostProcessID":"11092"},"raw_xml":null,"source_file":null,"sigma_matches":[]},
{"record_id":3072,"event_id":10024,"level":"Warning","timestamp":"2026-02-25T11:04:34.672149Z","provider":"Microsoft-Windows-Search","channel":"Application","computer":"Niaina","task_id":3,"keywords":36028797018963968,"user_id":null,"data":{"ExtraInfo":"\n","FilterHostProcessID":"3508"},"raw_xml":null,"source_file":null,"sigma_matches":[]},
{"record_id":3073,"event_id":16394,"level":"Information","timestamp":"2026-02-25T11:32:12.932478Z","provider":"Microsoft-Windows-Security-SPP","channel":"Application","computer":"Niaina","task_id":0,"keywords":36028797018963968,"user_id":null,"data":{"Data":{"#text":""},"Binary":null},"raw_xml":null,"source_file":null,"sigma_matches":[]},
{"record_id":3074,"event_id":16384,"level":"Information","timestamp":"2026-02-25T11:32:44.670272Z","provider":"Microsoft-Windows-Security-SPP","channel":"Application","computer":"Niaina","task_id":0,"keywords":36028797018963968,"user_id":null,"data":{"Data":{"#text":["2026-05-20T15:58:43Z","RulesEngine"]},"Binary":null},"raw_xml":null,"source_file":null,"sigma_matches":[]},
{"record_id":3075,"event_id":16394,"level":"Information","timestamp":"2026-02-25T11:40:38.470262Z","provider":"Microsoft-Windows-Security-SPP","channel":"Application","computer":"Niaina","task_id":0,"keywords":36028797018963968,"user_id":null,"data":{"Data":{"#text":""},"Binary":null},"raw_xml":null,"source_file":null,"sigma_matches":[]},
{"record_id":3076,"event_id":16384,"level":"Information","timestamp":"2026-02-25T11:41:34.314590Z","provider":"Microsoft-Windows-Security-SPP","channel":"Application","computer":"Niaina","task_id":0,"keywords":36028797018963968,"user_id":null,"data":{"Data":{"#text":["2026-05-20T15:58:32Z","RulesEngine"]},"Binary":null},"raw_xml":null,"source_file":null,"sigma_matches":[]},
{"record_id":3077,"event_id":16394,"level":"Information","timestamp":"2026-02-25T11:42:32.189772Z","provider":"Microsoft-Windows-Security-SPP","channel":"Application","computer":"Niaina","task_id":0,"keywords":36028797018963968,"user_id":null,"data":{"Data":{"#text":""},"Binary":null},"raw_xml":null,"source_file":null,"sigma_matches":[]},
{"record_id":3078,"event_id":16384,"level":"Information","timestamp":"2026-02-25T11:43:37.166708Z","provider":"Microsoft-Windows-Security-SPP","channel":"Application","computer":"Niaina","task_id":0,"keywords":36028797018963968,"user_id":null,"data":{"Data":{"#text":["2026-05-20T15:58:37Z","RulesEngine"]},"Binary":null},"raw_xml":null,"source_file":null,"sigma_matches":[]},
{"record_id":3079,"event_id":1001,"level":"Information","timestamp":"2026-02-25T11:57:29.920958Z","provider":"Windows Error Reporting","channel":"Application","computer":"Niaina","task_id":0,"keywords":9223372036854775808,"user_id":"S-1-5-18","data":{"Bucket":"","BucketType":"0","EventName":"AppTermFailureEvent","Response":"Non disponible","CabId":"0","P1":"","P2":"","P3":"","P4":"","P5":"","P6":"","P7":"","P8":"","P9":"","P10":"","AttachedFiles":"\r\n\\\\?\\C:\\Windows\\SystemTemp\\WER.f1cc2c84-3202-40b1-b490-2e8443449e17.tmpatk.kdmp\r\n\\\\?\\C:\\Windows\\SystemTemp\\WER.ed64b3dd-8d06-4b41-9fd5-bb4a954789de.tmp.appcompat.txt\r\n\\\\?\\C:\\ProgramData\\Microsoft\\Windows\\WER\\Temp\\WER.5d37c91e-15d2-413d-8ff9-81f04f43108a.tmp.WERInternalMetadata.xml\r\n\\\\?\\C:\\ProgramData\\Microsoft\\Windows\\WER\\ReportQueue\\Kernel_0_0_00000000_cab_f7413c39-6a1a-4c6b-a0fc-345a26080931\\WPR_initiated_DiagTrackMiniLogger_OneTrace_User_Logger_20260222_1_EC_0_inject.etl\r\n\\\\?\\C:\\ProgramData\\Microsoft\\Windows\\WER\\Temp\\WER.ed0e6e0d-f06e-4654-bba9-58bb0432c36b.tmp.etl\r\n\\\\?\\C:\\ProgramData\\Microsoft\\Windows\\WER\\ReportQueue\\Kernel_0_0_00000000_cab_f7413c39-6a1a-4c6b-a0fc-345a26080931\\WPR_initiated_DiagTrackMiniLogger_WPR System Collector_inject.etl\r\n\\\\?\\C:\\ProgramData\\Microsoft\\Windows\\WER\\Temp\\WER.fa5cf26c-2328-4025-947c-82cab61a9bb5.tmp.etl\r\n\\\\?\\C:\\ProgramData\\Microsoft\\Windows\\WER\\Temp\\WER.5070fd8f-d9f5-44c2-8e05-3f71bcfbe618.tmp.csv\r\n\\\\?\\C:\\ProgramData\\Microsoft\\Windows\\WER\\Temp\\WER.a191c3a0-34e9-447d-8902-f37bf70d9594.tmp.txt\r\n\\\\?\\C:\\ProgramData\\Microsoft\\Windows\\WER\\Temp\\WER.bfe5887d-ac34-4dd2-ae31-40fda880f3ec.tmp.xml\r\n\\\\?\\C:\\Windows\\SystemTemp\\WER.b033bf41-0c42-4eca-82f7-2df681649ff8.tmp.xml\r\n\\\\?\\C:\\Windows\\SystemTemp\\WER.49f9d72b-a66c-46ed-a828-6507824f7be0.tmp.WERDataCollectionStatus.txt","StorePath":"\\\\?\\C:\\ProgramData\\Microsoft\\Windows\\WER\\ReportQueue\\Kernel_0_0_00000000_cab_f7413c39-6a1a-4c6b-a0fc-345a26080931","AnalysisSymbol":"","Rechecking":0,"ReportId":"1dbdcf25-808f-4494-b4ee-7e3d29db371e","ReportStatus":131172,"HashedBucket":"","CabGuid":"0"},"raw_xml":null,"source_file":null,"sigma_matches":[]},
{"record_id":3080,"event_id":10024,"level":"Warning","timestamp":"2026-02-25T12:02:16.975120Z","provider":"Microsoft-Windows-Search","channel":"Application","computer":"Niaina","task_id":3,"keywords":36028797018963968,"user_id":null,"data":{"ExtraInfo":"\n","FilterHostProcessID":"21844"},"raw_xml":null,"source_file":null,"sigma_matches":[]},
{"record_id":3081,"event_id":1001,"level":"Information","timestamp":"2026-02-25T12:22:07.626987Z","provider":"Windows Error Reporting","channel":"Application","computer":"Niaina","task_id":0,"keywords":9223372036854775808,"user_id":"S-1-5-18","data":{"Bucket":"LKD_0x1F5_ANALYSIS_INCONCLUSIVE!unknown_function","BucketType":"0","EventName":"AppTermFailureEvent","Response":"Non disponible","CabId":"c6f281d3-bfdf-47ae-9314-c499dbea548f","P1":"","P2":"","P3":"","P4":"","P5":"","P6":"","P7":"","P8":"","P9":"","P10":"","AttachedFiles":"\r\n\\\\?\\C:\\Windows\\SystemTemp\\WER.0b19e860-6840-4eae-b255-f8c028485368.tmpatk.kdmp\r\n\\\\?\\C:\\Windows\\SystemTemp\\WER.b63f8c07-f7e2-486a-9197-ab8c4c8fa3d1.tmp.appcompat.txt\r\n\\\\?\\C:\\ProgramData\\Microsoft\\Windows\\WER\\Temp\\WER.27de9d42-7fdf-4b83-8c8b-2c7b1b7f5481.tmp.WERInternalMetadata.xml\r\n\\\\?\\C:\\ProgramData\\Microsoft\\Windows\\WER\\Temp\\WER.b15cedd3-8b65-4b0c-94b2-c180cd2f409e.tmp.csv\r\n\\\\?\\C:\\ProgramData\\Microsoft\\Windows\\WER\\Temp\\WER.6d6e3406-d0b1-47a7-a1fa-dfb4286f954f.tmp.txt\r\n\\\\?\\C:\\ProgramData\\Microsoft\\Windows\\WER\\Temp\\WER.53672598-38df-49ae-8891-437f7941f74f.tmp.xml\r\n\\\\?\\C:\\Windows\\SystemTemp\\WER.67f73700-c901-460f-a58b-2b26114a9462.tmp.xml","StorePath":"\\\\?\\C:\\ProgramData\\Microsoft\\Windows\\WER\\ReportArchive\\Kernel_0_0_00000000_cab_a77ea4cd-a2eb-48a3-a5f5-73ccb9478a8e","AnalysisSymbol":"","Rechecking":0,"ReportId":"fc6b49a6-78f6-45b0-b39b-94652d11bc19","ReportStatus":268439552,"HashedBucket":"","CabGuid":"0"},"raw_xml":null,"source_file":null,"sigma_matches":[]},
