{"record_id":2289,"event_id":1003,"level":"Information","timestamp":"2026-02-23T14:21:53.583869Z","provider":"Microsoft-Windows-Security-SPP","channel":"Application","computer":"Niaina","task_id":0,"keywords":36028797018963968,"user_id":null,"data":{"Data":{"#text":["0ff1ce15-a989-479d-af46-f275c6370663","\n1: 6755c7a7-4dfe-46f5-bce8-427be8e9dc62, 1, 0 [(0 [0xC004F014, 0, 0], [(?)(?)(?)(?)(?)(?)(?)(?)])(1 )(2 )(3 )]\n\n"]},"Binary":null},"raw_xml":null,"source_file":null,"sigma_matches":[]},
{"record_id":2290,"event_id":1003,"level":"Information","timestamp":"2026-02-23T14:21:53.759406Z","provider":"Microsoft-Windows-Security-SPP","channel":"Application","computer":"Niaina","task_id":0,"keywords":36028797018963968,"user_id":null,"data":{"Data":{"#text":["0ff1ce15-a989-479d-af46-f275c6370663","\n1: 6bd3e147-ff80-44fd-a3a6-b8e5e4fa9ade, 1, 0 [(0 [0xC004F014, 0, 0], [(?)(?)(?)(?)(?)(?)(?)(?)])(1 )(2 )(3 )]\n\n"]},"Binary":null},"raw_xml":null,"source_file":null,"sigma_matches":[]},
{"record_id":2291,"event_id":1003,"level":"Information","timestamp":"2026-02-23T14:21:53.910403Z","provider":"Microsoft-Windows-Security-SPP","channel":"Application","computer":"Niaina","task_id":0,"keywords":36028797018963968,"user_id":null,"data":{"Data":{"#text":["55c92734-d682-4d71-983e-d6ec3f16059f","\n1: 721f9237-9341-4453-a661-09e8baa6cca5, 1, 0 [(0 [0xC004F014, 0, 0], [(?)(?)(?)(?)(?)(?)(?)(?)])(1 )(2 )(3 )]\n\n"]},"Binary":null},"raw_xml":null,"source_file":null,"sigma_matches":[]},
{"record_id":2292,"event_id":1003,"level":"Information","timestamp":"2026-02-23T14:21:54.198481Z","provider":"Microsoft-Windows-Security-SPP","channel":"Application","computer":"Niaina","task_id":0,"keywords":36028797018963968,"user_id":null,"data":{"Data":{"#text":["55c92734-d682-4d71-983e-d6ec3f16059f","\n1: 73111121-5638-40f6-bc11-f1d7b0d64300, 1, 0 [(0 [0xC004F014, 0, 0], [(?)(?)(?)(?)(?)(?)(?)(?)])(1 )(2 )(3 )]\n\n"]},"Binary":null},"raw_xml":null,"source_file":null,"sigma_matches":[]},
{"record_id":2293,"event_id":1003,"level":"Information","timestamp":"2026-02-23T14:21:54.539337Z","provider":"Microsoft-Windows-Security-SPP","channel":"Application","computer":"Niaina","task_id":0,"keywords":36028797018963968,"user_id":null,"data":{"Data":{"#text":["55c92734-d682-4d71-983e-d6ec3f16059f","\n1: 7a802526-4c94-4bd1-ba14-835a1aca2120, 1, 0 [(0 [0xC004F014, 0, 0], [(?)(?)(?)(?)(?)(?)(?)(?)])(1 )(2 )(3 )]\n\n"]},"Binary":null},"raw_xml":null,"source_file":null,"sigma_matches":[]},
{"record_id":2294,"event_id":1003,"level":"Information","timestamp":"2026-02-23T14:21:54.878831Z","provider":"Microsoft-Windows-Security-SPP","channel":"Application","computer":"Niaina","task_id":0,"keywords":36028797018963968,"user_id":null,"data":{"Data":{"#text":["55c92734-d682-4d71-983e-d6ec3f16059f","\n1: 7cb546c0-c7d5-44d8-9a5c-69ecdd782b69, 1, 0 [(0 [0xC004F014, 0, 0], [(?)(?)(?)(?)(?)(?)(?)(?)])(1 )(2 )(3 )]\n\n"]},"Binary":null},"raw_xml":null,"source_file":null,"sigma_matches":[]},
{"record_id":2295,"event_id":1003,"level":"Information","timestamp":"2026-02-23T14:21:55.129696Z","provider":"Microsoft-Windows-Security-SPP","channel":"Application","computer":"Niaina","task_id":0,"keywords":36028797018963968,"user_id":null,"data":{"Data":{"#text":["55c92734-d682-4d71-983e-d6ec3f16059f","\n1: 80083eae-7031-4394-9e88-4901973d56fe, 1, 0 [(0 [0xC004F014, 0, 0], [(?)(?)(?)(?)(?)(?)(?)(?)])(1 )(2 )(3 )]\n\n"]},"Binary":null},"raw_xml":null,"source_file":null,"sigma_matches":[]},
{"record_id":2296,"event_id":1003,"level":"Information","timestamp":"2026-02-23T14:21:55.359151Z","provider":"Microsoft-Windows-Security-SPP","channel":"Application","computer":"Niaina","task_id":0,"keywords":36028797018963968,"user_id":null,"data":{"Data":{"#text":["55c92734-d682-4d71-983e-d6ec3f16059f","\n1: 82bbc092-bc50-4e16-8e18-b74fc486aec3, 1, 0 [(0 [0xC004F014, 0, 0], [(?)(?)(?)(?)(?)(?)(?)(?)])(1 )(2 )(3 )]\n\n"]},"Binary":null},"raw_xml":null,"source_file":null,"sigma_matches":[]},
{"record_id":2297,"event_id":1003,"level":"Information","timestamp":"2026-02-23T14:21:55.681337Z","provider":"Microsoft-Windows-Security-SPP","channel":"Application","computer":"Niaina","task_id":0,"keywords":36028797018963968,"user_id":null,"data":{"Data":{"#text":["0ff1ce15-a989-479d-af46-f275c6370663","\n1: 83bd3f0a-a827-46c9-8b30-3f73bf933cfe, 1, 0 [(0 [0xC004F014, 0, 0], [(?)(?)(?)(?)(?)(?)(?)(?)])(1 )(2 )(3 )]\n\n"]},"Binary":null},"raw_xml":null,"source_file":null,"sigma_matches":[]},
{"record_id":2298,"event_id":1003,"level":"Information","timestamp":"2026-02-23T14:21:55.896948Z","provider":"Microsoft-Windows-Security-SPP","channel":"Application","computer":"Niaina","task_id":0,"keywords":36028797018963968,"user_id":null,"data":{"Data":{"#text":["0ff1ce15-a989-479d-af46-f275c6370663","\n1: 85dd8b5f-eaa4-4af3-a628-cce9e77c9a03, 1, 1 [(0 [0x00000000, 1, 0], [(?)( 1 0x00000000)(?)( 2 0x00000000 0 0 msft:rm/algorithm/volume/1.0 0x00000000 253537)(?)(?)(?)(?)])(1 )(2 )(3 )]\n\n"]},"Binary":null},"raw_xml":null,"source_file":null,"sigma_matches":[]},
{"record_id":2299,"event_id":1003,"level":"Information","timestamp":"2026-02-23T14:21:56.232573Z","provider":"Microsoft-Windows-Security-SPP","channel":"Application","computer":"Niaina","task_id":0,"keywords":36028797018963968,"user_id":null,"data":{"Data":{"#text":["55c92734-d682-4d71-983e-d6ec3f16059f","\n1: 8ab9bdd1-1f67-4997-82d9-8878520837d9, 1, 0 [(0 [0xC004F014, 0, 0], [(?)(?)(?)(?)(?)(?)(?)(?)])(1 )(2 )(3 )]\n\n"]},"Binary":null},"raw_xml":null,"source_file":null,"sigma_matches":[]},
{"record_id":2300,"event_id":1003,"level":"Information","timestamp":"2026-02-23T14:21:56.557864Z","provider":"Microsoft-Windows-Security-SPP","channel":"Application","computer":"Niaina","task_id":0,"keywords":36028797018963968,"user_id":null,"data":{"Data":{"#text":["55c92734-d682-4d71-983e-d6ec3f16059f","\n1: 8b351c9c-f398-4515-9900-09df49427262, 1, 0 [(0 [0xC004F014, 0, 0], [(?)(?)(?)(?)(?)(?)(?)(?)])(1 )(2 )(3 )]\n\n"]},"Binary":null},"raw_xml":null,"source_file":null,"sigma_matches":[]},
{"record_id":2301,"event_id":1003,"level":"Information","timestamp":"2026-02-23T14:21:56.953356Z","provider":"Microsoft-Windows-Security-SPP","channel":"Application","computer":"Niaina","task_id":0,"keywords":36028797018963968,"user_id":null,"data":{"Data":{"#text":["55c92734-d682-4d71-983e-d6ec3f16059f","\n1: 90da7373-1c51-430b-bf26-c97e9c5cdc31, 1, 0 [(0 [0xC004F014, 0, 0], [(?)(?)(?)(?)(?)(?)(?)(?)])(1 )(2 )(3 )]\n\n"]},"Binary":null},"raw_xml":null,"source_file":null,"sigma_matches":[]},
{"record_id":2302,"event_id":1003,"level":"Information","timestamp":"2026-02-23T14:21:57.389732Z","provider":"Microsoft-Windows-Security-SPP","channel":"Application","computer":"Niaina","task_id":0,"keywords":36028797018963968,"user_id":null,"data":{"Data":{"#text":["55c92734-d682-4d71-983e-d6ec3f16059f","\n1: 92fb8726-92a8-4ffc-94ce-f82e07444653, 1, 0 [(0 [0xC004F014, 0, 0], [(?)(?)(?)(?)(?)(?)(?)(?)])(1 )(2 )(3 )]\n\n"]},"Binary":null},"raw_xml":null,"source_file":null,"sigma_matches":[]},
{"record_id":2303,"event_id":1003,"level":"Information","timestamp":"2026-02-23T14:21:57.891537Z","provider":"Microsoft-Windows-Security-SPP","channel":"Application","computer":"Niaina","task_id":0,"keywords":36028797018963968,"user_id":null,"data":{"Data":{"#text":["55c92734-d682-4d71-983e-d6ec3f16059f","\n1: 95dca82f-385d-4d39-b85b-5c73fa285d6f, 1, 0 [(0 [0xC004F014, 0, 0], [(?)(?)(?)(?)(?)(?)(?)(?)])(1 )(2 )(3 )]\n\n"]},"Binary":null},"raw_xml":null,"source_file":null,"sigma_matches":[]},
{"record_id":2304,"event_id":1003,"level":"Information","timestamp":"2026-02-23T14:21:58.326922Z","provider":"Microsoft-Windows-Security-SPP","channel":"Application","computer":"Niaina","task_id":0,"keywords":36028797018963968,"user_id":null,"data":{"Data":{"#text":["55c92734-d682-4d71-983e-d6ec3f16059f","\n1: 97cde3ae-e908-4b59-ac96-a17645c5b57e, 1, 0 [(0 [0xC004F014, 0, 0], [(?)(?)(?)(?)(?)(?)(?)(?)])(1 )(2 )(3 )]\n\n"]},"Binary":null},"raw_xml":null,"source_file":null,"sigma_matches":[]},
{"record_id":2305,"event_id":1003,"level":"Information","timestamp":"2026-02-23T14:21:58.708788Z","provider":"Microsoft-Windows-Security-SPP","channel":"Application","computer":"Niaina","task_id":0,"keywords":36028797018963968,"user_id":null,"data":{"Data":{"#text":["0ff1ce15-a989-479d-af46-f275c6370663","\n1: a3072b8f-adcc-4e75-8d62-fdeb9bdfae57, 1, 0 [(0 [0xC004F014, 0, 0], [(?)(?)(?)(?)(?)(?)(?)(?)])(1 )(2 )(3 )]\n\n"]},"Binary":null},"raw_xml":null,"source_file":null,"sigma_matches":[]},
{"record_id":2306,"event_id":1003,"level":"Information","timestamp":"2026-02-23T14:21:58.882260Z","provider":"Microsoft-Windows-Security-SPP","channel":"Application","computer":"Niaina","task_id":0,"keywords":36028797018963968,"user_id":null,"data":{"Data":{"#text":["55c92734-d682-4d71-983e-d6ec3f16059f","\n1: a48938aa-62fa-4966-9d44-9f04da3f72f2, 1, 0 [(0 [0xC004F014, 0, 0], [(?)(?)(?)(?)(?)(?)(?)(?)])(1 )(2 )(3 )]\n\n"]},"Binary":null},"raw_xml":null,"source_file":null,"sigma_matches":[]},
{"record_id":2307,"event_id":1003,"level":"Information","timestamp":"2026-02-23T14:21:59.172499Z","provider":"Microsoft-Windows-Security-SPP","channel":"Application","computer":"Niaina","task_id":0,"keywords":36028797018963968,"user_id":null,"data":{"Data":{"#text":["55c92734-d682-4d71-983e-d6ec3f16059f","\n1: b0773a15-df3a-4312-9ad2-83d69648e356, 1, 0 [(0 [0xC004F014, 0, 0], [(?)(?)(?)(?)(?)(?)(?)(?)])(1 )(2 )(3 )]\n\n"]},"Binary":null},"raw_xml":null,"source_file":null,"sigma_matches":[]},
{"record_id":2308,"event_id":1003,"level":"Information","timestamp":"2026-02-23T14:21:59.431066Z","provider":"Microsoft-Windows-Security-SPP","channel":"Application","computer":"Niaina","task_id":0,"keywords":36028797018963968,"user_id":null,"data":{"Data":{"#text":["55c92734-d682-4d71-983e-d6ec3f16059f","\n1: b4bfe195-541e-4e64-ad23-6177f19e395e, 1, 0 [(0 [0xC004F014, 0, 0], [(?)(?)(?)(?)(?)(?)(?)(?)])(1 )(2 )(3 )]\n\n"]},"Binary":null},"raw_xml":null,"source_file":null,"sigma_matches":[]},
{"record_id":2309,"event_id":1003,"level":"Information","timestamp":"2026-02-23T14:21:59.661119Z","provider":"Microsoft-Windows-Security-SPP","channel":"Application","computer":"Niaina","task_id":0,"keywords":36028797018963968,"user_id":null,"data":{"Data":{"#text":["55c92734-d682-4d71-983e-d6ec3f16059f","\n1: b68e61d2-68ca-4757-be45-0cc2f3e68eee, 1, 0 [(0 [0xC004F014, 0, 0], [(?)(?)(?)(?)(?)(?)(?)(?)])(1 )(2 )(3 )]\n\n"]},"Binary":null},"raw_xml":null,"source_file":null,"sigma_matches":[]},
{"record_id":2310,"event_id":1003,"level":"Information","timestamp":"2026-02-23T14:21:59.867491Z","provider":"Microsoft-Windows-Security-SPP","channel":"Application","computer":"Niaina","task_id":0,"keywords":36028797018963968,"user_id":null,"data":{"Data":{"#text":["55c92734-d682-4d71-983e-d6ec3f16059f","\n1: bd3762d7-270d-4760-8fb3-d829ca45278a, 1, 0 [(0 [0xC004F014, 0, 0], [(?)(?)(?)(?)(?)(?)(?)(?)])(1 )(2 )(3 )]\n\n"]},"Binary":null},"raw_xml":null,"source_file":null,"sigma_matches":[]},
{"record_id":2311,"event_id":1003,"level":"Information","timestamp":"2026-02-23T14:22:00.105926Z","provider":"Microsoft-Windows-Security-SPP","channel":"Application","computer":"Niaina","task_id":0,"keywords":36028797018963968,"user_id":null,"data":{"Data":{"#text":["0ff1ce15-a989-479d-af46-f275c6370663","\n1: c3b2612d-58ee-4d9b-ad9d-7568decb29f7, 1, 0 [(0 [0xC004F014, 0, 0], [(?)(?)(?)(?)(?)(?)(?)(?)])(1 )(2 )(3 )]\n\n"]},"Binary":null},"raw_xml":null,"source_file":null,"sigma_matches":[]},
{"record_id":2312,"event_id":1003,"level":"Information","timestamp":"2026-02-23T14:22:00.198605Z","provider":"Microsoft-Windows-Security-SPP","channel":"Application","computer":"Niaina","task_id":0,"keywords":36028797018963968,"user_id":null,"data":{"Data":{"#text":["55c92734-d682-4d71-983e-d6ec3f16059f","\n1: c86d5194-4840-4dae-9c1c-0301003a5ab0, 1, 0 [(0 [0xC004F014, 0, 0], [(?)(?)(?)(?)(?)(?)(?)(?)])(1 )(2 )(3 )]\n\n"]},"Binary":null},"raw_xml":null,"source_file":null,"sigma_matches":[]},
{"record_id":2313,"event_id":1003,"level":"Information","timestamp":"2026-02-23T14:22:00.412139Z","provider":"Microsoft-Windows-Security-SPP","channel":"Application","computer":"Niaina","task_id":0,"keywords":36028797018963968,"user_id":null,"data":{"Data":{"#text":["55c92734-d682-4d71-983e-d6ec3f16059f","\n1: ca7df2e3-5ea0-47b8-9ac1-b1be4d8edd69, 1, 0 [(0 [0xC004F014, 0, 0], [(?)(?)(?)(?)(?)(?)(?)(?)])(1 )(2 )(3 )]\n\n"]},"Binary":null},"raw_xml":null,"source_file":null,"sigma_matches":[]},
{"record_id":2314,"event_id":1003,"level":"Information","timestamp":"2026-02-23T14:22:00.611308Z","provider":"Microsoft-Windows-Security-SPP","channel":"Application","computer":"Niaina","task_id":0,"keywords":36028797018963968,"user_id":null,"data":{"Data":{"#text":["0ff1ce15-a989-479d-af46-f275c6370663","\n1: cbcaf071-b911-40a1-a6c1-7becca481910, 1, 0 [(0 [0xC004F014, 0, 0], [(?)(?)(?)(?)(?)(?)(?)(?)])(1 )(2 )(3 )]\n\n"]},"Binary":null},"raw_xml":null,"source_file":null,"sigma_matches":[]},
{"record_id":2315,"event_id":1003,"level":"Information","timestamp":"2026-02-23T14:22:00.709997Z","provider":"Microsoft-Windows-Security-SPP","channel":"Application","computer":"Niaina","task_id":0,"keywords":36028797018963968,"user_id":null,"data":{"Data":{"#text":["0ff1ce15-a989-479d-af46-f275c6370663","\n1: cdbd81ef-bb2c-41cc-bb3e-ca6366f3f176, 1, 0 [(0 [0xC004F014, 0, 0], [(?)(?)(?)(?)(?)(?)(?)(?)])(1 )(2 )(3 )]\n\n"]},"Binary":null},"raw_xml":null,"source_file":null,"sigma_matches":[]},
{"record_id":2316,"event_id":1003,"level":"Information","timestamp":"2026-02-23T14:22:00.811220Z","provider":"Microsoft-Windows-Security-SPP","channel":"Application","computer":"Niaina","task_id":0,"keywords":36028797018963968,"user_id":null,"data":{"Data":{"#text":["55c92734-d682-4d71-983e-d6ec3f16059f","\n1: d552befb-48cc-4327-8f39-47d2d94f987c, 1, 0 [(0 [0xC004F014, 0, 0], [(?)(?)(?)(?)(?)(?)(?)(?)])(1 )(2 )(3 )]\n\n"]},"Binary":null},"raw_xml":null,"source_file":null,"sigma_matches":[]},
{"record_id":2317,"event_id":1003,"level":"Information","timestamp":"2026-02-23T14:22:01.024013Z","provider":"Microsoft-Windows-Security-SPP","channel":"Application","computer":"Niaina","task_id":0,"keywords":36028797018963968,"user_id":null,"data":{"Data":{"#text":["55c92734-d682-4d71-983e-d6ec3f16059f","\n1: d6eadb3b-5ca8-4a6b-986e-35b550756111, 1, 0 [(0 [0xC004F014, 0, 0], [(?)(?)(?)(?)(?)(?)(?)(?)])(1 )(2 )(3 )]\n\n"]},"Binary":null},"raw_xml":null,"source_file":null,"sigma_matches":[]},
{"record_id":2318,"event_id":1003,"level":"Information","timestamp":"2026-02-23T14:22:01.736338Z","provider":"Microsoft-Windows-Security-SPP","channel":"Application","computer":"Niaina","task_id":0,"keywords":36028797018963968,"user_id":null,"data":{"Data":{"#text":["0ff1ce15-a989-479d-af46-f275c6370663","\n1: db249714-bb54-4422-8c78-2cc8d4c4a19f, 1, 0 [(0 [0xC004F014, 0, 0], [(?)(?)(?)(?)(?)(?)(?)(?)])(1 )(2 )(3 )]\n\n"]},"Binary":null},"raw_xml":null,"source_file":null,"sigma_matches":[]},
{"record_id":2319,"event_id":1003,"level":"Information","timestamp":"2026-02-23T14:22:01.907358Z","provider":"Microsoft-Windows-Security-SPP","channel":"Application","computer":"Niaina","task_id":0,"keywords":36028797018963968,"user_id":null,"data":{"Data":{"#text":["55c92734-d682-4d71-983e-d6ec3f16059f","\n1: df96023b-dcd9-4be2-afa0-c6c871159ebe, 1, 0 [(0 [0xC004F014, 0, 0], [(?)(?)(?)(?)(?)(?)(?)(?)])(1 )(2 )(3 )]\n\n"]},"Binary":null},"raw_xml":null,"source_file":null,"sigma_matches":[]},
{"record_id":2320,"event_id":1003,"level":"Information","timestamp":"2026-02-23T14:22:02.223757Z","provider":"Microsoft-Windows-Security-SPP","channel":"Application","computer":"Niaina","task_id":0,"keywords":36028797018963968,"user_id":null,"data":{"Data":{"#text":["55c92734-d682-4d71-983e-d6ec3f16059f","\n1: e0c42288-980c-4788-a014-c080d2e1926e, 1, 0 [(0 [0xC004F014, 0, 0], [(?)(?)(?)(?)(?)(?)(?)(?)])(1 )(2 )(3 )]\n\n"]},"Binary":null},"raw_xml":null,"source_file":null,"sigma_matches":[]},
{"record_id":2321,"event_id":1003,"level":"Information","timestamp":"2026-02-23T14:22:02.462284Z","provider":"Microsoft-Windows-Security-SPP","channel":"Application","computer":"Niaina","task_id":0,"keywords":36028797018963968,"user_id":null,"data":{"Data":{"#text":["0ff1ce15-a989-479d-af46-f275c6370663","\n1: e18c439e-424a-4e83-8f1b-5f9dd021b38d, 1, 0 [(0 [0xC004F014, 0, 0], [(?)(?)(?)(?)(?)(?)(?)(?)])(1 )(2 )(3 )]\n\n"]},"Binary":null},"raw_xml":null,"source_file":null,"sigma_matches":[]},
{"record_id":2322,"event_id":1003,"level":"Information","timestamp":"2026-02-23T14:22:02.568029Z","provider":"Microsoft-Windows-Security-SPP","channel":"Application","computer":"Niaina","task_id":0,"keywords":36028797018963968,"user_id":null,"data":{"Data":{"#text":["55c92734-d682-4d71-983e-d6ec3f16059f","\n1: e4db50ea-bda1-4566-b047-0ca50abc6f07, 1, 0 [(0 [0xC004F014, 0, 0], [(?)(?)(?)(?)(?)(?)(?)(?)])(1 )(2 )(3 )]\n\n"]},"Binary":null},"raw_xml":null,"source_file":null,"sigma_matches":[]},
{"record_id":2323,"event_id":1003,"level":"Information","timestamp":"2026-02-23T14:22:02.823433Z","provider":"Microsoft-Windows-Security-SPP","channel":"Application","computer":"Niaina","task_id":0,"keywords":36028797018963968,"user_id":null,"data":{"Data":{"#text":["55c92734-d682-4d71-983e-d6ec3f16059f","\n1: e558417a-5123-4f6f-91e7-385c1c7ca9d4, 1, 0 [(0 [0xC004F014, 0, 0], [(?)(?)(?)(?)(?)(?)(?)(?)])(1 )(2 )(3 )]\n\n"]},"Binary":null},"raw_xml":null,"source_file":null,"sigma_matches":[]},
{"record_id":2324,"event_id":1003,"level":"Information","timestamp":"2026-02-23T14:22:03.079813Z","provider":"Microsoft-Windows-Security-SPP","channel":"Application","computer":"Niaina","task_id":0,"keywords":36028797018963968,"user_id":null,"data":{"Data":{"#text":["55c92734-d682-4d71-983e-d6ec3f16059f","\n1: e7a950a2-e548-4f10-bf16-02ec848e0643, 1, 0 [(0 [0xC004F014, 0, 0], [(?)(?)(?)(?)(?)(?)(?)(?)])(1 )(2 )(3 )]\n\n"]},"Binary":null},"raw_xml":null,"source_file":null,"sigma_matches":[]},
{"record_id":2325,"event_id":1003,"level":"Information","timestamp":"2026-02-23T14:22:03.423879Z","provider":"Microsoft-Windows-Security-SPP","channel":"Application","computer":"Niaina","task_id":0,"keywords":36028797018963968,"user_id":null,"data":{"Data":{"#text":["55c92734-d682-4d71-983e-d6ec3f16059f","\n1: eb6d346f-1c60-4643-b960-40ec31596c45, 1, 0 [(0 [0xC004F014, 0, 0], [(?)(?)(?)(?)(?)(?)(?)(?)])(1 )(2 )(3 )]\n\n"]},"Binary":null},"raw_xml":null,"source_file":null,"sigma_matches":[]},
{"record_id":2326,"event_id":1003,"level":"Information","timestamp":"2026-02-23T14:22:03.878084Z","provider":"Microsoft-Windows-Security-SPP","channel":"Application","computer":"Niaina","task_id":0,"keywords":36028797018963968,"user_id":null,"data":{"Data":{"#text":["55c92734-d682-4d71-983e-d6ec3f16059f","\n1: ec868e65-fadf-4759-b23e-93fe37f2cc29, 1, 0 [(0 [0xC004F014, 0, 0], [(?)(?)(?)(?)(?)(?)(?)(?)])(1 )(2 )(3 )]\n\n"]},"Binary":null},"raw_xml":null,"source_file":null,"sigma_matches":[]},
{"record_id":2327,"event_id":1003,"level":"Information","timestamp":"2026-02-23T14:22:04.510375Z","provider":"Microsoft-Windows-Security-SPP","channel":"Application","computer":"Niaina","task_id":0,"keywords":36028797018963968,"user_id":null,"data":{"Data":{"#text":["55c92734-d682-4d71-983e-d6ec3f16059f","\n1: ef51e000-2659-4f25-8345-3de70a9cf4c4, 1, 0 [(0 [0xC004F014, 0, 0], [(?)(?)(?)(?)(?)(?)(?)(?)])(1 )(2 )(3 )]\n\n"]},"Binary":null},"raw_xml":null,"source_file":null,"sigma_matches":[]},
{"record_id":2328,"event_id":1003,"level":"Information","timestamp":"2026-02-23T14:22:05.019375Z","provider":"Microsoft-Windows-Security-SPP","channel":"Application","computer":"Niaina","task_id":0,"keywords":36028797018963968,"user_id":null,"data":{"Data":{"#text":["55c92734-d682-4d71-983e-d6ec3f16059f","\n1: f7af7d09-40e4-419c-a49b-eae366689ebd, 1, 0 [(0 [0xC004F014, 0, 0], [(?)(?)(?)(?)(?)(?)(?)(?)])(1 )(2 )(3 )]\n\n"]},"Binary":null},"raw_xml":null,"source_file":null,"sigma_matches":[]},
{"record_id":2329,"event_id":1003,"level":"Information","timestamp":"2026-02-23T14:22:05.553910Z","provider":"Microsoft-Windows-Security-SPP","channel":"Application","computer":"Niaina","task_id":0,"keywords":36028797018963968,"user_id":null,"data":{"Data":{"#text":["55c92734-d682-4d71-983e-d6ec3f16059f","\n1: fa755fe6-6739-40b9-8d84-6d0ea3b6d1ab, 1, 0 [(0 [0xC004F014, 0, 0], [(?)(?)(?)(?)(?)(?)(?)(?)])(1 )(2 )(3 )]\n\n"]},"Binary":null},"raw_xml":null,"source_file":null,"sigma_matches":[]},
{"record_id":2330,"event_id":1003,"level":"Information","timestamp":"2026-02-23T14:22:06.091640Z","provider":"Microsoft-Windows-Security-SPP","channel":"Application","computer":"Niaina","task_id":0,"keywords":36028797018963968,"user_id":null,"data":{"Data":{"#text":["55c92734-d682-4d71-983e-d6ec3f16059f","\n1: fe74f55b-0338-41d6-b267-4a201abe7285, 1, 0 [(0 [0xC004F014, 0, 0], [(?)(?)(?)(?)(?)(?)(?)(?)])(1 )(2 )(3 )]\n\n"]},"Binary":null},"raw_xml":null,"source_file":null,"sigma_matches":[]},
{"record_id":2331,"event_id":1003,"level":"Information","timestamp":"2026-02-23T14:22:21.453297Z","provider":"Microsoft-Windows-Security-SPP","channel":"Application","computer":"Niaina","task_id":0,"keywords":36028797018963968,"user_id":null,"data":{"Data":{"#text":["0ff1ce15-a989-479d-af46-f275c6370663","\n1: 0e26561d-8b88-44cc-b87e-faf56344e5f3, 1, 0 [(0 [0xC004F014, 0, 0], [(?)(?)(?)(?)(?)(?)(?)(?)])(1 )(2 )(3 )]\n2: 1640c37d-e2eb-4785-a70b-3c94a2e9b07e, 1, 0 [(0 [0xC004F014, 0, 0], [(?)(?)(?)(?)(?)(?)(?)(?)])(1 )(2 )(3 )]\n3: 24996154-f927-413f-b2d5-c81882464ee3, 1, 0 [(0 [0xC004F014, 0, 0], [(?)(?)(?)(?)(?)(?)(?)(?)])(1 )(2 )(3 )]\n4: 447effdd-0073-4716-99f3-32ef2e155766, 1, 0 [(0 [0xC004F014, 0, 0], [(?)(?)(?)(?)(?)(?)(?)(?)])(1 )(2 )(3 )]\n5: 4a470b50-4d01-4fe5-910a-51bb0b7eb163, 1, 0 [(0 [0xC004F014, 0, 0], [(?)(?)(?)(?)(?)(?)(?)(?)])(1 )(2 )(3 )]\n6: 52c4d79f-6e1a-45b7-b479-36b666e0a2f8, 1, 0 [(0 [0xC004F014, 0, 0], [(?)(?)(?)(?)(?)(?)(?)(?)])(1 )(2 )(3 )]\n7: 5f472f1e-eb0a-4170-98e2-fb9e7f6ff535, 1, 0 [(0 [0xC004F014, 0, 0], [(?)(?)(?)(?)(?)(?)(?)(?)])(1 )(2 )(3 )]\n8: 6755c7a7-4dfe-46f5-bce8-427be8e9dc62, 1, 0 [(0 [0xC004F014, 0, 0], [(?)(?)(?)(?)(?)(?)(?)(?)])(1 )(2 )(3 )]\n9: 6bd3e147-ff80-44fd-a3a6-b8e5e4fa9ade, 1, 0 [(0 [0xC004F014, 0, 0], [(?)(?)(?)(?)(?)(?)(?)(?)])(1 )(2 )(3 )]\n10: 83bd3f0a-a827-46c9-8b30-3f73bf933cfe, 1, 0 [(0 [0xC004F014, 0, 0], [(?)(?)(?)(?)(?)(?)(?)(?)])(1 )(2 )(3 )]\n11: 85dd8b5f-eaa4-4af3-a628-cce9e77c9a03, 1, 1 [(0 [0x00000000, 1, 0], [(?)( 1 0x00000000)(?)( 2 0x00000000 0 0 msft:rm/algorithm/volume/1.0 0x00000000 253537)(?)(?)(?)(?)])(1 )(2 )(3 )]\n12: a3072b8f-adcc-4e75-8d62-fdeb9bdfae57, 1, 0 [(0 [0xC004F014, 0, 0], [(?)(?)(?)(?)(?)(?)(?)(?)])(1 )(2 )(3 )]\n13: c3b2612d-58ee-4d9b-ad9d-7568decb29f7, 1, 0 [(0 [0xC004F014, 0, 0], [(?)(?)(?)(?)(?)(?)(?)(?)])(1 )(2 )(3 )]\n14: cbcaf071-b911-40a1-a6c1-7becca481910, 1, 0 [(0 [0xC004F014, 0, 0], [(?)(?)(?)(?)(?)(?)(?)(?)])(1 )(2 )(3 )]\n15: cdbd81ef-bb2c-41cc-bb3e-ca6366f3f176, 1, 0 [(0 [0xC004F014, 0, 0], [(?)(?)(?)(?)(?)(?)(?)(?)])(1 )(2 )(3 )]\n16: db249714-bb54-4422-8c78-2cc8d4c4a19f, 1, 0 [(0 [0xC004F014, 0, 0], [(?)(?)(?)(?)(?)(?)(?)(?)])(1 )(2 )(3 )]\n17: e18c439e-424a-4e83-8f1b-5f9dd021b38d, 1, 0 [(0 [0xC004F014, 0, 0], [(?)(?)(?)(?)(?)(?)(?)(?)])(1 )(2 )(3 )]\n\n"]},"Binary":null},"raw_xml":null,"source_file":null,"sigma_matches":[]},
{"record_id":2332,"event_id":16384,"level":"Information","timestamp":"2026-02-23T14:22:51.596965Z","provider":"Microsoft-Windows-Security-SPP","channel":"Application","computer":"Niaina","task_id":0,"keywords":36028797018963968,"user_id":null,"data":{"Data":{"#text":["2026-05-20T15:57:51Z","RulesEngine"]},"Binary":null},"raw_xml":null,"source_file":null,"sigma_matches":[]},
{"record_id":2333,"event_id":903,"level":"Information","timestamp":"2026-02-23T14:22:51.614485Z","provider":"Microsoft-Windows-Security-SPP","channel":"Application","computer":"Niaina","task_id":0,"keywords":36028797018963968,"user_id":null,"data":{"Data":{"#text":""},"Binary":null},"raw_xml":null,"source_file":null,"sigma_matches":[]},
{"record_id":2334,"event_id":0,"level":"Information","timestamp":"2026-02-23T14:23:02.228752Z","provider":"edgeupdate","channel":"Application","computer":"Niaina","task_id":0,"keywords":36028797018963968,"user_id":null,"data":{"Data":{"#text":"Service stopped"},"Binary":null},"raw_xml":null,"source_file":null,"sigma_matches":[]},
{"record_id":2335,"event_id":900,"level":"Information","timestamp":"2026-02-23T14:23:02.697749Z","provider":"Microsoft-Windows-Security-SPP","channel":"Application","computer":"Niaina","task_id":0,"keywords":36028797018963968,"user_id":null,"data":{"Data":{"#text":"<explicit>"},"Binary":null},"raw_xml":null,"source_file":null,"sigma_matches":[]},
{"record_id":2336,"event_id":16394,"level":"Information","timestamp":"2026-02-23T14:23:02.780124Z","provider":"Microsoft-Windows-Security-SPP","channel":"Application","computer":"Niaina","task_id":0,"keywords":36028797018963968,"user_id":null,"data":{"Data":{"#text":""},"Binary":null},"raw_xml":null,"source_file":null,"sigma_matches":[]},
{"record_id":2337,"event_id":1,"level":"Information","timestamp":"2026-02-23T14:23:03.594987Z","provider":"SecurityCenter","channel":"Application","computer":"Niaina","task_id":0,"keywords":36028797018963968,"user_id":null,"data":{"Data":{"#text":""},"Binary":null},"raw_xml":null,"source_file":null,"sigma_matches":[]},
{"record_id":2338,"event_id":15,"level":"Information","timestamp":"2026-02-23T14:23:05.618509Z","provider":"SecurityCenter","channel":"Application","computer":"Niaina","task_id":0,"keywords":36028797018963968,"user_id":null,"data":{"Data":{"#text":["Windows Defender","SECURITY_PRODUCT_STATE_ON"]},"Binary":null},"raw_xml":null,"source_file":null,"sigma_matches":[]},
{"record_id":2339,"event_id":16384,"level":"Information","timestamp":"2026-02-23T14:23:33.756902Z","provider":"Microsoft-Windows-Security-SPP","channel":"Application","computer":"Niaina","task_id":0,"keywords":36028797018963968,"user_id":null,"data":{"Data":{"#text":["2026-05-20T15:58:33Z","RulesEngine"]},"Binary":null},"raw_xml":null,"source_file":null,"sigma_matches":[]},
{"record_id":2340,"event_id":15,"level":"Information","timestamp":"2026-02-23T14:31:59.877100Z","provider":"SecurityCenter","channel":"Application","computer":"Niaina","task_id":0,"keywords":36028797018963968,"user_id":null,"data":{"Data":{"#text":["Windows Defender","SECURITY_PRODUCT_STATE_ON"]},"Binary":null},"raw_xml":null,"source_file":null,"sigma_matches":[]},
{"record_id":2341,"event_id":508,"level":"Warning","timestamp":"2026-02-23T14:38:07.223619Z","provider":"ESENT","channel":"Application","computer":"Niaina","task_id":7,"keywords":36028797018963968,"user_id":null,"data":{"Data":{"#text":["taskhostw","7324,D,0,0","WebCacheLocal: ","C:\\Users\\Niaina\\AppData\\Local\\Microsoft\\Windows\\WebCache\\V01.log","446464 (0x000000000006d000)","4096 (0x00001000)","36"]},"Binary":null},"raw_xml":null,"source_file":null,"sigma_matches":[]},
{"record_id":2342,"event_id":508,"level":"Warning","timestamp":"2026-02-23T14:38:07.224724Z","provider":"ESENT","channel":"Application","computer":"Niaina","task_id":7,"keywords":36028797018963968,"user_id":null,"data":{"Data":{"#text":["taskhostw","7324,D,0,0","WebCacheLocal: ","C:\\Users\\Niaina\\AppData\\Local\\Microsoft\\Windows\\WebCache\\WebCacheV01.jfm","0 (0x0000000000000000)","8192 (0x00002000)","32"]},"Binary":null},"raw_xml":null,"source_file":null,"sigma_matches":[]},
{"record_id":2343,"event_id":533,"level":"Warning","timestamp":"2026-02-23T14:38:07.225465Z","provider":"ESENT","channel":"Application","computer":"Niaina","task_id":1,"keywords":36028797018963968,"user_id":null,"data":{"Data":{"#text":["taskhostw","7324,D,0,0","WebCacheLocal: ","C:\\Users\\Niaina\\AppData\\Local\\Microsoft\\Windows\\WebCache\\V01.log","446464 (0x000000000006d000)","4096 (0x00001000)","36"]},"Binary":null},"raw_xml":null,"source_file":null,"sigma_matches":[]},
{"record_id":2344,"event_id":508,"level":"Warning","timestamp":"2026-02-23T15:30:57.216218Z","provider":"ESENT","channel":"Application","computer":"Niaina","task_id":7,"keywords":36028797018963968,"user_id":null,"data":{"Data":{"#text":["taskhostw","7324,D,0,0","WebCacheLocal: ","C:\\Users\\Niaina\\AppData\\Local\\Microsoft\\Windows\\WebCache\\V01.log","81920 (0x0000000000014000)","4096 (0x00001000)","32"]},"Binary":null},"raw_xml":null,"source_file":null,"sigma_matches":[]},
{"record_id":2345,"event_id":510,"level":"Warning","timestamp":"2026-02-23T15:30:57.224425Z","provider":"ESENT","channel":"Application","computer":"Niaina","task_id":7,"keywords":36028797018963968,"user_id":null,"data":{"Data":{"#text":["taskhostw","7324,D,0,0","WebCacheLocal: ","C:\\Users\\Niaina\\AppData\\Local\\Microsoft\\Windows\\WebCache\\WebCacheV01.jfm","8192 (0x0000000000002000)","8192 (0x00002000)","28","0","3169"]},"Binary":null},"raw_xml":null,"source_file":null,"sigma_matches":[]},
{"record_id":2346,"event_id":533,"level":"Warning","timestamp":"2026-02-23T15:30:57.225115Z","provider":"ESENT","channel":"Application","computer":"Niaina","task_id":1,"keywords":36028797018963968,"user_id":null,"data":{"Data":{"#text":["taskhostw","7324,D,0,0","WebCacheLocal: ","C:\\Users\\Niaina\\AppData\\Local\\Microsoft\\Windows\\WebCache\\V01.log","81920 (0x0000000000014000)","4096 (0x00001000)","36"]},"Binary":null},"raw_xml":null,"source_file":null,"sigma_matches":[]},
{"record_id":2347,"event_id":16394,"level":"Information","timestamp":"2026-02-23T15:49:34.162878Z","provider":"Microsoft-Windows-Security-SPP","channel":"Application","computer":"Niaina","task_id":0,"keywords":36028797018963968,"user_id":null,"data":{"Data":{"#text":""},"Binary":null},"raw_xml":null,"source_file":null,"sigma_matches":[]},
{"record_id":2348,"event_id":16384,"level":"Information","timestamp":"2026-02-23T15:50:04.425501Z","provider":"Microsoft-Windows-Security-SPP","channel":"Application","computer":"Niaina","task_id":0,"keywords":36028797018963968,"user_id":null,"data":{"Data":{"#text":["2026-05-20T15:58:04Z","RulesEngine"]},"Binary":null},"raw_xml":null,"source_file":null,"sigma_matches":[]},
{"record_id":2349,"event_id":16394,"level":"Information","timestamp":"2026-02-23T15:51:14.258935Z","provider":"Microsoft-Windows-Security-SPP","channel":"Application","computer":"Niaina","task_id":0,"keywords":36028797018963968,"user_id":null,"data":{"Data":{"#text":""},"Binary":null},"raw_xml":null,"source_file":null,"sigma_matches":[]},
{"record_id":2350,"event_id":16384,"level":"Information","timestamp":"2026-02-23T15:51:44.656033Z","provider":"Microsoft-Windows-Security-SPP","channel":"Application","computer":"Niaina","task_id":0,"keywords":36028797018963968,"user_id":null,"data":{"Data":{"#text":["2026-05-20T15:58:44Z","RulesEngine"]},"Binary":null},"raw_xml":null,"source_file":null,"sigma_matches":[]},
{"record_id":2351,"event_id":0,"level":"Information","timestamp":"2026-02-23T15:53:02.779192Z","provider":"edgeupdate","channel":"Application","computer":"Niaina","task_id":0,"keywords":36028797018963968,"user_id":null,"data":{"Data":{"#text":"Service stopped"},"Binary":null},"raw_xml":null,"source_file":null,"sigma_matches":[]},
{"record_id":2352,"event_id":16394,"level":"Information","timestamp":"2026-02-23T16:22:08.824800Z","provider":"Microsoft-Windows-Security-SPP","channel":"Application","computer":"Niaina","task_id":0,"keywords":36028797018963968,"user_id":null,"data":{"Data":{"#text":""},"Binary":null},"raw_xml":null,"source_file":null,"sigma_matches":[]},
{"record_id":2353,"event_id":16384,"level":"Information","timestamp":"2026-02-23T16:22:39.562618Z","provider":"Microsoft-Windows-Security-SPP","channel":"Application","computer":"Niaina","task_id":0,"keywords":36028797018963968,"user_id":null,"data":{"Data":{"#text":["2026-05-20T15:58:39Z","RulesEngine"]},"Binary":null},"raw_xml":null,"source_file":null,"sigma_matches":[]},
{"record_id":2354,"event_id":16394,"level":"Information","timestamp":"2026-02-23T16:28:09.788616Z","provider":"Microsoft-Windows-Security-SPP","channel":"Application","computer":"Niaina","task_id":0,"keywords":36028797018963968,"user_id":null,"data":{"Data":{"#text":""},"Binary":null},"raw_xml":null,"source_file":null,"sigma_matches":[]},
{"record_id":2355,"event_id":16384,"level":"Information","timestamp":"2026-02-23T16:28:43.589654Z","provider":"Microsoft-Windows-Security-SPP","channel":"Application","computer":"Niaina","task_id":0,"keywords":36028797018963968,"user_id":null,"data":{"Data":{"#text":["2026-05-20T15:58:43Z","RulesEngine"]},"Binary":null},"raw_xml":null,"source_file":null,"sigma_matches":[]},
{"record_id":2356,"event_id":100,"level":"Error","timestamp":"2026-02-23T16:47:15.777098Z","provider":"Bonjour Service","channel":"Application","computer":"Niaina","task_id":0,"keywords":36028797018963968,"user_id":null,"data":{"Data":{"#text":"mDNSCoreReceiveResponse: Received from 192.168.88.248:5353   16 Niaina.local. AAAA FE80:0000:0000:0000:F59E:2296:BDD0:7541"},"Binary":null},"raw_xml":null,"source_file":null,"sigma_matches":[]},
{"record_id":2357,"event_id":100,"level":"Error","timestamp":"2026-02-23T16:47:15.778038Z","provider":"Bonjour Service","channel":"Application","computer":"Niaina","task_id":0,"keywords":36028797018963968,"user_id":null,"data":{"Data":{"#text":"mDNSCoreReceiveResponse: ProbeCount 2; will deregister    4 Niaina.local. Addr 192.168.88.246"},"Binary":null},"raw_xml":null,"source_file":null,"sigma_matches":[]},
{"record_id":2358,"event_id":100,"level":"Error","timestamp":"2026-02-23T16:47:15.778150Z","provider":"Bonjour Service","channel":"Application","computer":"Niaina","task_id":0,"keywords":36028797018963968,"user_id":null,"data":{"Data":{"#text":"Local Hostname Niaina.local already in use; will try Niaina-2.local instead"},"Binary":null},"raw_xml":null,"source_file":null,"sigma_matches":[]},
{"record_id":2359,"event_id":16394,"level":"Information","timestamp":"2026-02-23T17:08:09.893702Z","provider":"Microsoft-Windows-Security-SPP","channel":"Application","computer":"Niaina","task_id":0,"keywords":36028797018963968,"user_id":null,"data":{"Data":{"#text":""},"Binary":null},"raw_xml":null,"source_file":null,"sigma_matches":[]},
{"record_id":2360,"event_id":16384,"level":"Information","timestamp":"2026-02-23T17:08:40.203969Z","provider":"Microsoft-Windows-Security-SPP","channel":"Application","computer":"Niaina","task_id":0,"keywords":36028797018963968,"user_id":null,"data":{"Data":{"#text":["2026-05-20T15:58:40Z","RulesEngine"]},"Binary":null},"raw_xml":null,"source_file":null,"sigma_matches":[]},
{"record_id":2361,"event_id":16394,"level":"Information","timestamp":"2026-02-23T17:19:52.113966Z","provider":"Microsoft-Windows-Security-SPP","channel":"Application","computer":"Niaina","task_id":0,"keywords":36028797018963968,"user_id":null,"data":{"Data":{"#text":""},"Binary":null},"raw_xml":null,"source_file":null,"sigma_matches":[]},
{"record_id":2362,"event_id":16384,"level":"Information","timestamp":"2026-02-23T17:20:22.492388Z","provider":"Microsoft-Windows-Security-SPP","channel":"Application","computer":"Niaina","task_id":0,"keywords":36028797018963968,"user_id":null,"data":{"Data":{"#text":["2026-05-20T15:58:22Z","RulesEngine"]},"Binary":null},"raw_xml":null,"source_file":null,"sigma_matches":[]},
{"record_id":2363,"event_id":16394,"level":"Information","timestamp":"2026-02-23T17:35:26.497220Z","provider":"Microsoft-Windows-Security-SPP","channel":"Application","computer":"Niaina","task_id":0,"keywords":36028797018963968,"user_id":null,"data":{"Data":{"#text":""},"Binary":null},"raw_xml":null,"source_file":null,"sigma_matches":[]},
{"record_id":2364,"event_id":16384,"level":"Information","timestamp":"2026-02-23T17:35:56.888860Z","provider":"Microsoft-Windows-Security-SPP","channel":"Application","computer":"Niaina","task_id":0,"keywords":36028797018963968,"user_id":null,"data":{"Data":{"#text":["2026-05-20T15:57:56Z","RulesEngine"]},"Binary":null},"raw_xml":null,"source_file":null,"sigma_matches":[]},
{"record_id":2365,"event_id":0,"level":"Information","timestamp":"2026-02-23T17:49:44.617155Z","provider":"igfxCUIService2.0.0.0","channel":"Application","computer":"Niaina","task_id":0,"keywords":36028797018963968,"user_id":null,"data":{"Data":{"#text":" Logoff: Test\n"},"Binary":null},"raw_xml":null,"source_file":null,"sigma_matches":[]},
{"record_id":2366,"event_id":0,"level":"Information","timestamp":"2026-02-23T17:49:44.623734Z","provider":"igfxCUIService2.0.0.0","channel":"Application","computer":"Niaina","task_id":0,"keywords":36028797018963968,"user_id":null,"data":{"Data":{"#text":" Logoff: 1\n"},"Binary":null},"raw_xml":null,"source_file":null,"sigma_matches":[]},
{"record_id":2367,"event_id":6000,"level":"Information","timestamp":"2026-02-23T17:49:44.627297Z","provider":"Microsoft-Windows-Winlogon","channel":"Application","computer":"Niaina","task_id":0,"keywords":36028797018963968,"user_id":null,"data":{"Data":{"#text":"WSearch"},"Binary":"D9060000"},"raw_xml":null,"source_file":null,"sigma_matches":[]},
{"record_id":2368,"event_id":0,"level":"Information","timestamp":"2026-02-23T17:49:46.560477Z","provider":"RtkAudioUniversalService","channel":"Application","computer":"Niaina","task_id":0,"keywords":36028797018963968,"user_id":null,"data":{"Data":{"#text":["RtkAudioUniversalService","CppWindowsService in OnStop"]},"Binary":null},"raw_xml":null,"source_file":null,"sigma_matches":[]},
{"record_id":2369,"event_id":1532,"level":"Information","timestamp":"2026-02-23T17:49:46.567299Z","provider":"Microsoft-Windows-User Profiles Service","channel":"Application","computer":"Niaina","task_id":0,"keywords":9223372036854775808,"user_id":"S-1-5-18","data":null,"raw_xml":null,"source_file":null,"sigma_matches":[]},
{"record_id":2370,"event_id":0,"level":"Information","timestamp":"2026-02-24T04:01:28.637955Z","provider":"igfxCUIService2.0.0.0","channel":"Application","computer":"Niaina","task_id":0,"keywords":36028797018963968,"user_id":null,"data":{"Data":{"#text":"Service started/resumed"},"Binary":null},"raw_xml":null,"source_file":null,"sigma_matches":[]},
{"record_id":2371,"event_id":1531,"level":"Information","timestamp":"2026-02-24T04:01:28.245604Z","provider":"Microsoft-Windows-User Profiles Service","channel":"Application","computer":"Niaina","task_id":0,"keywords":9223372036854775808,"user_id":"S-1-5-18","data":null,"raw_xml":null,"source_file":null,"sigma_matches":[]},
{"record_id":2372,"event_id":0,"level":"Information","timestamp":"2026-02-24T04:01:29.428964Z","provider":"IntelDalJhi","channel":"Application","computer":"Niaina","task_id":0,"keywords":36028797018963968,"user_id":null,"data":{"Data":{"#text":""},"Binary":null},"raw_xml":null,"source_file":null,"sigma_matches":[]},
{"record_id":2373,"event_id":100,"level":"Information","timestamp":"2026-02-24T04:01:29.448606Z","provider":"Bonjour Service","channel":"Application","computer":"Niaina","task_id":0,"keywords":36028797018963968,"user_id":null,"data":{"Data":{"#text":"Service initializing"},"Binary":null},"raw_xml":null,"source_file":null,"sigma_matches":[]},
{"record_id":2374,"event_id":0,"level":"Information","timestamp":"2026-02-24T04:01:29.524103Z","provider":"RtkAudioUniversalService","channel":"Application","computer":"Niaina","task_id":0,"keywords":36028797018963968,"user_id":null,"data":{"Data":{"#text":["RtkAudioUniversalService","CppWindowsService in OnStart"]},"Binary":null},"raw_xml":null,"source_file":null,"sigma_matches":[]},
{"record_id":2375,"event_id":100,"level":"Information","timestamp":"2026-02-24T04:01:29.658251Z","provider":"Bonjour Service","channel":"Application","computer":"Niaina","task_id":0,"keywords":36028797018963968,"user_id":null,"data":{"Data":{"#text":"Service initialized"},"Binary":null},"raw_xml":null,"source_file":null,"sigma_matches":[]},
{"record_id":2376,"event_id":100,"level":"Information","timestamp":"2026-02-24T04:01:29.663346Z","provider":"Bonjour Service","channel":"Application","computer":"Niaina","task_id":0,"keywords":36028797018963968,"user_id":null,"data":{"Data":{"#text":"Service started\n"},"Binary":null},"raw_xml":null,"source_file":null,"sigma_matches":[]},
{"record_id":2377,"event_id":5615,"level":"Information","timestamp":"2026-02-24T04:01:29.592539Z","provider":"Microsoft-Windows-WMI","channel":"Application","computer":"Niaina","task_id":0,"keywords":9223372036854775808,"user_id":"S-1-5-18","data":null,"raw_xml":null,"source_file":null,"sigma_matches":[]},
{"record_id":2378,"event_id":2000,"level":"Information","timestamp":"2026-02-24T04:01:29.974130Z","provider":"LMS","channel":"Application","computer":"Niaina","task_id":3,"keywords":36028797018963968,"user_id":null,"data":{"Data":{"#text":"Local Management Service started."},"Binary":null},"raw_xml":null,"source_file":null,"sigma_matches":[]},
{"record_id":2379,"event_id":0,"level":"Information","timestamp":"2026-02-24T04:01:30.004538Z","provider":"LMS","channel":"Application","computer":"Niaina","task_id":0,"keywords":36028797018963968,"user_id":null,"data":{"Data":{"#text":"Service started/resumed"},"Binary":null},"raw_xml":null,"source_file":null,"sigma_matches":[]},
{"record_id":2380,"event_id":0,"level":"Information","timestamp":"2026-02-24T04:01:30.084064Z","provider":"PostgreSQL","channel":"Application","computer":"Niaina","task_id":0,"keywords":36028797018963968,"user_id":null,"data":{"Data":{"#text":"Waiting for server startup...\n"},"Binary":null},"raw_xml":null,"source_file":null,"sigma_matches":[]},
{"record_id":2381,"event_id":0,"level":"Information","timestamp":"2026-02-24T04:01:30.311406Z","provider":"OpenVpnService","channel":"Application","computer":"Niaina","task_id":0,"keywords":36028797018963968,"user_id":null,"data":{"Data":{"#text":"Le service a démarré avec succès."},"Binary":null},"raw_xml":null,"source_file":null,"sigma_matches":[]},
{"record_id":2382,"event_id":0,"level":"Information","timestamp":"2026-02-24T04:01:30.464149Z","provider":"PostgreSQL","channel":"Application","computer":"Niaina","task_id":0,"keywords":36028797018963968,"user_id":null,"data":{"Data":{"#text":"2026-02-24 07:01:30 EAT LOG:  redirection des traces vers le processus de récupération des traces\n2026-02-24 07:01:30 EAT ASTUCE :  Les prochaines traces apparaîtront dans le répertoire « log ».\n"},"Binary":null},"raw_xml":null,"source_file":null,"sigma_matches":[]},
{"record_id":2383,"event_id":0,"level":"Information","timestamp":"2026-02-24T04:01:30.642121Z","provider":"PostgreSQL","channel":"Application","computer":"Niaina","task_id":0,"keywords":36028797018963968,"user_id":null,"data":{"Data":{"#text":"Server started and accepting connections\n"},"Binary":null},"raw_xml":null,"source_file":null,"sigma_matches":[]},
{"record_id":2384,"event_id":5617,"level":"Information","timestamp":"2026-02-24T04:01:30.194905Z","provider":"Microsoft-Windows-WMI","channel":"Application","computer":"Niaina","task_id":0,"keywords":9223372036854775808,"user_id":"S-1-5-18","data":null,"raw_xml":null,"source_file":null,"sigma_matches":[]},
{"record_id":2385,"event_id":0,"level":"Information","timestamp":"2026-02-24T04:01:33.937880Z","provider":"igfxCUIService2.0.0.0","channel":"Application","computer":"Niaina","task_id":0,"keywords":36028797018963968,"user_id":null,"data":{"Data":{"#text":"Log on event received User1\n"},"Binary":null},"raw_xml":null,"source_file":null,"sigma_matches":[]},
{"record_id":2386,"event_id":0,"level":"Information","timestamp":"2026-02-24T04:01:33.951543Z","provider":"igfxCUIService2.0.0.0","channel":"Application","computer":"Niaina","task_id":0,"keywords":36028797018963968,"user_id":null,"data":{"Data":{"#text":"Logon: 1\n"},"Binary":null},"raw_xml":null,"source_file":null,"sigma_matches":[]},
{"record_id":2387,"event_id":0,"level":"Information","timestamp":"2026-02-24T04:01:33.971230Z","provider":"igfxCUIService2.0.0.0","channel":"Application","computer":"Niaina","task_id":0,"keywords":36028797018963968,"user_id":null,"data":{"Data":{"#text":"Received Post Shell Event 1\n"},"Binary":null},"raw_xml":null,"source_file":null,"sigma_matches":[]},
{"record_id":2388,"event_id":0,"level":"Information","timestamp":"2026-02-24T04:01:35.879315Z","provider":"Microsoft PC Manager Service","channel":"Application","computer":"Niaina","task_id":0,"keywords":36028797018963968,"user_id":null,"data":{"Data":{"#text":"Service started successfully."},"Binary":null},"raw_xml":null,"source_file":null,"sigma_matches":[]},
{"record_id":2389,"event_id":23,"level":"Warning","timestamp":"2026-02-24T04:01:36.427902Z","provider":"Microsoft-Windows-AppModel-State","channel":"Application","computer":"Niaina","task_id":0,"keywords":9223372036854775808,"user_id":"S-1-5-18","data":{"Operation":"InitializeDataChangedSignaler","PackageFamily":"Microsoft.MicrosoftPCManager_8wekyb3d8bbwe","OperationError":-2147024894},"raw_xml":null,"source_file":null,"sigma_matches":[]},
{"record_id":2390,"event_id":24,"level":"Warning","timestamp":"2026-02-24T04:01:36.431856Z","provider":"Microsoft-Windows-AppModel-State","channel":"Application","computer":"Niaina","task_id":0,"keywords":9223372036854775808,"user_id":"S-1-5-18","data":{"Operation":"InitializeDataChangedSignaler","PackageFamily":"Microsoft.MicrosoftPCManager_8wekyb3d8bbwe","OperationError":-2147024894,"RepairTriggerError":-2147023584},"raw_xml":null,"source_file":null,"sigma_matches":[]},
{"record_id":2391,"event_id":20,"level":"Warning","timestamp":"2026-02-24T04:01:36.431893Z","provider":"Microsoft-Windows-AppModel-State","channel":"Application","computer":"Niaina","task_id":0,"keywords":9223372036854775808,"user_id":"S-1-5-18","data":{"Operation":"InitializeDataChangedSignaler","PackageFamily":"Microsoft.MicrosoftPCManager_8wekyb3d8bbwe","OperationError":-2147024894},"raw_xml":null,"source_file":null,"sigma_matches":[]},
{"record_id":2392,"event_id":21,"level":"Warning","timestamp":"2026-02-24T04:01:36.431938Z","provider":"Microsoft-Windows-AppModel-State","channel":"Application","computer":"Niaina","task_id":0,"keywords":9223372036854775808,"user_id":"S-1-5-18","data":{"Operation":"InitializeDataChangedSignaler","PackageFamily":"Microsoft.MicrosoftPCManager_8wekyb3d8bbwe","OperationError":-2147024894,"RepairTriggerError":-2147024891},"raw_xml":null,"source_file":null,"sigma_matches":[]},
{"record_id":2393,"event_id":1003,"level":"Information","timestamp":"2026-02-24T04:01:45.798482Z","provider":"Microsoft-Windows-Search","channel":"Application","computer":"Niaina","task_id":1,"keywords":36028797018963968,"user_id":null,"data":{"ExtraInfo":"\n"},"raw_xml":null,"source_file":null,"sigma_matches":[]},
{"record_id":2394,"event_id":900,"level":"Information","timestamp":"2026-02-24T04:01:58.780584Z","provider":"Microsoft-Windows-Security-SPP","channel":"Application","computer":"Niaina","task_id":0,"keywords":36028797018963968,"user_id":null,"data":{"Data":{"#text":"TriggerStarted:6"},"Binary":null},"raw_xml":null,"source_file":null,"sigma_matches":[]},
{"record_id":2395,"event_id":16394,"level":"Information","timestamp":"2026-02-24T04:01:58.871898Z","provider":"Microsoft-Windows-Security-SPP","channel":"Application","computer":"Niaina","task_id":0,"keywords":36028797018963968,"user_id":null,"data":{"Data":{"#text":""},"Binary":null},"raw_xml":null,"source_file":null,"sigma_matches":[]},
{"record_id":2396,"event_id":1066,"level":"Information","timestamp":"2026-02-24T04:01:59.063106Z","provider":"Microsoft-Windows-Security-SPP","channel":"Application","computer":"Niaina","task_id":0,"keywords":36028797018963968,"user_id":null,"data":{"Data":{"#text":"C:\\WINDOWS\\system32\\sppwinob.dll, msft:spp/windowsfunctionality/agent/7.0, 0x00000000, 0x00000000\nC:\\WINDOWS\\system32\\sppobjs.dll, msft:rm/algorithm/inherited/1.0, 0x00000000, 0x00000000\nC:\\WINDOWS\\system32\\sppobjs.dll, msft:rm/algorithm/phone/1.0, 0x00000000, 0x00000000\nC:\\WINDOWS\\system32\\sppobjs.dll, msft:rm/algorithm/pkey/detect, 0x00000000, 0x00000000\nC:\\WINDOWS\\system32\\sppobjs.dll, msft:spp/ActionScheduler/1.0, 0x00000000, 0x00000000\nC:\\WINDOWS\\system32\\sppobjs.dll, msft:spp/TaskScheduler/1.0, 0x00000000, 0x00000000\nC:\\WINDOWS\\system32\\sppobjs.dll, msft:spp/statecollector/pkey, 0x00000000, 0x00000000\nC:\\WINDOWS\\system32\\sppobjs.dll, msft:spp/volume/services/kms/1.0, 0x00000000, 0x00000000\nC:\\WINDOWS\\system32\\sppobjs.dll, msft:spp/volume/services/kms/activationinfo/1.0, 0x00000000, 0x00000000\n"},"Binary":null},"raw_xml":null,"source_file":null,"sigma_matches":[]},
