{"record_id":253,"event_id":1004,"level":"Information","timestamp":"2026-02-19T15:53:23.276473Z","provider":"Microsoft-Windows-Security-SPP","channel":"Application","computer":"Niaina","task_id":0,"keywords":36028797018963968,"user_id":null,"data":{"Data":{"#text":["Office 19 UL oob License (Private)","7be25b9e-bc74-447d-9356-ae390ff5814f"]},"Binary":null},"raw_xml":null,"source_file":null,"sigma_matches":[]},
{"record_id":254,"event_id":1004,"level":"Information","timestamp":"2026-02-19T15:53:23.298032Z","provider":"Microsoft-Windows-Security-SPP","channel":"Application","computer":"Niaina","task_id":0,"keywords":36028797018963968,"user_id":null,"data":{"Data":{"#text":["client-issuance-bridge-office Issuance License","4d4a5396-01a7-4ae5-9973-b53bb1af5c30"]},"Binary":null},"raw_xml":null,"source_file":null,"sigma_matches":[]},
{"record_id":255,"event_id":1004,"level":"Information","timestamp":"2026-02-19T15:53:23.322034Z","provider":"Microsoft-Windows-Security-SPP","channel":"Application","computer":"Niaina","task_id":0,"keywords":36028797018963968,"user_id":null,"data":{"Data":{"#text":["Office 19 UL phone License (Public)","a877a4d0-82be-4866-a7d8-0f75f8474a18"]},"Binary":null},"raw_xml":null,"source_file":null,"sigma_matches":[]},
{"record_id":256,"event_id":1004,"level":"Information","timestamp":"2026-02-19T15:53:23.322817Z","provider":"Microsoft-Windows-Security-SPP","channel":"Application","computer":"Niaina","task_id":0,"keywords":36028797018963968,"user_id":null,"data":{"Data":{"#text":["Office 19 UL phone License (Private)","baa3f7da-6de5-431d-a3b1-d76696ac09a3"]},"Binary":null},"raw_xml":null,"source_file":null,"sigma_matches":[]},
{"record_id":257,"event_id":1016,"level":"Information","timestamp":"2026-02-19T15:53:23.620918Z","provider":"Microsoft-Windows-Security-SPP","channel":"Application","computer":"Niaina","task_id":0,"keywords":36028797018963968,"user_id":null,"data":{"Data":{"#text":["85dd8b5f-eaa4-4af3-a628-cce9e77c9a03","ded52f4b-14aa-d482-0710-8c368728057a"]},"Binary":null},"raw_xml":null,"source_file":null,"sigma_matches":[]},
{"record_id":258,"event_id":1034,"level":"Information","timestamp":"2026-02-19T15:53:23.889961Z","provider":"Microsoft-Windows-Security-SPP","channel":"Application","computer":"Niaina","task_id":0,"keywords":36028797018963968,"user_id":null,"data":{"Data":{"#text":["AAD-AddDeviceJoinUserToAdminGroup-Policy","100"]},"Binary":null},"raw_xml":null,"source_file":null,"sigma_matches":[]},
{"record_id":259,"event_id":1034,"level":"Information","timestamp":"2026-02-19T15:53:23.902397Z","provider":"Microsoft-Windows-Security-SPP","channel":"Application","computer":"Niaina","task_id":0,"keywords":36028797018963968,"user_id":null,"data":{"Data":{"#text":["AAD-AddDeviceJoinUserToAdminGroup-Policy","100"]},"Binary":null},"raw_xml":null,"source_file":null,"sigma_matches":[]},
{"record_id":260,"event_id":1034,"level":"Information","timestamp":"2026-02-19T15:53:23.914178Z","provider":"Microsoft-Windows-Security-SPP","channel":"Application","computer":"Niaina","task_id":0,"keywords":36028797018963968,"user_id":null,"data":{"Data":{"#text":["AAD-AddDeviceJoinUserToAdminGroup-Policy","100"]},"Binary":null},"raw_xml":null,"source_file":null,"sigma_matches":[]},
{"record_id":261,"event_id":1034,"level":"Information","timestamp":"2026-02-19T15:53:23.927132Z","provider":"Microsoft-Windows-Security-SPP","channel":"Application","computer":"Niaina","task_id":0,"keywords":36028797018963968,"user_id":null,"data":{"Data":{"#text":["AAD-AddDeviceJoinUserToAdminGroup-Policy","100"]},"Binary":null},"raw_xml":null,"source_file":null,"sigma_matches":[]},
{"record_id":262,"event_id":1034,"level":"Information","timestamp":"2026-02-19T15:53:23.941472Z","provider":"Microsoft-Windows-Security-SPP","channel":"Application","computer":"Niaina","task_id":0,"keywords":36028797018963968,"user_id":null,"data":{"Data":{"#text":["AAD-AddDeviceJoinUserToAdminGroup-Policy","100"]},"Binary":null},"raw_xml":null,"source_file":null,"sigma_matches":[]},
{"record_id":263,"event_id":1034,"level":"Information","timestamp":"2026-02-19T15:53:23.955653Z","provider":"Microsoft-Windows-Security-SPP","channel":"Application","computer":"Niaina","task_id":0,"keywords":36028797018963968,"user_id":null,"data":{"Data":{"#text":["AAD-AddDeviceJoinUserToAdminGroup-Policy","100"]},"Binary":null},"raw_xml":null,"source_file":null,"sigma_matches":[]},
{"record_id":264,"event_id":1034,"level":"Information","timestamp":"2026-02-19T15:53:23.967349Z","provider":"Microsoft-Windows-Security-SPP","channel":"Application","computer":"Niaina","task_id":0,"keywords":36028797018963968,"user_id":null,"data":{"Data":{"#text":["AAD-AddDeviceJoinUserToAdminGroup-Policy","100"]},"Binary":null},"raw_xml":null,"source_file":null,"sigma_matches":[]},
{"record_id":265,"event_id":1034,"level":"Information","timestamp":"2026-02-19T15:53:23.979256Z","provider":"Microsoft-Windows-Security-SPP","channel":"Application","computer":"Niaina","task_id":0,"keywords":36028797018963968,"user_id":null,"data":{"Data":{"#text":["AAD-AddDeviceJoinUserToAdminGroup-Policy","100"]},"Binary":null},"raw_xml":null,"source_file":null,"sigma_matches":[]},
{"record_id":266,"event_id":1034,"level":"Information","timestamp":"2026-02-19T15:53:23.992103Z","provider":"Microsoft-Windows-Security-SPP","channel":"Application","computer":"Niaina","task_id":0,"keywords":36028797018963968,"user_id":null,"data":{"Data":{"#text":["AAD-AddDeviceJoinUserToAdminGroup-Policy","100"]},"Binary":null},"raw_xml":null,"source_file":null,"sigma_matches":[]},
{"record_id":267,"event_id":1034,"level":"Information","timestamp":"2026-02-19T15:53:24.004259Z","provider":"Microsoft-Windows-Security-SPP","channel":"Application","computer":"Niaina","task_id":0,"keywords":36028797018963968,"user_id":null,"data":{"Data":{"#text":["AAD-AddDeviceJoinUserToAdminGroup-Policy","100"]},"Binary":null},"raw_xml":null,"source_file":null,"sigma_matches":[]},
{"record_id":268,"event_id":1034,"level":"Information","timestamp":"2026-02-19T15:53:24.016331Z","provider":"Microsoft-Windows-Security-SPP","channel":"Application","computer":"Niaina","task_id":0,"keywords":36028797018963968,"user_id":null,"data":{"Data":{"#text":["AAD-AddDeviceJoinUserToAdminGroup-Policy","100"]},"Binary":null},"raw_xml":null,"source_file":null,"sigma_matches":[]},
{"record_id":269,"event_id":1034,"level":"Information","timestamp":"2026-02-19T15:53:24.020893Z","provider":"Microsoft-Windows-Security-SPP","channel":"Application","computer":"Niaina","task_id":0,"keywords":36028797018963968,"user_id":null,"data":{"Data":{"#text":["Security-SPP-WriteWauMarker","500"]},"Binary":null},"raw_xml":null,"source_file":null,"sigma_matches":[]},
{"record_id":270,"event_id":1033,"level":"Information","timestamp":"2026-02-19T15:53:24.022804Z","provider":"Microsoft-Windows-Security-SPP","channel":"Application","computer":"Niaina","task_id":0,"keywords":36028797018963968,"user_id":null,"data":{"Data":{"#text":["(Security-SPP-Reserved-EnableNotificationMode) ","55c92734-d682-4d71-983e-d6ec3f16059f","4de7cb65-cdf1-4de9-8ae8-e3cce27b9f2c"]},"Binary":null},"raw_xml":null,"source_file":null,"sigma_matches":[]},
{"record_id":271,"event_id":1003,"level":"Information","timestamp":"2026-02-19T15:53:24.037278Z","provider":"Microsoft-Windows-Security-SPP","channel":"Application","computer":"Niaina","task_id":0,"keywords":36028797018963968,"user_id":null,"data":{"Data":{"#text":["55c92734-d682-4d71-983e-d6ec3f16059f","\n1: 01eb852c-424d-4060-94b8-c10d799d7364, 1, 0 [(0 [0xC004F014, 0, 0], [(?)(?)(?)(?)(?)(?)(?)(?)])(1 )(2 )(3 )]\n2: 040fa323-92b1-4baf-97a2-5b67feaefddb, 1, 0 [(0 [0xC004F014, 0, 0], [(?)(?)(?)(?)(?)(?)(?)(?)])(1 )(2 )(3 )]\n3: 0724cb7d-3437-4cb7-93cb-830375d0079d, 1, 0 [(0 [0xC004F014, 0, 0], [(?)(?)(?)(?)(?)(?)(?)(?)])(1 )(2 )(3 )]\n4: 0ad2ac98-7bb9-4201-8d92-312299201369, 1, 0 [(0 [0xC004F014, 0, 0], [(?)(?)(?)(?)(?)(?)(?)(?)])(1 )(2 )(3 )]\n5: 19de9b2f-0166-4abb-9534-56ea69a80edb, 1, 0 [(0 [0xC004F014, 0, 0], [(?)(?)(?)(?)(?)(?)(?)(?)])(1 )(2 )(3 )]\n6: 1a9a717a-cf13-4ba5-83c3-0fe25fa868d5, 1, 0 [(0 [0xC004F014, 0, 0], [(?)(?)(?)(?)(?)(?)(?)(?)])(1 )(2 )(3 )]\n7: 221a02da-e2a1-4b75-864c-0a4410a33fdf, 1, 0 [(0 [0xC004F014, 0, 0], [(?)(?)(?)(?)(?)(?)(?)(?)])(1 )(2 )(3 )]\n8: 265f3fad-6a1c-4bdd-ae30-c75efa556ccb, 1, 0 [(0 [0xC004F014, 0, 0], [(?)(?)(?)(?)(?)(?)(?)(?)])(1 )(2 )(3 )]\n9: 291ece0e-9c38-40ca-a9e1-32cc7ec19507, 1, 0 [(0 [0xC004F014, 0, 0], [(?)(?)(?)(?)(?)(?)(?)(?)])(1 )(2 )(3 )]\n10: 2936d1d2-913a-4542-b54e-ce5a602a2a38, 1, 0 [(0 [0xC004F014, 0, 0], [(?)(?)(?)(?)(?)(?)(?)(?)])(1 )(2 )(3 )]\n11: 2c293c26-a45a-4a2a-a350-c69a67097529, 1, 0 [(0 [0xC004F014, 0, 0], [(?)(?)(?)(?)(?)(?)(?)(?)])(1 )(2 )(3 )]\n12: 2de67392-b7a7-462a-b1ca-108dd189f588, 1, 0 [(0 [0xC004F014, 0, 0], [(?)(?)(?)(?)(?)(?)(?)(?)])(1 )(2 )(3 )]\n13: 2ffd8952-423e-4903-b993-72a1aa44cf82, 1, 0 [(0 [0xC004F014, 0, 0], [(?)(?)(?)(?)(?)(?)(?)(?)])(1 )(2 )(3 )]\n14: 30a42c86-b7a0-4a34-8c90-ff177cb2acb7, 1, 0 [(0 [0xC004F014, 0, 0], [(?)(?)(?)(?)(?)(?)(?)(?)])(1 )(2 )(3 )]\n15: 345a5db0-d94f-4e3b-a0c0-7c42f7bc3ebf, 1, 0 [(0 [0xC004F014, 0, 0], [(?)(?)(?)(?)(?)(?)(?)(?)])(1 )(2 )(3 )]\n16: 3502365a-f88a-4ba4-822a-5769d3073b65, 1, 0 [(0 [0xC004F014, 0, 0], [(?)(?)(?)(?)(?)(?)(?)(?)])(1 )(2 )(3 )]\n17: 377333b1-8b5d-48d6-9679-1225c872d37c, 1, 0 [(0 [0xC004F014, 0, 0], [(?)(?)(?)(?)(?)(?)(?)(?)])(1 )(2 )(3 )]\n18: 3df374ef-d444-4494-a5a1-4b0d9fd0e203, 1, 0 [(0 [0xC004F014, 0, 0], [(?)(?)(?)(?)(?)(?)(?)(?)])(1 )(2 )(3 )]\n19: 3ebce241-ea87-4946-8a4f-80d00e921dff, 1, 0 [(0 [0xC004F014, 0, 0], [(?)(?)(?)(?)(?)(?)(?)(?)])(1 )(2 )(3 )]\n20: 3f1afc82-f8ac-4f6c-8005-1d233e606eee, 1, 0 [(0 [0xC004F014, 0, 0], [(?)(?)(?)(?)(?)(?)(?)(?)])(1 )(2 )(3 )]\n21: 4322a811-697c-44dc-865e-3e2fdcb86009, 1, 0 [(0 [0xC004F014, 0, 0], [(?)(?)(?)(?)(?)(?)(?)(?)])(1 )(2 )(3 )]\n22: 49cd895b-53b2-4dc4-a5f7-b18aa019ad37, 1, 0 [(0 [0xC004F014, 0, 0], [(?)(?)(?)(?)(?)(?)(?)(?)])(1 )(2 )(3 )]\n23: 4de7cb65-cdf1-4de9-8ae8-e3cce27b9f2c, 1, 0 [(0 )(1 )(2 [0x00000000, 1, 0], [(?)( 1 0x00000000)(?)(?)(?)(?)( 10 0x00000000 msft:rm/algorithm/flags/1.0)(?)])(3 )]\n24: 4f3da0d2-271d-4508-ae81-626b60809a38, 1, 0 [(0 [0xC004F014, 0, 0], [(?)(?)(?)(?)(?)(?)(?)(?)])(1 )(2 )(3 )]\n25: 5d78c4e9-aeb3-4b40-8ac2-6a6005e0ad6d, 1, 0 [(0 [0xC004F014, 0, 0], [(?)(?)(?)(?)(?)(?)(?)(?)])(1 )(2 )(3 )]\n26: 60b3ec1b-9545-4921-821f-311b129dd6f6, 1, 0 [(0 [0xC004F014, 0, 0], [(?)(?)(?)(?)(?)(?)(?)(?)])(1 )(2 )(3 )]\n27: 613d217f-7f13-4268-9907-1662339531cd, 1, 0 [(0 [0xC004F014, 0, 0], [(?)(?)(?)(?)(?)(?)(?)(?)])(1 )(2 )(3 )]\n28: 62f0c100-9c53-4e02-b886-a3528ddfe7f6, 1, 0 [(0 [0xC004F014, 0, 0], [(?)(?)(?)(?)(?)(?)(?)(?)])(1 )(2 )(3 )]\n29: 6365275e-368d-46ca-a0ef-fc0404119333, 1, 0 [(0 [0xC004F014, 0, 0], [(?)(?)(?)(?)(?)(?)(?)(?)])(1 )(2 )(3 )]\n30: 721f9237-9341-4453-a661-09e8baa6cca5, 1, 0 [(0 [0xC004F014, 0, 0], [(?)(?)(?)(?)(?)(?)(?)(?)])(1 )(2 )(3 )]\n31: 73111121-5638-40f6-bc11-f1d7b0d64300, 1, 0 [(0 [0xC004F014, 0, 0], [(?)(?)(?)(?)(?)(?)(?)(?)])(1 )(2 )(3 )]\n32: 7a802526-4c94-4bd1-ba14-835a1aca2120, 1, 0 [(0 [0xC004F014, 0, 0], [(?)(?)(?)(?)(?)(?)(?)(?)])(1 )(2 )(3 )]\n33: 7cb546c0-c7d5-44d8-9a5c-69ecdd782b69, 1, 0 [(0 [0xC004F014, 0, 0], [(?)(?)(?)(?)(?)(?)(?)(?)])(1 )(2 )(3 )]\n34: 80083eae-7031-4394-9e88-4901973d56fe, 1, 0 [(0 [0xC004F014, 0, 0], [(?)(?)(?)(?)(?)(?)(?)(?)])(1 )(2 )(3 )]\n35: 82bbc092-bc50-4e16-8e18-b74fc486aec3, 1, 0 [(0 [0xC004F014, 0, 0], [(?)(?)(?)(?)(?)(?)(?)(?)])(1 )(2 )(3 )]\n36: 8ab9bdd1-1f67-4997-82d9-8878520837d9, 1, 0 [(0 [0xC004F014, 0, 0], [(?)(?)(?)(?)(?)(?)(?)(?)])(1 )(2 )(3 )]\n37: 8b351c9c-f398-4515-9900-09df49427262, 1, 0 [(0 [0xC004F014, 0, 0], [(?)(?)(?)(?)(?)(?)(?)(?)])(1 )(2 )(3 )]\n38: 90da7373-1c51-430b-bf26-c97e9c5cdc31, 1, 0 [(0 [0xC004F014, 0, 0], [(?)(?)(?)(?)(?)(?)(?)(?)])(1 )(2 )(3 )]\n39: 92fb8726-92a8-4ffc-94ce-f82e07444653, 1, 0 [(0 [0xC004F014, 0, 0], [(?)(?)(?)(?)(?)(?)(?)(?)])(1 )(2 )(3 )]\n40: 95dca82f-385d-4d39-b85b-5c73fa285d6f, 1, 0 [(0 [0xC004F014, 0, 0], [(?)(?)(?)(?)(?)(?)(?)(?)])(1 )(2 )(3 )]\n41: 97cde3ae-e908-4b59-ac96-a17645c5b57e, 1, 0 [(0 [0xC004F014, 0, 0], [(?)(?)(?)(?)(?)(?)(?)(?)])(1 )(2 )(3 )]\n42: a48938aa-62fa-4966-9d44-9f04da3f72f2, 1, 0 [(0 [0xC004F014, 0, 0], [(?)(?)(?)(?)(?)(?)(?)(?)])(1 )(2 )(3 )]\n43: b0773a15-df3a-4312-9ad2-83d69648e356, 1, 0 [(0 [0xC004F014, 0, 0], [(?)(?)(?)(?)(?)(?)(?)(?)])(1 )(2 )(3 )]\n44: b4bfe195-541e-4e64-ad23-6177f19e395e, 1, 0 [(0 [0xC004F014, 0, 0], [(?)(?)(?)(?)(?)(?)(?)(?)])(1 )(2 )(3 )]\n45: b68e61d2-68ca-4757-be45-0cc2f3e68eee, 1, 0 [(0 [0xC004F014, 0, 0], [(?)(?)(?)(?)(?)(?)(?)(?)])(1 )(2 )(3 )]\n46: bd3762d7-270d-4760-8fb3-d829ca45278a, 1, 0 [(0 [0xC004F014, 0, 0], [(?)(?)(?)(?)(?)(?)(?)(?)])(1 )(2 )(3 )]\n47: c86d5194-4840-4dae-9c1c-0301003a5ab0, 1, 0 [(0 [0xC004F014, 0, 0], [(?)(?)(?)(?)(?)(?)(?)(?)])(1 )(2 )(3 )]\n48: ca7df2e3-5ea0-47b8-9ac1-b1be4d8edd69, 1, 0 [(0 [0xC004F014, 0, 0], [(?)(?)(?)(?)(?)(?)(?)(?)])(1 )(2 )(3 )]\n49: d552befb-48cc-4327-8f39-47d2d94f987c, 1, 0 [(0 [0xC004F014, 0, 0], [(?)(?)(?)(?)(?)(?)(?)(?)])(1 )(2 )(3 )]\n50: d6eadb3b-5ca8-4a6b-986e-35b550756111, 1, 0 [(0 [0xC004F014, 0, 0], [(?)(?)(?)(?)(?)(?)(?)(?)])(1 )(2 )(3 )]\n51: df96023b-dcd9-4be2-afa0-c6c871159ebe, 1, 0 [(0 [0xC004F014, 0, 0], [(?)(?)(?)(?)(?)(?)(?)(?)])(1 )(2 )(3 )]\n52: e0c42288-980c-4788-a014-c080d2e1926e, 1, 0 [(0 [0xC004F014, 0, 0], [(?)(?)(?)(?)(?)(?)(?)(?)])(1 )(2 )(3 )]\n53: e4db50ea-bda1-4566-b047-0ca50abc6f07, 1, 0 [(0 [0xC004F014, 0, 0], [(?)(?)(?)(?)(?)(?)(?)(?)])(1 )(2 )(3 )]\n54: e558417a-5123-4f6f-91e7-385c1c7ca9d4, 1, 0 [(0 [0xC004F014, 0, 0], [(?)(?)(?)(?)(?)(?)(?)(?)])(1 )(2 )(3 )]\n55: e7a950a2-e548-4f10-bf16-02ec848e0643, 1, 0 [(0 [0xC004F014, 0, 0], [(?)(?)(?)(?)(?)(?)(?)(?)])(1 )(2 )(3 )]\n56: eb6d346f-1c60-4643-b960-40ec31596c45, 1, 0 [(0 [0xC004F014, 0, 0], [(?)(?)(?)(?)(?)(?)(?)(?)])(1 )(2 )(3 )]\n57: ec868e65-fadf-4759-b23e-93fe37f2cc29, 1, 0 [(0 [0xC004F014, 0, 0], [(?)(?)(?)(?)(?)(?)(?)(?)])(1 )(2 )(3 )]\n58: ef51e000-2659-4f25-8345-3de70a9cf4c4, 1, 0 [(0 [0xC004F014, 0, 0], [(?)(?)(?)(?)(?)(?)(?)(?)])(1 )(2 )(3 )]\n59: f7af7d09-40e4-419c-a49b-eae366689ebd, 1, 0 [(0 [0xC004F014, 0, 0], [(?)(?)(?)(?)(?)(?)(?)(?)])(1 )(2 )(3 )]\n60: fa755fe6-6739-40b9-8d84-6d0ea3b6d1ab, 1, 0 [(0 [0xC004F014, 0, 0], [(?)(?)(?)(?)(?)(?)(?)(?)])(1 )(2 )(3 )]\n61: fe74f55b-0338-41d6-b267-4a201abe7285, 1, 0 [(0 [0xC004F014, 0, 0], [(?)(?)(?)(?)(?)(?)(?)(?)])(1 )(2 )(3 )]\n\n"]},"Binary":null},"raw_xml":null,"source_file":null,"sigma_matches":[]},
{"record_id":272,"event_id":0,"level":"Information","timestamp":"2026-02-19T15:54:38.239810Z","provider":"edgeupdate","channel":"Application","computer":"Niaina","task_id":0,"keywords":36028797018963968,"user_id":null,"data":{"Data":{"#text":"Service stopped"},"Binary":null},"raw_xml":null,"source_file":null,"sigma_matches":[]},
{"record_id":273,"event_id":1,"level":"Information","timestamp":"2026-02-19T15:55:45.509683Z","provider":"SecurityCenter","channel":"Application","computer":"Niaina","task_id":0,"keywords":36028797018963968,"user_id":null,"data":{"Data":{"#text":""},"Binary":null},"raw_xml":null,"source_file":null,"sigma_matches":[]},
{"record_id":274,"event_id":1016,"level":"Information","timestamp":"2026-02-19T15:55:48.959063Z","provider":"Microsoft-Windows-Security-SPP","channel":"Application","computer":"Niaina","task_id":0,"keywords":36028797018963968,"user_id":null,"data":{"Data":{"#text":["4de7cb65-cdf1-4de9-8ae8-e3cce27b9f2c","3c40a285-2469-ae8d-e740-6be881cd3eb6"]},"Binary":null},"raw_xml":null,"source_file":null,"sigma_matches":[]},
{"record_id":275,"event_id":1034,"level":"Information","timestamp":"2026-02-19T15:55:53.658146Z","provider":"Microsoft-Windows-Security-SPP","channel":"Application","computer":"Niaina","task_id":0,"keywords":36028797018963968,"user_id":null,"data":{"Data":{"#text":["AAD-AddDeviceJoinUserToAdminGroup-Policy","100"]},"Binary":null},"raw_xml":null,"source_file":null,"sigma_matches":[]},
{"record_id":276,"event_id":1034,"level":"Information","timestamp":"2026-02-19T15:55:53.676094Z","provider":"Microsoft-Windows-Security-SPP","channel":"Application","computer":"Niaina","task_id":0,"keywords":36028797018963968,"user_id":null,"data":{"Data":{"#text":["AAD-AddDeviceJoinUserToAdminGroup-Policy","100"]},"Binary":null},"raw_xml":null,"source_file":null,"sigma_matches":[]},
{"record_id":277,"event_id":1034,"level":"Information","timestamp":"2026-02-19T15:55:53.689483Z","provider":"Microsoft-Windows-Security-SPP","channel":"Application","computer":"Niaina","task_id":0,"keywords":36028797018963968,"user_id":null,"data":{"Data":{"#text":["AAD-AddDeviceJoinUserToAdminGroup-Policy","100"]},"Binary":null},"raw_xml":null,"source_file":null,"sigma_matches":[]},
{"record_id":278,"event_id":1034,"level":"Information","timestamp":"2026-02-19T15:55:53.704181Z","provider":"Microsoft-Windows-Security-SPP","channel":"Application","computer":"Niaina","task_id":0,"keywords":36028797018963968,"user_id":null,"data":{"Data":{"#text":["AAD-AddDeviceJoinUserToAdminGroup-Policy","100"]},"Binary":null},"raw_xml":null,"source_file":null,"sigma_matches":[]},
{"record_id":279,"event_id":1034,"level":"Information","timestamp":"2026-02-19T15:55:53.724884Z","provider":"Microsoft-Windows-Security-SPP","channel":"Application","computer":"Niaina","task_id":0,"keywords":36028797018963968,"user_id":null,"data":{"Data":{"#text":["AAD-AddDeviceJoinUserToAdminGroup-Policy","100"]},"Binary":null},"raw_xml":null,"source_file":null,"sigma_matches":[]},
{"record_id":280,"event_id":1034,"level":"Information","timestamp":"2026-02-19T15:55:53.739478Z","provider":"Microsoft-Windows-Security-SPP","channel":"Application","computer":"Niaina","task_id":0,"keywords":36028797018963968,"user_id":null,"data":{"Data":{"#text":["AAD-AddDeviceJoinUserToAdminGroup-Policy","100"]},"Binary":null},"raw_xml":null,"source_file":null,"sigma_matches":[]},
{"record_id":281,"event_id":1034,"level":"Information","timestamp":"2026-02-19T15:55:53.752770Z","provider":"Microsoft-Windows-Security-SPP","channel":"Application","computer":"Niaina","task_id":0,"keywords":36028797018963968,"user_id":null,"data":{"Data":{"#text":["AAD-AddDeviceJoinUserToAdminGroup-Policy","100"]},"Binary":null},"raw_xml":null,"source_file":null,"sigma_matches":[]},
{"record_id":282,"event_id":1034,"level":"Information","timestamp":"2026-02-19T15:55:53.766398Z","provider":"Microsoft-Windows-Security-SPP","channel":"Application","computer":"Niaina","task_id":0,"keywords":36028797018963968,"user_id":null,"data":{"Data":{"#text":["AAD-AddDeviceJoinUserToAdminGroup-Policy","100"]},"Binary":null},"raw_xml":null,"source_file":null,"sigma_matches":[]},
{"record_id":283,"event_id":1034,"level":"Information","timestamp":"2026-02-19T15:55:53.779690Z","provider":"Microsoft-Windows-Security-SPP","channel":"Application","computer":"Niaina","task_id":0,"keywords":36028797018963968,"user_id":null,"data":{"Data":{"#text":["AAD-AddDeviceJoinUserToAdminGroup-Policy","100"]},"Binary":null},"raw_xml":null,"source_file":null,"sigma_matches":[]},
{"record_id":284,"event_id":1034,"level":"Information","timestamp":"2026-02-19T15:55:53.793266Z","provider":"Microsoft-Windows-Security-SPP","channel":"Application","computer":"Niaina","task_id":0,"keywords":36028797018963968,"user_id":null,"data":{"Data":{"#text":["AAD-AddDeviceJoinUserToAdminGroup-Policy","100"]},"Binary":null},"raw_xml":null,"source_file":null,"sigma_matches":[]},
{"record_id":285,"event_id":1034,"level":"Information","timestamp":"2026-02-19T15:55:53.807981Z","provider":"Microsoft-Windows-Security-SPP","channel":"Application","computer":"Niaina","task_id":0,"keywords":36028797018963968,"user_id":null,"data":{"Data":{"#text":["AAD-AddDeviceJoinUserToAdminGroup-Policy","100"]},"Binary":null},"raw_xml":null,"source_file":null,"sigma_matches":[]},
{"record_id":286,"event_id":1034,"level":"Information","timestamp":"2026-02-19T15:55:53.813028Z","provider":"Microsoft-Windows-Security-SPP","channel":"Application","computer":"Niaina","task_id":0,"keywords":36028797018963968,"user_id":null,"data":{"Data":{"#text":["Security-SPP-WriteWauMarker","500"]},"Binary":null},"raw_xml":null,"source_file":null,"sigma_matches":[]},
{"record_id":287,"event_id":1033,"level":"Information","timestamp":"2026-02-19T15:55:53.814458Z","provider":"Microsoft-Windows-Security-SPP","channel":"Application","computer":"Niaina","task_id":0,"keywords":36028797018963968,"user_id":null,"data":{"Data":{"#text":["(Security-SPP-Reserved-EnableNotificationMode) ","55c92734-d682-4d71-983e-d6ec3f16059f","4de7cb65-cdf1-4de9-8ae8-e3cce27b9f2c"]},"Binary":null},"raw_xml":null,"source_file":null,"sigma_matches":[]},
{"record_id":288,"event_id":1003,"level":"Information","timestamp":"2026-02-19T15:55:53.829619Z","provider":"Microsoft-Windows-Security-SPP","channel":"Application","computer":"Niaina","task_id":0,"keywords":36028797018963968,"user_id":null,"data":{"Data":{"#text":["55c92734-d682-4d71-983e-d6ec3f16059f","\n1: 01eb852c-424d-4060-94b8-c10d799d7364, 1, 0 [(0 [0xC004F014, 0, 0], [(?)(?)(?)(?)(?)(?)(?)(?)])(1 )(2 )(3 )]\n2: 040fa323-92b1-4baf-97a2-5b67feaefddb, 1, 0 [(0 [0xC004F014, 0, 0], [(?)(?)(?)(?)(?)(?)(?)(?)])(1 )(2 )(3 )]\n3: 0724cb7d-3437-4cb7-93cb-830375d0079d, 1, 0 [(0 [0xC004F014, 0, 0], [(?)(?)(?)(?)(?)(?)(?)(?)])(1 )(2 )(3 )]\n4: 0ad2ac98-7bb9-4201-8d92-312299201369, 1, 0 [(0 [0xC004F014, 0, 0], [(?)(?)(?)(?)(?)(?)(?)(?)])(1 )(2 )(3 )]\n5: 19de9b2f-0166-4abb-9534-56ea69a80edb, 1, 0 [(0 [0xC004F014, 0, 0], [(?)(?)(?)(?)(?)(?)(?)(?)])(1 )(2 )(3 )]\n6: 1a9a717a-cf13-4ba5-83c3-0fe25fa868d5, 1, 0 [(0 [0xC004F014, 0, 0], [(?)(?)(?)(?)(?)(?)(?)(?)])(1 )(2 )(3 )]\n7: 221a02da-e2a1-4b75-864c-0a4410a33fdf, 1, 0 [(0 [0xC004F014, 0, 0], [(?)(?)(?)(?)(?)(?)(?)(?)])(1 )(2 )(3 )]\n8: 265f3fad-6a1c-4bdd-ae30-c75efa556ccb, 1, 0 [(0 [0xC004F014, 0, 0], [(?)(?)(?)(?)(?)(?)(?)(?)])(1 )(2 )(3 )]\n9: 291ece0e-9c38-40ca-a9e1-32cc7ec19507, 1, 0 [(0 [0xC004F014, 0, 0], [(?)(?)(?)(?)(?)(?)(?)(?)])(1 )(2 )(3 )]\n10: 2936d1d2-913a-4542-b54e-ce5a602a2a38, 1, 0 [(0 [0xC004F014, 0, 0], [(?)(?)(?)(?)(?)(?)(?)(?)])(1 )(2 )(3 )]\n11: 2c293c26-a45a-4a2a-a350-c69a67097529, 1, 0 [(0 [0xC004F014, 0, 0], [(?)(?)(?)(?)(?)(?)(?)(?)])(1 )(2 )(3 )]\n12: 2de67392-b7a7-462a-b1ca-108dd189f588, 1, 0 [(0 [0xC004F014, 0, 0], [(?)(?)(?)(?)(?)(?)(?)(?)])(1 )(2 )(3 )]\n13: 2ffd8952-423e-4903-b993-72a1aa44cf82, 1, 0 [(0 [0xC004F014, 0, 0], [(?)(?)(?)(?)(?)(?)(?)(?)])(1 )(2 )(3 )]\n14: 30a42c86-b7a0-4a34-8c90-ff177cb2acb7, 1, 0 [(0 [0xC004F014, 0, 0], [(?)(?)(?)(?)(?)(?)(?)(?)])(1 )(2 )(3 )]\n15: 345a5db0-d94f-4e3b-a0c0-7c42f7bc3ebf, 1, 0 [(0 [0xC004F014, 0, 0], [(?)(?)(?)(?)(?)(?)(?)(?)])(1 )(2 )(3 )]\n16: 3502365a-f88a-4ba4-822a-5769d3073b65, 1, 0 [(0 [0xC004F014, 0, 0], [(?)(?)(?)(?)(?)(?)(?)(?)])(1 )(2 )(3 )]\n17: 377333b1-8b5d-48d6-9679-1225c872d37c, 1, 0 [(0 [0xC004F014, 0, 0], [(?)(?)(?)(?)(?)(?)(?)(?)])(1 )(2 )(3 )]\n18: 3df374ef-d444-4494-a5a1-4b0d9fd0e203, 1, 0 [(0 [0xC004F014, 0, 0], [(?)(?)(?)(?)(?)(?)(?)(?)])(1 )(2 )(3 )]\n19: 3ebce241-ea87-4946-8a4f-80d00e921dff, 1, 0 [(0 [0xC004F014, 0, 0], [(?)(?)(?)(?)(?)(?)(?)(?)])(1 )(2 )(3 )]\n20: 3f1afc82-f8ac-4f6c-8005-1d233e606eee, 1, 0 [(0 [0xC004F014, 0, 0], [(?)(?)(?)(?)(?)(?)(?)(?)])(1 )(2 )(3 )]\n21: 4322a811-697c-44dc-865e-3e2fdcb86009, 1, 0 [(0 [0xC004F014, 0, 0], [(?)(?)(?)(?)(?)(?)(?)(?)])(1 )(2 )(3 )]\n22: 49cd895b-53b2-4dc4-a5f7-b18aa019ad37, 1, 0 [(0 [0xC004F014, 0, 0], [(?)(?)(?)(?)(?)(?)(?)(?)])(1 )(2 )(3 )]\n23: 4de7cb65-cdf1-4de9-8ae8-e3cce27b9f2c, 1, 0 [(0 )(1 )(2 [0x00000000, 1, 0], [(?)( 1 0x00000000)(?)(?)(?)(?)( 10 0x00000000 msft:rm/algorithm/flags/1.0)(?)])(3 )]\n24: 4f3da0d2-271d-4508-ae81-626b60809a38, 1, 0 [(0 [0xC004F014, 0, 0], [(?)(?)(?)(?)(?)(?)(?)(?)])(1 )(2 )(3 )]\n25: 5d78c4e9-aeb3-4b40-8ac2-6a6005e0ad6d, 1, 0 [(0 [0xC004F014, 0, 0], [(?)(?)(?)(?)(?)(?)(?)(?)])(1 )(2 )(3 )]\n26: 60b3ec1b-9545-4921-821f-311b129dd6f6, 1, 0 [(0 [0xC004F014, 0, 0], [(?)(?)(?)(?)(?)(?)(?)(?)])(1 )(2 )(3 )]\n27: 613d217f-7f13-4268-9907-1662339531cd, 1, 0 [(0 [0xC004F014, 0, 0], [(?)(?)(?)(?)(?)(?)(?)(?)])(1 )(2 )(3 )]\n28: 62f0c100-9c53-4e02-b886-a3528ddfe7f6, 1, 0 [(0 [0xC004F014, 0, 0], [(?)(?)(?)(?)(?)(?)(?)(?)])(1 )(2 )(3 )]\n29: 6365275e-368d-46ca-a0ef-fc0404119333, 1, 0 [(0 [0xC004F014, 0, 0], [(?)(?)(?)(?)(?)(?)(?)(?)])(1 )(2 )(3 )]\n30: 721f9237-9341-4453-a661-09e8baa6cca5, 1, 0 [(0 [0xC004F014, 0, 0], [(?)(?)(?)(?)(?)(?)(?)(?)])(1 )(2 )(3 )]\n31: 73111121-5638-40f6-bc11-f1d7b0d64300, 1, 0 [(0 [0xC004F014, 0, 0], [(?)(?)(?)(?)(?)(?)(?)(?)])(1 )(2 )(3 )]\n32: 7a802526-4c94-4bd1-ba14-835a1aca2120, 1, 0 [(0 [0xC004F014, 0, 0], [(?)(?)(?)(?)(?)(?)(?)(?)])(1 )(2 )(3 )]\n33: 7cb546c0-c7d5-44d8-9a5c-69ecdd782b69, 1, 0 [(0 [0xC004F014, 0, 0], [(?)(?)(?)(?)(?)(?)(?)(?)])(1 )(2 )(3 )]\n34: 80083eae-7031-4394-9e88-4901973d56fe, 1, 0 [(0 [0xC004F014, 0, 0], [(?)(?)(?)(?)(?)(?)(?)(?)])(1 )(2 )(3 )]\n35: 82bbc092-bc50-4e16-8e18-b74fc486aec3, 1, 0 [(0 [0xC004F014, 0, 0], [(?)(?)(?)(?)(?)(?)(?)(?)])(1 )(2 )(3 )]\n36: 8ab9bdd1-1f67-4997-82d9-8878520837d9, 1, 0 [(0 [0xC004F014, 0, 0], [(?)(?)(?)(?)(?)(?)(?)(?)])(1 )(2 )(3 )]\n37: 8b351c9c-f398-4515-9900-09df49427262, 1, 0 [(0 [0xC004F014, 0, 0], [(?)(?)(?)(?)(?)(?)(?)(?)])(1 )(2 )(3 )]\n38: 90da7373-1c51-430b-bf26-c97e9c5cdc31, 1, 0 [(0 [0xC004F014, 0, 0], [(?)(?)(?)(?)(?)(?)(?)(?)])(1 )(2 )(3 )]\n39: 92fb8726-92a8-4ffc-94ce-f82e07444653, 1, 0 [(0 [0xC004F014, 0, 0], [(?)(?)(?)(?)(?)(?)(?)(?)])(1 )(2 )(3 )]\n40: 95dca82f-385d-4d39-b85b-5c73fa285d6f, 1, 0 [(0 [0xC004F014, 0, 0], [(?)(?)(?)(?)(?)(?)(?)(?)])(1 )(2 )(3 )]\n41: 97cde3ae-e908-4b59-ac96-a17645c5b57e, 1, 0 [(0 [0xC004F014, 0, 0], [(?)(?)(?)(?)(?)(?)(?)(?)])(1 )(2 )(3 )]\n42: a48938aa-62fa-4966-9d44-9f04da3f72f2, 1, 0 [(0 [0xC004F014, 0, 0], [(?)(?)(?)(?)(?)(?)(?)(?)])(1 )(2 )(3 )]\n43: b0773a15-df3a-4312-9ad2-83d69648e356, 1, 0 [(0 [0xC004F014, 0, 0], [(?)(?)(?)(?)(?)(?)(?)(?)])(1 )(2 )(3 )]\n44: b4bfe195-541e-4e64-ad23-6177f19e395e, 1, 0 [(0 [0xC004F014, 0, 0], [(?)(?)(?)(?)(?)(?)(?)(?)])(1 )(2 )(3 )]\n45: b68e61d2-68ca-4757-be45-0cc2f3e68eee, 1, 0 [(0 [0xC004F014, 0, 0], [(?)(?)(?)(?)(?)(?)(?)(?)])(1 )(2 )(3 )]\n46: bd3762d7-270d-4760-8fb3-d829ca45278a, 1, 0 [(0 [0xC004F014, 0, 0], [(?)(?)(?)(?)(?)(?)(?)(?)])(1 )(2 )(3 )]\n47: c86d5194-4840-4dae-9c1c-0301003a5ab0, 1, 0 [(0 [0xC004F014, 0, 0], [(?)(?)(?)(?)(?)(?)(?)(?)])(1 )(2 )(3 )]\n48: ca7df2e3-5ea0-47b8-9ac1-b1be4d8edd69, 1, 0 [(0 [0xC004F014, 0, 0], [(?)(?)(?)(?)(?)(?)(?)(?)])(1 )(2 )(3 )]\n49: d552befb-48cc-4327-8f39-47d2d94f987c, 1, 0 [(0 [0xC004F014, 0, 0], [(?)(?)(?)(?)(?)(?)(?)(?)])(1 )(2 )(3 )]\n50: d6eadb3b-5ca8-4a6b-986e-35b550756111, 1, 0 [(0 [0xC004F014, 0, 0], [(?)(?)(?)(?)(?)(?)(?)(?)])(1 )(2 )(3 )]\n51: df96023b-dcd9-4be2-afa0-c6c871159ebe, 1, 0 [(0 [0xC004F014, 0, 0], [(?)(?)(?)(?)(?)(?)(?)(?)])(1 )(2 )(3 )]\n52: e0c42288-980c-4788-a014-c080d2e1926e, 1, 0 [(0 [0xC004F014, 0, 0], [(?)(?)(?)(?)(?)(?)(?)(?)])(1 )(2 )(3 )]\n53: e4db50ea-bda1-4566-b047-0ca50abc6f07, 1, 0 [(0 [0xC004F014, 0, 0], [(?)(?)(?)(?)(?)(?)(?)(?)])(1 )(2 )(3 )]\n54: e558417a-5123-4f6f-91e7-385c1c7ca9d4, 1, 0 [(0 [0xC004F014, 0, 0], [(?)(?)(?)(?)(?)(?)(?)(?)])(1 )(2 )(3 )]\n55: e7a950a2-e548-4f10-bf16-02ec848e0643, 1, 0 [(0 [0xC004F014, 0, 0], [(?)(?)(?)(?)(?)(?)(?)(?)])(1 )(2 )(3 )]\n56: eb6d346f-1c60-4643-b960-40ec31596c45, 1, 0 [(0 [0xC004F014, 0, 0], [(?)(?)(?)(?)(?)(?)(?)(?)])(1 )(2 )(3 )]\n57: ec868e65-fadf-4759-b23e-93fe37f2cc29, 1, 0 [(0 [0xC004F014, 0, 0], [(?)(?)(?)(?)(?)(?)(?)(?)])(1 )(2 )(3 )]\n58: ef51e000-2659-4f25-8345-3de70a9cf4c4, 1, 0 [(0 [0xC004F014, 0, 0], [(?)(?)(?)(?)(?)(?)(?)(?)])(1 )(2 )(3 )]\n59: f7af7d09-40e4-419c-a49b-eae366689ebd, 1, 0 [(0 [0xC004F014, 0, 0], [(?)(?)(?)(?)(?)(?)(?)(?)])(1 )(2 )(3 )]\n60: fa755fe6-6739-40b9-8d84-6d0ea3b6d1ab, 1, 0 [(0 [0xC004F014, 0, 0], [(?)(?)(?)(?)(?)(?)(?)(?)])(1 )(2 )(3 )]\n61: fe74f55b-0338-41d6-b267-4a201abe7285, 1, 0 [(0 [0xC004F014, 0, 0], [(?)(?)(?)(?)(?)(?)(?)(?)])(1 )(2 )(3 )]\n\n"]},"Binary":null},"raw_xml":null,"source_file":null,"sigma_matches":[]},
{"record_id":289,"event_id":1034,"level":"Information","timestamp":"2026-02-19T15:55:53.939511Z","provider":"Microsoft-Windows-Security-SPP","channel":"Application","computer":"Niaina","task_id":0,"keywords":36028797018963968,"user_id":null,"data":{"Data":{"#text":["AAD-AddDeviceJoinUserToAdminGroup-Policy","100"]},"Binary":null},"raw_xml":null,"source_file":null,"sigma_matches":[]},
{"record_id":290,"event_id":1034,"level":"Information","timestamp":"2026-02-19T15:55:53.959628Z","provider":"Microsoft-Windows-Security-SPP","channel":"Application","computer":"Niaina","task_id":0,"keywords":36028797018963968,"user_id":null,"data":{"Data":{"#text":["AAD-AddDeviceJoinUserToAdminGroup-Policy","100"]},"Binary":null},"raw_xml":null,"source_file":null,"sigma_matches":[]},
{"record_id":291,"event_id":1034,"level":"Information","timestamp":"2026-02-19T15:55:53.979216Z","provider":"Microsoft-Windows-Security-SPP","channel":"Application","computer":"Niaina","task_id":0,"keywords":36028797018963968,"user_id":null,"data":{"Data":{"#text":["AAD-AddDeviceJoinUserToAdminGroup-Policy","100"]},"Binary":null},"raw_xml":null,"source_file":null,"sigma_matches":[]},
{"record_id":292,"event_id":1034,"level":"Information","timestamp":"2026-02-19T15:55:53.999493Z","provider":"Microsoft-Windows-Security-SPP","channel":"Application","computer":"Niaina","task_id":0,"keywords":36028797018963968,"user_id":null,"data":{"Data":{"#text":["AAD-AddDeviceJoinUserToAdminGroup-Policy","100"]},"Binary":null},"raw_xml":null,"source_file":null,"sigma_matches":[]},
{"record_id":293,"event_id":1034,"level":"Information","timestamp":"2026-02-19T15:55:54.019601Z","provider":"Microsoft-Windows-Security-SPP","channel":"Application","computer":"Niaina","task_id":0,"keywords":36028797018963968,"user_id":null,"data":{"Data":{"#text":["AAD-AddDeviceJoinUserToAdminGroup-Policy","100"]},"Binary":null},"raw_xml":null,"source_file":null,"sigma_matches":[]},
{"record_id":294,"event_id":1034,"level":"Information","timestamp":"2026-02-19T15:55:54.033631Z","provider":"Microsoft-Windows-Security-SPP","channel":"Application","computer":"Niaina","task_id":0,"keywords":36028797018963968,"user_id":null,"data":{"Data":{"#text":["AAD-AddDeviceJoinUserToAdminGroup-Policy","100"]},"Binary":null},"raw_xml":null,"source_file":null,"sigma_matches":[]},
{"record_id":295,"event_id":1034,"level":"Information","timestamp":"2026-02-19T15:55:54.047217Z","provider":"Microsoft-Windows-Security-SPP","channel":"Application","computer":"Niaina","task_id":0,"keywords":36028797018963968,"user_id":null,"data":{"Data":{"#text":["AAD-AddDeviceJoinUserToAdminGroup-Policy","100"]},"Binary":null},"raw_xml":null,"source_file":null,"sigma_matches":[]},
{"record_id":296,"event_id":1034,"level":"Information","timestamp":"2026-02-19T15:55:54.064535Z","provider":"Microsoft-Windows-Security-SPP","channel":"Application","computer":"Niaina","task_id":0,"keywords":36028797018963968,"user_id":null,"data":{"Data":{"#text":["AAD-AddDeviceJoinUserToAdminGroup-Policy","100"]},"Binary":null},"raw_xml":null,"source_file":null,"sigma_matches":[]},
{"record_id":297,"event_id":1034,"level":"Information","timestamp":"2026-02-19T15:55:54.081119Z","provider":"Microsoft-Windows-Security-SPP","channel":"Application","computer":"Niaina","task_id":0,"keywords":36028797018963968,"user_id":null,"data":{"Data":{"#text":["AAD-AddDeviceJoinUserToAdminGroup-Policy","100"]},"Binary":null},"raw_xml":null,"source_file":null,"sigma_matches":[]},
{"record_id":298,"event_id":1034,"level":"Information","timestamp":"2026-02-19T15:55:54.101107Z","provider":"Microsoft-Windows-Security-SPP","channel":"Application","computer":"Niaina","task_id":0,"keywords":36028797018963968,"user_id":null,"data":{"Data":{"#text":["AAD-AddDeviceJoinUserToAdminGroup-Policy","100"]},"Binary":null},"raw_xml":null,"source_file":null,"sigma_matches":[]},
{"record_id":299,"event_id":1034,"level":"Information","timestamp":"2026-02-19T15:55:54.120136Z","provider":"Microsoft-Windows-Security-SPP","channel":"Application","computer":"Niaina","task_id":0,"keywords":36028797018963968,"user_id":null,"data":{"Data":{"#text":["AAD-AddDeviceJoinUserToAdminGroup-Policy","100"]},"Binary":null},"raw_xml":null,"source_file":null,"sigma_matches":[]},
{"record_id":300,"event_id":1034,"level":"Information","timestamp":"2026-02-19T15:55:54.128038Z","provider":"Microsoft-Windows-Security-SPP","channel":"Application","computer":"Niaina","task_id":0,"keywords":36028797018963968,"user_id":null,"data":{"Data":{"#text":["Security-SPP-WriteWauMarker","500"]},"Binary":null},"raw_xml":null,"source_file":null,"sigma_matches":[]},
{"record_id":301,"event_id":1033,"level":"Information","timestamp":"2026-02-19T15:55:54.129768Z","provider":"Microsoft-Windows-Security-SPP","channel":"Application","computer":"Niaina","task_id":0,"keywords":36028797018963968,"user_id":null,"data":{"Data":{"#text":["(Security-SPP-Reserved-EnableNotificationMode) ","55c92734-d682-4d71-983e-d6ec3f16059f","4de7cb65-cdf1-4de9-8ae8-e3cce27b9f2c"]},"Binary":null},"raw_xml":null,"source_file":null,"sigma_matches":[]},
{"record_id":302,"event_id":1001,"level":"Information","timestamp":"2026-02-19T15:55:59.956761Z","provider":"Windows Error Reporting","channel":"Application","computer":"Niaina","task_id":0,"keywords":9223372036854775808,"user_id":"S-1-5-18","data":{"Bucket":"","BucketType":"0","EventName":"WinSetupDiag02","Response":"Non disponible","CabId":"0","P1":"1.6","P2":"4","P3":"9","P4":"0","P5":"0x0","P6":"0x0","P7":"26200","P8":"ge_release","P9":"26100","P10":"ge_release","AttachedFiles":"\r\n\\\\?\\C:\\Windows\\Panther\\setupact.log\r\n\\\\?\\C:\\Windows\\Panther\\diagerr.xml\r\n\\\\?\\C:\\Windows\\Panther\\WinSetupMon.log\r\n\\\\?\\C:\\Windows\\INF\\setupapi.setup.log\r\n\\\\?\\C:\\Windows\\INF\\setupapi.offline.log\r\n\\\\?\\C:\\ProgramData\\Microsoft\\Windows\\WER\\Temp\\WER.69c230b3-af9c-40c0-ac9f-6ea54ead27af.tmp.WERInternalMetadata.xml\r\n\\\\?\\C:\\ProgramData\\Microsoft\\Windows\\WER\\Temp\\WER.5e13247b-7ea6-46bb-a32f-9d1860ba5952.tmp.csv\r\n\\\\?\\C:\\ProgramData\\Microsoft\\Windows\\WER\\Temp\\WER.8af24a95-84ff-43c9-85ae-52c551db4597.tmp.txt\r\n\\\\?\\C:\\ProgramData\\Microsoft\\Windows\\WER\\Temp\\WER.3ab58f19-11ce-47dd-8676-31ed3572142a.tmp.xml","StorePath":"\\\\?\\C:\\ProgramData\\Microsoft\\Windows\\WER\\ReportQueue\\NonCritical_1.6_cdd7bebaf1eb4660b74add7b5c2c2d68c9ce73fa_00000000_cab_fee2794a-37d1-43e2-9a22-7672275c28cb","AnalysisSymbol":"","Rechecking":0,"ReportId":"fee2794a-37d1-43e2-9a22-7672275c28cb","ReportStatus":4,"HashedBucket":"","CabGuid":"0"},"raw_xml":null,"source_file":null,"sigma_matches":[]},
{"record_id":303,"event_id":15,"level":"Information","timestamp":"2026-02-19T15:56:05.231553Z","provider":"SecurityCenter","channel":"Application","computer":"Niaina","task_id":0,"keywords":36028797018963968,"user_id":null,"data":{"Data":{"#text":["Windows Defender","SECURITY_PRODUCT_STATE_ON"]},"Binary":null},"raw_xml":null,"source_file":null,"sigma_matches":[]},
{"record_id":304,"event_id":15,"level":"Information","timestamp":"2026-02-19T15:56:07.243727Z","provider":"SecurityCenter","channel":"Application","computer":"Niaina","task_id":0,"keywords":36028797018963968,"user_id":null,"data":{"Data":{"#text":["Windows Defender","SECURITY_PRODUCT_STATE_ON"]},"Binary":null},"raw_xml":null,"source_file":null,"sigma_matches":[]},
{"record_id":305,"event_id":15,"level":"Information","timestamp":"2026-02-19T15:56:09.275806Z","provider":"SecurityCenter","channel":"Application","computer":"Niaina","task_id":0,"keywords":36028797018963968,"user_id":null,"data":{"Data":{"#text":["Windows Defender","SECURITY_PRODUCT_STATE_ON"]},"Binary":null},"raw_xml":null,"source_file":null,"sigma_matches":[]},
{"record_id":306,"event_id":15,"level":"Information","timestamp":"2026-02-19T15:56:11.279151Z","provider":"SecurityCenter","channel":"Application","computer":"Niaina","task_id":0,"keywords":36028797018963968,"user_id":null,"data":{"Data":{"#text":["Windows Defender","SECURITY_PRODUCT_STATE_ON"]},"Binary":null},"raw_xml":null,"source_file":null,"sigma_matches":[]},
{"record_id":307,"event_id":15,"level":"Information","timestamp":"2026-02-19T15:56:13.292494Z","provider":"SecurityCenter","channel":"Application","computer":"Niaina","task_id":0,"keywords":36028797018963968,"user_id":null,"data":{"Data":{"#text":["Windows Defender","SECURITY_PRODUCT_STATE_ON"]},"Binary":null},"raw_xml":null,"source_file":null,"sigma_matches":[]},
{"record_id":308,"event_id":1001,"level":"Information","timestamp":"2026-02-19T15:56:24.475010Z","provider":"Windows Error Reporting","channel":"Application","computer":"Niaina","task_id":0,"keywords":9223372036854775808,"user_id":"S-1-5-18","data":{"Bucket":"1488154700274352690","BucketType":"5","EventName":"WinSetupDiag02","Response":"Non disponible","CabId":"0","P1":"1.6","P2":"4","P3":"9","P4":"0","P5":"0x0","P6":"0x0","P7":"26200","P8":"ge_release","P9":"26100","P10":"ge_release","AttachedFiles":"\r\n\\\\?\\C:\\Windows\\Panther\\setupact.log\r\n\\\\?\\C:\\Windows\\Panther\\diagerr.xml\r\n\\\\?\\C:\\Windows\\Panther\\WinSetupMon.log\r\n\\\\?\\C:\\Windows\\INF\\setupapi.setup.log\r\n\\\\?\\C:\\Windows\\INF\\setupapi.offline.log\r\n\\\\?\\C:\\ProgramData\\Microsoft\\Windows\\WER\\Temp\\WER.69c230b3-af9c-40c0-ac9f-6ea54ead27af.tmp.WERInternalMetadata.xml\r\n\\\\?\\C:\\ProgramData\\Microsoft\\Windows\\WER\\Temp\\WER.5e13247b-7ea6-46bb-a32f-9d1860ba5952.tmp.csv\r\n\\\\?\\C:\\ProgramData\\Microsoft\\Windows\\WER\\Temp\\WER.8af24a95-84ff-43c9-85ae-52c551db4597.tmp.txt\r\n\\\\?\\C:\\ProgramData\\Microsoft\\Windows\\WER\\Temp\\WER.3ab58f19-11ce-47dd-8676-31ed3572142a.tmp.xml","StorePath":"\\\\?\\C:\\ProgramData\\Microsoft\\Windows\\WER\\ReportArchive\\NonCritical_1.6_cdd7bebaf1eb4660b74add7b5c2c2d68c9ce73fa_00000000_fee2794a-37d1-43e2-9a22-7672275c28cb","AnalysisSymbol":"","Rechecking":0,"ReportId":"fee2794a-37d1-43e2-9a22-7672275c28cb","ReportStatus":268435456,"HashedBucket":"0d3669458415af8af4a6fcd0b8ae4232","CabGuid":"0"},"raw_xml":null,"source_file":null,"sigma_matches":[]},
{"record_id":309,"event_id":0,"level":"Information","timestamp":"2026-02-19T15:56:44.417303Z","provider":"igfxCUIService2.0.0.0","channel":"Application","computer":"Niaina","task_id":0,"keywords":36028797018963968,"user_id":null,"data":{"Data":{"#text":"Log on event received User1\n"},"Binary":null},"raw_xml":null,"source_file":null,"sigma_matches":[]},
{"record_id":310,"event_id":0,"level":"Information","timestamp":"2026-02-19T15:56:44.429449Z","provider":"igfxCUIService2.0.0.0","channel":"Application","computer":"Niaina","task_id":0,"keywords":36028797018963968,"user_id":null,"data":{"Data":{"#text":"Logon: 1\n"},"Binary":null},"raw_xml":null,"source_file":null,"sigma_matches":[]},
{"record_id":311,"event_id":0,"level":"Information","timestamp":"2026-02-19T15:56:44.914015Z","provider":"igfxCUIService2.0.0.0","channel":"Application","computer":"Niaina","task_id":0,"keywords":36028797018963968,"user_id":null,"data":{"Data":{"#text":"Received Post Shell Event 1\n"},"Binary":null},"raw_xml":null,"source_file":null,"sigma_matches":[]},
{"record_id":312,"event_id":0,"level":"Information","timestamp":"2026-02-19T15:57:18.203836Z","provider":"Microsoft PC Manager Service","channel":"Application","computer":"Niaina","task_id":0,"keywords":36028797018963968,"user_id":null,"data":{"Data":{"#text":"Service started successfully."},"Binary":null},"raw_xml":null,"source_file":null,"sigma_matches":[]},
{"record_id":313,"event_id":2562,"level":"Information","timestamp":"2026-02-19T15:57:22.306698Z","provider":"Microsoft-Windows-AppXDeploymentServer/Operational","channel":"Application","computer":"Niaina","task_id":0,"keywords":36028797018963968,"user_id":null,"data":{"Data":{"#text":["MSIXDeployment","windows.applicationData","DeleteMachineFolder","Package Microsoft.BingSearch_1.1.40.0_x64__8wekyb3d8bbwe removed machine folder C:\\ProgramData\\Microsoft\\Windows\\AppRepository\\Families\\ApplicationData\\Microsoft.BingSearch_8wekyb3d8bbwe: Le chemin d’accès spécifié est introuvable."]},"Binary":null},"raw_xml":null,"source_file":null,"sigma_matches":[]},
{"record_id":314,"event_id":2562,"level":"Information","timestamp":"2026-02-19T15:57:22.307475Z","provider":"Microsoft-Windows-AppXDeploymentServer/Operational","channel":"Application","computer":"Niaina","task_id":0,"keywords":36028797018963968,"user_id":null,"data":{"Data":{"#text":["MSIXDeployment","windows.applicationData","DeleteMachineFolder","Package Microsoft.BingSearch_1.1.40.0_neutral_split.language-fr_8wekyb3d8bbwe removed machine folder C:\\ProgramData\\Microsoft\\Windows\\AppRepository\\Families\\ApplicationData\\Microsoft.BingSearch_8wekyb3d8bbwe: Le chemin d’accès spécifié est introuvable."]},"Binary":null},"raw_xml":null,"source_file":null,"sigma_matches":[]},
{"record_id":315,"event_id":2562,"level":"Information","timestamp":"2026-02-19T15:57:22.307915Z","provider":"Microsoft-Windows-AppXDeploymentServer/Operational","channel":"Application","computer":"Niaina","task_id":0,"keywords":36028797018963968,"user_id":null,"data":{"Data":{"#text":["MSIXDeployment","windows.applicationData","DeleteMachineFolder","Package Microsoft.BingSearch_1.1.40.0_neutral_split.scale-100_8wekyb3d8bbwe removed machine folder C:\\ProgramData\\Microsoft\\Windows\\AppRepository\\Families\\ApplicationData\\Microsoft.BingSearch_8wekyb3d8bbwe: Le chemin d’accès spécifié est introuvable."]},"Binary":null},"raw_xml":null,"source_file":null,"sigma_matches":[]},
{"record_id":316,"event_id":2562,"level":"Information","timestamp":"2026-02-19T15:57:22.308277Z","provider":"Microsoft-Windows-AppXDeploymentServer/Operational","channel":"Application","computer":"Niaina","task_id":0,"keywords":36028797018963968,"user_id":null,"data":{"Data":{"#text":["MSIXDeployment","windows.applicationData","DeleteMachineFolder","Package Microsoft.BingSearch_1.1.40.0_neutral_split.scale-150_8wekyb3d8bbwe removed machine folder C:\\ProgramData\\Microsoft\\Windows\\AppRepository\\Families\\ApplicationData\\Microsoft.BingSearch_8wekyb3d8bbwe: Le chemin d’accès spécifié est introuvable."]},"Binary":null},"raw_xml":null,"source_file":null,"sigma_matches":[]},
{"record_id":317,"event_id":23,"level":"Warning","timestamp":"2026-02-19T15:57:21.921214Z","provider":"Microsoft-Windows-AppModel-State","channel":"Application","computer":"Niaina","task_id":0,"keywords":9223372036854775808,"user_id":"S-1-5-18","data":{"Operation":"InitializeDataChangedSignaler","PackageFamily":"Microsoft.MicrosoftPCManager_8wekyb3d8bbwe","OperationError":-2147024894},"raw_xml":null,"source_file":null,"sigma_matches":[]},
{"record_id":318,"event_id":24,"level":"Warning","timestamp":"2026-02-19T15:57:21.965914Z","provider":"Microsoft-Windows-AppModel-State","channel":"Application","computer":"Niaina","task_id":0,"keywords":9223372036854775808,"user_id":"S-1-5-18","data":{"Operation":"InitializeDataChangedSignaler","PackageFamily":"Microsoft.MicrosoftPCManager_8wekyb3d8bbwe","OperationError":-2147024894,"RepairTriggerError":-2147023584},"raw_xml":null,"source_file":null,"sigma_matches":[]},
{"record_id":319,"event_id":20,"level":"Warning","timestamp":"2026-02-19T15:57:21.965979Z","provider":"Microsoft-Windows-AppModel-State","channel":"Application","computer":"Niaina","task_id":0,"keywords":9223372036854775808,"user_id":"S-1-5-18","data":{"Operation":"InitializeDataChangedSignaler","PackageFamily":"Microsoft.MicrosoftPCManager_8wekyb3d8bbwe","OperationError":-2147024894},"raw_xml":null,"source_file":null,"sigma_matches":[]},
{"record_id":320,"event_id":21,"level":"Warning","timestamp":"2026-02-19T15:57:21.966059Z","provider":"Microsoft-Windows-AppModel-State","channel":"Application","computer":"Niaina","task_id":0,"keywords":9223372036854775808,"user_id":"S-1-5-18","data":{"Operation":"InitializeDataChangedSignaler","PackageFamily":"Microsoft.MicrosoftPCManager_8wekyb3d8bbwe","OperationError":-2147024894,"RepairTriggerError":-2147024891},"raw_xml":null,"source_file":null,"sigma_matches":[]},
{"record_id":321,"event_id":16388,"level":"Information","timestamp":"2026-02-19T15:58:26.851864Z","provider":"Microsoft-Windows-Security-SPP","channel":"Application","computer":"Niaina","task_id":0,"keywords":36028797018963968,"user_id":null,"data":{"Data":{"#text":["2026-02-19T15:58:26Z","2026-02-19T15:58:26Z"]},"Binary":null},"raw_xml":null,"source_file":null,"sigma_matches":[]},
{"record_id":322,"event_id":1025,"level":"Information","timestamp":"2026-02-19T15:58:30.493761Z","provider":"Microsoft-Windows-Security-SPP","channel":"Application","computer":"Niaina","task_id":0,"keywords":36028797018963968,"user_id":null,"data":{"Data":{"#text":["30","6"]},"Binary":null},"raw_xml":null,"source_file":null,"sigma_matches":[]},
{"record_id":323,"event_id":8230,"level":"Information","timestamp":"2026-02-19T15:58:33.973832Z","provider":"Microsoft-Windows-Security-SPP","channel":"Application","computer":"Niaina","task_id":0,"keywords":36028797018963968,"user_id":null,"data":{"Data":{"#text":"Security-SPP-Action-StateData (REG_SZ) =AppId=55c92734-d682-4d71-983e-d6ec3f16059f;LastConsumptionReason=0x4004f401;LastNotificationId=Cleanup;LicenseState=SL_LICENSING_STATUS_LICENSED;PartialProductKey=3V66T;ProductKeyType=Retail;SkuId=4de7cb65-cdf1-4de9-8ae8-e3cce27b9f2c;ruleId=379cccfb-d4e0-48fe-b0f2-0136097be147;uxDifferentiator=RETAIL"},"Binary":null},"raw_xml":null,"source_file":null,"sigma_matches":[]},
{"record_id":324,"event_id":8197,"level":"Information","timestamp":"2026-02-19T15:58:35.242969Z","provider":"Microsoft-Windows-Security-SPP","channel":"Application","computer":"Niaina","task_id":0,"keywords":36028797018963968,"user_id":null,"data":{"Data":{"#text":"RuleId=379cccfb-d4e0-48fe-b0f2-0136097be147;Action=CleanupState;AppId=55c92734-d682-4d71-983e-d6ec3f16059f;SkuId=4de7cb65-cdf1-4de9-8ae8-e3cce27b9f2c;Trigger=TimerEvent"},"Binary":null},"raw_xml":null,"source_file":null,"sigma_matches":[]},
{"record_id":325,"event_id":12288,"level":"Information","timestamp":"2026-02-19T15:58:37.090952Z","provider":"Microsoft-Windows-Security-SPP","channel":"Application","computer":"Niaina","task_id":0,"keywords":36028797018963968,"user_id":null,"data":{"Data":{"#text":"0x00000000, 0x00000000, kms.lotro.cc:1688, 9bfca208-2a23-4e50-bf39-ad256f88318f, 2026/02/19 15:58, 0, 2, 43200, 85dd8b5f-eaa4-4af3-a628-cce9e77c9a03, 5"},"Binary":"00000600B8F5400C1E9836CED860D95DCA3549048899C669B2814DF598A4AFA9606042CBBBDB619A941DD5D7C968FC63784DA6E79DC0326B18EE21168F98E224BFA9D408F99E8F030C4D001E1BCAE17128FB375C73B4BBE5162FDC792E0C91EC2E21D473AF721D2507A63790170EF439575E146A891AC819FD2B9CDAC3C5C08D5C901ACE2C959C53703AE118B68A2EBCAA8CC19D26984D3E0992B9CDE1BCCA549EE7D3C502C80A71C283A0367E39B65B29C2E8D4C2A1E385FA4328595852D5F3D8C6321E17FBD92BBA3A91018AD5F030B34E022F28B5EED9C13969C76F5F0AB74C4F0709915CC058D861BC98CEAA0504D5241280A32545CD423233E6B866F1AE57850F16"},"raw_xml":null,"source_file":null,"sigma_matches":[]},
{"record_id":326,"event_id":12289,"level":"Information","timestamp":"2026-02-19T15:58:37.595774Z","provider":"Microsoft-Windows-Security-SPP","channel":"Application","computer":"Niaina","task_id":0,"keywords":36028797018963968,"user_id":null,"data":{"Data":{"#text":"0x00000000, 0x00000000, 1, 0, 10, 60, 129600, 2026/02/19 15:58"},"Binary":"000006008E9C8CB596C4179EDACBB2220CE579B3BA8F6227DC830CD740DA46085628F03162556288CFE3E1D8AB968F4F499C340AD795F8DFF9D519D9D48CA9A1DABF8B4936635D107ECB33CBD933B79E0AD827A5365B12406FF8373F9DA8202534F24D4AAB9459AFADD59D7712903347E868F82A919EC8B3E025DF9177E4642358C6811E6046EC0D0C86C910A6F17321D4B689C6473950227442A5612B312236E295E9C35E817678039B9F643C5550FC3BA93D3E20DA68A3B57504CD55084C35DAB99E086AB70688A1B3B547645C53A3E22BB0F134F7A4F95D499F20DA2A1A2C98F3152503CA9A8EDB6F8502EBDC5C362A4A121E4E6E2B4548E828105D197671305C78CF"},"raw_xml":null,"source_file":null,"sigma_matches":[]},
{"record_id":327,"event_id":16388,"level":"Information","timestamp":"2026-02-19T15:58:38.023660Z","provider":"Microsoft-Windows-Security-SPP","channel":"Application","computer":"Niaina","task_id":0,"keywords":36028797018963968,"user_id":null,"data":{"Data":{"#text":["2026-02-19T15:58:38Z","2026-02-19T15:58:38Z"]},"Binary":null},"raw_xml":null,"source_file":null,"sigma_matches":[]},
{"record_id":328,"event_id":1033,"level":"Information","timestamp":"2026-02-19T15:58:39.581112Z","provider":"Microsoft-Windows-Security-SPP","channel":"Application","computer":"Niaina","task_id":0,"keywords":36028797018963968,"user_id":null,"data":{"Data":{"#text":["(Security-SPP-Reserved-EnableNotificationMode) ","0ff1ce15-a989-479d-af46-f275c6370663","85dd8b5f-eaa4-4af3-a628-cce9e77c9a03"]},"Binary":null},"raw_xml":null,"source_file":null,"sigma_matches":[]},
{"record_id":329,"event_id":8230,"level":"Information","timestamp":"2026-02-19T15:58:42.319351Z","provider":"Microsoft-Windows-Security-SPP","channel":"Application","computer":"Niaina","task_id":0,"keywords":36028797018963968,"user_id":null,"data":{"Data":{"#text":"Security-SPP-Action-StateData (REG_SZ) =AppId=55c92734-d682-4d71-983e-d6ec3f16059f;LastConsumptionReason=0x4004f401;LastNotificationId=Cleanup;LicenseState=SL_LICENSING_STATUS_LICENSED;PartialProductKey=3V66T;ProductKeyType=Retail;SkuId=4de7cb65-cdf1-4de9-8ae8-e3cce27b9f2c;ruleId=379cccfb-d4e0-48fe-b0f2-0136097be147;uxDifferentiator=RETAIL"},"Binary":null},"raw_xml":null,"source_file":null,"sigma_matches":[]},
{"record_id":330,"event_id":16388,"level":"Information","timestamp":"2026-02-19T15:58:42.352637Z","provider":"Microsoft-Windows-Security-SPP","channel":"Application","computer":"Niaina","task_id":0,"keywords":36028797018963968,"user_id":null,"data":{"Data":{"#text":["2026-02-19T15:58:42Z","2026-02-19T15:58:42Z"]},"Binary":null},"raw_xml":null,"source_file":null,"sigma_matches":[]},
