{"record_id":134,"event_id":0,"level":"Information","timestamp":"2026-02-19T15:52:36.612115Z","provider":"OpenVpnService","channel":"Application","computer":"Niaina","task_id":0,"keywords":36028797018963968,"user_id":null,"data":{"Data":{"#text":"Le service a démarré avec succès."},"Binary":null},"raw_xml":null,"source_file":null,"sigma_matches":[]},
{"record_id":135,"event_id":16389,"level":"Information","timestamp":"2026-02-19T15:53:21.582961Z","provider":"Microsoft-Windows-Security-SPP","channel":"Application","computer":"Niaina","task_id":0,"keywords":36028797018963968,"user_id":null,"data":{"Data":{"#text":""},"Binary":null},"raw_xml":null,"source_file":null,"sigma_matches":[]},
{"record_id":136,"event_id":1004,"level":"Information","timestamp":"2026-02-19T15:53:21.679042Z","provider":"Microsoft-Windows-Security-SPP","channel":"Application","computer":"Niaina","task_id":0,"keywords":36028797018963968,"user_id":null,"data":{"Data":{"#text":["Office 24 UL phone License (Public)","eb1b706d-73e4-432b-b200-6edab02167eb"]},"Binary":null},"raw_xml":null,"source_file":null,"sigma_matches":[]},
{"record_id":137,"event_id":1004,"level":"Information","timestamp":"2026-02-19T15:53:21.679889Z","provider":"Microsoft-Windows-Security-SPP","channel":"Application","computer":"Niaina","task_id":0,"keywords":36028797018963968,"user_id":null,"data":{"Data":{"#text":["Office 24 UL phone License (Private)","ef8c77b6-541a-426e-979c-c09791b2cb17"]},"Binary":null},"raw_xml":null,"source_file":null,"sigma_matches":[]},
{"record_id":138,"event_id":1004,"level":"Information","timestamp":"2026-02-19T15:53:21.697994Z","provider":"Microsoft-Windows-Security-SPP","channel":"Application","computer":"Niaina","task_id":0,"keywords":36028797018963968,"user_id":null,"data":{"Data":{"#text":["Office 19 Publishing License (Public)","3db1f2f5-2b2b-41ac-a532-7b0260615f55"]},"Binary":null},"raw_xml":null,"source_file":null,"sigma_matches":[]},
{"record_id":139,"event_id":1004,"level":"Information","timestamp":"2026-02-19T15:53:21.698879Z","provider":"Microsoft-Windows-Security-SPP","channel":"Application","computer":"Niaina","task_id":0,"keywords":36028797018963968,"user_id":null,"data":{"Data":{"#text":["Office 19 Publishing License (Private)","f8382179-f03f-4774-a361-429603d45054"]},"Binary":null},"raw_xml":null,"source_file":null,"sigma_matches":[]},
{"record_id":140,"event_id":1004,"level":"Information","timestamp":"2026-02-19T15:53:21.715191Z","provider":"Microsoft-Windows-Security-SPP","channel":"Application","computer":"Niaina","task_id":0,"keywords":36028797018963968,"user_id":null,"data":{"Data":{"#text":["client-issuance-root Issuance License","7cbeb41c-1778-47f2-aa36-51a5a618f716"]},"Binary":null},"raw_xml":null,"source_file":null,"sigma_matches":[]},
{"record_id":141,"event_id":1004,"level":"Information","timestamp":"2026-02-19T15:53:21.733981Z","provider":"Microsoft-Windows-Security-SPP","channel":"Application","computer":"Niaina","task_id":0,"keywords":36028797018963968,"user_id":null,"data":{"Data":{"#text":["Office 19 Publishing License (Public)","cee46be3-8345-44c9-94a3-36b642728435"]},"Binary":null},"raw_xml":null,"source_file":null,"sigma_matches":[]},
{"record_id":142,"event_id":1004,"level":"Information","timestamp":"2026-02-19T15:53:21.734900Z","provider":"Microsoft-Windows-Security-SPP","channel":"Application","computer":"Niaina","task_id":0,"keywords":36028797018963968,"user_id":null,"data":{"Data":{"#text":["Office 19 Publishing License (Private)","c091a298-8a46-4d4c-aa08-1ef3aa563d9e"]},"Binary":null},"raw_xml":null,"source_file":null,"sigma_matches":[]},
{"record_id":143,"event_id":1004,"level":"Information","timestamp":"2026-02-19T15:53:21.753758Z","provider":"Microsoft-Windows-Security-SPP","channel":"Application","computer":"Niaina","task_id":0,"keywords":36028797018963968,"user_id":null,"data":{"Data":{"#text":["Office 19 Publishing License (Public)","50fb2cad-edc1-4d93-907d-eacc5f146e2c"]},"Binary":null},"raw_xml":null,"source_file":null,"sigma_matches":[]},
{"record_id":144,"event_id":1004,"level":"Information","timestamp":"2026-02-19T15:53:21.754819Z","provider":"Microsoft-Windows-Security-SPP","channel":"Application","computer":"Niaina","task_id":0,"keywords":36028797018963968,"user_id":null,"data":{"Data":{"#text":["Office 19 Publishing License (Private)","91f178a5-fc09-4961-95e8-084b98c4736e"]},"Binary":null},"raw_xml":null,"source_file":null,"sigma_matches":[]},
{"record_id":145,"event_id":1004,"level":"Information","timestamp":"2026-02-19T15:53:21.774459Z","provider":"Microsoft-Windows-Security-SPP","channel":"Application","computer":"Niaina","task_id":0,"keywords":36028797018963968,"user_id":null,"data":{"Data":{"#text":["Office 19 UL phone License (Public)","740d881e-c4bb-48f4-a315-5075d814b809"]},"Binary":null},"raw_xml":null,"source_file":null,"sigma_matches":[]},
{"record_id":146,"event_id":1004,"level":"Information","timestamp":"2026-02-19T15:53:21.775175Z","provider":"Microsoft-Windows-Security-SPP","channel":"Application","computer":"Niaina","task_id":0,"keywords":36028797018963968,"user_id":null,"data":{"Data":{"#text":["Office 19 UL phone License (Private)","dc8f8fb7-148f-426e-91fa-d56849d32afa"]},"Binary":null},"raw_xml":null,"source_file":null,"sigma_matches":[]},
{"record_id":147,"event_id":1004,"level":"Information","timestamp":"2026-02-19T15:53:21.793816Z","provider":"Microsoft-Windows-Security-SPP","channel":"Application","computer":"Niaina","task_id":0,"keywords":36028797018963968,"user_id":null,"data":{"Data":{"#text":["Office 24 UL oob License (Public)","3ce39260-d1a9-4175-80cc-2e181afc38cd"]},"Binary":null},"raw_xml":null,"source_file":null,"sigma_matches":[]},
{"record_id":148,"event_id":1004,"level":"Information","timestamp":"2026-02-19T15:53:21.794829Z","provider":"Microsoft-Windows-Security-SPP","channel":"Application","computer":"Niaina","task_id":0,"keywords":36028797018963968,"user_id":null,"data":{"Data":{"#text":["Office 24 UL oob License (Private)","6bfba4c7-4403-4dfd-970d-ff18ad0fe6b2"]},"Binary":null},"raw_xml":null,"source_file":null,"sigma_matches":[]},
{"record_id":149,"event_id":1004,"level":"Information","timestamp":"2026-02-19T15:53:21.814071Z","provider":"Microsoft-Windows-Security-SPP","channel":"Application","computer":"Niaina","task_id":0,"keywords":36028797018963968,"user_id":null,"data":{"Data":{"#text":["Office 19 UL oob License (Public)","0242447f-fff0-4a8e-840e-9999acfad972"]},"Binary":null},"raw_xml":null,"source_file":null,"sigma_matches":[]},
{"record_id":150,"event_id":1004,"level":"Information","timestamp":"2026-02-19T15:53:21.814819Z","provider":"Microsoft-Windows-Security-SPP","channel":"Application","computer":"Niaina","task_id":0,"keywords":36028797018963968,"user_id":null,"data":{"Data":{"#text":["Office 19 UL oob License (Private)","81930ada-b6b3-4683-8d93-eb03316c1ad4"]},"Binary":null},"raw_xml":null,"source_file":null,"sigma_matches":[]},
{"record_id":151,"event_id":1004,"level":"Information","timestamp":"2026-02-19T15:53:21.832791Z","provider":"Microsoft-Windows-Security-SPP","channel":"Application","computer":"Niaina","task_id":0,"keywords":36028797018963968,"user_id":null,"data":{"Data":{"#text":["client-issuance-ul Issuance License","ce939c0e-53f7-4011-a286-78b6975fa5f0"]},"Binary":null},"raw_xml":null,"source_file":null,"sigma_matches":[]},
{"record_id":152,"event_id":1004,"level":"Information","timestamp":"2026-02-19T15:53:21.852152Z","provider":"Microsoft-Windows-Security-SPP","channel":"Application","computer":"Niaina","task_id":0,"keywords":36028797018963968,"user_id":null,"data":{"Data":{"#text":["Office 19 UL oob License (Public)","1cd5eedb-1e63-42f7-a057-04e8a94362ea"]},"Binary":null},"raw_xml":null,"source_file":null,"sigma_matches":[]},
{"record_id":153,"event_id":1004,"level":"Information","timestamp":"2026-02-19T15:53:21.853020Z","provider":"Microsoft-Windows-Security-SPP","channel":"Application","computer":"Niaina","task_id":0,"keywords":36028797018963968,"user_id":null,"data":{"Data":{"#text":["Office 19 UL oob License (Private)","dfaf9458-c115-45d4-a58d-112eb835d929"]},"Binary":null},"raw_xml":null,"source_file":null,"sigma_matches":[]},
{"record_id":154,"event_id":1004,"level":"Information","timestamp":"2026-02-19T15:53:21.872847Z","provider":"Microsoft-Windows-Security-SPP","channel":"Application","computer":"Niaina","task_id":0,"keywords":36028797018963968,"user_id":null,"data":{"Data":{"#text":["Office 19 UL phone License (Public)","5d189e71-5689-4d89-a719-fa128155105f"]},"Binary":null},"raw_xml":null,"source_file":null,"sigma_matches":[]},
{"record_id":155,"event_id":1004,"level":"Information","timestamp":"2026-02-19T15:53:21.873865Z","provider":"Microsoft-Windows-Security-SPP","channel":"Application","computer":"Niaina","task_id":0,"keywords":36028797018963968,"user_id":null,"data":{"Data":{"#text":["Office 19 UL phone License (Private)","82a861d2-b30a-42ef-9301-c25c46f6e641"]},"Binary":null},"raw_xml":null,"source_file":null,"sigma_matches":[]},
{"record_id":156,"event_id":1004,"level":"Information","timestamp":"2026-02-19T15:53:21.892226Z","provider":"Microsoft-Windows-Security-SPP","channel":"Application","computer":"Niaina","task_id":0,"keywords":36028797018963968,"user_id":null,"data":{"Data":{"#text":["Office 19 UL oob License (Public)","34632c9f-ef63-4d76-8368-fa4e77dc8604"]},"Binary":null},"raw_xml":null,"source_file":null,"sigma_matches":[]},
{"record_id":157,"event_id":1004,"level":"Information","timestamp":"2026-02-19T15:53:21.893131Z","provider":"Microsoft-Windows-Security-SPP","channel":"Application","computer":"Niaina","task_id":0,"keywords":36028797018963968,"user_id":null,"data":{"Data":{"#text":["Office 19 UL oob License (Private)","73397561-7991-4128-a732-f9f6aba7a269"]},"Binary":null},"raw_xml":null,"source_file":null,"sigma_matches":[]},
{"record_id":158,"event_id":1004,"level":"Information","timestamp":"2026-02-19T15:53:21.913348Z","provider":"Microsoft-Windows-Security-SPP","channel":"Application","computer":"Niaina","task_id":0,"keywords":36028797018963968,"user_id":null,"data":{"Data":{"#text":["Office 19 UL phone License (Public)","93f13604-39c0-424f-9ad0-220dd3c26ced"]},"Binary":null},"raw_xml":null,"source_file":null,"sigma_matches":[]},
{"record_id":159,"event_id":1004,"level":"Information","timestamp":"2026-02-19T15:53:21.914193Z","provider":"Microsoft-Windows-Security-SPP","channel":"Application","computer":"Niaina","task_id":0,"keywords":36028797018963968,"user_id":null,"data":{"Data":{"#text":["Office 19 UL phone License (Private)","8c150017-a645-40e2-addc-574528826d0e"]},"Binary":null},"raw_xml":null,"source_file":null,"sigma_matches":[]},
{"record_id":160,"event_id":1004,"level":"Information","timestamp":"2026-02-19T15:53:21.932373Z","provider":"Microsoft-Windows-Security-SPP","channel":"Application","computer":"Niaina","task_id":0,"keywords":36028797018963968,"user_id":null,"data":{"Data":{"#text":["OfficeC3B2612D-58EE-4D9B-AD9D-7568DECB29F7 PPD License","29cfdf53-ed6c-986e-d46e-fcfdf0bb246f"]},"Binary":null},"raw_xml":null,"source_file":null,"sigma_matches":[]},
{"record_id":161,"event_id":1004,"level":"Information","timestamp":"2026-02-19T15:53:21.952564Z","provider":"Microsoft-Windows-Security-SPP","channel":"Application","computer":"Niaina","task_id":0,"keywords":36028797018963968,"user_id":null,"data":{"Data":{"#text":["Office 19 UL phone License (Public)","84d2daa3-fc22-443f-bcf2-72dbfb928236"]},"Binary":null},"raw_xml":null,"source_file":null,"sigma_matches":[]},
{"record_id":162,"event_id":1004,"level":"Information","timestamp":"2026-02-19T15:53:21.953504Z","provider":"Microsoft-Windows-Security-SPP","channel":"Application","computer":"Niaina","task_id":0,"keywords":36028797018963968,"user_id":null,"data":{"Data":{"#text":["Office 19 UL phone License (Private)","e9edc72c-5b28-4641-bc7d-dd688f49d2b5"]},"Binary":null},"raw_xml":null,"source_file":null,"sigma_matches":[]},
{"record_id":163,"event_id":1004,"level":"Information","timestamp":"2026-02-19T15:53:21.973548Z","provider":"Microsoft-Windows-Security-SPP","channel":"Application","computer":"Niaina","task_id":0,"keywords":36028797018963968,"user_id":null,"data":{"Data":{"#text":["Office 19 UL oob License (Public)","7ea8600a-3342-46cc-8cbd-53901cf12cdb"]},"Binary":null},"raw_xml":null,"source_file":null,"sigma_matches":[]},
{"record_id":164,"event_id":1004,"level":"Information","timestamp":"2026-02-19T15:53:21.974446Z","provider":"Microsoft-Windows-Security-SPP","channel":"Application","computer":"Niaina","task_id":0,"keywords":36028797018963968,"user_id":null,"data":{"Data":{"#text":["Office 19 UL oob License (Private)","38ab3b31-77ac-4c41-97b1-a8157a762cf0"]},"Binary":null},"raw_xml":null,"source_file":null,"sigma_matches":[]},
{"record_id":165,"event_id":1004,"level":"Information","timestamp":"2026-02-19T15:53:21.994220Z","provider":"Microsoft-Windows-Security-SPP","channel":"Application","computer":"Niaina","task_id":0,"keywords":36028797018963968,"user_id":null,"data":{"Data":{"#text":["Office 19 UL oob License (Public)","aa02ced5-ba63-4419-b55b-4054fdc34bbf"]},"Binary":null},"raw_xml":null,"source_file":null,"sigma_matches":[]},
{"record_id":166,"event_id":1004,"level":"Information","timestamp":"2026-02-19T15:53:21.995107Z","provider":"Microsoft-Windows-Security-SPP","channel":"Application","computer":"Niaina","task_id":0,"keywords":36028797018963968,"user_id":null,"data":{"Data":{"#text":["Office 19 UL oob License (Private)","3ea08bd3-0b22-407d-8311-621d5ca2b392"]},"Binary":null},"raw_xml":null,"source_file":null,"sigma_matches":[]},
{"record_id":167,"event_id":1004,"level":"Information","timestamp":"2026-02-19T15:53:22.015252Z","provider":"Microsoft-Windows-Security-SPP","channel":"Application","computer":"Niaina","task_id":0,"keywords":36028797018963968,"user_id":null,"data":{"Data":{"#text":["Office6755C7A7-4DFE-46F5-BCE8-427BE8E9DC62 PPD License","13f7a1f4-5ed8-77a6-563e-13c4406ad1f3"]},"Binary":null},"raw_xml":null,"source_file":null,"sigma_matches":[]},
{"record_id":168,"event_id":1004,"level":"Information","timestamp":"2026-02-19T15:53:22.035565Z","provider":"Microsoft-Windows-Security-SPP","channel":"Application","computer":"Niaina","task_id":0,"keywords":36028797018963968,"user_id":null,"data":{"Data":{"#text":["Office 19 UL phone License (Public)","b0312fa6-3ba0-4d81-aa24-8329945f5a21"]},"Binary":null},"raw_xml":null,"source_file":null,"sigma_matches":[]},
{"record_id":169,"event_id":1004,"level":"Information","timestamp":"2026-02-19T15:53:22.036573Z","provider":"Microsoft-Windows-Security-SPP","channel":"Application","computer":"Niaina","task_id":0,"keywords":36028797018963968,"user_id":null,"data":{"Data":{"#text":["Office 19 UL phone License (Private)","4862444d-8e03-4e97-b52e-b66364b984ac"]},"Binary":null},"raw_xml":null,"source_file":null,"sigma_matches":[]},
{"record_id":170,"event_id":1004,"level":"Information","timestamp":"2026-02-19T15:53:22.057012Z","provider":"Microsoft-Windows-Security-SPP","channel":"Application","computer":"Niaina","task_id":0,"keywords":36028797018963968,"user_id":null,"data":{"Data":{"#text":["OfficeDB249714-BB54-4422-8C78-2CC8D4C4A19F PPD License","2c1b182d-fe40-0263-915e-e69b3fed75f4"]},"Binary":null},"raw_xml":null,"source_file":null,"sigma_matches":[]},
{"record_id":171,"event_id":1004,"level":"Information","timestamp":"2026-02-19T15:53:22.077518Z","provider":"Microsoft-Windows-Security-SPP","channel":"Application","computer":"Niaina","task_id":0,"keywords":36028797018963968,"user_id":null,"data":{"Data":{"#text":["Office 19 UL oob License (Public)","8027fcfe-1485-488b-8026-e0e20c467720"]},"Binary":null},"raw_xml":null,"source_file":null,"sigma_matches":[]},
{"record_id":172,"event_id":1004,"level":"Information","timestamp":"2026-02-19T15:53:22.078270Z","provider":"Microsoft-Windows-Security-SPP","channel":"Application","computer":"Niaina","task_id":0,"keywords":36028797018963968,"user_id":null,"data":{"Data":{"#text":["Office 19 UL oob License (Private)","ee14510a-badc-4266-9789-eed5d01072ce"]},"Binary":null},"raw_xml":null,"source_file":null,"sigma_matches":[]},
{"record_id":173,"event_id":1004,"level":"Information","timestamp":"2026-02-19T15:53:22.098293Z","provider":"Microsoft-Windows-Security-SPP","channel":"Application","computer":"Niaina","task_id":0,"keywords":36028797018963968,"user_id":null,"data":{"Data":{"#text":["Office 24 UL oob License (Public)","9aa712e5-3b28-4c03-b0f5-1f65311d46d7"]},"Binary":null},"raw_xml":null,"source_file":null,"sigma_matches":[]},
{"record_id":174,"event_id":1004,"level":"Information","timestamp":"2026-02-19T15:53:22.099105Z","provider":"Microsoft-Windows-Security-SPP","channel":"Application","computer":"Niaina","task_id":0,"keywords":36028797018963968,"user_id":null,"data":{"Data":{"#text":["Office 24 UL oob License (Private)","57408032-0586-43b8-808d-23a4d727ce94"]},"Binary":null},"raw_xml":null,"source_file":null,"sigma_matches":[]},
{"record_id":175,"event_id":1004,"level":"Information","timestamp":"2026-02-19T15:53:22.119681Z","provider":"Microsoft-Windows-Security-SPP","channel":"Application","computer":"Niaina","task_id":0,"keywords":36028797018963968,"user_id":null,"data":{"Data":{"#text":["Office 19 UL phone License (Public)","6a48faf3-4509-4c13-a863-dfd5b72acfb0"]},"Binary":null},"raw_xml":null,"source_file":null,"sigma_matches":[]},
{"record_id":176,"event_id":1004,"level":"Information","timestamp":"2026-02-19T15:53:22.120679Z","provider":"Microsoft-Windows-Security-SPP","channel":"Application","computer":"Niaina","task_id":0,"keywords":36028797018963968,"user_id":null,"data":{"Data":{"#text":["Office 19 UL phone License (Private)","5b15fbe8-cdad-446f-9186-fa508c1d1203"]},"Binary":null},"raw_xml":null,"source_file":null,"sigma_matches":[]},
{"record_id":177,"event_id":1004,"level":"Information","timestamp":"2026-02-19T15:53:22.140004Z","provider":"Microsoft-Windows-Security-SPP","channel":"Application","computer":"Niaina","task_id":0,"keywords":36028797018963968,"user_id":null,"data":{"Data":{"#text":["Office 24 Publishing License (Public)","ec4412ce-9478-4624-92ed-b0187dd995d7"]},"Binary":null},"raw_xml":null,"source_file":null,"sigma_matches":[]},
{"record_id":178,"event_id":1004,"level":"Information","timestamp":"2026-02-19T15:53:22.140951Z","provider":"Microsoft-Windows-Security-SPP","channel":"Application","computer":"Niaina","task_id":0,"keywords":36028797018963968,"user_id":null,"data":{"Data":{"#text":["Office 24 Publishing License (Private)","c1888525-e6bc-48ac-8c35-4d4131f5a8e1"]},"Binary":null},"raw_xml":null,"source_file":null,"sigma_matches":[]},
{"record_id":179,"event_id":1004,"level":"Information","timestamp":"2026-02-19T15:53:22.161758Z","provider":"Microsoft-Windows-Security-SPP","channel":"Application","computer":"Niaina","task_id":0,"keywords":36028797018963968,"user_id":null,"data":{"Data":{"#text":["Office0E26561D-8B88-44CC-B87E-FAF56344E5F3 PPD License","43f78c26-9ada-52c5-f205-874c69d54691"]},"Binary":null},"raw_xml":null,"source_file":null,"sigma_matches":[]},
{"record_id":180,"event_id":1004,"level":"Information","timestamp":"2026-02-19T15:53:22.181584Z","provider":"Microsoft-Windows-Security-SPP","channel":"Application","computer":"Niaina","task_id":0,"keywords":36028797018963968,"user_id":null,"data":{"Data":{"#text":["Office 19 UL phone License (Public)","6b40f520-8ac0-494d-a356-ba5a603c544c"]},"Binary":null},"raw_xml":null,"source_file":null,"sigma_matches":[]},
{"record_id":181,"event_id":1004,"level":"Information","timestamp":"2026-02-19T15:53:22.182654Z","provider":"Microsoft-Windows-Security-SPP","channel":"Application","computer":"Niaina","task_id":0,"keywords":36028797018963968,"user_id":null,"data":{"Data":{"#text":["Office 19 UL phone License (Private)","c28c747e-b0b8-4e78-ab9d-62617804667d"]},"Binary":null},"raw_xml":null,"source_file":null,"sigma_matches":[]},
{"record_id":182,"event_id":1004,"level":"Information","timestamp":"2026-02-19T15:53:22.202389Z","provider":"Microsoft-Windows-Security-SPP","channel":"Application","computer":"Niaina","task_id":0,"keywords":36028797018963968,"user_id":null,"data":{"Data":{"#text":["Office 19 Publishing License (Public)","744bcf72-5793-4300-9984-d0e5ee6f647b"]},"Binary":null},"raw_xml":null,"source_file":null,"sigma_matches":[]},
{"record_id":183,"event_id":1004,"level":"Information","timestamp":"2026-02-19T15:53:22.203155Z","provider":"Microsoft-Windows-Security-SPP","channel":"Application","computer":"Niaina","task_id":0,"keywords":36028797018963968,"user_id":null,"data":{"Data":{"#text":["Office 19 Publishing License (Private)","1b844db0-0cf4-4c4a-ae09-728257775be7"]},"Binary":null},"raw_xml":null,"source_file":null,"sigma_matches":[]},
{"record_id":184,"event_id":1004,"level":"Information","timestamp":"2026-02-19T15:53:22.224147Z","provider":"Microsoft-Windows-Security-SPP","channel":"Application","computer":"Niaina","task_id":0,"keywords":36028797018963968,"user_id":null,"data":{"Data":{"#text":["Office 19 UL phone License (Public)","277c6dc8-276c-4bf7-8bdf-2159b6fbf738"]},"Binary":null},"raw_xml":null,"source_file":null,"sigma_matches":[]},
{"record_id":185,"event_id":1004,"level":"Information","timestamp":"2026-02-19T15:53:22.225110Z","provider":"Microsoft-Windows-Security-SPP","channel":"Application","computer":"Niaina","task_id":0,"keywords":36028797018963968,"user_id":null,"data":{"Data":{"#text":["Office 19 UL phone License (Private)","89a48801-c1ba-4301-9ef5-7ff080689ed5"]},"Binary":null},"raw_xml":null,"source_file":null,"sigma_matches":[]},
{"record_id":186,"event_id":1004,"level":"Information","timestamp":"2026-02-19T15:53:22.245386Z","provider":"Microsoft-Windows-Security-SPP","channel":"Application","computer":"Niaina","task_id":0,"keywords":36028797018963968,"user_id":null,"data":{"Data":{"#text":["Office447EFFDD-0073-4716-99F3-32EF2E155766 PPD License","6830c473-7725-2ddb-d4a4-0af8383950f0"]},"Binary":null},"raw_xml":null,"source_file":null,"sigma_matches":[]},
{"record_id":187,"event_id":1004,"level":"Information","timestamp":"2026-02-19T15:53:22.263991Z","provider":"Microsoft-Windows-Security-SPP","channel":"Application","computer":"Niaina","task_id":0,"keywords":36028797018963968,"user_id":null,"data":{"Data":{"#text":["client-issuance-root-bridge-test Issuance License","7256a55f-e989-4e06-b2c2-c527f49e4527"]},"Binary":null},"raw_xml":null,"source_file":null,"sigma_matches":[]},
{"record_id":188,"event_id":1004,"level":"Information","timestamp":"2026-02-19T15:53:22.284592Z","provider":"Microsoft-Windows-Security-SPP","channel":"Application","computer":"Niaina","task_id":0,"keywords":36028797018963968,"user_id":null,"data":{"Data":{"#text":["Office 19 UL oob License (Public)","80618481-2ed7-450a-a008-5fdf004eaf0f"]},"Binary":null},"raw_xml":null,"source_file":null,"sigma_matches":[]},
{"record_id":189,"event_id":1004,"level":"Information","timestamp":"2026-02-19T15:53:22.285396Z","provider":"Microsoft-Windows-Security-SPP","channel":"Application","computer":"Niaina","task_id":0,"keywords":36028797018963968,"user_id":null,"data":{"Data":{"#text":["Office 19 UL oob License (Private)","3bb29b51-7a00-4f5e-aa81-cca7cd10d092"]},"Binary":null},"raw_xml":null,"source_file":null,"sigma_matches":[]},
{"record_id":190,"event_id":1004,"level":"Information","timestamp":"2026-02-19T15:53:22.305897Z","provider":"Microsoft-Windows-Security-SPP","channel":"Application","computer":"Niaina","task_id":0,"keywords":36028797018963968,"user_id":null,"data":{"Data":{"#text":["Office 19 UL oob License (Public)","e900957d-8e80-46c6-b466-c3d18cef2022"]},"Binary":null},"raw_xml":null,"source_file":null,"sigma_matches":[]},
{"record_id":191,"event_id":1004,"level":"Information","timestamp":"2026-02-19T15:53:22.306885Z","provider":"Microsoft-Windows-Security-SPP","channel":"Application","computer":"Niaina","task_id":0,"keywords":36028797018963968,"user_id":null,"data":{"Data":{"#text":["Office 19 UL oob License (Private)","021776ce-bf3e-4461-876f-8d0161ec1cff"]},"Binary":null},"raw_xml":null,"source_file":null,"sigma_matches":[]},
{"record_id":192,"event_id":1004,"level":"Information","timestamp":"2026-02-19T15:53:22.326216Z","provider":"Microsoft-Windows-Security-SPP","channel":"Application","computer":"Niaina","task_id":0,"keywords":36028797018963968,"user_id":null,"data":{"Data":{"#text":["client-issuance-stil Issuance License","285583cd-fc43-4806-ace6-d247b7edd434"]},"Binary":null},"raw_xml":null,"source_file":null,"sigma_matches":[]},
{"record_id":193,"event_id":1004,"level":"Information","timestamp":"2026-02-19T15:53:22.345861Z","provider":"Microsoft-Windows-Security-SPP","channel":"Application","computer":"Niaina","task_id":0,"keywords":36028797018963968,"user_id":null,"data":{"Data":{"#text":["Office 19 Publishing License (Public)","cc94d1c3-85e3-4b36-986e-0d3935872741"]},"Binary":null},"raw_xml":null,"source_file":null,"sigma_matches":[]},
{"record_id":194,"event_id":1004,"level":"Information","timestamp":"2026-02-19T15:53:22.346902Z","provider":"Microsoft-Windows-Security-SPP","channel":"Application","computer":"Niaina","task_id":0,"keywords":36028797018963968,"user_id":null,"data":{"Data":{"#text":["Office 19 Publishing License (Private)","99834d87-8c5c-404d-8eb8-e16600235baf"]},"Binary":null},"raw_xml":null,"source_file":null,"sigma_matches":[]},
{"record_id":195,"event_id":1004,"level":"Information","timestamp":"2026-02-19T15:53:22.367998Z","provider":"Microsoft-Windows-Security-SPP","channel":"Application","computer":"Niaina","task_id":0,"keywords":36028797018963968,"user_id":null,"data":{"Data":{"#text":["Office83BD3F0A-A827-46C9-8B30-3F73BF933CFE PPD License","ed45a917-31b6-ee0c-0dbb-c2bcf1f3c7b4"]},"Binary":null},"raw_xml":null,"source_file":null,"sigma_matches":[]},
{"record_id":196,"event_id":1004,"level":"Information","timestamp":"2026-02-19T15:53:22.388387Z","provider":"Microsoft-Windows-Security-SPP","channel":"Application","computer":"Niaina","task_id":0,"keywords":36028797018963968,"user_id":null,"data":{"Data":{"#text":["Office 19 UL oob License (Public)","520972f1-d1f0-4da5-9b59-4992e59a54ce"]},"Binary":null},"raw_xml":null,"source_file":null,"sigma_matches":[]},
{"record_id":197,"event_id":1004,"level":"Information","timestamp":"2026-02-19T15:53:22.389211Z","provider":"Microsoft-Windows-Security-SPP","channel":"Application","computer":"Niaina","task_id":0,"keywords":36028797018963968,"user_id":null,"data":{"Data":{"#text":["Office 19 UL oob License (Private)","773f1137-f2a5-4201-b9f7-c7d3356ef85b"]},"Binary":null},"raw_xml":null,"source_file":null,"sigma_matches":[]},
{"record_id":198,"event_id":1004,"level":"Information","timestamp":"2026-02-19T15:53:22.409318Z","provider":"Microsoft-Windows-Security-SPP","channel":"Application","computer":"Niaina","task_id":0,"keywords":36028797018963968,"user_id":null,"data":{"Data":{"#text":["Office 19 UL oob License (Public)","e7a806f7-a083-45db-98c3-37ea08031efb"]},"Binary":null},"raw_xml":null,"source_file":null,"sigma_matches":[]},
{"record_id":199,"event_id":1004,"level":"Information","timestamp":"2026-02-19T15:53:22.410194Z","provider":"Microsoft-Windows-Security-SPP","channel":"Application","computer":"Niaina","task_id":0,"keywords":36028797018963968,"user_id":null,"data":{"Data":{"#text":["Office 19 UL oob License (Private)","0906a4a5-ae71-4078-a6db-dfe1235607eb"]},"Binary":null},"raw_xml":null,"source_file":null,"sigma_matches":[]},
{"record_id":200,"event_id":1004,"level":"Information","timestamp":"2026-02-19T15:53:22.431175Z","provider":"Microsoft-Windows-Security-SPP","channel":"Application","computer":"Niaina","task_id":0,"keywords":36028797018963968,"user_id":null,"data":{"Data":{"#text":["Office 19 UL oob License (Public)","34bc269e-451e-457b-955e-88c94a9565c5"]},"Binary":null},"raw_xml":null,"source_file":null,"sigma_matches":[]},
{"record_id":201,"event_id":1004,"level":"Information","timestamp":"2026-02-19T15:53:22.432123Z","provider":"Microsoft-Windows-Security-SPP","channel":"Application","computer":"Niaina","task_id":0,"keywords":36028797018963968,"user_id":null,"data":{"Data":{"#text":["Office 19 UL oob License (Private)","93733ca5-f5a0-494a-b571-94a2ad63e73a"]},"Binary":null},"raw_xml":null,"source_file":null,"sigma_matches":[]},
{"record_id":202,"event_id":1004,"level":"Information","timestamp":"2026-02-19T15:53:22.452503Z","provider":"Microsoft-Windows-Security-SPP","channel":"Application","computer":"Niaina","task_id":0,"keywords":36028797018963968,"user_id":null,"data":{"Data":{"#text":["Office 19 UL phone License (Public)","8c4454f7-a0d3-4bb5-be93-6a1eb453dd4a"]},"Binary":null},"raw_xml":null,"source_file":null,"sigma_matches":[]},
{"record_id":203,"event_id":1004,"level":"Information","timestamp":"2026-02-19T15:53:22.453341Z","provider":"Microsoft-Windows-Security-SPP","channel":"Application","computer":"Niaina","task_id":0,"keywords":36028797018963968,"user_id":null,"data":{"Data":{"#text":["Office 19 UL phone License (Private)","0f36f770-6833-427e-ab94-9907cf1c03fe"]},"Binary":null},"raw_xml":null,"source_file":null,"sigma_matches":[]},
{"record_id":204,"event_id":1004,"level":"Information","timestamp":"2026-02-19T15:53:22.475450Z","provider":"Microsoft-Windows-Security-SPP","channel":"Application","computer":"Niaina","task_id":0,"keywords":36028797018963968,"user_id":null,"data":{"Data":{"#text":["Office 19 UL phone License (Public)","783b430f-f29a-4f8d-a92f-04d42647aa38"]},"Binary":null},"raw_xml":null,"source_file":null,"sigma_matches":[]},
{"record_id":205,"event_id":1004,"level":"Information","timestamp":"2026-02-19T15:53:22.476214Z","provider":"Microsoft-Windows-Security-SPP","channel":"Application","computer":"Niaina","task_id":0,"keywords":36028797018963968,"user_id":null,"data":{"Data":{"#text":["Office 19 UL phone License (Private)","9f63775a-bd5b-447d-a175-022173283690"]},"Binary":null},"raw_xml":null,"source_file":null,"sigma_matches":[]},
{"record_id":206,"event_id":1004,"level":"Information","timestamp":"2026-02-19T15:53:22.496350Z","provider":"Microsoft-Windows-Security-SPP","channel":"Application","computer":"Niaina","task_id":0,"keywords":36028797018963968,"user_id":null,"data":{"Data":{"#text":["Office 19 UL oob License (Public)","42acbab5-9172-4410-81e4-5bdd31b8e639"]},"Binary":null},"raw_xml":null,"source_file":null,"sigma_matches":[]},
{"record_id":207,"event_id":1004,"level":"Information","timestamp":"2026-02-19T15:53:22.497194Z","provider":"Microsoft-Windows-Security-SPP","channel":"Application","computer":"Niaina","task_id":0,"keywords":36028797018963968,"user_id":null,"data":{"Data":{"#text":["Office 19 UL oob License (Private)","8366cba8-3707-4cf4-a7f2-bd491c88bd9f"]},"Binary":null},"raw_xml":null,"source_file":null,"sigma_matches":[]},
{"record_id":208,"event_id":1004,"level":"Information","timestamp":"2026-02-19T15:53:22.518802Z","provider":"Microsoft-Windows-Security-SPP","channel":"Application","computer":"Niaina","task_id":0,"keywords":36028797018963968,"user_id":null,"data":{"Data":{"#text":["Office4A470B50-4D01-4FE5-910A-51BB0B7EB163 PPD License","1dfa8714-cfa8-d2c3-e63e-37271971eb95"]},"Binary":null},"raw_xml":null,"source_file":null,"sigma_matches":[]},
{"record_id":209,"event_id":1004,"level":"Information","timestamp":"2026-02-19T15:53:22.539623Z","provider":"Microsoft-Windows-Security-SPP","channel":"Application","computer":"Niaina","task_id":0,"keywords":36028797018963968,"user_id":null,"data":{"Data":{"#text":["Office 19 UL oob License (Public)","06244ead-2e8c-4062-ae91-95df1cf38fcf"]},"Binary":null},"raw_xml":null,"source_file":null,"sigma_matches":[]},
{"record_id":210,"event_id":1004,"level":"Information","timestamp":"2026-02-19T15:53:22.540377Z","provider":"Microsoft-Windows-Security-SPP","channel":"Application","computer":"Niaina","task_id":0,"keywords":36028797018963968,"user_id":null,"data":{"Data":{"#text":["Office 19 UL oob License (Private)","0446f208-fce9-4a4d-b4b7-ce85360c7b23"]},"Binary":null},"raw_xml":null,"source_file":null,"sigma_matches":[]},
{"record_id":211,"event_id":1004,"level":"Information","timestamp":"2026-02-19T15:53:22.561184Z","provider":"Microsoft-Windows-Security-SPP","channel":"Application","computer":"Niaina","task_id":0,"keywords":36028797018963968,"user_id":null,"data":{"Data":{"#text":["Office 19 UL phone License (Public)","17071098-81b9-4aa2-8469-c82df6e63cfc"]},"Binary":null},"raw_xml":null,"source_file":null,"sigma_matches":[]},
{"record_id":212,"event_id":1004,"level":"Information","timestamp":"2026-02-19T15:53:22.561811Z","provider":"Microsoft-Windows-Security-SPP","channel":"Application","computer":"Niaina","task_id":0,"keywords":36028797018963968,"user_id":null,"data":{"Data":{"#text":["Office 19 UL phone License (Private)","e494bcc2-b01f-4623-aba1-c0f57d41c43c"]},"Binary":null},"raw_xml":null,"source_file":null,"sigma_matches":[]},
{"record_id":213,"event_id":1004,"level":"Information","timestamp":"2026-02-19T15:53:22.583340Z","provider":"Microsoft-Windows-Security-SPP","channel":"Application","computer":"Niaina","task_id":0,"keywords":36028797018963968,"user_id":null,"data":{"Data":{"#text":["Office 19 Publishing License (Public)","aea2af0e-b484-4743-b725-4005bfe23c29"]},"Binary":null},"raw_xml":null,"source_file":null,"sigma_matches":[]},
{"record_id":214,"event_id":1004,"level":"Information","timestamp":"2026-02-19T15:53:22.584050Z","provider":"Microsoft-Windows-Security-SPP","channel":"Application","computer":"Niaina","task_id":0,"keywords":36028797018963968,"user_id":null,"data":{"Data":{"#text":["Office 19 Publishing License (Private)","071d3571-8c35-4f1e-8c69-067169f47ad5"]},"Binary":null},"raw_xml":null,"source_file":null,"sigma_matches":[]},
{"record_id":215,"event_id":1004,"level":"Information","timestamp":"2026-02-19T15:53:22.606310Z","provider":"Microsoft-Windows-Security-SPP","channel":"Application","computer":"Niaina","task_id":0,"keywords":36028797018963968,"user_id":null,"data":{"Data":{"#text":["Office 19 UL phone License (Public)","83d6e165-d03b-41c2-b7bf-2fede7c5d788"]},"Binary":null},"raw_xml":null,"source_file":null,"sigma_matches":[]},
{"record_id":216,"event_id":1004,"level":"Information","timestamp":"2026-02-19T15:53:22.607065Z","provider":"Microsoft-Windows-Security-SPP","channel":"Application","computer":"Niaina","task_id":0,"keywords":36028797018963968,"user_id":null,"data":{"Data":{"#text":["Office 19 UL phone License (Private)","1b4090fd-77b3-4582-bb02-997eb4546729"]},"Binary":null},"raw_xml":null,"source_file":null,"sigma_matches":[]},
{"record_id":217,"event_id":1004,"level":"Information","timestamp":"2026-02-19T15:53:22.625405Z","provider":"Microsoft-Windows-Security-SPP","channel":"Application","computer":"Niaina","task_id":0,"keywords":36028797018963968,"user_id":null,"data":{"Data":{"#text":["client-issuance-ul-oob Issuance License","7209e8e3-cce2-49dd-8f6e-2cc8a611f202"]},"Binary":null},"raw_xml":null,"source_file":null,"sigma_matches":[]},
{"record_id":218,"event_id":1004,"level":"Information","timestamp":"2026-02-19T15:53:22.647092Z","provider":"Microsoft-Windows-Security-SPP","channel":"Application","computer":"Niaina","task_id":0,"keywords":36028797018963968,"user_id":null,"data":{"Data":{"#text":["Office6BD3E147-FF80-44FD-A3A6-B8E5E4FA9ADE PPD License","e7891244-a01a-1fd5-ada1-652d29c230bc"]},"Binary":null},"raw_xml":null,"source_file":null,"sigma_matches":[]},
{"record_id":219,"event_id":1004,"level":"Information","timestamp":"2026-02-19T15:53:22.668189Z","provider":"Microsoft-Windows-Security-SPP","channel":"Application","computer":"Niaina","task_id":0,"keywords":36028797018963968,"user_id":null,"data":{"Data":{"#text":["Office 19 UL volume License (Public)","75f2a40c-d6d0-4b54-82b8-d641fdb0b644"]},"Binary":null},"raw_xml":null,"source_file":null,"sigma_matches":[]},
{"record_id":220,"event_id":1004,"level":"Information","timestamp":"2026-02-19T15:53:22.668817Z","provider":"Microsoft-Windows-Security-SPP","channel":"Application","computer":"Niaina","task_id":0,"keywords":36028797018963968,"user_id":null,"data":{"Data":{"#text":["Office 19 UL volume License (Private)","861856c3-7432-4d78-a47d-f903f9a2d5a6"]},"Binary":null},"raw_xml":null,"source_file":null,"sigma_matches":[]},
{"record_id":221,"event_id":1004,"level":"Information","timestamp":"2026-02-19T15:53:22.691085Z","provider":"Microsoft-Windows-Security-SPP","channel":"Application","computer":"Niaina","task_id":0,"keywords":36028797018963968,"user_id":null,"data":{"Data":{"#text":["Office24996154-F927-413F-B2D5-C81882464EE3 PPD License","9daf001b-a3d4-715a-a9f8-5fedd0199a99"]},"Binary":null},"raw_xml":null,"source_file":null,"sigma_matches":[]},
{"record_id":222,"event_id":1004,"level":"Information","timestamp":"2026-02-19T15:53:22.713383Z","provider":"Microsoft-Windows-Security-SPP","channel":"Application","computer":"Niaina","task_id":0,"keywords":36028797018963968,"user_id":null,"data":{"Data":{"#text":["OfficeCBCAF071-B911-40A1-A6C1-7BECCA481910 PPD License","2eb6176c-ff92-4d95-388c-78abfac2b9a5"]},"Binary":null},"raw_xml":null,"source_file":null,"sigma_matches":[]},
{"record_id":223,"event_id":1004,"level":"Information","timestamp":"2026-02-19T15:53:22.735668Z","provider":"Microsoft-Windows-Security-SPP","channel":"Application","computer":"Niaina","task_id":0,"keywords":36028797018963968,"user_id":null,"data":{"Data":{"#text":["Office 19 UL phone License (Public)","86cfbf94-d462-40ac-bb11-e81662c262f9"]},"Binary":null},"raw_xml":null,"source_file":null,"sigma_matches":[]},
{"record_id":224,"event_id":1004,"level":"Information","timestamp":"2026-02-19T15:53:22.736319Z","provider":"Microsoft-Windows-Security-SPP","channel":"Application","computer":"Niaina","task_id":0,"keywords":36028797018963968,"user_id":null,"data":{"Data":{"#text":["Office 19 UL phone License (Private)","c7b71be4-781c-412c-88dc-988b01c336c2"]},"Binary":null},"raw_xml":null,"source_file":null,"sigma_matches":[]},
{"record_id":225,"event_id":1004,"level":"Information","timestamp":"2026-02-19T15:53:22.758382Z","provider":"Microsoft-Windows-Security-SPP","channel":"Application","computer":"Niaina","task_id":0,"keywords":36028797018963968,"user_id":null,"data":{"Data":{"#text":["Office 19 Publishing License (Public)","02536634-c052-436b-be13-148671334f2b"]},"Binary":null},"raw_xml":null,"source_file":null,"sigma_matches":[]},
{"record_id":226,"event_id":1004,"level":"Information","timestamp":"2026-02-19T15:53:22.759029Z","provider":"Microsoft-Windows-Security-SPP","channel":"Application","computer":"Niaina","task_id":0,"keywords":36028797018963968,"user_id":null,"data":{"Data":{"#text":["Office 19 Publishing License (Private)","d4d8063a-3432-45f8-b989-32828ce2de7e"]},"Binary":null},"raw_xml":null,"source_file":null,"sigma_matches":[]},
{"record_id":227,"event_id":1004,"level":"Information","timestamp":"2026-02-19T15:53:22.811666Z","provider":"Microsoft-Windows-Security-SPP","channel":"Application","computer":"Niaina","task_id":0,"keywords":36028797018963968,"user_id":null,"data":{"Data":{"#text":["XrML 2.1 License - Product Key Configuration","dc6454b3-ceba-4e40-b6cc-26afb8fe8fa6"]},"Binary":null},"raw_xml":null,"source_file":null,"sigma_matches":[]},
{"record_id":228,"event_id":1004,"level":"Information","timestamp":"2026-02-19T15:53:22.834993Z","provider":"Microsoft-Windows-Security-SPP","channel":"Application","computer":"Niaina","task_id":0,"keywords":36028797018963968,"user_id":null,"data":{"Data":{"#text":["Office 19 Publishing License (Public)","0e48f746-7b41-40fd-a4d5-fbdbccda0068"]},"Binary":null},"raw_xml":null,"source_file":null,"sigma_matches":[]},
{"record_id":229,"event_id":1004,"level":"Information","timestamp":"2026-02-19T15:53:22.835639Z","provider":"Microsoft-Windows-Security-SPP","channel":"Application","computer":"Niaina","task_id":0,"keywords":36028797018963968,"user_id":null,"data":{"Data":{"#text":["Office 19 Publishing License (Private)","67c00957-c0d2-4bf6-9e4e-58b1ad3ccaf7"]},"Binary":null},"raw_xml":null,"source_file":null,"sigma_matches":[]},
{"record_id":230,"event_id":1004,"level":"Information","timestamp":"2026-02-19T15:53:22.857851Z","provider":"Microsoft-Windows-Security-SPP","channel":"Application","computer":"Niaina","task_id":0,"keywords":36028797018963968,"user_id":null,"data":{"Data":{"#text":["Office 19 Publishing License (Public)","ed60e269-83ba-440c-b252-124723448e19"]},"Binary":null},"raw_xml":null,"source_file":null,"sigma_matches":[]},
{"record_id":231,"event_id":1004,"level":"Information","timestamp":"2026-02-19T15:53:22.858481Z","provider":"Microsoft-Windows-Security-SPP","channel":"Application","computer":"Niaina","task_id":0,"keywords":36028797018963968,"user_id":null,"data":{"Data":{"#text":["Office 19 Publishing License (Private)","5e00a73d-5083-4387-82fb-4caace4f9240"]},"Binary":null},"raw_xml":null,"source_file":null,"sigma_matches":[]},
{"record_id":232,"event_id":1004,"level":"Information","timestamp":"2026-02-19T15:53:22.880934Z","provider":"Microsoft-Windows-Security-SPP","channel":"Application","computer":"Niaina","task_id":0,"keywords":36028797018963968,"user_id":null,"data":{"Data":{"#text":["OfficeCDBD81EF-BB2C-41CC-BB3E-CA6366F3F176 PPD License","f9a35431-4701-0d8f-ebdc-86df54cfd798"]},"Binary":null},"raw_xml":null,"source_file":null,"sigma_matches":[]},
{"record_id":233,"event_id":1004,"level":"Information","timestamp":"2026-02-19T15:53:22.971898Z","provider":"Microsoft-Windows-Security-SPP","channel":"Application","computer":"Niaina","task_id":0,"keywords":36028797018963968,"user_id":null,"data":{"Data":{"#text":["XrML 2.1 License - Product Key Configuration","6040a6e7-445d-4609-b6c4-8a66b709cb54"]},"Binary":null},"raw_xml":null,"source_file":null,"sigma_matches":[]},
{"record_id":234,"event_id":1004,"level":"Information","timestamp":"2026-02-19T15:53:22.994642Z","provider":"Microsoft-Windows-Security-SPP","channel":"Application","computer":"Niaina","task_id":0,"keywords":36028797018963968,"user_id":null,"data":{"Data":{"#text":["OfficeA3072B8F-ADCC-4E75-8D62-FDEB9BDFAE57 PPD License","053f890f-7ba6-c3d9-1a4d-3f68fb930e84"]},"Binary":null},"raw_xml":null,"source_file":null,"sigma_matches":[]},
{"record_id":235,"event_id":1004,"level":"Information","timestamp":"2026-02-19T15:53:23.017346Z","provider":"Microsoft-Windows-Security-SPP","channel":"Application","computer":"Niaina","task_id":0,"keywords":36028797018963968,"user_id":null,"data":{"Data":{"#text":["Office5F472F1E-EB0A-4170-98E2-FB9E7F6FF535 PPD License","f77b0826-0464-1d23-f1ff-3ccb2d6ce821"]},"Binary":null},"raw_xml":null,"source_file":null,"sigma_matches":[]},
{"record_id":236,"event_id":1004,"level":"Information","timestamp":"2026-02-19T15:53:23.040241Z","provider":"Microsoft-Windows-Security-SPP","channel":"Application","computer":"Niaina","task_id":0,"keywords":36028797018963968,"user_id":null,"data":{"Data":{"#text":["Office 19 UL phone License (Public)","8eb080ad-5296-4c65-80bd-66288ce40f64"]},"Binary":null},"raw_xml":null,"source_file":null,"sigma_matches":[]},
{"record_id":237,"event_id":1004,"level":"Information","timestamp":"2026-02-19T15:53:23.040879Z","provider":"Microsoft-Windows-Security-SPP","channel":"Application","computer":"Niaina","task_id":0,"keywords":36028797018963968,"user_id":null,"data":{"Data":{"#text":["Office 19 UL phone License (Private)","6dafaa71-278a-4749-b68a-d40e054f8e9c"]},"Binary":null},"raw_xml":null,"source_file":null,"sigma_matches":[]},
{"record_id":238,"event_id":1004,"level":"Information","timestamp":"2026-02-19T15:53:23.063587Z","provider":"Microsoft-Windows-Security-SPP","channel":"Application","computer":"Niaina","task_id":0,"keywords":36028797018963968,"user_id":null,"data":{"Data":{"#text":["Office 19 Publishing License (Public)","f8f1e3bd-7e4f-42cf-be48-a25e026739d9"]},"Binary":null},"raw_xml":null,"source_file":null,"sigma_matches":[]},
{"record_id":239,"event_id":1004,"level":"Information","timestamp":"2026-02-19T15:53:23.064230Z","provider":"Microsoft-Windows-Security-SPP","channel":"Application","computer":"Niaina","task_id":0,"keywords":36028797018963968,"user_id":null,"data":{"Data":{"#text":["Office 19 Publishing License (Private)","2d05324a-dff5-485b-89b1-0d824d3a0dcd"]},"Binary":null},"raw_xml":null,"source_file":null,"sigma_matches":[]},
{"record_id":240,"event_id":1004,"level":"Information","timestamp":"2026-02-19T15:53:23.087119Z","provider":"Microsoft-Windows-Security-SPP","channel":"Application","computer":"Niaina","task_id":0,"keywords":36028797018963968,"user_id":null,"data":{"Data":{"#text":["Office1640C37D-E2EB-4785-A70B-3C94A2E9B07E PPD License","68892abd-e013-33d5-8d04-23be193cd064"]},"Binary":null},"raw_xml":null,"source_file":null,"sigma_matches":[]},
{"record_id":241,"event_id":1004,"level":"Information","timestamp":"2026-02-19T15:53:23.110284Z","provider":"Microsoft-Windows-Security-SPP","channel":"Application","computer":"Niaina","task_id":0,"keywords":36028797018963968,"user_id":null,"data":{"Data":{"#text":["Office85DD8B5F-EAA4-4AF3-A628-CCE9E77C9A03 PPD License","54659a4a-9a01-0f2d-9594-367c046e570c"]},"Binary":null},"raw_xml":null,"source_file":null,"sigma_matches":[]},
{"record_id":242,"event_id":1004,"level":"Information","timestamp":"2026-02-19T15:53:23.133538Z","provider":"Microsoft-Windows-Security-SPP","channel":"Application","computer":"Niaina","task_id":0,"keywords":36028797018963968,"user_id":null,"data":{"Data":{"#text":["Office 19 UL phone License (Public)","bc59b154-e467-41a1-9390-6bd5954b8616"]},"Binary":null},"raw_xml":null,"source_file":null,"sigma_matches":[]},
{"record_id":243,"event_id":1004,"level":"Information","timestamp":"2026-02-19T15:53:23.134170Z","provider":"Microsoft-Windows-Security-SPP","channel":"Application","computer":"Niaina","task_id":0,"keywords":36028797018963968,"user_id":null,"data":{"Data":{"#text":["Office 19 UL phone License (Private)","b2d4cddc-5fbd-4a40-83b6-ac243fe1ae46"]},"Binary":null},"raw_xml":null,"source_file":null,"sigma_matches":[]},
{"record_id":244,"event_id":1004,"level":"Information","timestamp":"2026-02-19T15:53:23.157538Z","provider":"Microsoft-Windows-Security-SPP","channel":"Application","computer":"Niaina","task_id":0,"keywords":36028797018963968,"user_id":null,"data":{"Data":{"#text":["OfficeE18C439E-424A-4E83-8F1B-5F9DD021B38D PPD License","1227739c-3234-1f8f-0d5c-6e1c8bd7fd2a"]},"Binary":null},"raw_xml":null,"source_file":null,"sigma_matches":[]},
{"record_id":245,"event_id":1004,"level":"Information","timestamp":"2026-02-19T15:53:23.180774Z","provider":"Microsoft-Windows-Security-SPP","channel":"Application","computer":"Niaina","task_id":0,"keywords":36028797018963968,"user_id":null,"data":{"Data":{"#text":["Office 19 UL oob License (Public)","db29759e-3565-4542-bea9-27536fa7d74c"]},"Binary":null},"raw_xml":null,"source_file":null,"sigma_matches":[]},
{"record_id":246,"event_id":1004,"level":"Information","timestamp":"2026-02-19T15:53:23.181461Z","provider":"Microsoft-Windows-Security-SPP","channel":"Application","computer":"Niaina","task_id":0,"keywords":36028797018963968,"user_id":null,"data":{"Data":{"#text":["Office 19 UL oob License (Private)","e741763a-2be5-4d4b-be3b-84773d8144d0"]},"Binary":null},"raw_xml":null,"source_file":null,"sigma_matches":[]},
{"record_id":247,"event_id":1004,"level":"Information","timestamp":"2026-02-19T15:53:23.205246Z","provider":"Microsoft-Windows-Security-SPP","channel":"Application","computer":"Niaina","task_id":0,"keywords":36028797018963968,"user_id":null,"data":{"Data":{"#text":["Office 19 UL phone License (Public)","2974c44d-d26c-4c47-9f34-7d916394db3f"]},"Binary":null},"raw_xml":null,"source_file":null,"sigma_matches":[]},
{"record_id":248,"event_id":1004,"level":"Information","timestamp":"2026-02-19T15:53:23.205881Z","provider":"Microsoft-Windows-Security-SPP","channel":"Application","computer":"Niaina","task_id":0,"keywords":36028797018963968,"user_id":null,"data":{"Data":{"#text":["Office 19 UL phone License (Private)","c08461eb-5dab-4e5d-9a39-6aa6371d75d4"]},"Binary":null},"raw_xml":null,"source_file":null,"sigma_matches":[]},
{"record_id":249,"event_id":1004,"level":"Information","timestamp":"2026-02-19T15:53:23.228492Z","provider":"Microsoft-Windows-Security-SPP","channel":"Application","computer":"Niaina","task_id":0,"keywords":36028797018963968,"user_id":null,"data":{"Data":{"#text":["Office 19 Publishing License (Public)","7a1f2891-f661-4968-98c8-a75b5be29d77"]},"Binary":null},"raw_xml":null,"source_file":null,"sigma_matches":[]},
{"record_id":250,"event_id":1004,"level":"Information","timestamp":"2026-02-19T15:53:23.229131Z","provider":"Microsoft-Windows-Security-SPP","channel":"Application","computer":"Niaina","task_id":0,"keywords":36028797018963968,"user_id":null,"data":{"Data":{"#text":["Office 19 Publishing License (Private)","3c06d334-1cb7-477c-a935-60241b917916"]},"Binary":null},"raw_xml":null,"source_file":null,"sigma_matches":[]},
{"record_id":251,"event_id":1004,"level":"Information","timestamp":"2026-02-19T15:53:23.252478Z","provider":"Microsoft-Windows-Security-SPP","channel":"Application","computer":"Niaina","task_id":0,"keywords":36028797018963968,"user_id":null,"data":{"Data":{"#text":["Office52C4D79F-6E1A-45B7-B479-36B666E0A2F8 PPD License","ab0b8f06-339d-f0fe-61bd-35ae54edca8d"]},"Binary":null},"raw_xml":null,"source_file":null,"sigma_matches":[]},
{"record_id":252,"event_id":1004,"level":"Information","timestamp":"2026-02-19T15:53:23.275813Z","provider":"Microsoft-Windows-Security-SPP","channel":"Application","computer":"Niaina","task_id":0,"keywords":36028797018963968,"user_id":null,"data":{"Data":{"#text":["Office 19 UL oob License (Public)","30551274-21d2-4438-923a-ec18e0e2b6ab"]},"Binary":null},"raw_xml":null,"source_file":null,"sigma_matches":[]},
