{"record_id":1788,"event_id":16394,"level":"Information","timestamp":"2026-02-22T15:35:51.328783Z","provider":"Microsoft-Windows-Security-SPP","channel":"Application","computer":"Niaina","task_id":0,"keywords":36028797018963968,"user_id":null,"data":{"Data":{"#text":""},"Binary":null},"raw_xml":null,"source_file":null,"sigma_matches":[]},
{"record_id":1789,"event_id":16384,"level":"Information","timestamp":"2026-02-22T15:36:50.205208Z","provider":"Microsoft-Windows-Security-SPP","channel":"Application","computer":"Niaina","task_id":0,"keywords":36028797018963968,"user_id":null,"data":{"Data":{"#text":["2026-05-20T15:57:49Z","RulesEngine"]},"Binary":null},"raw_xml":null,"source_file":null,"sigma_matches":[]},
{"record_id":1790,"event_id":16394,"level":"Information","timestamp":"2026-02-22T15:41:59.811321Z","provider":"Microsoft-Windows-Security-SPP","channel":"Application","computer":"Niaina","task_id":0,"keywords":36028797018963968,"user_id":null,"data":{"Data":{"#text":""},"Binary":null},"raw_xml":null,"source_file":null,"sigma_matches":[]},
{"record_id":1791,"event_id":16384,"level":"Information","timestamp":"2026-02-22T15:42:35.929606Z","provider":"Microsoft-Windows-Security-SPP","channel":"Application","computer":"Niaina","task_id":0,"keywords":36028797018963968,"user_id":null,"data":{"Data":{"#text":["2026-05-20T15:58:31Z","RulesEngine"]},"Binary":null},"raw_xml":null,"source_file":null,"sigma_matches":[]},
{"record_id":1792,"event_id":15,"level":"Information","timestamp":"2026-02-22T15:58:28.428090Z","provider":"SecurityCenter","channel":"Application","computer":"Niaina","task_id":0,"keywords":36028797018963968,"user_id":null,"data":{"Data":{"#text":["Windows Defender","SECURITY_PRODUCT_STATE_ON"]},"Binary":null},"raw_xml":null,"source_file":null,"sigma_matches":[]},
{"record_id":1793,"event_id":16394,"level":"Information","timestamp":"2026-02-22T16:14:55.812754Z","provider":"Microsoft-Windows-Security-SPP","channel":"Application","computer":"Niaina","task_id":0,"keywords":36028797018963968,"user_id":null,"data":{"Data":{"#text":""},"Binary":null},"raw_xml":null,"source_file":null,"sigma_matches":[]},
{"record_id":1794,"event_id":16384,"level":"Information","timestamp":"2026-02-22T16:15:26.392611Z","provider":"Microsoft-Windows-Security-SPP","channel":"Application","computer":"Niaina","task_id":0,"keywords":36028797018963968,"user_id":null,"data":{"Data":{"#text":["2026-05-20T15:58:26Z","RulesEngine"]},"Binary":null},"raw_xml":null,"source_file":null,"sigma_matches":[]},
{"record_id":1795,"event_id":0,"level":"Information","timestamp":"2026-02-22T16:52:55.780280Z","provider":"edgeupdate","channel":"Application","computer":"Niaina","task_id":0,"keywords":36028797018963968,"user_id":null,"data":{"Data":{"#text":"Service stopped"},"Binary":null},"raw_xml":null,"source_file":null,"sigma_matches":[]},
{"record_id":1796,"event_id":16394,"level":"Information","timestamp":"2026-02-22T16:54:50.398832Z","provider":"Microsoft-Windows-Security-SPP","channel":"Application","computer":"Niaina","task_id":0,"keywords":36028797018963968,"user_id":null,"data":{"Data":{"#text":""},"Binary":null},"raw_xml":null,"source_file":null,"sigma_matches":[]},
{"record_id":1797,"event_id":15,"level":"Information","timestamp":"2026-02-22T16:55:43.866455Z","provider":"SecurityCenter","channel":"Application","computer":"Niaina","task_id":0,"keywords":36028797018963968,"user_id":null,"data":{"Data":{"#text":["Windows Defender","SECURITY_PRODUCT_STATE_ON"]},"Binary":null},"raw_xml":null,"source_file":null,"sigma_matches":[]},
{"record_id":1798,"event_id":16384,"level":"Information","timestamp":"2026-02-22T16:56:10.770821Z","provider":"Microsoft-Windows-Security-SPP","channel":"Application","computer":"Niaina","task_id":0,"keywords":36028797018963968,"user_id":null,"data":{"Data":{"#text":["2026-05-20T15:58:10Z","RulesEngine"]},"Binary":null},"raw_xml":null,"source_file":null,"sigma_matches":[]},
{"record_id":1799,"event_id":15,"level":"Information","timestamp":"2026-02-22T17:04:40.284923Z","provider":"SecurityCenter","channel":"Application","computer":"Niaina","task_id":0,"keywords":36028797018963968,"user_id":null,"data":{"Data":{"#text":["Windows Defender","SECURITY_PRODUCT_STATE_ON"]},"Binary":null},"raw_xml":null,"source_file":null,"sigma_matches":[]},
{"record_id":1800,"event_id":16394,"level":"Information","timestamp":"2026-02-22T17:40:39.301315Z","provider":"Microsoft-Windows-Security-SPP","channel":"Application","computer":"Niaina","task_id":0,"keywords":36028797018963968,"user_id":null,"data":{"Data":{"#text":""},"Binary":null},"raw_xml":null,"source_file":null,"sigma_matches":[]},
{"record_id":1801,"event_id":1034,"level":"Information","timestamp":"2026-02-22T17:40:41.090627Z","provider":"Microsoft-Windows-Security-SPP","channel":"Application","computer":"Niaina","task_id":0,"keywords":36028797018963968,"user_id":null,"data":{"Data":{"#text":["AAD-AddDeviceJoinUserToAdminGroup-Policy","100"]},"Binary":null},"raw_xml":null,"source_file":null,"sigma_matches":[]},
{"record_id":1802,"event_id":1034,"level":"Information","timestamp":"2026-02-22T17:40:41.104947Z","provider":"Microsoft-Windows-Security-SPP","channel":"Application","computer":"Niaina","task_id":0,"keywords":36028797018963968,"user_id":null,"data":{"Data":{"#text":["AAD-AddDeviceJoinUserToAdminGroup-Policy","100"]},"Binary":null},"raw_xml":null,"source_file":null,"sigma_matches":[]},
{"record_id":1803,"event_id":1034,"level":"Information","timestamp":"2026-02-22T17:40:41.124926Z","provider":"Microsoft-Windows-Security-SPP","channel":"Application","computer":"Niaina","task_id":0,"keywords":36028797018963968,"user_id":null,"data":{"Data":{"#text":["AAD-AddDeviceJoinUserToAdminGroup-Policy","100"]},"Binary":null},"raw_xml":null,"source_file":null,"sigma_matches":[]},
{"record_id":1804,"event_id":1034,"level":"Information","timestamp":"2026-02-22T17:40:41.146513Z","provider":"Microsoft-Windows-Security-SPP","channel":"Application","computer":"Niaina","task_id":0,"keywords":36028797018963968,"user_id":null,"data":{"Data":{"#text":["AAD-AddDeviceJoinUserToAdminGroup-Policy","100"]},"Binary":null},"raw_xml":null,"source_file":null,"sigma_matches":[]},
{"record_id":1805,"event_id":1034,"level":"Information","timestamp":"2026-02-22T17:40:41.160924Z","provider":"Microsoft-Windows-Security-SPP","channel":"Application","computer":"Niaina","task_id":0,"keywords":36028797018963968,"user_id":null,"data":{"Data":{"#text":["AAD-AddDeviceJoinUserToAdminGroup-Policy","100"]},"Binary":null},"raw_xml":null,"source_file":null,"sigma_matches":[]},
{"record_id":1806,"event_id":1034,"level":"Information","timestamp":"2026-02-22T17:40:41.180960Z","provider":"Microsoft-Windows-Security-SPP","channel":"Application","computer":"Niaina","task_id":0,"keywords":36028797018963968,"user_id":null,"data":{"Data":{"#text":["AAD-AddDeviceJoinUserToAdminGroup-Policy","100"]},"Binary":null},"raw_xml":null,"source_file":null,"sigma_matches":[]},
{"record_id":1807,"event_id":1034,"level":"Information","timestamp":"2026-02-22T17:40:41.196313Z","provider":"Microsoft-Windows-Security-SPP","channel":"Application","computer":"Niaina","task_id":0,"keywords":36028797018963968,"user_id":null,"data":{"Data":{"#text":["AAD-AddDeviceJoinUserToAdminGroup-Policy","100"]},"Binary":null},"raw_xml":null,"source_file":null,"sigma_matches":[]},
{"record_id":1808,"event_id":1034,"level":"Information","timestamp":"2026-02-22T17:40:41.217763Z","provider":"Microsoft-Windows-Security-SPP","channel":"Application","computer":"Niaina","task_id":0,"keywords":36028797018963968,"user_id":null,"data":{"Data":{"#text":["AAD-AddDeviceJoinUserToAdminGroup-Policy","100"]},"Binary":null},"raw_xml":null,"source_file":null,"sigma_matches":[]},
{"record_id":1809,"event_id":1034,"level":"Information","timestamp":"2026-02-22T17:40:41.233621Z","provider":"Microsoft-Windows-Security-SPP","channel":"Application","computer":"Niaina","task_id":0,"keywords":36028797018963968,"user_id":null,"data":{"Data":{"#text":["AAD-AddDeviceJoinUserToAdminGroup-Policy","100"]},"Binary":null},"raw_xml":null,"source_file":null,"sigma_matches":[]},
{"record_id":1810,"event_id":1034,"level":"Information","timestamp":"2026-02-22T17:40:41.247767Z","provider":"Microsoft-Windows-Security-SPP","channel":"Application","computer":"Niaina","task_id":0,"keywords":36028797018963968,"user_id":null,"data":{"Data":{"#text":["AAD-AddDeviceJoinUserToAdminGroup-Policy","100"]},"Binary":null},"raw_xml":null,"source_file":null,"sigma_matches":[]},
{"record_id":1811,"event_id":1034,"level":"Information","timestamp":"2026-02-22T17:40:41.273815Z","provider":"Microsoft-Windows-Security-SPP","channel":"Application","computer":"Niaina","task_id":0,"keywords":36028797018963968,"user_id":null,"data":{"Data":{"#text":["AAD-AddDeviceJoinUserToAdminGroup-Policy","100"]},"Binary":null},"raw_xml":null,"source_file":null,"sigma_matches":[]},
{"record_id":1812,"event_id":1034,"level":"Information","timestamp":"2026-02-22T17:40:41.281107Z","provider":"Microsoft-Windows-Security-SPP","channel":"Application","computer":"Niaina","task_id":0,"keywords":36028797018963968,"user_id":null,"data":{"Data":{"#text":["Security-SPP-WriteWauMarker","500"]},"Binary":null},"raw_xml":null,"source_file":null,"sigma_matches":[]},
{"record_id":1813,"event_id":1033,"level":"Information","timestamp":"2026-02-22T17:40:41.292687Z","provider":"Microsoft-Windows-Security-SPP","channel":"Application","computer":"Niaina","task_id":0,"keywords":36028797018963968,"user_id":null,"data":{"Data":{"#text":["(Security-SPP-Reserved-EnableNotificationMode) ","55c92734-d682-4d71-983e-d6ec3f16059f","4de7cb65-cdf1-4de9-8ae8-e3cce27b9f2c"]},"Binary":null},"raw_xml":null,"source_file":null,"sigma_matches":[]},
{"record_id":1814,"event_id":16384,"level":"Information","timestamp":"2026-02-22T17:41:15.730287Z","provider":"Microsoft-Windows-Security-SPP","channel":"Application","computer":"Niaina","task_id":0,"keywords":36028797018963968,"user_id":null,"data":{"Data":{"#text":["2026-05-20T15:58:15Z","RulesEngine"]},"Binary":null},"raw_xml":null,"source_file":null,"sigma_matches":[]},
{"record_id":1815,"event_id":16394,"level":"Information","timestamp":"2026-02-22T17:46:16.685940Z","provider":"Microsoft-Windows-Security-SPP","channel":"Application","computer":"Niaina","task_id":0,"keywords":36028797018963968,"user_id":null,"data":{"Data":{"#text":""},"Binary":null},"raw_xml":null,"source_file":null,"sigma_matches":[]},
{"record_id":1816,"event_id":16384,"level":"Information","timestamp":"2026-02-22T17:46:46.914104Z","provider":"Microsoft-Windows-Security-SPP","channel":"Application","computer":"Niaina","task_id":0,"keywords":36028797018963968,"user_id":null,"data":{"Data":{"#text":["2026-05-20T15:57:46Z","RulesEngine"]},"Binary":null},"raw_xml":null,"source_file":null,"sigma_matches":[]},
{"record_id":1817,"event_id":15,"level":"Information","timestamp":"2026-02-22T17:49:31.823148Z","provider":"SecurityCenter","channel":"Application","computer":"Niaina","task_id":0,"keywords":36028797018963968,"user_id":null,"data":{"Data":{"#text":["Windows Defender","SECURITY_PRODUCT_STATE_ON"]},"Binary":null},"raw_xml":null,"source_file":null,"sigma_matches":[]},
{"record_id":1818,"event_id":15,"level":"Information","timestamp":"2026-02-22T17:49:39.135225Z","provider":"SecurityCenter","channel":"Application","computer":"Niaina","task_id":0,"keywords":36028797018963968,"user_id":null,"data":{"Data":{"#text":["Windows Defender","SECURITY_PRODUCT_STATE_ON"]},"Binary":null},"raw_xml":null,"source_file":null,"sigma_matches":[]},
{"record_id":1819,"event_id":16394,"level":"Information","timestamp":"2026-02-22T17:54:58.538122Z","provider":"Microsoft-Windows-Security-SPP","channel":"Application","computer":"Niaina","task_id":0,"keywords":36028797018963968,"user_id":null,"data":{"Data":{"#text":""},"Binary":null},"raw_xml":null,"source_file":null,"sigma_matches":[]},
{"record_id":1820,"event_id":16384,"level":"Information","timestamp":"2026-02-22T17:55:54.343616Z","provider":"Microsoft-Windows-Security-SPP","channel":"Application","computer":"Niaina","task_id":0,"keywords":36028797018963968,"user_id":null,"data":{"Data":{"#text":["2026-05-20T15:57:54Z","RulesEngine"]},"Binary":null},"raw_xml":null,"source_file":null,"sigma_matches":[]},
{"record_id":1821,"event_id":16394,"level":"Information","timestamp":"2026-02-22T17:59:27.008290Z","provider":"Microsoft-Windows-Security-SPP","channel":"Application","computer":"Niaina","task_id":0,"keywords":36028797018963968,"user_id":null,"data":{"Data":{"#text":""},"Binary":null},"raw_xml":null,"source_file":null,"sigma_matches":[]},
{"record_id":1822,"event_id":16384,"level":"Information","timestamp":"2026-02-22T17:59:57.406475Z","provider":"Microsoft-Windows-Security-SPP","channel":"Application","computer":"Niaina","task_id":0,"keywords":36028797018963968,"user_id":null,"data":{"Data":{"#text":["2026-05-20T15:57:57Z","RulesEngine"]},"Binary":null},"raw_xml":null,"source_file":null,"sigma_matches":[]},
{"record_id":1823,"event_id":16394,"level":"Information","timestamp":"2026-02-22T18:17:12.688272Z","provider":"Microsoft-Windows-Security-SPP","channel":"Application","computer":"Niaina","task_id":0,"keywords":36028797018963968,"user_id":null,"data":{"Data":{"#text":""},"Binary":null},"raw_xml":null,"source_file":null,"sigma_matches":[]},
{"record_id":1824,"event_id":16384,"level":"Information","timestamp":"2026-02-22T18:17:42.997800Z","provider":"Microsoft-Windows-Security-SPP","channel":"Application","computer":"Niaina","task_id":0,"keywords":36028797018963968,"user_id":null,"data":{"Data":{"#text":["2026-05-20T15:58:42Z","RulesEngine"]},"Binary":null},"raw_xml":null,"source_file":null,"sigma_matches":[]},
{"record_id":1825,"event_id":15,"level":"Information","timestamp":"2026-02-22T18:18:54.843871Z","provider":"SecurityCenter","channel":"Application","computer":"Niaina","task_id":0,"keywords":36028797018963968,"user_id":null,"data":{"Data":{"#text":["Windows Defender","SECURITY_PRODUCT_STATE_ON"]},"Binary":null},"raw_xml":null,"source_file":null,"sigma_matches":[]},
{"record_id":1826,"event_id":15,"level":"Information","timestamp":"2026-02-22T18:19:27.267555Z","provider":"SecurityCenter","channel":"Application","computer":"Niaina","task_id":0,"keywords":36028797018963968,"user_id":null,"data":{"Data":{"#text":["Windows Defender","SECURITY_PRODUCT_STATE_ON"]},"Binary":null},"raw_xml":null,"source_file":null,"sigma_matches":[]},
{"record_id":1827,"event_id":16394,"level":"Information","timestamp":"2026-02-22T18:23:05.149791Z","provider":"Microsoft-Windows-Security-SPP","channel":"Application","computer":"Niaina","task_id":0,"keywords":36028797018963968,"user_id":null,"data":{"Data":{"#text":""},"Binary":null},"raw_xml":null,"source_file":null,"sigma_matches":[]},
{"record_id":1828,"event_id":16384,"level":"Information","timestamp":"2026-02-22T18:23:35.504581Z","provider":"Microsoft-Windows-Security-SPP","channel":"Application","computer":"Niaina","task_id":0,"keywords":36028797018963968,"user_id":null,"data":{"Data":{"#text":["2026-05-20T15:58:35Z","RulesEngine"]},"Binary":null},"raw_xml":null,"source_file":null,"sigma_matches":[]},
{"record_id":1829,"event_id":16394,"level":"Information","timestamp":"2026-02-22T18:52:27.440831Z","provider":"Microsoft-Windows-Security-SPP","channel":"Application","computer":"Niaina","task_id":0,"keywords":36028797018963968,"user_id":null,"data":{"Data":{"#text":""},"Binary":null},"raw_xml":null,"source_file":null,"sigma_matches":[]},
{"record_id":1830,"event_id":16384,"level":"Information","timestamp":"2026-02-22T18:52:58.073917Z","provider":"Microsoft-Windows-Security-SPP","channel":"Application","computer":"Niaina","task_id":0,"keywords":36028797018963968,"user_id":null,"data":{"Data":{"#text":["2026-05-20T15:57:57Z","RulesEngine"]},"Binary":null},"raw_xml":null,"source_file":null,"sigma_matches":[]},
{"record_id":1831,"event_id":16394,"level":"Information","timestamp":"2026-02-22T19:08:11.716143Z","provider":"Microsoft-Windows-Security-SPP","channel":"Application","computer":"Niaina","task_id":0,"keywords":36028797018963968,"user_id":null,"data":{"Data":{"#text":""},"Binary":null},"raw_xml":null,"source_file":null,"sigma_matches":[]},
{"record_id":1832,"event_id":16384,"level":"Information","timestamp":"2026-02-22T19:08:42.068906Z","provider":"Microsoft-Windows-Security-SPP","channel":"Application","computer":"Niaina","task_id":0,"keywords":36028797018963968,"user_id":null,"data":{"Data":{"#text":["2026-05-20T15:58:41Z","RulesEngine"]},"Binary":null},"raw_xml":null,"source_file":null,"sigma_matches":[]},
{"record_id":1833,"event_id":16394,"level":"Information","timestamp":"2026-02-22T19:15:29.544539Z","provider":"Microsoft-Windows-Security-SPP","channel":"Application","computer":"Niaina","task_id":0,"keywords":36028797018963968,"user_id":null,"data":{"Data":{"#text":""},"Binary":null},"raw_xml":null,"source_file":null,"sigma_matches":[]},
{"record_id":1834,"event_id":16384,"level":"Information","timestamp":"2026-02-22T19:16:00.354834Z","provider":"Microsoft-Windows-Security-SPP","channel":"Application","computer":"Niaina","task_id":0,"keywords":36028797018963968,"user_id":null,"data":{"Data":{"#text":["2026-05-20T15:58:00Z","RulesEngine"]},"Binary":null},"raw_xml":null,"source_file":null,"sigma_matches":[]},
{"record_id":1835,"event_id":15,"level":"Information","timestamp":"2026-02-22T19:19:06.767294Z","provider":"SecurityCenter","channel":"Application","computer":"Niaina","task_id":0,"keywords":36028797018963968,"user_id":null,"data":{"Data":{"#text":["Windows Defender","SECURITY_PRODUCT_STATE_ON"]},"Binary":null},"raw_xml":null,"source_file":null,"sigma_matches":[]},
{"record_id":1836,"event_id":15,"level":"Information","timestamp":"2026-02-22T19:20:42.715162Z","provider":"SecurityCenter","channel":"Application","computer":"Niaina","task_id":0,"keywords":36028797018963968,"user_id":null,"data":{"Data":{"#text":["Windows Defender","SECURITY_PRODUCT_STATE_ON"]},"Binary":null},"raw_xml":null,"source_file":null,"sigma_matches":[]},
{"record_id":1837,"event_id":16394,"level":"Information","timestamp":"2026-02-22T20:04:56.836438Z","provider":"Microsoft-Windows-Security-SPP","channel":"Application","computer":"Niaina","task_id":0,"keywords":36028797018963968,"user_id":null,"data":{"Data":{"#text":""},"Binary":null},"raw_xml":null,"source_file":null,"sigma_matches":[]},
{"record_id":1838,"event_id":16384,"level":"Information","timestamp":"2026-02-22T20:05:29.621253Z","provider":"Microsoft-Windows-Security-SPP","channel":"Application","computer":"Niaina","task_id":0,"keywords":36028797018963968,"user_id":null,"data":{"Data":{"#text":["2026-05-20T15:58:29Z","RulesEngine"]},"Binary":null},"raw_xml":null,"source_file":null,"sigma_matches":[]},
{"record_id":1839,"event_id":16394,"level":"Information","timestamp":"2026-02-22T20:05:51.670951Z","provider":"Microsoft-Windows-Security-SPP","channel":"Application","computer":"Niaina","task_id":0,"keywords":36028797018963968,"user_id":null,"data":{"Data":{"#text":""},"Binary":null},"raw_xml":null,"source_file":null,"sigma_matches":[]},
{"record_id":1840,"event_id":16384,"level":"Information","timestamp":"2026-02-22T20:06:22.011337Z","provider":"Microsoft-Windows-Security-SPP","channel":"Application","computer":"Niaina","task_id":0,"keywords":36028797018963968,"user_id":null,"data":{"Data":{"#text":["2026-05-20T15:58:21Z","RulesEngine"]},"Binary":null},"raw_xml":null,"source_file":null,"sigma_matches":[]},
{"record_id":1841,"event_id":16394,"level":"Information","timestamp":"2026-02-22T20:18:14.771220Z","provider":"Microsoft-Windows-Security-SPP","channel":"Application","computer":"Niaina","task_id":0,"keywords":36028797018963968,"user_id":null,"data":{"Data":{"#text":""},"Binary":null},"raw_xml":null,"source_file":null,"sigma_matches":[]},
{"record_id":1842,"event_id":16384,"level":"Information","timestamp":"2026-02-22T20:18:45.247757Z","provider":"Microsoft-Windows-Security-SPP","channel":"Application","computer":"Niaina","task_id":0,"keywords":36028797018963968,"user_id":null,"data":{"Data":{"#text":["2026-05-20T15:57:45Z","RulesEngine"]},"Binary":null},"raw_xml":null,"source_file":null,"sigma_matches":[]},
{"record_id":1843,"event_id":16394,"level":"Information","timestamp":"2026-02-22T20:37:12.331771Z","provider":"Microsoft-Windows-Security-SPP","channel":"Application","computer":"Niaina","task_id":0,"keywords":36028797018963968,"user_id":null,"data":{"Data":{"#text":""},"Binary":null},"raw_xml":null,"source_file":null,"sigma_matches":[]},
{"record_id":1844,"event_id":16384,"level":"Information","timestamp":"2026-02-22T20:37:43.272335Z","provider":"Microsoft-Windows-Security-SPP","channel":"Application","computer":"Niaina","task_id":0,"keywords":36028797018963968,"user_id":null,"data":{"Data":{"#text":["2026-05-20T15:58:43Z","RulesEngine"]},"Binary":null},"raw_xml":null,"source_file":null,"sigma_matches":[]},
{"record_id":1845,"event_id":16394,"level":"Information","timestamp":"2026-02-22T20:58:13.872148Z","provider":"Microsoft-Windows-Security-SPP","channel":"Application","computer":"Niaina","task_id":0,"keywords":36028797018963968,"user_id":null,"data":{"Data":{"#text":""},"Binary":null},"raw_xml":null,"source_file":null,"sigma_matches":[]},
{"record_id":1846,"event_id":16384,"level":"Information","timestamp":"2026-02-22T20:58:44.245334Z","provider":"Microsoft-Windows-Security-SPP","channel":"Application","computer":"Niaina","task_id":0,"keywords":36028797018963968,"user_id":null,"data":{"Data":{"#text":["2026-05-20T15:58:44Z","RulesEngine"]},"Binary":null},"raw_xml":null,"source_file":null,"sigma_matches":[]},
{"record_id":1847,"event_id":16394,"level":"Information","timestamp":"2026-02-22T21:24:12.938114Z","provider":"Microsoft-Windows-Security-SPP","channel":"Application","computer":"Niaina","task_id":0,"keywords":36028797018963968,"user_id":null,"data":{"Data":{"#text":""},"Binary":null},"raw_xml":null,"source_file":null,"sigma_matches":[]},
{"record_id":1848,"event_id":16384,"level":"Information","timestamp":"2026-02-22T21:24:46.007030Z","provider":"Microsoft-Windows-Security-SPP","channel":"Application","computer":"Niaina","task_id":0,"keywords":36028797018963968,"user_id":null,"data":{"Data":{"#text":["2026-05-20T15:58:44Z","RulesEngine"]},"Binary":null},"raw_xml":null,"source_file":null,"sigma_matches":[]},
{"record_id":1849,"event_id":16394,"level":"Information","timestamp":"2026-02-22T21:32:15.406549Z","provider":"Microsoft-Windows-Security-SPP","channel":"Application","computer":"Niaina","task_id":0,"keywords":36028797018963968,"user_id":null,"data":{"Data":{"#text":""},"Binary":null},"raw_xml":null,"source_file":null,"sigma_matches":[]},
{"record_id":1850,"event_id":16384,"level":"Information","timestamp":"2026-02-22T21:32:45.769626Z","provider":"Microsoft-Windows-Security-SPP","channel":"Application","computer":"Niaina","task_id":0,"keywords":36028797018963968,"user_id":null,"data":{"Data":{"#text":["2026-05-20T15:57:45Z","RulesEngine"]},"Binary":null},"raw_xml":null,"source_file":null,"sigma_matches":[]},
{"record_id":1851,"event_id":15,"level":"Information","timestamp":"2026-02-22T21:32:47.518628Z","provider":"SecurityCenter","channel":"Application","computer":"Niaina","task_id":0,"keywords":36028797018963968,"user_id":null,"data":{"Data":{"#text":["Windows Defender","SECURITY_PRODUCT_STATE_ON"]},"Binary":null},"raw_xml":null,"source_file":null,"sigma_matches":[]},
{"record_id":1852,"event_id":15,"level":"Information","timestamp":"2026-02-22T21:33:11.762113Z","provider":"SecurityCenter","channel":"Application","computer":"Niaina","task_id":0,"keywords":36028797018963968,"user_id":null,"data":{"Data":{"#text":["Windows Defender","SECURITY_PRODUCT_STATE_ON"]},"Binary":null},"raw_xml":null,"source_file":null,"sigma_matches":[]},
{"record_id":1853,"event_id":16394,"level":"Information","timestamp":"2026-02-22T21:55:50.507718Z","provider":"Microsoft-Windows-Security-SPP","channel":"Application","computer":"Niaina","task_id":0,"keywords":36028797018963968,"user_id":null,"data":{"Data":{"#text":""},"Binary":null},"raw_xml":null,"source_file":null,"sigma_matches":[]},
{"record_id":1854,"event_id":16384,"level":"Information","timestamp":"2026-02-22T21:56:30.375005Z","provider":"Microsoft-Windows-Security-SPP","channel":"Application","computer":"Niaina","task_id":0,"keywords":36028797018963968,"user_id":null,"data":{"Data":{"#text":["2026-05-20T15:58:30Z","RulesEngine"]},"Binary":null},"raw_xml":null,"source_file":null,"sigma_matches":[]},
{"record_id":1855,"event_id":16394,"level":"Information","timestamp":"2026-02-22T22:00:28.479583Z","provider":"Microsoft-Windows-Security-SPP","channel":"Application","computer":"Niaina","task_id":0,"keywords":36028797018963968,"user_id":null,"data":{"Data":{"#text":""},"Binary":null},"raw_xml":null,"source_file":null,"sigma_matches":[]},
{"record_id":1856,"event_id":16384,"level":"Information","timestamp":"2026-02-22T22:00:58.846913Z","provider":"Microsoft-Windows-Security-SPP","channel":"Application","computer":"Niaina","task_id":0,"keywords":36028797018963968,"user_id":null,"data":{"Data":{"#text":["2026-05-20T15:57:58Z","RulesEngine"]},"Binary":null},"raw_xml":null,"source_file":null,"sigma_matches":[]},
{"record_id":1857,"event_id":0,"level":"Error","timestamp":"2026-02-22T22:03:16.264118Z","provider":"Everything","channel":"Application","computer":"Niaina","task_id":0,"keywords":36028797018963968,"user_id":null,"data":{"Data":{"#text":".\\src\\mem.c(776): mem_virtual_alloc(): Fatal error: out of memory, size: 0000040f, error: 1455"},"Binary":null},"raw_xml":null,"source_file":null,"sigma_matches":[]},
{"record_id":1858,"event_id":1001,"level":"Information","timestamp":"2026-02-22T22:05:32.701166Z","provider":"Windows Error Reporting","channel":"Application","computer":"Niaina","task_id":0,"keywords":9223372036854775808,"user_id":"S-1-5-19","data":{"Bucket":"","BucketType":"0","EventName":"AppHangB1","Response":"Non disponible","CabId":"0","P1":"svchost.exe_Audiosrv","P2":"10.0.26100.7705","P3":"97e43917","P4":"78d8","P5":"0","P6":"","P7":"","P8":"","P9":"","P10":"","AttachedFiles":"\r\n\\\\?\\C:\\WINDOWS\\SERVIC~1\\LOCALS~1\\AppData\\Local\\Temp\\a6782e66-a6e2-4911-ba45-42bdd9e5d020.dmp\r\n\\\\?\\C:\\Windows\\ServiceProfiles\\LocalService\\AppData\\Local\\Temp\\WER.7d9f2645-245e-4253-8392-8c1cb22d25f1.tmp.appcompat.txt\r\n\\\\?\\C:\\ProgramData\\Microsoft\\Windows\\WER\\Temp\\WER.8966d0e0-bb19-4be2-a956-ae2c22a6375d.tmp.WERInternalMetadata.xml\r\n\\\\?\\C:\\ProgramData\\Microsoft\\Windows\\WER\\ReportQueue\\AppHang_svchost.exe_Audi_ec43765a2421c096a3f76c35c0766d4ed5f1750_aa7cc8ac_cab_ad8f124c-f393-4662-91bd-c482a8de033d\\WPR_initiated_DiagTrackMiniLogger_OneTrace_User_Logger_20260219_1_EC_0_inject.etl\r\n\\\\?\\C:\\ProgramData\\Microsoft\\Windows\\WER\\Temp\\WER.0cf791fa-3295-4965-8a76-5115f35a3ec1.tmp.etl\r\n\\\\?\\C:\\ProgramData\\Microsoft\\Windows\\WER\\ReportQueue\\AppHang_svchost.exe_Audi_ec43765a2421c096a3f76c35c0766d4ed5f1750_aa7cc8ac_cab_ad8f124c-f393-4662-91bd-c482a8de033d\\WPR_initiated_DiagTrackMiniLogger_WPR System Collector_inject.etl\r\n\\\\?\\C:\\ProgramData\\Microsoft\\Windows\\WER\\Temp\\WER.c6e78224-e366-433a-97c4-6dce97a1d584.tmp.etl\r\n\\\\?\\C:\\ProgramData\\Microsoft\\Windows\\WER\\Temp\\WER.35bf0352-bd5b-4c54-8928-5e6b17896364.tmp.csv\r\n\\\\?\\C:\\ProgramData\\Microsoft\\Windows\\WER\\Temp\\WER.ffbb4dac-62cb-4634-815a-9c5c204a7654.tmp.txt\r\n\\\\?\\C:\\ProgramData\\Microsoft\\Windows\\WER\\Temp\\WER.b4fc912c-5670-4e48-bb20-5a5011813faa.tmp.xml\r\n\\\\?\\C:\\Windows\\ServiceProfiles\\LocalService\\AppData\\Local\\Temp\\WER.41ed6634-d455-42c6-934d-a9b960f618d3.tmp.xml\r\n\\\\?\\C:\\ProgramData\\Microsoft\\Windows\\WER\\Temp\\WER.26f34a72-bdf9-433f-8eb8-37ace2c6b546.tmp.mdmp\r\n\\\\?\\C:\\ProgramData\\Microsoft\\Windows\\WER\\ReportQueue\\AppHang_svchost.exe_Audi_ec43765a2421c096a3f76c35c0766d4ed5f1750_aa7cc8ac_cab_ad8f124c-f393-4662-91bd-c482a8de033d\\minidump.27e0.hxmu.dmp\r\n\\\\?\\C:\\Windows\\ServiceProfiles\\LocalService\\AppData\\Local\\Temp\\WER.87c55d59-6f11-4a00-b30f-0adaa79a37d7.tmp.WERDataCollectionStatus.txt","StorePath":"\\\\?\\C:\\ProgramData\\Microsoft\\Windows\\WER\\ReportQueue\\AppHang_svchost.exe_Audi_ec43765a2421c096a3f76c35c0766d4ed5f1750_aa7cc8ac_cab_ad8f124c-f393-4662-91bd-c482a8de033d","AnalysisSymbol":"","Rechecking":0,"ReportId":"631577f3-7baf-4787-a001-c9d615fac3c4","ReportStatus":100,"HashedBucket":"","CabGuid":"0"},"raw_xml":null,"source_file":null,"sigma_matches":[]},
{"record_id":1859,"event_id":1002,"level":"Error","timestamp":"2026-02-22T22:05:33.030061Z","provider":"Application Hang","channel":"Application","computer":"Niaina","task_id":101,"keywords":9223372036854775808,"user_id":"S-1-5-18","data":{"AppName":"svchost.exe","AppVersion":"10.0.26100.7705","ProcessId":"0xdd0","StartTime":"0x1dca3a8f0c7a7e3","TerminationTime":4294967295,"ExeFileName":"C:\\Windows\\System32\\svchost.exe","ReportId":"631577f3-7baf-4787-a001-c9d615fac3c4","PackageFullName":"","PackageRelativeAppId":"","HangType":"Unknown"},"raw_xml":null,"source_file":null,"sigma_matches":[]},
{"record_id":1860,"event_id":1001,"level":"Information","timestamp":"2026-02-22T22:07:19.236382Z","provider":"Windows Error Reporting","channel":"Application","computer":"Niaina","task_id":0,"keywords":9223372036854775808,"user_id":"S-1-5-18","data":{"Bucket":"2300631708684876978","BucketType":"5","EventName":"AppHangB1","Response":"Non disponible","CabId":"0","P1":"svchost.exe_Audiosrv","P2":"10.0.26100.7705","P3":"97e43917","P4":"78d8","P5":"0","P6":"","P7":"","P8":"","P9":"","P10":"","AttachedFiles":"\r\n\\\\?\\C:\\WINDOWS\\SERVIC~1\\LOCALS~1\\AppData\\Local\\Temp\\a6782e66-a6e2-4911-ba45-42bdd9e5d020.dmp\r\n\\\\?\\C:\\Windows\\ServiceProfiles\\LocalService\\AppData\\Local\\Temp\\WER.7d9f2645-245e-4253-8392-8c1cb22d25f1.tmp.appcompat.txt\r\n\\\\?\\C:\\ProgramData\\Microsoft\\Windows\\WER\\Temp\\WER.8966d0e0-bb19-4be2-a956-ae2c22a6375d.tmp.WERInternalMetadata.xml\r\n\\\\?\\C:\\ProgramData\\Microsoft\\Windows\\WER\\ReportQueue\\AppHang_svchost.exe_Audi_ec43765a2421c096a3f76c35c0766d4ed5f1750_aa7cc8ac_cab_ad8f124c-f393-4662-91bd-c482a8de033d\\WPR_initiated_DiagTrackMiniLogger_OneTrace_User_Logger_20260219_1_EC_0_inject.etl\r\n\\\\?\\C:\\ProgramData\\Microsoft\\Windows\\WER\\Temp\\WER.0cf791fa-3295-4965-8a76-5115f35a3ec1.tmp.etl\r\n\\\\?\\C:\\ProgramData\\Microsoft\\Windows\\WER\\ReportQueue\\AppHang_svchost.exe_Audi_ec43765a2421c096a3f76c35c0766d4ed5f1750_aa7cc8ac_cab_ad8f124c-f393-4662-91bd-c482a8de033d\\WPR_initiated_DiagTrackMiniLogger_WPR System Collector_inject.etl\r\n\\\\?\\C:\\ProgramData\\Microsoft\\Windows\\WER\\Temp\\WER.c6e78224-e366-433a-97c4-6dce97a1d584.tmp.etl\r\n\\\\?\\C:\\ProgramData\\Microsoft\\Windows\\WER\\Temp\\WER.35bf0352-bd5b-4c54-8928-5e6b17896364.tmp.csv\r\n\\\\?\\C:\\ProgramData\\Microsoft\\Windows\\WER\\Temp\\WER.ffbb4dac-62cb-4634-815a-9c5c204a7654.tmp.txt\r\n\\\\?\\C:\\ProgramData\\Microsoft\\Windows\\WER\\Temp\\WER.b4fc912c-5670-4e48-bb20-5a5011813faa.tmp.xml\r\n\\\\?\\C:\\Windows\\ServiceProfiles\\LocalService\\AppData\\Local\\Temp\\WER.41ed6634-d455-42c6-934d-a9b960f618d3.tmp.xml\r\n\\\\?\\C:\\ProgramData\\Microsoft\\Windows\\WER\\Temp\\WER.26f34a72-bdf9-433f-8eb8-37ace2c6b546.tmp.mdmp\r\n\\\\?\\C:\\ProgramData\\Microsoft\\Windows\\WER\\ReportQueue\\AppHang_svchost.exe_Audi_ec43765a2421c096a3f76c35c0766d4ed5f1750_aa7cc8ac_cab_ad8f124c-f393-4662-91bd-c482a8de033d\\minidump.27e0.hxmu.dmp\r\n\\\\?\\C:\\Windows\\ServiceProfiles\\LocalService\\AppData\\Local\\Temp\\WER.87c55d59-6f11-4a00-b30f-0adaa79a37d7.tmp.WERDataCollectionStatus.txt","StorePath":"\\\\?\\C:\\ProgramData\\Microsoft\\Windows\\WER\\ReportArchive\\AppHang_svchost.exe_Audi_ec43765a2421c096a3f76c35c0766d4ed5f1750_aa7cc8ac_ad8f124c-f393-4662-91bd-c482a8de033d","AnalysisSymbol":"","Rechecking":0,"ReportId":"631577f3-7baf-4787-a001-c9d615fac3c4","ReportStatus":268435552,"HashedBucket":"078aac1bcba029e00fed7c598b297cb2","CabGuid":"0"},"raw_xml":null,"source_file":null,"sigma_matches":[]},
{"record_id":1861,"event_id":16394,"level":"Information","timestamp":"2026-02-22T22:40:52.050408Z","provider":"Microsoft-Windows-Security-SPP","channel":"Application","computer":"Niaina","task_id":0,"keywords":36028797018963968,"user_id":null,"data":{"Data":{"#text":""},"Binary":null},"raw_xml":null,"source_file":null,"sigma_matches":[]},
{"record_id":1862,"event_id":16384,"level":"Information","timestamp":"2026-02-22T22:41:28.216155Z","provider":"Microsoft-Windows-Security-SPP","channel":"Application","computer":"Niaina","task_id":0,"keywords":36028797018963968,"user_id":null,"data":{"Data":{"#text":["2026-05-20T15:58:28Z","RulesEngine"]},"Binary":null},"raw_xml":null,"source_file":null,"sigma_matches":[]},
{"record_id":1863,"event_id":16394,"level":"Information","timestamp":"2026-02-22T22:44:26.607371Z","provider":"Microsoft-Windows-Security-SPP","channel":"Application","computer":"Niaina","task_id":0,"keywords":36028797018963968,"user_id":null,"data":{"Data":{"#text":""},"Binary":null},"raw_xml":null,"source_file":null,"sigma_matches":[]},
{"record_id":1864,"event_id":16384,"level":"Information","timestamp":"2026-02-22T22:44:56.810872Z","provider":"Microsoft-Windows-Security-SPP","channel":"Application","computer":"Niaina","task_id":0,"keywords":36028797018963968,"user_id":null,"data":{"Data":{"#text":["2026-05-20T15:57:56Z","RulesEngine"]},"Binary":null},"raw_xml":null,"source_file":null,"sigma_matches":[]},
{"record_id":1865,"event_id":0,"level":"Information","timestamp":"2026-02-22T23:31:12.974250Z","provider":"igfxCUIService2.0.0.0","channel":"Application","computer":"Niaina","task_id":0,"keywords":36028797018963968,"user_id":null,"data":{"Data":{"#text":" Logoff: Test\n"},"Binary":null},"raw_xml":null,"source_file":null,"sigma_matches":[]},
{"record_id":1866,"event_id":0,"level":"Information","timestamp":"2026-02-22T23:31:13.016009Z","provider":"igfxCUIService2.0.0.0","channel":"Application","computer":"Niaina","task_id":0,"keywords":36028797018963968,"user_id":null,"data":{"Data":{"#text":" Logoff: 1\n"},"Binary":null},"raw_xml":null,"source_file":null,"sigma_matches":[]},
{"record_id":1867,"event_id":6000,"level":"Information","timestamp":"2026-02-22T23:31:13.021785Z","provider":"Microsoft-Windows-Winlogon","channel":"Application","computer":"Niaina","task_id":0,"keywords":36028797018963968,"user_id":null,"data":{"Data":{"#text":"WSearch"},"Binary":"D9060000"},"raw_xml":null,"source_file":null,"sigma_matches":[]},
{"record_id":1868,"event_id":0,"level":"Information","timestamp":"2026-02-22T23:31:16.352205Z","provider":"RtkAudioUniversalService","channel":"Application","computer":"Niaina","task_id":0,"keywords":36028797018963968,"user_id":null,"data":{"Data":{"#text":["RtkAudioUniversalService","CppWindowsService in OnStop"]},"Binary":null},"raw_xml":null,"source_file":null,"sigma_matches":[]},
{"record_id":1869,"event_id":1532,"level":"Information","timestamp":"2026-02-22T23:31:16.359385Z","provider":"Microsoft-Windows-User Profiles Service","channel":"Application","computer":"Niaina","task_id":0,"keywords":9223372036854775808,"user_id":"S-1-5-18","data":null,"raw_xml":null,"source_file":null,"sigma_matches":[]},
{"record_id":1870,"event_id":0,"level":"Information","timestamp":"2026-02-23T05:17:40.151091Z","provider":"igfxCUIService2.0.0.0","channel":"Application","computer":"Niaina","task_id":0,"keywords":36028797018963968,"user_id":null,"data":{"Data":{"#text":"Service started/resumed"},"Binary":null},"raw_xml":null,"source_file":null,"sigma_matches":[]},
{"record_id":1871,"event_id":1531,"level":"Information","timestamp":"2026-02-23T05:17:39.782670Z","provider":"Microsoft-Windows-User Profiles Service","channel":"Application","computer":"Niaina","task_id":0,"keywords":9223372036854775808,"user_id":"S-1-5-18","data":null,"raw_xml":null,"source_file":null,"sigma_matches":[]},
{"record_id":1872,"event_id":100,"level":"Information","timestamp":"2026-02-23T05:17:40.872447Z","provider":"Bonjour Service","channel":"Application","computer":"Niaina","task_id":0,"keywords":36028797018963968,"user_id":null,"data":{"Data":{"#text":"Service initializing"},"Binary":null},"raw_xml":null,"source_file":null,"sigma_matches":[]},
{"record_id":1873,"event_id":0,"level":"Information","timestamp":"2026-02-23T05:17:41.030354Z","provider":"IntelDalJhi","channel":"Application","computer":"Niaina","task_id":0,"keywords":36028797018963968,"user_id":null,"data":{"Data":{"#text":""},"Binary":null},"raw_xml":null,"source_file":null,"sigma_matches":[]},
{"record_id":1874,"event_id":0,"level":"Information","timestamp":"2026-02-23T05:17:41.129187Z","provider":"RtkAudioUniversalService","channel":"Application","computer":"Niaina","task_id":0,"keywords":36028797018963968,"user_id":null,"data":{"Data":{"#text":["RtkAudioUniversalService","CppWindowsService in OnStart"]},"Binary":null},"raw_xml":null,"source_file":null,"sigma_matches":[]},
{"record_id":1875,"event_id":100,"level":"Information","timestamp":"2026-02-23T05:17:41.186168Z","provider":"Bonjour Service","channel":"Application","computer":"Niaina","task_id":0,"keywords":36028797018963968,"user_id":null,"data":{"Data":{"#text":"Service initialized"},"Binary":null},"raw_xml":null,"source_file":null,"sigma_matches":[]},
{"record_id":1876,"event_id":100,"level":"Information","timestamp":"2026-02-23T05:17:41.188779Z","provider":"Bonjour Service","channel":"Application","computer":"Niaina","task_id":0,"keywords":36028797018963968,"user_id":null,"data":{"Data":{"#text":"Service started\n"},"Binary":null},"raw_xml":null,"source_file":null,"sigma_matches":[]},
{"record_id":1877,"event_id":2000,"level":"Information","timestamp":"2026-02-23T05:17:41.646945Z","provider":"LMS","channel":"Application","computer":"Niaina","task_id":3,"keywords":36028797018963968,"user_id":null,"data":{"Data":{"#text":"Local Management Service started."},"Binary":null},"raw_xml":null,"source_file":null,"sigma_matches":[]},
{"record_id":1878,"event_id":0,"level":"Information","timestamp":"2026-02-23T05:17:41.708834Z","provider":"LMS","channel":"Application","computer":"Niaina","task_id":0,"keywords":36028797018963968,"user_id":null,"data":{"Data":{"#text":"Service started/resumed"},"Binary":null},"raw_xml":null,"source_file":null,"sigma_matches":[]},
{"record_id":1879,"event_id":0,"level":"Information","timestamp":"2026-02-23T05:17:41.757584Z","provider":"PostgreSQL","channel":"Application","computer":"Niaina","task_id":0,"keywords":36028797018963968,"user_id":null,"data":{"Data":{"#text":"Waiting for server startup...\n"},"Binary":null},"raw_xml":null,"source_file":null,"sigma_matches":[]},
{"record_id":1880,"event_id":5615,"level":"Information","timestamp":"2026-02-23T05:17:41.154567Z","provider":"Microsoft-Windows-WMI","channel":"Application","computer":"Niaina","task_id":0,"keywords":9223372036854775808,"user_id":"S-1-5-18","data":null,"raw_xml":null,"source_file":null,"sigma_matches":[]},
{"record_id":1881,"event_id":0,"level":"Information","timestamp":"2026-02-23T05:17:42.081640Z","provider":"igfxCUIService2.0.0.0","channel":"Application","computer":"Niaina","task_id":0,"keywords":36028797018963968,"user_id":null,"data":{"Data":{"#text":"Log on event received User1\n"},"Binary":null},"raw_xml":null,"source_file":null,"sigma_matches":[]},
{"record_id":1882,"event_id":0,"level":"Information","timestamp":"2026-02-23T05:17:42.086242Z","provider":"igfxCUIService2.0.0.0","channel":"Application","computer":"Niaina","task_id":0,"keywords":36028797018963968,"user_id":null,"data":{"Data":{"#text":"Logon: 1\n"},"Binary":null},"raw_xml":null,"source_file":null,"sigma_matches":[]},
{"record_id":1883,"event_id":0,"level":"Information","timestamp":"2026-02-23T05:17:42.124117Z","provider":"igfxCUIService2.0.0.0","channel":"Application","computer":"Niaina","task_id":0,"keywords":36028797018963968,"user_id":null,"data":{"Data":{"#text":"Received Post Shell Event 1\n"},"Binary":null},"raw_xml":null,"source_file":null,"sigma_matches":[]},
{"record_id":1884,"event_id":0,"level":"Information","timestamp":"2026-02-23T05:17:42.952296Z","provider":"OpenVpnService","channel":"Application","computer":"Niaina","task_id":0,"keywords":36028797018963968,"user_id":null,"data":{"Data":{"#text":"Le service a démarré avec succès."},"Binary":null},"raw_xml":null,"source_file":null,"sigma_matches":[]},
{"record_id":1885,"event_id":0,"level":"Information","timestamp":"2026-02-23T05:17:42.958789Z","provider":"PostgreSQL","channel":"Application","computer":"Niaina","task_id":0,"keywords":36028797018963968,"user_id":null,"data":{"Data":{"#text":"2026-02-23 08:17:42 EAT LOG:  redirection des traces vers le processus de récupération des traces\n2026-02-23 08:17:42 EAT ASTUCE :  Les prochaines traces apparaîtront dans le répertoire « log ».\n"},"Binary":null},"raw_xml":null,"source_file":null,"sigma_matches":[]},
{"record_id":1886,"event_id":5617,"level":"Information","timestamp":"2026-02-23T05:17:42.170949Z","provider":"Microsoft-Windows-WMI","channel":"Application","computer":"Niaina","task_id":0,"keywords":9223372036854775808,"user_id":"S-1-5-18","data":null,"raw_xml":null,"source_file":null,"sigma_matches":[]},
{"record_id":1887,"event_id":0,"level":"Information","timestamp":"2026-02-23T05:17:43.533199Z","provider":"PostgreSQL","channel":"Application","computer":"Niaina","task_id":0,"keywords":36028797018963968,"user_id":null,"data":{"Data":{"#text":"Server started and accepting connections\n"},"Binary":null},"raw_xml":null,"source_file":null,"sigma_matches":[]},
{"record_id":1888,"event_id":0,"level":"Information","timestamp":"2026-02-23T05:17:50.701988Z","provider":"Microsoft PC Manager Service","channel":"Application","computer":"Niaina","task_id":0,"keywords":36028797018963968,"user_id":null,"data":{"Data":{"#text":"Service started successfully."},"Binary":null},"raw_xml":null,"source_file":null,"sigma_matches":[]},
{"record_id":1889,"event_id":23,"level":"Warning","timestamp":"2026-02-23T05:17:51.326593Z","provider":"Microsoft-Windows-AppModel-State","channel":"Application","computer":"Niaina","task_id":0,"keywords":9223372036854775808,"user_id":"S-1-5-18","data":{"Operation":"InitializeDataChangedSignaler","PackageFamily":"Microsoft.MicrosoftPCManager_8wekyb3d8bbwe","OperationError":-2147024894},"raw_xml":null,"source_file":null,"sigma_matches":[]},
{"record_id":1890,"event_id":24,"level":"Warning","timestamp":"2026-02-23T05:17:51.330558Z","provider":"Microsoft-Windows-AppModel-State","channel":"Application","computer":"Niaina","task_id":0,"keywords":9223372036854775808,"user_id":"S-1-5-18","data":{"Operation":"InitializeDataChangedSignaler","PackageFamily":"Microsoft.MicrosoftPCManager_8wekyb3d8bbwe","OperationError":-2147024894,"RepairTriggerError":-2147023584},"raw_xml":null,"source_file":null,"sigma_matches":[]},
{"record_id":1891,"event_id":20,"level":"Warning","timestamp":"2026-02-23T05:17:51.330592Z","provider":"Microsoft-Windows-AppModel-State","channel":"Application","computer":"Niaina","task_id":0,"keywords":9223372036854775808,"user_id":"S-1-5-18","data":{"Operation":"InitializeDataChangedSignaler","PackageFamily":"Microsoft.MicrosoftPCManager_8wekyb3d8bbwe","OperationError":-2147024894},"raw_xml":null,"source_file":null,"sigma_matches":[]},
{"record_id":1892,"event_id":21,"level":"Warning","timestamp":"2026-02-23T05:17:51.330633Z","provider":"Microsoft-Windows-AppModel-State","channel":"Application","computer":"Niaina","task_id":0,"keywords":9223372036854775808,"user_id":"S-1-5-18","data":{"Operation":"InitializeDataChangedSignaler","PackageFamily":"Microsoft.MicrosoftPCManager_8wekyb3d8bbwe","OperationError":-2147024894,"RepairTriggerError":-2147024891},"raw_xml":null,"source_file":null,"sigma_matches":[]},
{"record_id":1893,"event_id":1003,"level":"Information","timestamp":"2026-02-23T05:18:05.197633Z","provider":"Microsoft-Windows-Search","channel":"Application","computer":"Niaina","task_id":1,"keywords":36028797018963968,"user_id":null,"data":{"ExtraInfo":"\n"},"raw_xml":null,"source_file":null,"sigma_matches":[]},
{"record_id":1894,"event_id":900,"level":"Information","timestamp":"2026-02-23T05:18:36.982704Z","provider":"Microsoft-Windows-Security-SPP","channel":"Application","computer":"Niaina","task_id":0,"keywords":36028797018963968,"user_id":null,"data":{"Data":{"#text":"TriggerStarted:6"},"Binary":null},"raw_xml":null,"source_file":null,"sigma_matches":[]},
{"record_id":1895,"event_id":16394,"level":"Information","timestamp":"2026-02-23T05:18:37.063357Z","provider":"Microsoft-Windows-Security-SPP","channel":"Application","computer":"Niaina","task_id":0,"keywords":36028797018963968,"user_id":null,"data":{"Data":{"#text":""},"Binary":null},"raw_xml":null,"source_file":null,"sigma_matches":[]},
{"record_id":1896,"event_id":1066,"level":"Information","timestamp":"2026-02-23T05:18:37.087875Z","provider":"Microsoft-Windows-Security-SPP","channel":"Application","computer":"Niaina","task_id":0,"keywords":36028797018963968,"user_id":null,"data":{"Data":{"#text":"C:\\WINDOWS\\system32\\sppwinob.dll, msft:spp/windowsfunctionality/agent/7.0, 0x00000000, 0x00000000\nC:\\WINDOWS\\system32\\sppobjs.dll, msft:rm/algorithm/inherited/1.0, 0x00000000, 0x00000000\nC:\\WINDOWS\\system32\\sppobjs.dll, msft:rm/algorithm/phone/1.0, 0x00000000, 0x00000000\nC:\\WINDOWS\\system32\\sppobjs.dll, msft:rm/algorithm/pkey/detect, 0x00000000, 0x00000000\nC:\\WINDOWS\\system32\\sppobjs.dll, msft:spp/ActionScheduler/1.0, 0x00000000, 0x00000000\nC:\\WINDOWS\\system32\\sppobjs.dll, msft:spp/TaskScheduler/1.0, 0x00000000, 0x00000000\nC:\\WINDOWS\\system32\\sppobjs.dll, msft:spp/statecollector/pkey, 0x00000000, 0x00000000\nC:\\WINDOWS\\system32\\sppobjs.dll, msft:spp/volume/services/kms/1.0, 0x00000000, 0x00000000\nC:\\WINDOWS\\system32\\sppobjs.dll, msft:spp/volume/services/kms/activationinfo/1.0, 0x00000000, 0x00000000\n"},"Binary":null},"raw_xml":null,"source_file":null,"sigma_matches":[]},
