{"record_id":956,"event_id":1001,"level":"Information","timestamp":"2026-02-20T22:57:55.191620Z","provider":"Windows Error Reporting","channel":"Application","computer":"Niaina","task_id":0,"keywords":9223372036854775808,"user_id":"S-1-5-21-3595381792-2646053551-3183893924-1001","data":{"Bucket":"1422465195097028811","BucketType":"5","EventName":"AppHangB1","Response":"Non disponible","CabId":"0","P1":"terminal64.exe","P2":"5.0.0.5617","P3":"08eb4400","P4":"b695","P5":"134217728","P6":"","P7":"","P8":"","P9":"","P10":"","AttachedFiles":"\r\n\\\\?\\C:\\ProgramData\\Microsoft\\Windows\\WER\\Temp\\WER.dbe6aa8b-209d-4539-9689-237272b5e641.tmp.WERInternalMetadata.xml\r\nWPR_initiated_DiagTrackMiniLogger_OneTrace_User_Logger_20260219_1_EC_0_inject.etl\r\n\\\\?\\C:\\ProgramData\\Microsoft\\Windows\\WER\\Temp\\WER.9ac206a4-8836-4c15-9461-f613c0eda2a4.tmp.etl\r\nWPR_initiated_DiagTrackMiniLogger_WPR System Collector_inject.etl\r\n\\\\?\\C:\\ProgramData\\Microsoft\\Windows\\WER\\Temp\\WER.00d59065-9637-40f5-8577-aca1b0ccb66a.tmp.etl\r\n\\\\?\\C:\\ProgramData\\Microsoft\\Windows\\WER\\Temp\\WER.5a2e50b6-de56-4b61-89c4-8ee590272ccf.tmp.csv\r\n\\\\?\\C:\\ProgramData\\Microsoft\\Windows\\WER\\Temp\\WER.d43a5128-003a-4630-baa0-6bb4a478a8f9.tmp.txt\r\n\\\\?\\C:\\Users\\Niaina\\AppData\\Local\\Temp\\WER.f7c2008a-1948-4cf4-9321-3edb96d93fb5.tmp.appcompat.txt\r\n\\\\?\\C:\\ProgramData\\Microsoft\\Windows\\WER\\Temp\\WER.e17d8a6b-b2a9-4caf-a76a-d8de3a6501b8.tmp.xml","StorePath":"\\\\?\\C:\\ProgramData\\Microsoft\\Windows\\WER\\ReportArchive\\AppHang_terminal64.exe_4e1a2e1a7bebf62536d390b3184b624f42ab4f_9c25dac1_ae0eeb8e-06d1-4cb3-938d-a0fdc6e27d8c","AnalysisSymbol":"","Rechecking":0,"ReportId":"835675df-cf46-43c6-b899-cf31ba1f3765","ReportStatus":268435456,"HashedBucket":"469debf7fbb6168c53bd9c8ef31d78cb","CabGuid":"0"},"raw_xml":null,"source_file":null,"sigma_matches":[]},
{"record_id":957,"event_id":1002,"level":"Error","timestamp":"2026-02-20T22:57:57.444571Z","provider":"Application Hang","channel":"Application","computer":"Niaina","task_id":101,"keywords":9223372036854775808,"user_id":"S-1-5-18","data":{"AppName":"terminal64.exe","AppVersion":"5.0.0.5617","ProcessId":"0x2f30","StartTime":"0x1dca2a6c106c257","TerminationTime":1427,"ExeFileName":"C:\\Program Files\\MetaTrader 5\\terminal64.exe","ReportId":"835675df-cf46-43c6-b899-cf31ba1f3765","PackageFullName":"","PackageRelativeAppId":"","HangType":"Unknown"},"raw_xml":null,"source_file":null,"sigma_matches":[]},
{"record_id":958,"event_id":16394,"level":"Information","timestamp":"2026-02-20T23:31:41.343470Z","provider":"Microsoft-Windows-Security-SPP","channel":"Application","computer":"Niaina","task_id":0,"keywords":36028797018963968,"user_id":null,"data":{"Data":{"#text":""},"Binary":null},"raw_xml":null,"source_file":null,"sigma_matches":[]},
{"record_id":959,"event_id":16384,"level":"Information","timestamp":"2026-02-20T23:32:16.012631Z","provider":"Microsoft-Windows-Security-SPP","channel":"Application","computer":"Niaina","task_id":0,"keywords":36028797018963968,"user_id":null,"data":{"Data":{"#text":["2026-05-20T15:58:15Z","RulesEngine"]},"Binary":null},"raw_xml":null,"source_file":null,"sigma_matches":[]},
{"record_id":960,"event_id":16394,"level":"Information","timestamp":"2026-02-20T23:38:55.526232Z","provider":"Microsoft-Windows-Security-SPP","channel":"Application","computer":"Niaina","task_id":0,"keywords":36028797018963968,"user_id":null,"data":{"Data":{"#text":""},"Binary":null},"raw_xml":null,"source_file":null,"sigma_matches":[]},
{"record_id":961,"event_id":16384,"level":"Information","timestamp":"2026-02-20T23:39:26.168134Z","provider":"Microsoft-Windows-Security-SPP","channel":"Application","computer":"Niaina","task_id":0,"keywords":36028797018963968,"user_id":null,"data":{"Data":{"#text":["2026-05-20T15:58:26Z","RulesEngine"]},"Binary":null},"raw_xml":null,"source_file":null,"sigma_matches":[]},
{"record_id":962,"event_id":16394,"level":"Information","timestamp":"2026-02-20T23:44:19.331243Z","provider":"Microsoft-Windows-Security-SPP","channel":"Application","computer":"Niaina","task_id":0,"keywords":36028797018963968,"user_id":null,"data":{"Data":{"#text":""},"Binary":null},"raw_xml":null,"source_file":null,"sigma_matches":[]},
{"record_id":963,"event_id":16384,"level":"Information","timestamp":"2026-02-20T23:44:50.135217Z","provider":"Microsoft-Windows-Security-SPP","channel":"Application","computer":"Niaina","task_id":0,"keywords":36028797018963968,"user_id":null,"data":{"Data":{"#text":["2026-05-20T15:57:49Z","RulesEngine"]},"Binary":null},"raw_xml":null,"source_file":null,"sigma_matches":[]},
{"record_id":964,"event_id":16394,"level":"Information","timestamp":"2026-02-20T23:45:18.464567Z","provider":"Microsoft-Windows-Security-SPP","channel":"Application","computer":"Niaina","task_id":0,"keywords":36028797018963968,"user_id":null,"data":{"Data":{"#text":""},"Binary":null},"raw_xml":null,"source_file":null,"sigma_matches":[]},
{"record_id":965,"event_id":16384,"level":"Information","timestamp":"2026-02-20T23:45:49.130918Z","provider":"Microsoft-Windows-Security-SPP","channel":"Application","computer":"Niaina","task_id":0,"keywords":36028797018963968,"user_id":null,"data":{"Data":{"#text":["2026-05-20T15:57:49Z","RulesEngine"]},"Binary":null},"raw_xml":null,"source_file":null,"sigma_matches":[]},
{"record_id":966,"event_id":16394,"level":"Information","timestamp":"2026-02-20T23:59:07.187642Z","provider":"Microsoft-Windows-Security-SPP","channel":"Application","computer":"Niaina","task_id":0,"keywords":36028797018963968,"user_id":null,"data":{"Data":{"#text":""},"Binary":null},"raw_xml":null,"source_file":null,"sigma_matches":[]},
{"record_id":967,"event_id":16384,"level":"Information","timestamp":"2026-02-20T23:59:47.419056Z","provider":"Microsoft-Windows-Security-SPP","channel":"Application","computer":"Niaina","task_id":0,"keywords":36028797018963968,"user_id":null,"data":{"Data":{"#text":["2026-05-20T15:57:46Z","RulesEngine"]},"Binary":null},"raw_xml":null,"source_file":null,"sigma_matches":[]},
{"record_id":968,"event_id":16394,"level":"Information","timestamp":"2026-02-21T00:05:24.780038Z","provider":"Microsoft-Windows-Security-SPP","channel":"Application","computer":"Niaina","task_id":0,"keywords":36028797018963968,"user_id":null,"data":{"Data":{"#text":""},"Binary":null},"raw_xml":null,"source_file":null,"sigma_matches":[]},
{"record_id":969,"event_id":16384,"level":"Information","timestamp":"2026-02-21T00:05:55.382805Z","provider":"Microsoft-Windows-Security-SPP","channel":"Application","computer":"Niaina","task_id":0,"keywords":36028797018963968,"user_id":null,"data":{"Data":{"#text":["2026-05-20T15:57:55Z","RulesEngine"]},"Binary":null},"raw_xml":null,"source_file":null,"sigma_matches":[]},
{"record_id":970,"event_id":16394,"level":"Information","timestamp":"2026-02-21T00:15:48.128101Z","provider":"Microsoft-Windows-Security-SPP","channel":"Application","computer":"Niaina","task_id":0,"keywords":36028797018963968,"user_id":null,"data":{"Data":{"#text":""},"Binary":null},"raw_xml":null,"source_file":null,"sigma_matches":[]},
{"record_id":971,"event_id":16384,"level":"Information","timestamp":"2026-02-21T00:16:18.839839Z","provider":"Microsoft-Windows-Security-SPP","channel":"Application","computer":"Niaina","task_id":0,"keywords":36028797018963968,"user_id":null,"data":{"Data":{"#text":["2026-05-20T15:58:18Z","RulesEngine"]},"Binary":null},"raw_xml":null,"source_file":null,"sigma_matches":[]},
{"record_id":972,"event_id":16394,"level":"Information","timestamp":"2026-02-21T00:20:19.287018Z","provider":"Microsoft-Windows-Security-SPP","channel":"Application","computer":"Niaina","task_id":0,"keywords":36028797018963968,"user_id":null,"data":{"Data":{"#text":""},"Binary":null},"raw_xml":null,"source_file":null,"sigma_matches":[]},
{"record_id":973,"event_id":16384,"level":"Information","timestamp":"2026-02-21T00:20:49.946356Z","provider":"Microsoft-Windows-Security-SPP","channel":"Application","computer":"Niaina","task_id":0,"keywords":36028797018963968,"user_id":null,"data":{"Data":{"#text":["2026-05-20T15:57:49Z","RulesEngine"]},"Binary":null},"raw_xml":null,"source_file":null,"sigma_matches":[]},
{"record_id":974,"event_id":256,"level":"Information","timestamp":"2026-02-21T00:28:46.016674Z","provider":"Chrome","channel":"Application","computer":"Niaina","task_id":1,"keywords":36028797018963968,"user_id":"S-1-5-21-3595381792-2646053551-3183893924-1001","data":{"Data":{"#text":"[20236:21456:0221/032845.887:INFO:chrome\\browser\\extensions\\extension_garbage_collector.cc:188] Garbage collection for extensions on file thread is complete."},"Binary":null},"raw_xml":null,"source_file":null,"sigma_matches":[]},
{"record_id":975,"event_id":10024,"level":"Warning","timestamp":"2026-02-21T00:29:50.212739Z","provider":"Microsoft-Windows-Search","channel":"Application","computer":"Niaina","task_id":3,"keywords":36028797018963968,"user_id":null,"data":{"ExtraInfo":"\n","FilterHostProcessID":"8788"},"raw_xml":null,"source_file":null,"sigma_matches":[]},
{"record_id":976,"event_id":16394,"level":"Information","timestamp":"2026-02-21T00:38:36.770890Z","provider":"Microsoft-Windows-Security-SPP","channel":"Application","computer":"Niaina","task_id":0,"keywords":36028797018963968,"user_id":null,"data":{"Data":{"#text":""},"Binary":null},"raw_xml":null,"source_file":null,"sigma_matches":[]},
{"record_id":977,"event_id":16384,"level":"Information","timestamp":"2026-02-21T00:39:07.034103Z","provider":"Microsoft-Windows-Security-SPP","channel":"Application","computer":"Niaina","task_id":0,"keywords":36028797018963968,"user_id":null,"data":{"Data":{"#text":["2026-05-20T15:58:06Z","RulesEngine"]},"Binary":null},"raw_xml":null,"source_file":null,"sigma_matches":[]},
{"record_id":978,"event_id":16394,"level":"Information","timestamp":"2026-02-21T00:55:24.035212Z","provider":"Microsoft-Windows-Security-SPP","channel":"Application","computer":"Niaina","task_id":0,"keywords":36028797018963968,"user_id":null,"data":{"Data":{"#text":""},"Binary":null},"raw_xml":null,"source_file":null,"sigma_matches":[]},
{"record_id":979,"event_id":16384,"level":"Information","timestamp":"2026-02-21T00:55:54.762177Z","provider":"Microsoft-Windows-Security-SPP","channel":"Application","computer":"Niaina","task_id":0,"keywords":36028797018963968,"user_id":null,"data":{"Data":{"#text":["2026-05-20T15:57:54Z","RulesEngine"]},"Binary":null},"raw_xml":null,"source_file":null,"sigma_matches":[]},
{"record_id":980,"event_id":16394,"level":"Information","timestamp":"2026-02-21T00:59:21.827704Z","provider":"Microsoft-Windows-Security-SPP","channel":"Application","computer":"Niaina","task_id":0,"keywords":36028797018963968,"user_id":null,"data":{"Data":{"#text":""},"Binary":null},"raw_xml":null,"source_file":null,"sigma_matches":[]},
{"record_id":981,"event_id":16384,"level":"Information","timestamp":"2026-02-21T00:59:54.319114Z","provider":"Microsoft-Windows-Security-SPP","channel":"Application","computer":"Niaina","task_id":0,"keywords":36028797018963968,"user_id":null,"data":{"Data":{"#text":["2026-05-20T15:57:54Z","RulesEngine"]},"Binary":null},"raw_xml":null,"source_file":null,"sigma_matches":[]},
{"record_id":982,"event_id":15,"level":"Information","timestamp":"2026-02-21T00:59:55.362141Z","provider":"SecurityCenter","channel":"Application","computer":"Niaina","task_id":0,"keywords":36028797018963968,"user_id":null,"data":{"Data":{"#text":["Windows Defender","SECURITY_PRODUCT_STATE_ON"]},"Binary":null},"raw_xml":null,"source_file":null,"sigma_matches":[]},
{"record_id":983,"event_id":15,"level":"Information","timestamp":"2026-02-21T01:00:10.651798Z","provider":"SecurityCenter","channel":"Application","computer":"Niaina","task_id":0,"keywords":36028797018963968,"user_id":null,"data":{"Data":{"#text":["Windows Defender","SECURITY_PRODUCT_STATE_ON"]},"Binary":null},"raw_xml":null,"source_file":null,"sigma_matches":[]},
{"record_id":984,"event_id":16394,"level":"Information","timestamp":"2026-02-21T01:40:23.893842Z","provider":"Microsoft-Windows-Security-SPP","channel":"Application","computer":"Niaina","task_id":0,"keywords":36028797018963968,"user_id":null,"data":{"Data":{"#text":""},"Binary":null},"raw_xml":null,"source_file":null,"sigma_matches":[]},
{"record_id":985,"event_id":16384,"level":"Information","timestamp":"2026-02-21T01:40:58.393059Z","provider":"Microsoft-Windows-Security-SPP","channel":"Application","computer":"Niaina","task_id":0,"keywords":36028797018963968,"user_id":null,"data":{"Data":{"#text":["2026-05-20T15:57:58Z","RulesEngine"]},"Binary":null},"raw_xml":null,"source_file":null,"sigma_matches":[]},
{"record_id":986,"event_id":16394,"level":"Information","timestamp":"2026-02-21T01:45:52.870272Z","provider":"Microsoft-Windows-Security-SPP","channel":"Application","computer":"Niaina","task_id":0,"keywords":36028797018963968,"user_id":null,"data":{"Data":{"#text":""},"Binary":null},"raw_xml":null,"source_file":null,"sigma_matches":[]},
{"record_id":987,"event_id":0,"level":"Information","timestamp":"2026-02-21T01:45:53.822876Z","provider":"igfxCUIService2.0.0.0","channel":"Application","computer":"Niaina","task_id":0,"keywords":36028797018963968,"user_id":null,"data":{"Data":{"#text":" Logoff: Test\n"},"Binary":null},"raw_xml":null,"source_file":null,"sigma_matches":[]},
{"record_id":988,"event_id":0,"level":"Information","timestamp":"2026-02-21T01:45:53.829429Z","provider":"igfxCUIService2.0.0.0","channel":"Application","computer":"Niaina","task_id":0,"keywords":36028797018963968,"user_id":null,"data":{"Data":{"#text":" Logoff: 1\n"},"Binary":null},"raw_xml":null,"source_file":null,"sigma_matches":[]},
{"record_id":989,"event_id":6000,"level":"Information","timestamp":"2026-02-21T01:45:53.835716Z","provider":"Microsoft-Windows-Winlogon","channel":"Application","computer":"Niaina","task_id":0,"keywords":36028797018963968,"user_id":null,"data":{"Data":{"#text":"WSearch"},"Binary":"D9060000"},"raw_xml":null,"source_file":null,"sigma_matches":[]},
{"record_id":990,"event_id":0,"level":"Information","timestamp":"2026-02-21T01:45:58.570155Z","provider":"RtkAudioUniversalService","channel":"Application","computer":"Niaina","task_id":0,"keywords":36028797018963968,"user_id":null,"data":{"Data":{"#text":["RtkAudioUniversalService","CppWindowsService in OnStop"]},"Binary":null},"raw_xml":null,"source_file":null,"sigma_matches":[]},
{"record_id":991,"event_id":100,"level":"Information","timestamp":"2026-02-21T01:45:58.575017Z","provider":"Bonjour Service","channel":"Application","computer":"Niaina","task_id":0,"keywords":36028797018963968,"user_id":null,"data":{"Data":{"#text":"Service stopped (0)\n"},"Binary":null},"raw_xml":null,"source_file":null,"sigma_matches":[]},
{"record_id":992,"event_id":1532,"level":"Information","timestamp":"2026-02-21T01:45:58.590217Z","provider":"Microsoft-Windows-User Profiles Service","channel":"Application","computer":"Niaina","task_id":0,"keywords":9223372036854775808,"user_id":"S-1-5-18","data":null,"raw_xml":null,"source_file":null,"sigma_matches":[]},
{"record_id":993,"event_id":4625,"level":"Information","timestamp":"2026-02-21T10:12:34.744829Z","provider":"Microsoft-Windows-EventSystem","channel":"Application","computer":"Niaina","task_id":0,"keywords":36028797018963968,"user_id":null,"data":{"param1":"86400","param2":"SuppressDuplicateDuration","param3":"Software\\Microsoft\\EventSystem\\EventLog"},"raw_xml":null,"source_file":null,"sigma_matches":[]},
{"record_id":994,"event_id":0,"level":"Information","timestamp":"2026-02-21T10:12:34.805708Z","provider":"igfxCUIService2.0.0.0","channel":"Application","computer":"Niaina","task_id":0,"keywords":36028797018963968,"user_id":null,"data":{"Data":{"#text":"Service started/resumed"},"Binary":null},"raw_xml":null,"source_file":null,"sigma_matches":[]},
{"record_id":995,"event_id":1531,"level":"Information","timestamp":"2026-02-21T10:12:34.443339Z","provider":"Microsoft-Windows-User Profiles Service","channel":"Application","computer":"Niaina","task_id":0,"keywords":9223372036854775808,"user_id":"S-1-5-18","data":null,"raw_xml":null,"source_file":null,"sigma_matches":[]},
{"record_id":996,"event_id":100,"level":"Information","timestamp":"2026-02-21T10:12:35.360308Z","provider":"Bonjour Service","channel":"Application","computer":"Niaina","task_id":0,"keywords":36028797018963968,"user_id":null,"data":{"Data":{"#text":"Service initializing"},"Binary":null},"raw_xml":null,"source_file":null,"sigma_matches":[]},
{"record_id":997,"event_id":0,"level":"Information","timestamp":"2026-02-21T10:12:35.557697Z","provider":"IntelDalJhi","channel":"Application","computer":"Niaina","task_id":0,"keywords":36028797018963968,"user_id":null,"data":{"Data":{"#text":""},"Binary":null},"raw_xml":null,"source_file":null,"sigma_matches":[]},
{"record_id":998,"event_id":0,"level":"Information","timestamp":"2026-02-21T10:12:35.619322Z","provider":"RtkAudioUniversalService","channel":"Application","computer":"Niaina","task_id":0,"keywords":36028797018963968,"user_id":null,"data":{"Data":{"#text":["RtkAudioUniversalService","CppWindowsService in OnStart"]},"Binary":null},"raw_xml":null,"source_file":null,"sigma_matches":[]},
{"record_id":999,"event_id":100,"level":"Information","timestamp":"2026-02-21T10:12:35.732388Z","provider":"Bonjour Service","channel":"Application","computer":"Niaina","task_id":0,"keywords":36028797018963968,"user_id":null,"data":{"Data":{"#text":"Service initialized"},"Binary":null},"raw_xml":null,"source_file":null,"sigma_matches":[]},
{"record_id":1000,"event_id":100,"level":"Information","timestamp":"2026-02-21T10:12:35.739207Z","provider":"Bonjour Service","channel":"Application","computer":"Niaina","task_id":0,"keywords":36028797018963968,"user_id":null,"data":{"Data":{"#text":"Service started\n"},"Binary":null},"raw_xml":null,"source_file":null,"sigma_matches":[]},
{"record_id":1001,"event_id":2000,"level":"Information","timestamp":"2026-02-21T10:12:35.895900Z","provider":"LMS","channel":"Application","computer":"Niaina","task_id":3,"keywords":36028797018963968,"user_id":null,"data":{"Data":{"#text":"Local Management Service started."},"Binary":null},"raw_xml":null,"source_file":null,"sigma_matches":[]},
{"record_id":1002,"event_id":0,"level":"Information","timestamp":"2026-02-21T10:12:35.920472Z","provider":"LMS","channel":"Application","computer":"Niaina","task_id":0,"keywords":36028797018963968,"user_id":null,"data":{"Data":{"#text":"Service started/resumed"},"Binary":null},"raw_xml":null,"source_file":null,"sigma_matches":[]},
{"record_id":1003,"event_id":0,"level":"Information","timestamp":"2026-02-21T10:12:36.272169Z","provider":"OpenVpnService","channel":"Application","computer":"Niaina","task_id":0,"keywords":36028797018963968,"user_id":null,"data":{"Data":{"#text":"Le service a démarré avec succès."},"Binary":null},"raw_xml":null,"source_file":null,"sigma_matches":[]},
{"record_id":1004,"event_id":5615,"level":"Information","timestamp":"2026-02-21T10:12:35.672089Z","provider":"Microsoft-Windows-WMI","channel":"Application","computer":"Niaina","task_id":0,"keywords":9223372036854775808,"user_id":"S-1-5-18","data":null,"raw_xml":null,"source_file":null,"sigma_matches":[]},
{"record_id":1005,"event_id":5617,"level":"Information","timestamp":"2026-02-21T10:12:36.114710Z","provider":"Microsoft-Windows-WMI","channel":"Application","computer":"Niaina","task_id":0,"keywords":9223372036854775808,"user_id":"S-1-5-18","data":null,"raw_xml":null,"source_file":null,"sigma_matches":[]},
{"record_id":1006,"event_id":100,"level":"Error","timestamp":"2026-02-21T10:12:36.400122Z","provider":"Bonjour Service","channel":"Application","computer":"Niaina","task_id":0,"keywords":36028797018963968,"user_id":null,"data":{"Data":{"#text":"mDNSCoreReceiveResponse: Received from 192.168.88.248:5353   16 Niaina.local. AAAA FE80:0000:0000:0000:F59E:2296:BDD0:7541"},"Binary":null},"raw_xml":null,"source_file":null,"sigma_matches":[]},
{"record_id":1007,"event_id":100,"level":"Error","timestamp":"2026-02-21T10:12:36.400373Z","provider":"Bonjour Service","channel":"Application","computer":"Niaina","task_id":0,"keywords":36028797018963968,"user_id":null,"data":{"Data":{"#text":"mDNSCoreReceiveResponse: ProbeCount 2; will deregister    4 Niaina.local. Addr 192.168.88.246"},"Binary":null},"raw_xml":null,"source_file":null,"sigma_matches":[]},
{"record_id":1008,"event_id":100,"level":"Error","timestamp":"2026-02-21T10:12:36.400561Z","provider":"Bonjour Service","channel":"Application","computer":"Niaina","task_id":0,"keywords":36028797018963968,"user_id":null,"data":{"Data":{"#text":"Local Hostname Niaina.local already in use; will try Niaina-2.local instead"},"Binary":null},"raw_xml":null,"source_file":null,"sigma_matches":[]},
{"record_id":1009,"event_id":0,"level":"Information","timestamp":"2026-02-21T10:12:43.119014Z","provider":"Microsoft PC Manager Service","channel":"Application","computer":"Niaina","task_id":0,"keywords":36028797018963968,"user_id":null,"data":{"Data":{"#text":"Service started successfully."},"Binary":null},"raw_xml":null,"source_file":null,"sigma_matches":[]},
{"record_id":1010,"event_id":23,"level":"Warning","timestamp":"2026-02-21T10:12:43.490426Z","provider":"Microsoft-Windows-AppModel-State","channel":"Application","computer":"Niaina","task_id":0,"keywords":9223372036854775808,"user_id":"S-1-5-18","data":{"Operation":"InitializeDataChangedSignaler","PackageFamily":"Microsoft.MicrosoftPCManager_8wekyb3d8bbwe","OperationError":-2147024894},"raw_xml":null,"source_file":null,"sigma_matches":[]},
{"record_id":1011,"event_id":24,"level":"Warning","timestamp":"2026-02-21T10:12:43.494381Z","provider":"Microsoft-Windows-AppModel-State","channel":"Application","computer":"Niaina","task_id":0,"keywords":9223372036854775808,"user_id":"S-1-5-18","data":{"Operation":"InitializeDataChangedSignaler","PackageFamily":"Microsoft.MicrosoftPCManager_8wekyb3d8bbwe","OperationError":-2147024894,"RepairTriggerError":-2147023584},"raw_xml":null,"source_file":null,"sigma_matches":[]},
{"record_id":1012,"event_id":20,"level":"Warning","timestamp":"2026-02-21T10:12:43.494408Z","provider":"Microsoft-Windows-AppModel-State","channel":"Application","computer":"Niaina","task_id":0,"keywords":9223372036854775808,"user_id":"S-1-5-18","data":{"Operation":"InitializeDataChangedSignaler","PackageFamily":"Microsoft.MicrosoftPCManager_8wekyb3d8bbwe","OperationError":-2147024894},"raw_xml":null,"source_file":null,"sigma_matches":[]},
{"record_id":1013,"event_id":21,"level":"Warning","timestamp":"2026-02-21T10:12:43.494851Z","provider":"Microsoft-Windows-AppModel-State","channel":"Application","computer":"Niaina","task_id":0,"keywords":9223372036854775808,"user_id":"S-1-5-18","data":{"Operation":"InitializeDataChangedSignaler","PackageFamily":"Microsoft.MicrosoftPCManager_8wekyb3d8bbwe","OperationError":-2147024894,"RepairTriggerError":-2147024891},"raw_xml":null,"source_file":null,"sigma_matches":[]},
{"record_id":1014,"event_id":0,"level":"Information","timestamp":"2026-02-21T10:12:57.605810Z","provider":"igfxCUIService2.0.0.0","channel":"Application","computer":"Niaina","task_id":0,"keywords":36028797018963968,"user_id":null,"data":{"Data":{"#text":"Log on event received User1\n"},"Binary":null},"raw_xml":null,"source_file":null,"sigma_matches":[]},
{"record_id":1015,"event_id":0,"level":"Information","timestamp":"2026-02-21T10:12:57.609445Z","provider":"igfxCUIService2.0.0.0","channel":"Application","computer":"Niaina","task_id":0,"keywords":36028797018963968,"user_id":null,"data":{"Data":{"#text":"Logon: 1\n"},"Binary":null},"raw_xml":null,"source_file":null,"sigma_matches":[]},
{"record_id":1016,"event_id":0,"level":"Information","timestamp":"2026-02-21T10:12:57.674811Z","provider":"igfxCUIService2.0.0.0","channel":"Application","computer":"Niaina","task_id":0,"keywords":36028797018963968,"user_id":null,"data":{"Data":{"#text":"Received Post Shell Event 1\n"},"Binary":null},"raw_xml":null,"source_file":null,"sigma_matches":[]},
{"record_id":1017,"event_id":900,"level":"Information","timestamp":"2026-02-21T10:13:08.088558Z","provider":"Microsoft-Windows-Security-SPP","channel":"Application","computer":"Niaina","task_id":0,"keywords":36028797018963968,"user_id":null,"data":{"Data":{"#text":"TriggerStarted:6"},"Binary":null},"raw_xml":null,"source_file":null,"sigma_matches":[]},
{"record_id":1018,"event_id":16394,"level":"Information","timestamp":"2026-02-21T10:13:08.213880Z","provider":"Microsoft-Windows-Security-SPP","channel":"Application","computer":"Niaina","task_id":0,"keywords":36028797018963968,"user_id":null,"data":{"Data":{"#text":""},"Binary":null},"raw_xml":null,"source_file":null,"sigma_matches":[]},
{"record_id":1019,"event_id":1066,"level":"Information","timestamp":"2026-02-21T10:13:08.397884Z","provider":"Microsoft-Windows-Security-SPP","channel":"Application","computer":"Niaina","task_id":0,"keywords":36028797018963968,"user_id":null,"data":{"Data":{"#text":"C:\\WINDOWS\\system32\\sppwinob.dll, msft:spp/windowsfunctionality/agent/7.0, 0x00000000, 0x00000000\nC:\\WINDOWS\\system32\\sppobjs.dll, msft:rm/algorithm/inherited/1.0, 0x00000000, 0x00000000\nC:\\WINDOWS\\system32\\sppobjs.dll, msft:rm/algorithm/phone/1.0, 0x00000000, 0x00000000\nC:\\WINDOWS\\system32\\sppobjs.dll, msft:rm/algorithm/pkey/detect, 0x00000000, 0x00000000\nC:\\WINDOWS\\system32\\sppobjs.dll, msft:spp/ActionScheduler/1.0, 0x00000000, 0x00000000\nC:\\WINDOWS\\system32\\sppobjs.dll, msft:spp/TaskScheduler/1.0, 0x00000000, 0x00000000\nC:\\WINDOWS\\system32\\sppobjs.dll, msft:spp/statecollector/pkey, 0x00000000, 0x00000000\nC:\\WINDOWS\\system32\\sppobjs.dll, msft:spp/volume/services/kms/1.0, 0x00000000, 0x00000000\nC:\\WINDOWS\\system32\\sppobjs.dll, msft:spp/volume/services/kms/activationinfo/1.0, 0x00000000, 0x00000000\n"},"Binary":null},"raw_xml":null,"source_file":null,"sigma_matches":[]},
{"record_id":1020,"event_id":1003,"level":"Information","timestamp":"2026-02-21T10:13:08.480035Z","provider":"Microsoft-Windows-Security-SPP","channel":"Application","computer":"Niaina","task_id":0,"keywords":36028797018963968,"user_id":null,"data":{"Data":{"#text":["55c92734-d682-4d71-983e-d6ec3f16059f","\n1: 01eb852c-424d-4060-94b8-c10d799d7364, 1, 0 [(0 [0xC004F014, 0, 0], [(?)(?)(?)(?)(?)(?)(?)(?)])(1 )(2 )(3 )]\n2: 040fa323-92b1-4baf-97a2-5b67feaefddb, 1, 0 [(0 [0xC004F014, 0, 0], [(?)(?)(?)(?)(?)(?)(?)(?)])(1 )(2 )(3 )]\n3: 0724cb7d-3437-4cb7-93cb-830375d0079d, 1, 0 [(0 [0xC004F014, 0, 0], [(?)(?)(?)(?)(?)(?)(?)(?)])(1 )(2 )(3 )]\n4: 0ad2ac98-7bb9-4201-8d92-312299201369, 1, 0 [(0 [0xC004F014, 0, 0], [(?)(?)(?)(?)(?)(?)(?)(?)])(1 )(2 )(3 )]\n5: 19de9b2f-0166-4abb-9534-56ea69a80edb, 1, 0 [(0 [0xC004F014, 0, 0], [(?)(?)(?)(?)(?)(?)(?)(?)])(1 )(2 )(3 )]\n6: 1a9a717a-cf13-4ba5-83c3-0fe25fa868d5, 1, 0 [(0 [0xC004F014, 0, 0], [(?)(?)(?)(?)(?)(?)(?)(?)])(1 )(2 )(3 )]\n7: 221a02da-e2a1-4b75-864c-0a4410a33fdf, 1, 0 [(0 [0xC004F014, 0, 0], [(?)(?)(?)(?)(?)(?)(?)(?)])(1 )(2 )(3 )]\n8: 265f3fad-6a1c-4bdd-ae30-c75efa556ccb, 1, 0 [(0 [0xC004F014, 0, 0], [(?)(?)(?)(?)(?)(?)(?)(?)])(1 )(2 )(3 )]\n9: 291ece0e-9c38-40ca-a9e1-32cc7ec19507, 1, 0 [(0 [0xC004F014, 0, 0], [(?)(?)(?)(?)(?)(?)(?)(?)])(1 )(2 )(3 )]\n10: 2936d1d2-913a-4542-b54e-ce5a602a2a38, 1, 0 [(0 [0xC004F014, 0, 0], [(?)(?)(?)(?)(?)(?)(?)(?)])(1 )(2 )(3 )]\n11: 2c293c26-a45a-4a2a-a350-c69a67097529, 1, 0 [(0 [0xC004F014, 0, 0], [(?)(?)(?)(?)(?)(?)(?)(?)])(1 )(2 )(3 )]\n12: 2de67392-b7a7-462a-b1ca-108dd189f588, 1, 0 [(0 [0xC004F014, 0, 0], [(?)(?)(?)(?)(?)(?)(?)(?)])(1 )(2 )(3 )]\n13: 2ffd8952-423e-4903-b993-72a1aa44cf82, 1, 0 [(0 [0xC004F014, 0, 0], [(?)(?)(?)(?)(?)(?)(?)(?)])(1 )(2 )(3 )]\n14: 30a42c86-b7a0-4a34-8c90-ff177cb2acb7, 1, 0 [(0 [0xC004F014, 0, 0], [(?)(?)(?)(?)(?)(?)(?)(?)])(1 )(2 )(3 )]\n15: 345a5db0-d94f-4e3b-a0c0-7c42f7bc3ebf, 1, 0 [(0 [0xC004F014, 0, 0], [(?)(?)(?)(?)(?)(?)(?)(?)])(1 )(2 )(3 )]\n16: 3502365a-f88a-4ba4-822a-5769d3073b65, 1, 0 [(0 [0xC004F014, 0, 0], [(?)(?)(?)(?)(?)(?)(?)(?)])(1 )(2 )(3 )]\n17: 377333b1-8b5d-48d6-9679-1225c872d37c, 1, 0 [(0 [0xC004F014, 0, 0], [(?)(?)(?)(?)(?)(?)(?)(?)])(1 )(2 )(3 )]\n18: 3df374ef-d444-4494-a5a1-4b0d9fd0e203, 1, 0 [(0 [0xC004F014, 0, 0], [(?)(?)(?)(?)(?)(?)(?)(?)])(1 )(2 )(3 )]\n19: 3ebce241-ea87-4946-8a4f-80d00e921dff, 1, 0 [(0 [0xC004F014, 0, 0], [(?)(?)(?)(?)(?)(?)(?)(?)])(1 )(2 )(3 )]\n20: 3f1afc82-f8ac-4f6c-8005-1d233e606eee, 1, 0 [(0 [0xC004F014, 0, 0], [(?)(?)(?)(?)(?)(?)(?)(?)])(1 )(2 )(3 )]\n21: 4322a811-697c-44dc-865e-3e2fdcb86009, 1, 0 [(0 [0xC004F014, 0, 0], [(?)(?)(?)(?)(?)(?)(?)(?)])(1 )(2 )(3 )]\n22: 49cd895b-53b2-4dc4-a5f7-b18aa019ad37, 1, 0 [(0 [0xC004F014, 0, 0], [(?)(?)(?)(?)(?)(?)(?)(?)])(1 )(2 )(3 )]\n23: 4de7cb65-cdf1-4de9-8ae8-e3cce27b9f2c, 1, 1 [(0 )(1 )(2 [0x00000000, 1, 0], [(?)( 1 0x00000000)(?)(?)(?)(?)( 10 0x00000000 msft:rm/algorithm/flags/1.0)(?)])(3 )]\n24: 4f3da0d2-271d-4508-ae81-626b60809a38, 1, 0 [(0 [0xC004F014, 0, 0], [(?)(?)(?)(?)(?)(?)(?)(?)])(1 )(2 )(3 )]\n25: 5d78c4e9-aeb3-4b40-8ac2-6a6005e0ad6d, 1, 0 [(0 [0xC004F014, 0, 0], [(?)(?)(?)(?)(?)(?)(?)(?)])(1 )(2 )(3 )]\n26: 60b3ec1b-9545-4921-821f-311b129dd6f6, 1, 0 [(0 [0xC004F014, 0, 0], [(?)(?)(?)(?)(?)(?)(?)(?)])(1 )(2 )(3 )]\n27: 613d217f-7f13-4268-9907-1662339531cd, 1, 0 [(0 [0xC004F014, 0, 0], [(?)(?)(?)(?)(?)(?)(?)(?)])(1 )(2 )(3 )]\n28: 62f0c100-9c53-4e02-b886-a3528ddfe7f6, 1, 0 [(0 [0xC004F014, 0, 0], [(?)(?)(?)(?)(?)(?)(?)(?)])(1 )(2 )(3 )]\n29: 6365275e-368d-46ca-a0ef-fc0404119333, 1, 0 [(0 [0xC004F014, 0, 0], [(?)(?)(?)(?)(?)(?)(?)(?)])(1 )(2 )(3 )]\n30: 721f9237-9341-4453-a661-09e8baa6cca5, 1, 0 [(0 [0xC004F014, 0, 0], [(?)(?)(?)(?)(?)(?)(?)(?)])(1 )(2 )(3 )]\n31: 73111121-5638-40f6-bc11-f1d7b0d64300, 1, 0 [(0 [0xC004F014, 0, 0], [(?)(?)(?)(?)(?)(?)(?)(?)])(1 )(2 )(3 )]\n32: 7a802526-4c94-4bd1-ba14-835a1aca2120, 1, 0 [(0 [0xC004F014, 0, 0], [(?)(?)(?)(?)(?)(?)(?)(?)])(1 )(2 )(3 )]\n33: 7cb546c0-c7d5-44d8-9a5c-69ecdd782b69, 1, 0 [(0 [0xC004F014, 0, 0], [(?)(?)(?)(?)(?)(?)(?)(?)])(1 )(2 )(3 )]\n34: 80083eae-7031-4394-9e88-4901973d56fe, 1, 0 [(0 [0xC004F014, 0, 0], [(?)(?)(?)(?)(?)(?)(?)(?)])(1 )(2 )(3 )]\n35: 82bbc092-bc50-4e16-8e18-b74fc486aec3, 1, 0 [(0 [0xC004F014, 0, 0], [(?)(?)(?)(?)(?)(?)(?)(?)])(1 )(2 )(3 )]\n36: 8ab9bdd1-1f67-4997-82d9-8878520837d9, 1, 0 [(0 [0xC004F014, 0, 0], [(?)(?)(?)(?)(?)(?)(?)(?)])(1 )(2 )(3 )]\n37: 8b351c9c-f398-4515-9900-09df49427262, 1, 0 [(0 [0xC004F014, 0, 0], [(?)(?)(?)(?)(?)(?)(?)(?)])(1 )(2 )(3 )]\n38: 90da7373-1c51-430b-bf26-c97e9c5cdc31, 1, 0 [(0 [0xC004F014, 0, 0], [(?)(?)(?)(?)(?)(?)(?)(?)])(1 )(2 )(3 )]\n39: 92fb8726-92a8-4ffc-94ce-f82e07444653, 1, 0 [(0 [0xC004F014, 0, 0], [(?)(?)(?)(?)(?)(?)(?)(?)])(1 )(2 )(3 )]\n40: 95dca82f-385d-4d39-b85b-5c73fa285d6f, 1, 0 [(0 [0xC004F014, 0, 0], [(?)(?)(?)(?)(?)(?)(?)(?)])(1 )(2 )(3 )]\n41: 97cde3ae-e908-4b59-ac96-a17645c5b57e, 1, 0 [(0 [0xC004F014, 0, 0], [(?)(?)(?)(?)(?)(?)(?)(?)])(1 )(2 )(3 )]\n42: a48938aa-62fa-4966-9d44-9f04da3f72f2, 1, 0 [(0 [0xC004F014, 0, 0], [(?)(?)(?)(?)(?)(?)(?)(?)])(1 )(2 )(3 )]\n43: b0773a15-df3a-4312-9ad2-83d69648e356, 1, 0 [(0 [0xC004F014, 0, 0], [(?)(?)(?)(?)(?)(?)(?)(?)])(1 )(2 )(3 )]\n44: b4bfe195-541e-4e64-ad23-6177f19e395e, 1, 0 [(0 [0xC004F014, 0, 0], [(?)(?)(?)(?)(?)(?)(?)(?)])(1 )(2 )(3 )]\n45: b68e61d2-68ca-4757-be45-0cc2f3e68eee, 1, 0 [(0 [0xC004F014, 0, 0], [(?)(?)(?)(?)(?)(?)(?)(?)])(1 )(2 )(3 )]\n46: bd3762d7-270d-4760-8fb3-d829ca45278a, 1, 0 [(0 [0xC004F014, 0, 0], [(?)(?)(?)(?)(?)(?)(?)(?)])(1 )(2 )(3 )]\n47: c86d5194-4840-4dae-9c1c-0301003a5ab0, 1, 0 [(0 [0xC004F014, 0, 0], [(?)(?)(?)(?)(?)(?)(?)(?)])(1 )(2 )(3 )]\n48: ca7df2e3-5ea0-47b8-9ac1-b1be4d8edd69, 1, 0 [(0 [0xC004F014, 0, 0], [(?)(?)(?)(?)(?)(?)(?)(?)])(1 )(2 )(3 )]\n49: d552befb-48cc-4327-8f39-47d2d94f987c, 1, 0 [(0 [0xC004F014, 0, 0], [(?)(?)(?)(?)(?)(?)(?)(?)])(1 )(2 )(3 )]\n50: d6eadb3b-5ca8-4a6b-986e-35b550756111, 1, 0 [(0 [0xC004F014, 0, 0], [(?)(?)(?)(?)(?)(?)(?)(?)])(1 )(2 )(3 )]\n51: df96023b-dcd9-4be2-afa0-c6c871159ebe, 1, 0 [(0 [0xC004F014, 0, 0], [(?)(?)(?)(?)(?)(?)(?)(?)])(1 )(2 )(3 )]\n52: e0c42288-980c-4788-a014-c080d2e1926e, 1, 0 [(0 [0xC004F014, 0, 0], [(?)(?)(?)(?)(?)(?)(?)(?)])(1 )(2 )(3 )]\n53: e4db50ea-bda1-4566-b047-0ca50abc6f07, 1, 0 [(0 [0xC004F014, 0, 0], [(?)(?)(?)(?)(?)(?)(?)(?)])(1 )(2 )(3 )]\n54: e558417a-5123-4f6f-91e7-385c1c7ca9d4, 1, 0 [(0 [0xC004F014, 0, 0], [(?)(?)(?)(?)(?)(?)(?)(?)])(1 )(2 )(3 )]\n55: e7a950a2-e548-4f10-bf16-02ec848e0643, 1, 0 [(0 [0xC004F014, 0, 0], [(?)(?)(?)(?)(?)(?)(?)(?)])(1 )(2 )(3 )]\n56: eb6d346f-1c60-4643-b960-40ec31596c45, 1, 0 [(0 [0xC004F014, 0, 0], [(?)(?)(?)(?)(?)(?)(?)(?)])(1 )(2 )(3 )]\n57: ec868e65-fadf-4759-b23e-93fe37f2cc29, 1, 0 [(0 [0xC004F014, 0, 0], [(?)(?)(?)(?)(?)(?)(?)(?)])(1 )(2 )(3 )]\n58: ef51e000-2659-4f25-8345-3de70a9cf4c4, 1, 0 [(0 [0xC004F014, 0, 0], [(?)(?)(?)(?)(?)(?)(?)(?)])(1 )(2 )(3 )]\n59: f7af7d09-40e4-419c-a49b-eae366689ebd, 1, 0 [(0 [0xC004F014, 0, 0], [(?)(?)(?)(?)(?)(?)(?)(?)])(1 )(2 )(3 )]\n60: fa755fe6-6739-40b9-8d84-6d0ea3b6d1ab, 1, 0 [(0 [0xC004F014, 0, 0], [(?)(?)(?)(?)(?)(?)(?)(?)])(1 )(2 )(3 )]\n61: fe74f55b-0338-41d6-b267-4a201abe7285, 1, 0 [(0 [0xC004F014, 0, 0], [(?)(?)(?)(?)(?)(?)(?)(?)])(1 )(2 )(3 )]\n\n"]},"Binary":null},"raw_xml":null,"source_file":null,"sigma_matches":[]},
{"record_id":1021,"event_id":902,"level":"Information","timestamp":"2026-02-21T10:13:08.621115Z","provider":"Microsoft-Windows-Security-SPP","channel":"Application","computer":"Niaina","task_id":0,"keywords":36028797018963968,"user_id":null,"data":{"Data":{"#text":"10.0.26100.7824"},"Binary":null},"raw_xml":null,"source_file":null,"sigma_matches":[]},
{"record_id":1022,"event_id":1003,"level":"Information","timestamp":"2026-02-21T10:13:09.480637Z","provider":"Microsoft-Windows-Search","channel":"Application","computer":"Niaina","task_id":1,"keywords":36028797018963968,"user_id":null,"data":{"ExtraInfo":"\n"},"raw_xml":null,"source_file":null,"sigma_matches":[]},
{"record_id":1023,"event_id":16384,"level":"Information","timestamp":"2026-02-21T10:13:38.774392Z","provider":"Microsoft-Windows-Security-SPP","channel":"Application","computer":"Niaina","task_id":0,"keywords":36028797018963968,"user_id":null,"data":{"Data":{"#text":["2026-05-20T15:58:38Z","RulesEngine"]},"Binary":null},"raw_xml":null,"source_file":null,"sigma_matches":[]},
{"record_id":1024,"event_id":903,"level":"Information","timestamp":"2026-02-21T10:13:38.792673Z","provider":"Microsoft-Windows-Security-SPP","channel":"Application","computer":"Niaina","task_id":0,"keywords":36028797018963968,"user_id":null,"data":{"Data":{"#text":""},"Binary":null},"raw_xml":null,"source_file":null,"sigma_matches":[]},
{"record_id":1025,"event_id":16394,"level":"Information","timestamp":"2026-02-21T10:14:06.519919Z","provider":"Microsoft-Windows-Security-SPP","channel":"Application","computer":"Niaina","task_id":0,"keywords":36028797018963968,"user_id":null,"data":{"Data":{"#text":""},"Binary":null},"raw_xml":null,"source_file":null,"sigma_matches":[]},
{"record_id":1026,"event_id":1003,"level":"Information","timestamp":"2026-02-21T10:14:06.804423Z","provider":"Microsoft-Windows-Security-SPP","channel":"Application","computer":"Niaina","task_id":0,"keywords":36028797018963968,"user_id":null,"data":{"Data":{"#text":["55c92734-d682-4d71-983e-d6ec3f16059f","\n1: 01eb852c-424d-4060-94b8-c10d799d7364, 1, 0 [(0 [0xC004F014, 0, 0], [(?)(?)(?)(?)(?)(?)(?)(?)])(1 )(2 )(3 )]\n\n"]},"Binary":null},"raw_xml":null,"source_file":null,"sigma_matches":[]},
{"record_id":1027,"event_id":1003,"level":"Information","timestamp":"2026-02-21T10:14:07.484605Z","provider":"Microsoft-Windows-Security-SPP","channel":"Application","computer":"Niaina","task_id":0,"keywords":36028797018963968,"user_id":null,"data":{"Data":{"#text":["55c92734-d682-4d71-983e-d6ec3f16059f","\n1: 040fa323-92b1-4baf-97a2-5b67feaefddb, 1, 0 [(0 [0xC004F014, 0, 0], [(?)(?)(?)(?)(?)(?)(?)(?)])(1 )(2 )(3 )]\n\n"]},"Binary":null},"raw_xml":null,"source_file":null,"sigma_matches":[]},
{"record_id":1028,"event_id":1003,"level":"Information","timestamp":"2026-02-21T10:14:07.996608Z","provider":"Microsoft-Windows-Security-SPP","channel":"Application","computer":"Niaina","task_id":0,"keywords":36028797018963968,"user_id":null,"data":{"Data":{"#text":["55c92734-d682-4d71-983e-d6ec3f16059f","\n1: 0724cb7d-3437-4cb7-93cb-830375d0079d, 1, 0 [(0 [0xC004F014, 0, 0], [(?)(?)(?)(?)(?)(?)(?)(?)])(1 )(2 )(3 )]\n\n"]},"Binary":null},"raw_xml":null,"source_file":null,"sigma_matches":[]},
{"record_id":1029,"event_id":1003,"level":"Information","timestamp":"2026-02-21T10:14:08.528140Z","provider":"Microsoft-Windows-Security-SPP","channel":"Application","computer":"Niaina","task_id":0,"keywords":36028797018963968,"user_id":null,"data":{"Data":{"#text":["55c92734-d682-4d71-983e-d6ec3f16059f","\n1: 0ad2ac98-7bb9-4201-8d92-312299201369, 1, 0 [(0 [0xC004F014, 0, 0], [(?)(?)(?)(?)(?)(?)(?)(?)])(1 )(2 )(3 )]\n\n"]},"Binary":null},"raw_xml":null,"source_file":null,"sigma_matches":[]},
{"record_id":1030,"event_id":1003,"level":"Information","timestamp":"2026-02-21T10:14:09.022341Z","provider":"Microsoft-Windows-Security-SPP","channel":"Application","computer":"Niaina","task_id":0,"keywords":36028797018963968,"user_id":null,"data":{"Data":{"#text":["0ff1ce15-a989-479d-af46-f275c6370663","\n1: 0e26561d-8b88-44cc-b87e-faf56344e5f3, 1, 0 [(0 [0xC004F014, 0, 0], [(?)(?)(?)(?)(?)(?)(?)(?)])(1 )(2 )(3 )]\n\n"]},"Binary":null},"raw_xml":null,"source_file":null,"sigma_matches":[]},
{"record_id":1031,"event_id":1003,"level":"Information","timestamp":"2026-02-21T10:14:09.350017Z","provider":"Microsoft-Windows-Security-SPP","channel":"Application","computer":"Niaina","task_id":0,"keywords":36028797018963968,"user_id":null,"data":{"Data":{"#text":["0ff1ce15-a989-479d-af46-f275c6370663","\n1: 1640c37d-e2eb-4785-a70b-3c94a2e9b07e, 1, 0 [(0 [0xC004F014, 0, 0], [(?)(?)(?)(?)(?)(?)(?)(?)])(1 )(2 )(3 )]\n\n"]},"Binary":null},"raw_xml":null,"source_file":null,"sigma_matches":[]},
{"record_id":1032,"event_id":1003,"level":"Information","timestamp":"2026-02-21T10:14:09.691434Z","provider":"Microsoft-Windows-Security-SPP","channel":"Application","computer":"Niaina","task_id":0,"keywords":36028797018963968,"user_id":null,"data":{"Data":{"#text":["55c92734-d682-4d71-983e-d6ec3f16059f","\n1: 19de9b2f-0166-4abb-9534-56ea69a80edb, 1, 0 [(0 [0xC004F014, 0, 0], [(?)(?)(?)(?)(?)(?)(?)(?)])(1 )(2 )(3 )]\n\n"]},"Binary":null},"raw_xml":null,"source_file":null,"sigma_matches":[]},
{"record_id":1033,"event_id":1003,"level":"Information","timestamp":"2026-02-21T10:14:10.440743Z","provider":"Microsoft-Windows-Security-SPP","channel":"Application","computer":"Niaina","task_id":0,"keywords":36028797018963968,"user_id":null,"data":{"Data":{"#text":["55c92734-d682-4d71-983e-d6ec3f16059f","\n1: 1a9a717a-cf13-4ba5-83c3-0fe25fa868d5, 1, 0 [(0 [0xC004F014, 0, 0], [(?)(?)(?)(?)(?)(?)(?)(?)])(1 )(2 )(3 )]\n\n"]},"Binary":null},"raw_xml":null,"source_file":null,"sigma_matches":[]},
{"record_id":1034,"event_id":1003,"level":"Information","timestamp":"2026-02-21T10:14:11.098819Z","provider":"Microsoft-Windows-Security-SPP","channel":"Application","computer":"Niaina","task_id":0,"keywords":36028797018963968,"user_id":null,"data":{"Data":{"#text":["55c92734-d682-4d71-983e-d6ec3f16059f","\n1: 221a02da-e2a1-4b75-864c-0a4410a33fdf, 1, 0 [(0 [0xC004F014, 0, 0], [(?)(?)(?)(?)(?)(?)(?)(?)])(1 )(2 )(3 )]\n\n"]},"Binary":null},"raw_xml":null,"source_file":null,"sigma_matches":[]},
{"record_id":1035,"event_id":1003,"level":"Information","timestamp":"2026-02-21T10:14:11.681235Z","provider":"Microsoft-Windows-Security-SPP","channel":"Application","computer":"Niaina","task_id":0,"keywords":36028797018963968,"user_id":null,"data":{"Data":{"#text":["0ff1ce15-a989-479d-af46-f275c6370663","\n1: 24996154-f927-413f-b2d5-c81882464ee3, 1, 0 [(0 [0xC004F014, 0, 0], [(?)(?)(?)(?)(?)(?)(?)(?)])(1 )(2 )(3 )]\n\n"]},"Binary":null},"raw_xml":null,"source_file":null,"sigma_matches":[]},
{"record_id":1036,"event_id":1003,"level":"Information","timestamp":"2026-02-21T10:14:12.015192Z","provider":"Microsoft-Windows-Security-SPP","channel":"Application","computer":"Niaina","task_id":0,"keywords":36028797018963968,"user_id":null,"data":{"Data":{"#text":["55c92734-d682-4d71-983e-d6ec3f16059f","\n1: 265f3fad-6a1c-4bdd-ae30-c75efa556ccb, 1, 0 [(0 [0xC004F014, 0, 0], [(?)(?)(?)(?)(?)(?)(?)(?)])(1 )(2 )(3 )]\n\n"]},"Binary":null},"raw_xml":null,"source_file":null,"sigma_matches":[]},
{"record_id":1037,"event_id":1003,"level":"Information","timestamp":"2026-02-21T10:14:12.828347Z","provider":"Microsoft-Windows-Security-SPP","channel":"Application","computer":"Niaina","task_id":0,"keywords":36028797018963968,"user_id":null,"data":{"Data":{"#text":["55c92734-d682-4d71-983e-d6ec3f16059f","\n1: 291ece0e-9c38-40ca-a9e1-32cc7ec19507, 1, 0 [(0 [0xC004F014, 0, 0], [(?)(?)(?)(?)(?)(?)(?)(?)])(1 )(2 )(3 )]\n\n"]},"Binary":null},"raw_xml":null,"source_file":null,"sigma_matches":[]},
{"record_id":1038,"event_id":1003,"level":"Information","timestamp":"2026-02-21T10:14:13.587011Z","provider":"Microsoft-Windows-Security-SPP","channel":"Application","computer":"Niaina","task_id":0,"keywords":36028797018963968,"user_id":null,"data":{"Data":{"#text":["55c92734-d682-4d71-983e-d6ec3f16059f","\n1: 2936d1d2-913a-4542-b54e-ce5a602a2a38, 1, 0 [(0 [0xC004F014, 0, 0], [(?)(?)(?)(?)(?)(?)(?)(?)])(1 )(2 )(3 )]\n\n"]},"Binary":null},"raw_xml":null,"source_file":null,"sigma_matches":[]},
{"record_id":1039,"event_id":1003,"level":"Information","timestamp":"2026-02-21T10:14:14.380931Z","provider":"Microsoft-Windows-Security-SPP","channel":"Application","computer":"Niaina","task_id":0,"keywords":36028797018963968,"user_id":null,"data":{"Data":{"#text":["55c92734-d682-4d71-983e-d6ec3f16059f","\n1: 2c293c26-a45a-4a2a-a350-c69a67097529, 1, 0 [(0 [0xC004F014, 0, 0], [(?)(?)(?)(?)(?)(?)(?)(?)])(1 )(2 )(3 )]\n\n"]},"Binary":null},"raw_xml":null,"source_file":null,"sigma_matches":[]},
{"record_id":1040,"event_id":1003,"level":"Information","timestamp":"2026-02-21T10:14:14.997048Z","provider":"Microsoft-Windows-Security-SPP","channel":"Application","computer":"Niaina","task_id":0,"keywords":36028797018963968,"user_id":null,"data":{"Data":{"#text":["55c92734-d682-4d71-983e-d6ec3f16059f","\n1: 2de67392-b7a7-462a-b1ca-108dd189f588, 1, 0 [(0 [0xC004F014, 0, 0], [(?)(?)(?)(?)(?)(?)(?)(?)])(1 )(2 )(3 )]\n\n"]},"Binary":null},"raw_xml":null,"source_file":null,"sigma_matches":[]},
{"record_id":1041,"event_id":1003,"level":"Information","timestamp":"2026-02-21T10:14:15.525868Z","provider":"Microsoft-Windows-Security-SPP","channel":"Application","computer":"Niaina","task_id":0,"keywords":36028797018963968,"user_id":null,"data":{"Data":{"#text":["55c92734-d682-4d71-983e-d6ec3f16059f","\n1: 2ffd8952-423e-4903-b993-72a1aa44cf82, 1, 0 [(0 [0xC004F014, 0, 0], [(?)(?)(?)(?)(?)(?)(?)(?)])(1 )(2 )(3 )]\n\n"]},"Binary":null},"raw_xml":null,"source_file":null,"sigma_matches":[]},
{"record_id":1042,"event_id":1003,"level":"Information","timestamp":"2026-02-21T10:14:15.927425Z","provider":"Microsoft-Windows-Security-SPP","channel":"Application","computer":"Niaina","task_id":0,"keywords":36028797018963968,"user_id":null,"data":{"Data":{"#text":["55c92734-d682-4d71-983e-d6ec3f16059f","\n1: 30a42c86-b7a0-4a34-8c90-ff177cb2acb7, 1, 0 [(0 [0xC004F014, 0, 0], [(?)(?)(?)(?)(?)(?)(?)(?)])(1 )(2 )(3 )]\n\n"]},"Binary":null},"raw_xml":null,"source_file":null,"sigma_matches":[]},
{"record_id":1043,"event_id":1003,"level":"Information","timestamp":"2026-02-21T10:14:16.163751Z","provider":"Microsoft-Windows-Security-SPP","channel":"Application","computer":"Niaina","task_id":0,"keywords":36028797018963968,"user_id":null,"data":{"Data":{"#text":["55c92734-d682-4d71-983e-d6ec3f16059f","\n1: 345a5db0-d94f-4e3b-a0c0-7c42f7bc3ebf, 1, 0 [(0 [0xC004F014, 0, 0], [(?)(?)(?)(?)(?)(?)(?)(?)])(1 )(2 )(3 )]\n\n"]},"Binary":null},"raw_xml":null,"source_file":null,"sigma_matches":[]},
{"record_id":1044,"event_id":1003,"level":"Information","timestamp":"2026-02-21T10:14:16.500225Z","provider":"Microsoft-Windows-Security-SPP","channel":"Application","computer":"Niaina","task_id":0,"keywords":36028797018963968,"user_id":null,"data":{"Data":{"#text":["55c92734-d682-4d71-983e-d6ec3f16059f","\n1: 3502365a-f88a-4ba4-822a-5769d3073b65, 1, 0 [(0 [0xC004F014, 0, 0], [(?)(?)(?)(?)(?)(?)(?)(?)])(1 )(2 )(3 )]\n\n"]},"Binary":null},"raw_xml":null,"source_file":null,"sigma_matches":[]},
{"record_id":1045,"event_id":1003,"level":"Information","timestamp":"2026-02-21T10:14:16.793135Z","provider":"Microsoft-Windows-Security-SPP","channel":"Application","computer":"Niaina","task_id":0,"keywords":36028797018963968,"user_id":null,"data":{"Data":{"#text":["55c92734-d682-4d71-983e-d6ec3f16059f","\n1: 377333b1-8b5d-48d6-9679-1225c872d37c, 1, 0 [(0 [0xC004F014, 0, 0], [(?)(?)(?)(?)(?)(?)(?)(?)])(1 )(2 )(3 )]\n\n"]},"Binary":null},"raw_xml":null,"source_file":null,"sigma_matches":[]},
{"record_id":1046,"event_id":1003,"level":"Information","timestamp":"2026-02-21T10:14:17.142438Z","provider":"Microsoft-Windows-Security-SPP","channel":"Application","computer":"Niaina","task_id":0,"keywords":36028797018963968,"user_id":null,"data":{"Data":{"#text":["55c92734-d682-4d71-983e-d6ec3f16059f","\n1: 3df374ef-d444-4494-a5a1-4b0d9fd0e203, 1, 0 [(0 [0xC004F014, 0, 0], [(?)(?)(?)(?)(?)(?)(?)(?)])(1 )(2 )(3 )]\n\n"]},"Binary":null},"raw_xml":null,"source_file":null,"sigma_matches":[]},
{"record_id":1047,"event_id":1003,"level":"Information","timestamp":"2026-02-21T10:14:17.433898Z","provider":"Microsoft-Windows-Security-SPP","channel":"Application","computer":"Niaina","task_id":0,"keywords":36028797018963968,"user_id":null,"data":{"Data":{"#text":["55c92734-d682-4d71-983e-d6ec3f16059f","\n1: 3ebce241-ea87-4946-8a4f-80d00e921dff, 1, 0 [(0 [0xC004F014, 0, 0], [(?)(?)(?)(?)(?)(?)(?)(?)])(1 )(2 )(3 )]\n\n"]},"Binary":null},"raw_xml":null,"source_file":null,"sigma_matches":[]},
{"record_id":1048,"event_id":1003,"level":"Information","timestamp":"2026-02-21T10:14:17.681333Z","provider":"Microsoft-Windows-Security-SPP","channel":"Application","computer":"Niaina","task_id":0,"keywords":36028797018963968,"user_id":null,"data":{"Data":{"#text":["55c92734-d682-4d71-983e-d6ec3f16059f","\n1: 3f1afc82-f8ac-4f6c-8005-1d233e606eee, 1, 0 [(0 [0xC004F014, 0, 0], [(?)(?)(?)(?)(?)(?)(?)(?)])(1 )(2 )(3 )]\n\n"]},"Binary":null},"raw_xml":null,"source_file":null,"sigma_matches":[]},
{"record_id":1049,"event_id":1003,"level":"Information","timestamp":"2026-02-21T10:14:17.977089Z","provider":"Microsoft-Windows-Security-SPP","channel":"Application","computer":"Niaina","task_id":0,"keywords":36028797018963968,"user_id":null,"data":{"Data":{"#text":["55c92734-d682-4d71-983e-d6ec3f16059f","\n1: 4322a811-697c-44dc-865e-3e2fdcb86009, 1, 0 [(0 [0xC004F014, 0, 0], [(?)(?)(?)(?)(?)(?)(?)(?)])(1 )(2 )(3 )]\n\n"]},"Binary":null},"raw_xml":null,"source_file":null,"sigma_matches":[]},
{"record_id":1050,"event_id":1003,"level":"Information","timestamp":"2026-02-21T10:14:18.262354Z","provider":"Microsoft-Windows-Security-SPP","channel":"Application","computer":"Niaina","task_id":0,"keywords":36028797018963968,"user_id":null,"data":{"Data":{"#text":["0ff1ce15-a989-479d-af46-f275c6370663","\n1: 447effdd-0073-4716-99f3-32ef2e155766, 1, 0 [(0 [0xC004F014, 0, 0], [(?)(?)(?)(?)(?)(?)(?)(?)])(1 )(2 )(3 )]\n\n"]},"Binary":null},"raw_xml":null,"source_file":null,"sigma_matches":[]},
{"record_id":1051,"event_id":1003,"level":"Information","timestamp":"2026-02-21T10:14:18.365586Z","provider":"Microsoft-Windows-Security-SPP","channel":"Application","computer":"Niaina","task_id":0,"keywords":36028797018963968,"user_id":null,"data":{"Data":{"#text":["55c92734-d682-4d71-983e-d6ec3f16059f","\n1: 49cd895b-53b2-4dc4-a5f7-b18aa019ad37, 1, 0 [(0 [0xC004F014, 0, 0], [(?)(?)(?)(?)(?)(?)(?)(?)])(1 )(2 )(3 )]\n\n"]},"Binary":null},"raw_xml":null,"source_file":null,"sigma_matches":[]},
{"record_id":1052,"event_id":1003,"level":"Information","timestamp":"2026-02-21T10:14:18.581898Z","provider":"Microsoft-Windows-Security-SPP","channel":"Application","computer":"Niaina","task_id":0,"keywords":36028797018963968,"user_id":null,"data":{"Data":{"#text":["0ff1ce15-a989-479d-af46-f275c6370663","\n1: 4a470b50-4d01-4fe5-910a-51bb0b7eb163, 1, 0 [(0 [0xC004F014, 0, 0], [(?)(?)(?)(?)(?)(?)(?)(?)])(1 )(2 )(3 )]\n\n"]},"Binary":null},"raw_xml":null,"source_file":null,"sigma_matches":[]},
{"record_id":1053,"event_id":1003,"level":"Information","timestamp":"2026-02-21T10:14:18.752400Z","provider":"Microsoft-Windows-Security-SPP","channel":"Application","computer":"Niaina","task_id":0,"keywords":36028797018963968,"user_id":null,"data":{"Data":{"#text":["55c92734-d682-4d71-983e-d6ec3f16059f","\n1: 4de7cb65-cdf1-4de9-8ae8-e3cce27b9f2c, 1, 1 [(0 )(1 )(2 [0x00000000, 1, 0], [(?)( 1 0x00000000)(?)(?)(?)(?)( 10 0x00000000 msft:rm/algorithm/flags/1.0)(?)])(3 )]\n\n"]},"Binary":null},"raw_xml":null,"source_file":null,"sigma_matches":[]},
{"record_id":1054,"event_id":1003,"level":"Information","timestamp":"2026-02-21T10:14:19.029093Z","provider":"Microsoft-Windows-Security-SPP","channel":"Application","computer":"Niaina","task_id":0,"keywords":36028797018963968,"user_id":null,"data":{"Data":{"#text":["55c92734-d682-4d71-983e-d6ec3f16059f","\n1: 4f3da0d2-271d-4508-ae81-626b60809a38, 1, 0 [(0 [0xC004F014, 0, 0], [(?)(?)(?)(?)(?)(?)(?)(?)])(1 )(2 )(3 )]\n\n"]},"Binary":null},"raw_xml":null,"source_file":null,"sigma_matches":[]},
{"record_id":1055,"event_id":1003,"level":"Information","timestamp":"2026-02-21T10:14:19.234948Z","provider":"Microsoft-Windows-Security-SPP","channel":"Application","computer":"Niaina","task_id":0,"keywords":36028797018963968,"user_id":null,"data":{"Data":{"#text":["0ff1ce15-a989-479d-af46-f275c6370663","\n1: 52c4d79f-6e1a-45b7-b479-36b666e0a2f8, 1, 0 [(0 [0xC004F014, 0, 0], [(?)(?)(?)(?)(?)(?)(?)(?)])(1 )(2 )(3 )]\n\n"]},"Binary":null},"raw_xml":null,"source_file":null,"sigma_matches":[]},
