{"record_id":1986,"event_id":100,"level":"Error","timestamp":"2026-02-23T05:22:40.672420Z","provider":"Bonjour Service","channel":"Application","computer":"Niaina","task_id":0,"keywords":36028797018963968,"user_id":null,"data":{"Data":{"#text":"mDNSCoreReceiveResponse: ProbeCount 2; will deregister    4 Niaina.local. Addr 192.168.88.53"},"Binary":null},"raw_xml":null,"source_file":null,"sigma_matches":[]},
{"record_id":1987,"event_id":100,"level":"Error","timestamp":"2026-02-23T05:22:40.672534Z","provider":"Bonjour Service","channel":"Application","computer":"Niaina","task_id":0,"keywords":36028797018963968,"user_id":null,"data":{"Data":{"#text":"Local Hostname Niaina.local already in use; will try Niaina-2.local instead"},"Binary":null},"raw_xml":null,"source_file":null,"sigma_matches":[]},
{"record_id":1988,"event_id":16394,"level":"Information","timestamp":"2026-02-23T05:22:43.835937Z","provider":"Microsoft-Windows-Security-SPP","channel":"Application","computer":"Niaina","task_id":0,"keywords":36028797018963968,"user_id":null,"data":{"Data":{"#text":""},"Binary":null},"raw_xml":null,"source_file":null,"sigma_matches":[]},
{"record_id":1989,"event_id":16384,"level":"Information","timestamp":"2026-02-23T05:23:14.197789Z","provider":"Microsoft-Windows-Security-SPP","channel":"Application","computer":"Niaina","task_id":0,"keywords":36028797018963968,"user_id":null,"data":{"Data":{"#text":["2026-05-20T15:58:14Z","RulesEngine"]},"Binary":null},"raw_xml":null,"source_file":null,"sigma_matches":[]},
{"record_id":1990,"event_id":16394,"level":"Information","timestamp":"2026-02-23T05:24:29.350980Z","provider":"Microsoft-Windows-Security-SPP","channel":"Application","computer":"Niaina","task_id":0,"keywords":36028797018963968,"user_id":null,"data":{"Data":{"#text":""},"Binary":null},"raw_xml":null,"source_file":null,"sigma_matches":[]},
{"record_id":1991,"event_id":10000,"level":"Information","timestamp":"2026-02-23T05:24:34.166551Z","provider":"Microsoft-Windows-RestartManager","channel":"Application","computer":"Niaina","task_id":0,"keywords":9223372036854775808,"user_id":"S-1-5-18","data":null,"raw_xml":null,"source_file":null,"sigma_matches":[]},
{"record_id":1992,"event_id":16384,"level":"Information","timestamp":"2026-02-23T05:25:39.076484Z","provider":"Microsoft-Windows-Security-SPP","channel":"Application","computer":"Niaina","task_id":0,"keywords":36028797018963968,"user_id":null,"data":{"Data":{"#text":["2026-05-20T15:58:38Z","RulesEngine"]},"Binary":null},"raw_xml":null,"source_file":null,"sigma_matches":[]},
{"record_id":1993,"event_id":10001,"level":"Information","timestamp":"2026-02-23T05:25:46.986372Z","provider":"Microsoft-Windows-RestartManager","channel":"Application","computer":"Niaina","task_id":0,"keywords":9223372036854775808,"user_id":"S-1-5-18","data":null,"raw_xml":null,"source_file":null,"sigma_matches":[]},
{"record_id":1994,"event_id":10000,"level":"Information","timestamp":"2026-02-23T05:25:46.991140Z","provider":"Microsoft-Windows-RestartManager","channel":"Application","computer":"Niaina","task_id":0,"keywords":9223372036854775808,"user_id":"S-1-5-18","data":null,"raw_xml":null,"source_file":null,"sigma_matches":[]},
{"record_id":1995,"event_id":10001,"level":"Information","timestamp":"2026-02-23T05:25:47.508042Z","provider":"Microsoft-Windows-RestartManager","channel":"Application","computer":"Niaina","task_id":0,"keywords":9223372036854775808,"user_id":"S-1-5-18","data":null,"raw_xml":null,"source_file":null,"sigma_matches":[]},
{"record_id":1996,"event_id":10000,"level":"Information","timestamp":"2026-02-23T05:25:47.509371Z","provider":"Microsoft-Windows-RestartManager","channel":"Application","computer":"Niaina","task_id":0,"keywords":9223372036854775808,"user_id":"S-1-5-18","data":null,"raw_xml":null,"source_file":null,"sigma_matches":[]},
{"record_id":1997,"event_id":10001,"level":"Information","timestamp":"2026-02-23T05:25:47.600310Z","provider":"Microsoft-Windows-RestartManager","channel":"Application","computer":"Niaina","task_id":0,"keywords":9223372036854775808,"user_id":"S-1-5-18","data":null,"raw_xml":null,"source_file":null,"sigma_matches":[]},
{"record_id":1998,"event_id":10000,"level":"Information","timestamp":"2026-02-23T05:25:55.781151Z","provider":"Microsoft-Windows-RestartManager","channel":"Application","computer":"Niaina","task_id":0,"keywords":9223372036854775808,"user_id":"S-1-5-21-3595381792-2646053551-3183893924-1001","data":null,"raw_xml":null,"source_file":null,"sigma_matches":[]},
{"record_id":1999,"event_id":16394,"level":"Information","timestamp":"2026-02-23T05:25:57.966476Z","provider":"Microsoft-Windows-Security-SPP","channel":"Application","computer":"Niaina","task_id":0,"keywords":36028797018963968,"user_id":null,"data":{"Data":{"#text":""},"Binary":null},"raw_xml":null,"source_file":null,"sigma_matches":[]},
{"record_id":2000,"event_id":10002,"level":"Information","timestamp":"2026-02-23T05:25:59.632729Z","provider":"Microsoft-Windows-RestartManager","channel":"Application","computer":"Niaina","task_id":0,"keywords":9223372036854775808,"user_id":"S-1-5-21-3595381792-2646053551-3183893924-1001","data":null,"raw_xml":null,"source_file":null,"sigma_matches":[]},
{"record_id":2001,"event_id":10005,"level":"Information","timestamp":"2026-02-23T05:26:48.995394Z","provider":"Microsoft-Windows-RestartManager","channel":"Application","computer":"Niaina","task_id":0,"keywords":9223372036854775808,"user_id":"S-1-5-21-3595381792-2646053551-3183893924-1001","data":null,"raw_xml":null,"source_file":null,"sigma_matches":[]},
{"record_id":2002,"event_id":1004,"level":"Information","timestamp":"2026-02-23T05:26:55.932274Z","provider":"Microsoft-Windows-Security-SPP","channel":"Application","computer":"Niaina","task_id":0,"keywords":36028797018963968,"user_id":null,"data":{"Data":{"#text":["XrML 2.1 License - Product Key Configuration","6040a6e7-445d-4609-b6c4-8a66b709cb54"]},"Binary":null},"raw_xml":null,"source_file":null,"sigma_matches":[]},
{"record_id":2003,"event_id":1004,"level":"Information","timestamp":"2026-02-23T05:26:56.218401Z","provider":"Microsoft-Windows-Security-SPP","channel":"Application","computer":"Niaina","task_id":0,"keywords":36028797018963968,"user_id":null,"data":{"Data":{"#text":["XrML 2.1 License - Product Key Configuration","dc6454b3-ceba-4e40-b6cc-26afb8fe8fa6"]},"Binary":null},"raw_xml":null,"source_file":null,"sigma_matches":[]},
{"record_id":2004,"event_id":1004,"level":"Information","timestamp":"2026-02-23T05:26:56.419100Z","provider":"Microsoft-Windows-Security-SPP","channel":"Application","computer":"Niaina","task_id":0,"keywords":36028797018963968,"user_id":null,"data":{"Data":{"#text":["client-issuance-root Issuance License","7cbeb41c-1778-47f2-aa36-51a5a618f716"]},"Binary":null},"raw_xml":null,"source_file":null,"sigma_matches":[]},
{"record_id":2005,"event_id":1004,"level":"Information","timestamp":"2026-02-23T05:26:56.685277Z","provider":"Microsoft-Windows-Security-SPP","channel":"Application","computer":"Niaina","task_id":0,"keywords":36028797018963968,"user_id":null,"data":{"Data":{"#text":["client-issuance-stil Issuance License","285583cd-fc43-4806-ace6-d247b7edd434"]},"Binary":null},"raw_xml":null,"source_file":null,"sigma_matches":[]},
{"record_id":2006,"event_id":1004,"level":"Information","timestamp":"2026-02-23T05:26:56.868871Z","provider":"Microsoft-Windows-Security-SPP","channel":"Application","computer":"Niaina","task_id":0,"keywords":36028797018963968,"user_id":null,"data":{"Data":{"#text":["client-issuance-ul Issuance License","ce939c0e-53f7-4011-a286-78b6975fa5f0"]},"Binary":null},"raw_xml":null,"source_file":null,"sigma_matches":[]},
{"record_id":2007,"event_id":1004,"level":"Information","timestamp":"2026-02-23T05:26:57.146241Z","provider":"Microsoft-Windows-Security-SPP","channel":"Application","computer":"Niaina","task_id":0,"keywords":36028797018963968,"user_id":null,"data":{"Data":{"#text":["client-issuance-ul-oob Issuance License","7209e8e3-cce2-49dd-8f6e-2cc8a611f202"]},"Binary":null},"raw_xml":null,"source_file":null,"sigma_matches":[]},
{"record_id":2008,"event_id":1004,"level":"Information","timestamp":"2026-02-23T05:26:57.349511Z","provider":"Microsoft-Windows-Security-SPP","channel":"Application","computer":"Niaina","task_id":0,"keywords":36028797018963968,"user_id":null,"data":{"Data":{"#text":["client-issuance-root-bridge-test Issuance License","7256a55f-e989-4e06-b2c2-c527f49e4527"]},"Binary":null},"raw_xml":null,"source_file":null,"sigma_matches":[]},
{"record_id":2009,"event_id":1004,"level":"Information","timestamp":"2026-02-23T05:26:57.598570Z","provider":"Microsoft-Windows-Security-SPP","channel":"Application","computer":"Niaina","task_id":0,"keywords":36028797018963968,"user_id":null,"data":{"Data":{"#text":["client-issuance-bridge-office Issuance License","4d4a5396-01a7-4ae5-9973-b53bb1af5c30"]},"Binary":null},"raw_xml":null,"source_file":null,"sigma_matches":[]},
{"record_id":2010,"event_id":1004,"level":"Information","timestamp":"2026-02-23T05:26:57.801976Z","provider":"Microsoft-Windows-Security-SPP","channel":"Application","computer":"Niaina","task_id":0,"keywords":36028797018963968,"user_id":null,"data":{"Data":{"#text":["Office 19 UL oob License (Public)","db29759e-3565-4542-bea9-27536fa7d74c"]},"Binary":null},"raw_xml":null,"source_file":null,"sigma_matches":[]},
{"record_id":2011,"event_id":1004,"level":"Information","timestamp":"2026-02-23T05:26:57.809752Z","provider":"Microsoft-Windows-Security-SPP","channel":"Application","computer":"Niaina","task_id":0,"keywords":36028797018963968,"user_id":null,"data":{"Data":{"#text":["Office 19 UL oob License (Private)","e741763a-2be5-4d4b-be3b-84773d8144d0"]},"Binary":null},"raw_xml":null,"source_file":null,"sigma_matches":[]},
{"record_id":2012,"event_id":1004,"level":"Information","timestamp":"2026-02-23T05:26:58.102577Z","provider":"Microsoft-Windows-Security-SPP","channel":"Application","computer":"Niaina","task_id":0,"keywords":36028797018963968,"user_id":null,"data":{"Data":{"#text":["OfficeCBCAF071-B911-40A1-A6C1-7BECCA481910 PPD License","2eb6176c-ff92-4d95-388c-78abfac2b9a5"]},"Binary":null},"raw_xml":null,"source_file":null,"sigma_matches":[]},
{"record_id":2013,"event_id":1004,"level":"Information","timestamp":"2026-02-23T05:26:58.305154Z","provider":"Microsoft-Windows-Security-SPP","channel":"Application","computer":"Niaina","task_id":0,"keywords":36028797018963968,"user_id":null,"data":{"Data":{"#text":["Office 19 Publishing License (Public)","02536634-c052-436b-be13-148671334f2b"]},"Binary":null},"raw_xml":null,"source_file":null,"sigma_matches":[]},
{"record_id":2014,"event_id":1004,"level":"Information","timestamp":"2026-02-23T05:26:58.308901Z","provider":"Microsoft-Windows-Security-SPP","channel":"Application","computer":"Niaina","task_id":0,"keywords":36028797018963968,"user_id":null,"data":{"Data":{"#text":["Office 19 Publishing License (Private)","d4d8063a-3432-45f8-b989-32828ce2de7e"]},"Binary":null},"raw_xml":null,"source_file":null,"sigma_matches":[]},
{"record_id":2015,"event_id":1004,"level":"Information","timestamp":"2026-02-23T05:26:58.557926Z","provider":"Microsoft-Windows-Security-SPP","channel":"Application","computer":"Niaina","task_id":0,"keywords":36028797018963968,"user_id":null,"data":{"Data":{"#text":["Office 19 UL phone License (Public)","277c6dc8-276c-4bf7-8bdf-2159b6fbf738"]},"Binary":null},"raw_xml":null,"source_file":null,"sigma_matches":[]},
{"record_id":2016,"event_id":1004,"level":"Information","timestamp":"2026-02-23T05:26:58.559591Z","provider":"Microsoft-Windows-Security-SPP","channel":"Application","computer":"Niaina","task_id":0,"keywords":36028797018963968,"user_id":null,"data":{"Data":{"#text":["Office 19 UL phone License (Private)","89a48801-c1ba-4301-9ef5-7ff080689ed5"]},"Binary":null},"raw_xml":null,"source_file":null,"sigma_matches":[]},
{"record_id":2017,"event_id":1004,"level":"Information","timestamp":"2026-02-23T05:26:58.850101Z","provider":"Microsoft-Windows-Security-SPP","channel":"Application","computer":"Niaina","task_id":0,"keywords":36028797018963968,"user_id":null,"data":{"Data":{"#text":["Office 19 UL oob License (Public)","34bc269e-451e-457b-955e-88c94a9565c5"]},"Binary":null},"raw_xml":null,"source_file":null,"sigma_matches":[]},
{"record_id":2018,"event_id":1004,"level":"Information","timestamp":"2026-02-23T05:26:58.850874Z","provider":"Microsoft-Windows-Security-SPP","channel":"Application","computer":"Niaina","task_id":0,"keywords":36028797018963968,"user_id":null,"data":{"Data":{"#text":["Office 19 UL oob License (Private)","93733ca5-f5a0-494a-b571-94a2ad63e73a"]},"Binary":null},"raw_xml":null,"source_file":null,"sigma_matches":[]},
{"record_id":2019,"event_id":1004,"level":"Information","timestamp":"2026-02-23T05:26:59.279936Z","provider":"Microsoft-Windows-Security-SPP","channel":"Application","computer":"Niaina","task_id":0,"keywords":36028797018963968,"user_id":null,"data":{"Data":{"#text":["Office5F472F1E-EB0A-4170-98E2-FB9E7F6FF535 PPD License","f77b0826-0464-1d23-f1ff-3ccb2d6ce821"]},"Binary":null},"raw_xml":null,"source_file":null,"sigma_matches":[]},
{"record_id":2020,"event_id":1004,"level":"Information","timestamp":"2026-02-23T05:26:59.521951Z","provider":"Microsoft-Windows-Security-SPP","channel":"Application","computer":"Niaina","task_id":0,"keywords":36028797018963968,"user_id":null,"data":{"Data":{"#text":["Office 19 UL oob License (Public)","1cd5eedb-1e63-42f7-a057-04e8a94362ea"]},"Binary":null},"raw_xml":null,"source_file":null,"sigma_matches":[]},
{"record_id":2021,"event_id":1004,"level":"Information","timestamp":"2026-02-23T05:26:59.523179Z","provider":"Microsoft-Windows-Security-SPP","channel":"Application","computer":"Niaina","task_id":0,"keywords":36028797018963968,"user_id":null,"data":{"Data":{"#text":["Office 19 UL oob License (Private)","dfaf9458-c115-45d4-a58d-112eb835d929"]},"Binary":null},"raw_xml":null,"source_file":null,"sigma_matches":[]},
{"record_id":2022,"event_id":1004,"level":"Information","timestamp":"2026-02-23T05:26:59.858496Z","provider":"Microsoft-Windows-Security-SPP","channel":"Application","computer":"Niaina","task_id":0,"keywords":36028797018963968,"user_id":null,"data":{"Data":{"#text":["Office52C4D79F-6E1A-45B7-B479-36B666E0A2F8 PPD License","ab0b8f06-339d-f0fe-61bd-35ae54edca8d"]},"Binary":null},"raw_xml":null,"source_file":null,"sigma_matches":[]},
{"record_id":2023,"event_id":1004,"level":"Information","timestamp":"2026-02-23T05:27:00.098819Z","provider":"Microsoft-Windows-Security-SPP","channel":"Application","computer":"Niaina","task_id":0,"keywords":36028797018963968,"user_id":null,"data":{"Data":{"#text":["Office 19 Publishing License (Public)","7a1f2891-f661-4968-98c8-a75b5be29d77"]},"Binary":null},"raw_xml":null,"source_file":null,"sigma_matches":[]},
{"record_id":2024,"event_id":1004,"level":"Information","timestamp":"2026-02-23T05:27:00.100225Z","provider":"Microsoft-Windows-Security-SPP","channel":"Application","computer":"Niaina","task_id":0,"keywords":36028797018963968,"user_id":null,"data":{"Data":{"#text":["Office 19 Publishing License (Private)","3c06d334-1cb7-477c-a935-60241b917916"]},"Binary":null},"raw_xml":null,"source_file":null,"sigma_matches":[]},
{"record_id":2025,"event_id":1004,"level":"Information","timestamp":"2026-02-23T05:27:00.640128Z","provider":"Microsoft-Windows-Security-SPP","channel":"Application","computer":"Niaina","task_id":0,"keywords":36028797018963968,"user_id":null,"data":{"Data":{"#text":["Office 19 UL phone License (Public)","8c4454f7-a0d3-4bb5-be93-6a1eb453dd4a"]},"Binary":null},"raw_xml":null,"source_file":null,"sigma_matches":[]},
{"record_id":2026,"event_id":1004,"level":"Information","timestamp":"2026-02-23T05:27:00.642094Z","provider":"Microsoft-Windows-Security-SPP","channel":"Application","computer":"Niaina","task_id":0,"keywords":36028797018963968,"user_id":null,"data":{"Data":{"#text":["Office 19 UL phone License (Private)","0f36f770-6833-427e-ab94-9907cf1c03fe"]},"Binary":null},"raw_xml":null,"source_file":null,"sigma_matches":[]},
{"record_id":2027,"event_id":1004,"level":"Information","timestamp":"2026-02-23T05:27:00.935559Z","provider":"Microsoft-Windows-Security-SPP","channel":"Application","computer":"Niaina","task_id":0,"keywords":36028797018963968,"user_id":null,"data":{"Data":{"#text":["Office 19 UL oob License (Public)","8027fcfe-1485-488b-8026-e0e20c467720"]},"Binary":null},"raw_xml":null,"source_file":null,"sigma_matches":[]},
{"record_id":2028,"event_id":1004,"level":"Information","timestamp":"2026-02-23T05:27:00.968413Z","provider":"Microsoft-Windows-Security-SPP","channel":"Application","computer":"Niaina","task_id":0,"keywords":36028797018963968,"user_id":null,"data":{"Data":{"#text":["Office 19 UL oob License (Private)","ee14510a-badc-4266-9789-eed5d01072ce"]},"Binary":null},"raw_xml":null,"source_file":null,"sigma_matches":[]},
{"record_id":2029,"event_id":1004,"level":"Information","timestamp":"2026-02-23T05:27:01.329430Z","provider":"Microsoft-Windows-Security-SPP","channel":"Application","computer":"Niaina","task_id":0,"keywords":36028797018963968,"user_id":null,"data":{"Data":{"#text":["Office447EFFDD-0073-4716-99F3-32EF2E155766 PPD License","6830c473-7725-2ddb-d4a4-0af8383950f0"]},"Binary":null},"raw_xml":null,"source_file":null,"sigma_matches":[]},
{"record_id":2030,"event_id":1004,"level":"Information","timestamp":"2026-02-23T05:27:01.506450Z","provider":"Microsoft-Windows-Security-SPP","channel":"Application","computer":"Niaina","task_id":0,"keywords":36028797018963968,"user_id":null,"data":{"Data":{"#text":["Office 19 Publishing License (Public)","f8f1e3bd-7e4f-42cf-be48-a25e026739d9"]},"Binary":null},"raw_xml":null,"source_file":null,"sigma_matches":[]},
{"record_id":2031,"event_id":1004,"level":"Information","timestamp":"2026-02-23T05:27:01.507412Z","provider":"Microsoft-Windows-Security-SPP","channel":"Application","computer":"Niaina","task_id":0,"keywords":36028797018963968,"user_id":null,"data":{"Data":{"#text":["Office 19 Publishing License (Private)","2d05324a-dff5-485b-89b1-0d824d3a0dcd"]},"Binary":null},"raw_xml":null,"source_file":null,"sigma_matches":[]},
{"record_id":2032,"event_id":1004,"level":"Information","timestamp":"2026-02-23T05:27:01.784079Z","provider":"Microsoft-Windows-Security-SPP","channel":"Application","computer":"Niaina","task_id":0,"keywords":36028797018963968,"user_id":null,"data":{"Data":{"#text":["Office 19 UL phone License (Public)","8eb080ad-5296-4c65-80bd-66288ce40f64"]},"Binary":null},"raw_xml":null,"source_file":null,"sigma_matches":[]},
{"record_id":2033,"event_id":1004,"level":"Information","timestamp":"2026-02-23T05:27:01.786518Z","provider":"Microsoft-Windows-Security-SPP","channel":"Application","computer":"Niaina","task_id":0,"keywords":36028797018963968,"user_id":null,"data":{"Data":{"#text":["Office 19 UL phone License (Private)","6dafaa71-278a-4749-b68a-d40e054f8e9c"]},"Binary":null},"raw_xml":null,"source_file":null,"sigma_matches":[]},
{"record_id":2034,"event_id":1004,"level":"Information","timestamp":"2026-02-23T05:27:01.935268Z","provider":"Microsoft-Windows-Security-SPP","channel":"Application","computer":"Niaina","task_id":0,"keywords":36028797018963968,"user_id":null,"data":{"Data":{"#text":["Office 19 UL oob License (Public)","7ea8600a-3342-46cc-8cbd-53901cf12cdb"]},"Binary":null},"raw_xml":null,"source_file":null,"sigma_matches":[]},
{"record_id":2035,"event_id":1004,"level":"Information","timestamp":"2026-02-23T05:27:01.935956Z","provider":"Microsoft-Windows-Security-SPP","channel":"Application","computer":"Niaina","task_id":0,"keywords":36028797018963968,"user_id":null,"data":{"Data":{"#text":["Office 19 UL oob License (Private)","38ab3b31-77ac-4c41-97b1-a8157a762cf0"]},"Binary":null},"raw_xml":null,"source_file":null,"sigma_matches":[]},
{"record_id":2036,"event_id":1004,"level":"Information","timestamp":"2026-02-23T05:27:02.191844Z","provider":"Microsoft-Windows-Security-SPP","channel":"Application","computer":"Niaina","task_id":0,"keywords":36028797018963968,"user_id":null,"data":{"Data":{"#text":["Office1640C37D-E2EB-4785-A70B-3C94A2E9B07E PPD License","68892abd-e013-33d5-8d04-23be193cd064"]},"Binary":null},"raw_xml":null,"source_file":null,"sigma_matches":[]},
{"record_id":2037,"event_id":1004,"level":"Information","timestamp":"2026-02-23T05:27:02.458006Z","provider":"Microsoft-Windows-Security-SPP","channel":"Application","computer":"Niaina","task_id":0,"keywords":36028797018963968,"user_id":null,"data":{"Data":{"#text":["Office 19 Publishing License (Public)","aea2af0e-b484-4743-b725-4005bfe23c29"]},"Binary":null},"raw_xml":null,"source_file":null,"sigma_matches":[]},
{"record_id":2038,"event_id":1004,"level":"Information","timestamp":"2026-02-23T05:27:02.459482Z","provider":"Microsoft-Windows-Security-SPP","channel":"Application","computer":"Niaina","task_id":0,"keywords":36028797018963968,"user_id":null,"data":{"Data":{"#text":["Office 19 Publishing License (Private)","071d3571-8c35-4f1e-8c69-067169f47ad5"]},"Binary":null},"raw_xml":null,"source_file":null,"sigma_matches":[]},
{"record_id":2039,"event_id":1004,"level":"Information","timestamp":"2026-02-23T05:27:02.668480Z","provider":"Microsoft-Windows-Security-SPP","channel":"Application","computer":"Niaina","task_id":0,"keywords":36028797018963968,"user_id":null,"data":{"Data":{"#text":["Office 19 UL phone License (Public)","b0312fa6-3ba0-4d81-aa24-8329945f5a21"]},"Binary":null},"raw_xml":null,"source_file":null,"sigma_matches":[]},
{"record_id":2040,"event_id":1004,"level":"Information","timestamp":"2026-02-23T05:27:02.670344Z","provider":"Microsoft-Windows-Security-SPP","channel":"Application","computer":"Niaina","task_id":0,"keywords":36028797018963968,"user_id":null,"data":{"Data":{"#text":["Office 19 UL phone License (Private)","4862444d-8e03-4e97-b52e-b66364b984ac"]},"Binary":null},"raw_xml":null,"source_file":null,"sigma_matches":[]},
{"record_id":2041,"event_id":1004,"level":"Information","timestamp":"2026-02-23T05:27:03.002040Z","provider":"Microsoft-Windows-Security-SPP","channel":"Application","computer":"Niaina","task_id":0,"keywords":36028797018963968,"user_id":null,"data":{"Data":{"#text":["Office 19 UL oob License (Public)","30551274-21d2-4438-923a-ec18e0e2b6ab"]},"Binary":null},"raw_xml":null,"source_file":null,"sigma_matches":[]},
{"record_id":2042,"event_id":1004,"level":"Information","timestamp":"2026-02-23T05:27:03.003761Z","provider":"Microsoft-Windows-Security-SPP","channel":"Application","computer":"Niaina","task_id":0,"keywords":36028797018963968,"user_id":null,"data":{"Data":{"#text":["Office 19 UL oob License (Private)","7be25b9e-bc74-447d-9356-ae390ff5814f"]},"Binary":null},"raw_xml":null,"source_file":null,"sigma_matches":[]},
{"record_id":2043,"event_id":1004,"level":"Information","timestamp":"2026-02-23T05:27:03.260841Z","provider":"Microsoft-Windows-Security-SPP","channel":"Application","computer":"Niaina","task_id":0,"keywords":36028797018963968,"user_id":null,"data":{"Data":{"#text":["Office6BD3E147-FF80-44FD-A3A6-B8E5E4FA9ADE PPD License","e7891244-a01a-1fd5-ada1-652d29c230bc"]},"Binary":null},"raw_xml":null,"source_file":null,"sigma_matches":[]},
{"record_id":2044,"event_id":1004,"level":"Information","timestamp":"2026-02-23T05:27:03.428669Z","provider":"Microsoft-Windows-Security-SPP","channel":"Application","computer":"Niaina","task_id":0,"keywords":36028797018963968,"user_id":null,"data":{"Data":{"#text":["Office 19 Publishing License (Public)","ed60e269-83ba-440c-b252-124723448e19"]},"Binary":null},"raw_xml":null,"source_file":null,"sigma_matches":[]},
{"record_id":2045,"event_id":1004,"level":"Information","timestamp":"2026-02-23T05:27:03.429707Z","provider":"Microsoft-Windows-Security-SPP","channel":"Application","computer":"Niaina","task_id":0,"keywords":36028797018963968,"user_id":null,"data":{"Data":{"#text":["Office 19 Publishing License (Private)","5e00a73d-5083-4387-82fb-4caace4f9240"]},"Binary":null},"raw_xml":null,"source_file":null,"sigma_matches":[]},
{"record_id":2046,"event_id":1004,"level":"Information","timestamp":"2026-02-23T05:27:03.601661Z","provider":"Microsoft-Windows-Security-SPP","channel":"Application","computer":"Niaina","task_id":0,"keywords":36028797018963968,"user_id":null,"data":{"Data":{"#text":["Office 19 UL phone License (Public)","6a48faf3-4509-4c13-a863-dfd5b72acfb0"]},"Binary":null},"raw_xml":null,"source_file":null,"sigma_matches":[]},
{"record_id":2047,"event_id":1004,"level":"Information","timestamp":"2026-02-23T05:27:03.602358Z","provider":"Microsoft-Windows-Security-SPP","channel":"Application","computer":"Niaina","task_id":0,"keywords":36028797018963968,"user_id":null,"data":{"Data":{"#text":["Office 19 UL phone License (Private)","5b15fbe8-cdad-446f-9186-fa508c1d1203"]},"Binary":null},"raw_xml":null,"source_file":null,"sigma_matches":[]},
{"record_id":2048,"event_id":1004,"level":"Information","timestamp":"2026-02-23T05:27:03.711800Z","provider":"Microsoft-Windows-Security-SPP","channel":"Application","computer":"Niaina","task_id":0,"keywords":36028797018963968,"user_id":null,"data":{"Data":{"#text":["Office 19 UL oob License (Public)","34632c9f-ef63-4d76-8368-fa4e77dc8604"]},"Binary":null},"raw_xml":null,"source_file":null,"sigma_matches":[]},
{"record_id":2049,"event_id":1004,"level":"Information","timestamp":"2026-02-23T05:27:03.712474Z","provider":"Microsoft-Windows-Security-SPP","channel":"Application","computer":"Niaina","task_id":0,"keywords":36028797018963968,"user_id":null,"data":{"Data":{"#text":["Office 19 UL oob License (Private)","73397561-7991-4128-a732-f9f6aba7a269"]},"Binary":null},"raw_xml":null,"source_file":null,"sigma_matches":[]},
{"record_id":2050,"event_id":1004,"level":"Information","timestamp":"2026-02-23T05:27:03.882103Z","provider":"Microsoft-Windows-Security-SPP","channel":"Application","computer":"Niaina","task_id":0,"keywords":36028797018963968,"user_id":null,"data":{"Data":{"#text":["Office0E26561D-8B88-44CC-B87E-FAF56344E5F3 PPD License","43f78c26-9ada-52c5-f205-874c69d54691"]},"Binary":null},"raw_xml":null,"source_file":null,"sigma_matches":[]},
{"record_id":2051,"event_id":1004,"level":"Information","timestamp":"2026-02-23T05:27:04.044156Z","provider":"Microsoft-Windows-Security-SPP","channel":"Application","computer":"Niaina","task_id":0,"keywords":36028797018963968,"user_id":null,"data":{"Data":{"#text":["Office 19 Publishing License (Public)","3db1f2f5-2b2b-41ac-a532-7b0260615f55"]},"Binary":null},"raw_xml":null,"source_file":null,"sigma_matches":[]},
{"record_id":2052,"event_id":1004,"level":"Information","timestamp":"2026-02-23T05:27:04.045948Z","provider":"Microsoft-Windows-Security-SPP","channel":"Application","computer":"Niaina","task_id":0,"keywords":36028797018963968,"user_id":null,"data":{"Data":{"#text":["Office 19 Publishing License (Private)","f8382179-f03f-4774-a361-429603d45054"]},"Binary":null},"raw_xml":null,"source_file":null,"sigma_matches":[]},
{"record_id":2053,"event_id":1004,"level":"Information","timestamp":"2026-02-23T05:27:04.297941Z","provider":"Microsoft-Windows-Security-SPP","channel":"Application","computer":"Niaina","task_id":0,"keywords":36028797018963968,"user_id":null,"data":{"Data":{"#text":["Office 19 UL phone License (Public)","bc59b154-e467-41a1-9390-6bd5954b8616"]},"Binary":null},"raw_xml":null,"source_file":null,"sigma_matches":[]},
{"record_id":2054,"event_id":1004,"level":"Information","timestamp":"2026-02-23T05:27:04.298926Z","provider":"Microsoft-Windows-Security-SPP","channel":"Application","computer":"Niaina","task_id":0,"keywords":36028797018963968,"user_id":null,"data":{"Data":{"#text":["Office 19 UL phone License (Private)","b2d4cddc-5fbd-4a40-83b6-ac243fe1ae46"]},"Binary":null},"raw_xml":null,"source_file":null,"sigma_matches":[]},
{"record_id":2055,"event_id":1004,"level":"Information","timestamp":"2026-02-23T05:27:04.541087Z","provider":"Microsoft-Windows-Security-SPP","channel":"Application","computer":"Niaina","task_id":0,"keywords":36028797018963968,"user_id":null,"data":{"Data":{"#text":["Office 19 UL oob License (Public)","06244ead-2e8c-4062-ae91-95df1cf38fcf"]},"Binary":null},"raw_xml":null,"source_file":null,"sigma_matches":[]},
{"record_id":2056,"event_id":1004,"level":"Information","timestamp":"2026-02-23T05:27:04.542552Z","provider":"Microsoft-Windows-Security-SPP","channel":"Application","computer":"Niaina","task_id":0,"keywords":36028797018963968,"user_id":null,"data":{"Data":{"#text":["Office 19 UL oob License (Private)","0446f208-fce9-4a4d-b4b7-ce85360c7b23"]},"Binary":null},"raw_xml":null,"source_file":null,"sigma_matches":[]},
{"record_id":2057,"event_id":1004,"level":"Information","timestamp":"2026-02-23T05:27:04.768654Z","provider":"Microsoft-Windows-Security-SPP","channel":"Application","computer":"Niaina","task_id":0,"keywords":36028797018963968,"user_id":null,"data":{"Data":{"#text":["Office4A470B50-4D01-4FE5-910A-51BB0B7EB163 PPD License","1dfa8714-cfa8-d2c3-e63e-37271971eb95"]},"Binary":null},"raw_xml":null,"source_file":null,"sigma_matches":[]},
{"record_id":2058,"event_id":1004,"level":"Information","timestamp":"2026-02-23T05:27:04.946986Z","provider":"Microsoft-Windows-Security-SPP","channel":"Application","computer":"Niaina","task_id":0,"keywords":36028797018963968,"user_id":null,"data":{"Data":{"#text":["Office 19 Publishing License (Public)","744bcf72-5793-4300-9984-d0e5ee6f647b"]},"Binary":null},"raw_xml":null,"source_file":null,"sigma_matches":[]},
{"record_id":2059,"event_id":1004,"level":"Information","timestamp":"2026-02-23T05:27:04.947796Z","provider":"Microsoft-Windows-Security-SPP","channel":"Application","computer":"Niaina","task_id":0,"keywords":36028797018963968,"user_id":null,"data":{"Data":{"#text":["Office 19 Publishing License (Private)","1b844db0-0cf4-4c4a-ae09-728257775be7"]},"Binary":null},"raw_xml":null,"source_file":null,"sigma_matches":[]},
{"record_id":2060,"event_id":1004,"level":"Information","timestamp":"2026-02-23T05:27:05.117011Z","provider":"Microsoft-Windows-Security-SPP","channel":"Application","computer":"Niaina","task_id":0,"keywords":36028797018963968,"user_id":null,"data":{"Data":{"#text":["Office 19 UL phone License (Public)","6b40f520-8ac0-494d-a356-ba5a603c544c"]},"Binary":null},"raw_xml":null,"source_file":null,"sigma_matches":[]},
{"record_id":2061,"event_id":1004,"level":"Information","timestamp":"2026-02-23T05:27:05.118451Z","provider":"Microsoft-Windows-Security-SPP","channel":"Application","computer":"Niaina","task_id":0,"keywords":36028797018963968,"user_id":null,"data":{"Data":{"#text":["Office 19 UL phone License (Private)","c28c747e-b0b8-4e78-ab9d-62617804667d"]},"Binary":null},"raw_xml":null,"source_file":null,"sigma_matches":[]},
{"record_id":2062,"event_id":1004,"level":"Information","timestamp":"2026-02-23T05:27:05.299383Z","provider":"Microsoft-Windows-Security-SPP","channel":"Application","computer":"Niaina","task_id":0,"keywords":36028797018963968,"user_id":null,"data":{"Data":{"#text":["Office 19 UL oob License (Public)","42acbab5-9172-4410-81e4-5bdd31b8e639"]},"Binary":null},"raw_xml":null,"source_file":null,"sigma_matches":[]},
{"record_id":2063,"event_id":1004,"level":"Information","timestamp":"2026-02-23T05:27:05.300117Z","provider":"Microsoft-Windows-Security-SPP","channel":"Application","computer":"Niaina","task_id":0,"keywords":36028797018963968,"user_id":null,"data":{"Data":{"#text":["Office 19 UL oob License (Private)","8366cba8-3707-4cf4-a7f2-bd491c88bd9f"]},"Binary":null},"raw_xml":null,"source_file":null,"sigma_matches":[]},
{"record_id":2064,"event_id":1004,"level":"Information","timestamp":"2026-02-23T05:27:05.439216Z","provider":"Microsoft-Windows-Security-SPP","channel":"Application","computer":"Niaina","task_id":0,"keywords":36028797018963968,"user_id":null,"data":{"Data":{"#text":["OfficeCDBD81EF-BB2C-41CC-BB3E-CA6366F3F176 PPD License","f9a35431-4701-0d8f-ebdc-86df54cfd798"]},"Binary":null},"raw_xml":null,"source_file":null,"sigma_matches":[]},
{"record_id":2065,"event_id":1004,"level":"Information","timestamp":"2026-02-23T05:27:05.619980Z","provider":"Microsoft-Windows-Security-SPP","channel":"Application","computer":"Niaina","task_id":0,"keywords":36028797018963968,"user_id":null,"data":{"Data":{"#text":["Office 19 Publishing License (Public)","50fb2cad-edc1-4d93-907d-eacc5f146e2c"]},"Binary":null},"raw_xml":null,"source_file":null,"sigma_matches":[]},
{"record_id":2066,"event_id":1004,"level":"Information","timestamp":"2026-02-23T05:27:05.620903Z","provider":"Microsoft-Windows-Security-SPP","channel":"Application","computer":"Niaina","task_id":0,"keywords":36028797018963968,"user_id":null,"data":{"Data":{"#text":["Office 19 Publishing License (Private)","91f178a5-fc09-4961-95e8-084b98c4736e"]},"Binary":null},"raw_xml":null,"source_file":null,"sigma_matches":[]},
{"record_id":2067,"event_id":1004,"level":"Information","timestamp":"2026-02-23T05:27:05.828124Z","provider":"Microsoft-Windows-Security-SPP","channel":"Application","computer":"Niaina","task_id":0,"keywords":36028797018963968,"user_id":null,"data":{"Data":{"#text":["Office 19 UL phone License (Public)","93f13604-39c0-424f-9ad0-220dd3c26ced"]},"Binary":null},"raw_xml":null,"source_file":null,"sigma_matches":[]},
{"record_id":2068,"event_id":1004,"level":"Information","timestamp":"2026-02-23T05:27:05.828823Z","provider":"Microsoft-Windows-Security-SPP","channel":"Application","computer":"Niaina","task_id":0,"keywords":36028797018963968,"user_id":null,"data":{"Data":{"#text":["Office 19 UL phone License (Private)","8c150017-a645-40e2-addc-574528826d0e"]},"Binary":null},"raw_xml":null,"source_file":null,"sigma_matches":[]},
{"record_id":2069,"event_id":1004,"level":"Information","timestamp":"2026-02-23T05:27:05.937829Z","provider":"Microsoft-Windows-Security-SPP","channel":"Application","computer":"Niaina","task_id":0,"keywords":36028797018963968,"user_id":null,"data":{"Data":{"#text":["Office 19 UL oob License (Public)","520972f1-d1f0-4da5-9b59-4992e59a54ce"]},"Binary":null},"raw_xml":null,"source_file":null,"sigma_matches":[]},
{"record_id":2070,"event_id":1004,"level":"Information","timestamp":"2026-02-23T05:27:05.938835Z","provider":"Microsoft-Windows-Security-SPP","channel":"Application","computer":"Niaina","task_id":0,"keywords":36028797018963968,"user_id":null,"data":{"Data":{"#text":["Office 19 UL oob License (Private)","773f1137-f2a5-4201-b9f7-c7d3356ef85b"]},"Binary":null},"raw_xml":null,"source_file":null,"sigma_matches":[]},
{"record_id":2071,"event_id":1004,"level":"Information","timestamp":"2026-02-23T05:27:06.078756Z","provider":"Microsoft-Windows-Security-SPP","channel":"Application","computer":"Niaina","task_id":0,"keywords":36028797018963968,"user_id":null,"data":{"Data":{"#text":["OfficeA3072B8F-ADCC-4E75-8D62-FDEB9BDFAE57 PPD License","053f890f-7ba6-c3d9-1a4d-3f68fb930e84"]},"Binary":null},"raw_xml":null,"source_file":null,"sigma_matches":[]},
{"record_id":2072,"event_id":1004,"level":"Information","timestamp":"2026-02-23T05:27:06.196615Z","provider":"Microsoft-Windows-Security-SPP","channel":"Application","computer":"Niaina","task_id":0,"keywords":36028797018963968,"user_id":null,"data":{"Data":{"#text":["Office 19 Publishing License (Public)","0e48f746-7b41-40fd-a4d5-fbdbccda0068"]},"Binary":null},"raw_xml":null,"source_file":null,"sigma_matches":[]},
{"record_id":2073,"event_id":1004,"level":"Information","timestamp":"2026-02-23T05:27:06.197884Z","provider":"Microsoft-Windows-Security-SPP","channel":"Application","computer":"Niaina","task_id":0,"keywords":36028797018963968,"user_id":null,"data":{"Data":{"#text":["Office 19 Publishing License (Private)","67c00957-c0d2-4bf6-9e4e-58b1ad3ccaf7"]},"Binary":null},"raw_xml":null,"source_file":null,"sigma_matches":[]},
{"record_id":2074,"event_id":1004,"level":"Information","timestamp":"2026-02-23T05:27:06.374490Z","provider":"Microsoft-Windows-Security-SPP","channel":"Application","computer":"Niaina","task_id":0,"keywords":36028797018963968,"user_id":null,"data":{"Data":{"#text":["Office 19 UL oob License (Public)","0242447f-fff0-4a8e-840e-9999acfad972"]},"Binary":null},"raw_xml":null,"source_file":null,"sigma_matches":[]},
{"record_id":2075,"event_id":1004,"level":"Information","timestamp":"2026-02-23T05:27:06.376399Z","provider":"Microsoft-Windows-Security-SPP","channel":"Application","computer":"Niaina","task_id":0,"keywords":36028797018963968,"user_id":null,"data":{"Data":{"#text":["Office 19 UL oob License (Private)","81930ada-b6b3-4683-8d93-eb03316c1ad4"]},"Binary":null},"raw_xml":null,"source_file":null,"sigma_matches":[]},
{"record_id":2076,"event_id":1004,"level":"Information","timestamp":"2026-02-23T05:27:06.571316Z","provider":"Microsoft-Windows-Security-SPP","channel":"Application","computer":"Niaina","task_id":0,"keywords":36028797018963968,"user_id":null,"data":{"Data":{"#text":["OfficeE18C439E-424A-4E83-8F1B-5F9DD021B38D PPD License","1227739c-3234-1f8f-0d5c-6e1c8bd7fd2a"]},"Binary":null},"raw_xml":null,"source_file":null,"sigma_matches":[]},
{"record_id":2077,"event_id":1004,"level":"Information","timestamp":"2026-02-23T05:27:06.679704Z","provider":"Microsoft-Windows-Security-SPP","channel":"Application","computer":"Niaina","task_id":0,"keywords":36028797018963968,"user_id":null,"data":{"Data":{"#text":["Office 19 Publishing License (Public)","cee46be3-8345-44c9-94a3-36b642728435"]},"Binary":null},"raw_xml":null,"source_file":null,"sigma_matches":[]},
{"record_id":2078,"event_id":1004,"level":"Information","timestamp":"2026-02-23T05:27:06.680562Z","provider":"Microsoft-Windows-Security-SPP","channel":"Application","computer":"Niaina","task_id":0,"keywords":36028797018963968,"user_id":null,"data":{"Data":{"#text":["Office 19 Publishing License (Private)","c091a298-8a46-4d4c-aa08-1ef3aa563d9e"]},"Binary":null},"raw_xml":null,"source_file":null,"sigma_matches":[]},
{"record_id":2079,"event_id":1004,"level":"Information","timestamp":"2026-02-23T05:27:06.915838Z","provider":"Microsoft-Windows-Security-SPP","channel":"Application","computer":"Niaina","task_id":0,"keywords":36028797018963968,"user_id":null,"data":{"Data":{"#text":["Office 19 UL oob License (Public)","aa02ced5-ba63-4419-b55b-4054fdc34bbf"]},"Binary":null},"raw_xml":null,"source_file":null,"sigma_matches":[]},
{"record_id":2080,"event_id":1004,"level":"Information","timestamp":"2026-02-23T05:27:06.917088Z","provider":"Microsoft-Windows-Security-SPP","channel":"Application","computer":"Niaina","task_id":0,"keywords":36028797018963968,"user_id":null,"data":{"Data":{"#text":["Office 19 UL oob License (Private)","3ea08bd3-0b22-407d-8311-621d5ca2b392"]},"Binary":null},"raw_xml":null,"source_file":null,"sigma_matches":[]},
{"record_id":2081,"event_id":1004,"level":"Information","timestamp":"2026-02-23T05:27:07.055019Z","provider":"Microsoft-Windows-Security-SPP","channel":"Application","computer":"Niaina","task_id":0,"keywords":36028797018963968,"user_id":null,"data":{"Data":{"#text":["Office83BD3F0A-A827-46C9-8B30-3F73BF933CFE PPD License","ed45a917-31b6-ee0c-0dbb-c2bcf1f3c7b4"]},"Binary":null},"raw_xml":null,"source_file":null,"sigma_matches":[]},
{"record_id":2082,"event_id":1004,"level":"Information","timestamp":"2026-02-23T05:27:07.186263Z","provider":"Microsoft-Windows-Security-SPP","channel":"Application","computer":"Niaina","task_id":0,"keywords":36028797018963968,"user_id":null,"data":{"Data":{"#text":["Office 24 UL oob License (Public)","3ce39260-d1a9-4175-80cc-2e181afc38cd"]},"Binary":null},"raw_xml":null,"source_file":null,"sigma_matches":[]},
{"record_id":2083,"event_id":1004,"level":"Information","timestamp":"2026-02-23T05:27:07.187018Z","provider":"Microsoft-Windows-Security-SPP","channel":"Application","computer":"Niaina","task_id":0,"keywords":36028797018963968,"user_id":null,"data":{"Data":{"#text":["Office 24 UL oob License (Private)","6bfba4c7-4403-4dfd-970d-ff18ad0fe6b2"]},"Binary":null},"raw_xml":null,"source_file":null,"sigma_matches":[]},
{"record_id":2084,"event_id":1004,"level":"Information","timestamp":"2026-02-23T05:27:07.354020Z","provider":"Microsoft-Windows-Security-SPP","channel":"Application","computer":"Niaina","task_id":0,"keywords":36028797018963968,"user_id":null,"data":{"Data":{"#text":["Office24996154-F927-413F-B2D5-C81882464EE3 PPD License","9daf001b-a3d4-715a-a9f8-5fedd0199a99"]},"Binary":null},"raw_xml":null,"source_file":null,"sigma_matches":[]},
{"record_id":2085,"event_id":1004,"level":"Information","timestamp":"2026-02-23T05:27:07.496268Z","provider":"Microsoft-Windows-Security-SPP","channel":"Application","computer":"Niaina","task_id":0,"keywords":36028797018963968,"user_id":null,"data":{"Data":{"#text":["Office 24 Publishing License (Public)","ec4412ce-9478-4624-92ed-b0187dd995d7"]},"Binary":null},"raw_xml":null,"source_file":null,"sigma_matches":[]},
{"record_id":2086,"event_id":1004,"level":"Information","timestamp":"2026-02-23T05:27:07.497200Z","provider":"Microsoft-Windows-Security-SPP","channel":"Application","computer":"Niaina","task_id":0,"keywords":36028797018963968,"user_id":null,"data":{"Data":{"#text":["Office 24 Publishing License (Private)","c1888525-e6bc-48ac-8c35-4d4131f5a8e1"]},"Binary":null},"raw_xml":null,"source_file":null,"sigma_matches":[]},
{"record_id":2087,"event_id":1004,"level":"Information","timestamp":"2026-02-23T05:27:07.717605Z","provider":"Microsoft-Windows-Security-SPP","channel":"Application","computer":"Niaina","task_id":0,"keywords":36028797018963968,"user_id":null,"data":{"Data":{"#text":["Office 24 UL phone License (Public)","eb1b706d-73e4-432b-b200-6edab02167eb"]},"Binary":null},"raw_xml":null,"source_file":null,"sigma_matches":[]},
{"record_id":2088,"event_id":1004,"level":"Information","timestamp":"2026-02-23T05:27:07.718408Z","provider":"Microsoft-Windows-Security-SPP","channel":"Application","computer":"Niaina","task_id":0,"keywords":36028797018963968,"user_id":null,"data":{"Data":{"#text":["Office 24 UL phone License (Private)","ef8c77b6-541a-426e-979c-c09791b2cb17"]},"Binary":null},"raw_xml":null,"source_file":null,"sigma_matches":[]},
{"record_id":2089,"event_id":1004,"level":"Information","timestamp":"2026-02-23T05:27:07.863707Z","provider":"Microsoft-Windows-Security-SPP","channel":"Application","computer":"Niaina","task_id":0,"keywords":36028797018963968,"user_id":null,"data":{"Data":{"#text":["Office 24 UL oob License (Public)","9aa712e5-3b28-4c03-b0f5-1f65311d46d7"]},"Binary":null},"raw_xml":null,"source_file":null,"sigma_matches":[]},
{"record_id":2090,"event_id":1004,"level":"Information","timestamp":"2026-02-23T05:27:07.864669Z","provider":"Microsoft-Windows-Security-SPP","channel":"Application","computer":"Niaina","task_id":0,"keywords":36028797018963968,"user_id":null,"data":{"Data":{"#text":["Office 24 UL oob License (Private)","57408032-0586-43b8-808d-23a4d727ce94"]},"Binary":null},"raw_xml":null,"source_file":null,"sigma_matches":[]},
{"record_id":2091,"event_id":1004,"level":"Information","timestamp":"2026-02-23T05:27:08.004640Z","provider":"Microsoft-Windows-Security-SPP","channel":"Application","computer":"Niaina","task_id":0,"keywords":36028797018963968,"user_id":null,"data":{"Data":{"#text":["OfficeDB249714-BB54-4422-8C78-2CC8D4C4A19F PPD License","2c1b182d-fe40-0263-915e-e69b3fed75f4"]},"Binary":null},"raw_xml":null,"source_file":null,"sigma_matches":[]},
{"record_id":2092,"event_id":8231,"level":"Information","timestamp":"2026-02-23T05:27:22.188447Z","provider":"VSS","channel":"Application","computer":"Niaina","task_id":0,"keywords":36028797018963968,"user_id":null,"data":{"Data":{"#text":["{0709b24e-12c2-4e7a-a55c-360fb2cd5da0}","C:\\WINDOWS\\system32\\DllHost.exe /Processid:{F32D97DF-E3E5-4CB9-9E3E-0EB5B4E49801}","dllhost.exe","svchost.exe","services.exe"]},"Binary":null},"raw_xml":null,"source_file":null,"sigma_matches":[]},
{"record_id":2093,"event_id":8194,"level":"Information","timestamp":"2026-02-23T05:27:24.599974Z","provider":"System Restore","channel":"Application","computer":"Niaina","task_id":0,"keywords":36028797018963968,"user_id":null,"data":{"Data":{"#text":["C:\\WINDOWS\\Temp\\{DFDDFC21-2A18-4A50-960E-35AAF7DD6576}\\.be\\VC_redist.x86.exe -q -burn.elevated BurnPipe.{8B1D6DDB-50D8-4517-970C-C0F2014E2A95} {C0E3546B-DE89-4BB9-AEB2-E4546FBC57E0} 7336","Microsoft Visual C++ 2015-2022 Redistributable (x86) - 14.44.35211"]},"Binary":"0000000067020000590200000000000022CE28677C6DDA79E28C1C000000000000000000"},"raw_xml":null,"source_file":null,"sigma_matches":[]},
{"record_id":2094,"event_id":10003,"level":"Information","timestamp":"2026-02-23T05:27:31.069365Z","provider":"Microsoft-Windows-RestartManager","channel":"Application","computer":"Niaina","task_id":0,"keywords":9223372036854775808,"user_id":"S-1-5-21-3595381792-2646053551-3183893924-1001","data":null,"raw_xml":null,"source_file":null,"sigma_matches":[]},
{"record_id":2095,"event_id":10000,"level":"Information","timestamp":"2026-02-23T05:27:31.392897Z","provider":"Microsoft-Windows-RestartManager","channel":"Application","computer":"Niaina","task_id":0,"keywords":9223372036854775808,"user_id":"S-1-5-21-3595381792-2646053551-3183893924-1001","data":null,"raw_xml":null,"source_file":null,"sigma_matches":[]},
{"record_id":2096,"event_id":1040,"level":"Information","timestamp":"2026-02-23T05:27:33.015247Z","provider":"Microsoft-Windows-Security-SPP","channel":"Application","computer":"Niaina","task_id":0,"keywords":36028797018963968,"user_id":null,"data":{"Data":{"#text":["0ff1ce15-a989-479d-af46-f275c6370663","85dd8b5f-eaa4-4af3-a628-cce9e77c9a03"]},"Binary":"5E0000000A00300000000000000001000200020001000000030001000000BCE9D0A44682989A30B326E51A218E30545FB6D5F8DFFAB00D0001000101000201000301000401000500000601000700000801000901000A01000B00000C0100340000000000000001000200020002000000040001000000BCE9D0A44682989A30B326E51A218E300AFF545FCE95B6D5F8DFFAB0"},"raw_xml":null,"source_file":null,"sigma_matches":[]},
{"record_id":2097,"event_id":1033,"level":"Information","timestamp":"2026-02-23T05:27:33.085898Z","provider":"Microsoft-Windows-Security-SPP","channel":"Application","computer":"Niaina","task_id":0,"keywords":36028797018963968,"user_id":null,"data":{"Data":{"#text":["(Security-SPP-Reserved-EnableNotificationMode) ","0ff1ce15-a989-479d-af46-f275c6370663","85dd8b5f-eaa4-4af3-a628-cce9e77c9a03"]},"Binary":null},"raw_xml":null,"source_file":null,"sigma_matches":[]},
{"record_id":2098,"event_id":1003,"level":"Information","timestamp":"2026-02-23T05:27:33.135539Z","provider":"Microsoft-Windows-Security-SPP","channel":"Application","computer":"Niaina","task_id":0,"keywords":36028797018963968,"user_id":null,"data":{"Data":{"#text":["0ff1ce15-a989-479d-af46-f275c6370663","\n1: 0e26561d-8b88-44cc-b87e-faf56344e5f3, 1, 0 [(0 [0xC004F014, 0, 0], [(?)(?)(?)(?)(?)(?)(?)(?)])(1 )(2 )(3 )]\n2: 1640c37d-e2eb-4785-a70b-3c94a2e9b07e, 1, 0 [(0 [0xC004F014, 0, 0], [(?)(?)(?)(?)(?)(?)(?)(?)])(1 )(2 )(3 )]\n3: 24996154-f927-413f-b2d5-c81882464ee3, 1, 0 [(0 [0xC004F014, 0, 0], [(?)(?)(?)(?)(?)(?)(?)(?)])(1 )(2 )(3 )]\n4: 447effdd-0073-4716-99f3-32ef2e155766, 1, 0 [(0 [0xC004F014, 0, 0], [(?)(?)(?)(?)(?)(?)(?)(?)])(1 )(2 )(3 )]\n5: 4a470b50-4d01-4fe5-910a-51bb0b7eb163, 1, 0 [(0 [0xC004F014, 0, 0], [(?)(?)(?)(?)(?)(?)(?)(?)])(1 )(2 )(3 )]\n6: 52c4d79f-6e1a-45b7-b479-36b666e0a2f8, 1, 0 [(0 [0xC004F014, 0, 0], [(?)(?)(?)(?)(?)(?)(?)(?)])(1 )(2 )(3 )]\n7: 5f472f1e-eb0a-4170-98e2-fb9e7f6ff535, 1, 0 [(0 [0xC004F014, 0, 0], [(?)(?)(?)(?)(?)(?)(?)(?)])(1 )(2 )(3 )]\n8: 6755c7a7-4dfe-46f5-bce8-427be8e9dc62, 1, 0 [(0 [0xC004F014, 0, 0], [(?)(?)(?)(?)(?)(?)(?)(?)])(1 )(2 )(3 )]\n9: 6bd3e147-ff80-44fd-a3a6-b8e5e4fa9ade, 1, 0 [(0 [0xC004F014, 0, 0], [(?)(?)(?)(?)(?)(?)(?)(?)])(1 )(2 )(3 )]\n10: 83bd3f0a-a827-46c9-8b30-3f73bf933cfe, 1, 0 [(0 [0xC004F014, 0, 0], [(?)(?)(?)(?)(?)(?)(?)(?)])(1 )(2 )(3 )]\n11: 85dd8b5f-eaa4-4af3-a628-cce9e77c9a03, 1, 0 [(0 [0x00000000, 1, 0], [(?)( 1 0x00000000)(?)( 2 0x00000000 0 0 msft:rm/algorithm/volume/1.0 0x00000000 254072)(?)(?)(?)(?)])(1 )(2 )(3 )]\n12: a3072b8f-adcc-4e75-8d62-fdeb9bdfae57, 1, 0 [(0 [0xC004F014, 0, 0], [(?)(?)(?)(?)(?)(?)(?)(?)])(1 )(2 )(3 )]\n13: c3b2612d-58ee-4d9b-ad9d-7568decb29f7, 1, 0 [(0 [0xC004F014, 0, 0], [(?)(?)(?)(?)(?)(?)(?)(?)])(1 )(2 )(3 )]\n14: cbcaf071-b911-40a1-a6c1-7becca481910, 1, 0 [(0 [0xC004F014, 0, 0], [(?)(?)(?)(?)(?)(?)(?)(?)])(1 )(2 )(3 )]\n15: cdbd81ef-bb2c-41cc-bb3e-ca6366f3f176, 1, 0 [(0 [0xC004F014, 0, 0], [(?)(?)(?)(?)(?)(?)(?)(?)])(1 )(2 )(3 )]\n16: db249714-bb54-4422-8c78-2cc8d4c4a19f, 1, 0 [(0 [0xC004F014, 0, 0], [(?)(?)(?)(?)(?)(?)(?)(?)])(1 )(2 )(3 )]\n17: e18c439e-424a-4e83-8f1b-5f9dd021b38d, 1, 0 [(0 [0xC004F014, 0, 0], [(?)(?)(?)(?)(?)(?)(?)(?)])(1 )(2 )(3 )]\n\n"]},"Binary":null},"raw_xml":null,"source_file":null,"sigma_matches":[]},
{"record_id":2099,"event_id":10005,"level":"Information","timestamp":"2026-02-23T05:27:33.041705Z","provider":"Microsoft-Windows-RestartManager","channel":"Application","computer":"Niaina","task_id":0,"keywords":9223372036854775808,"user_id":"S-1-5-21-3595381792-2646053551-3183893924-1001","data":null,"raw_xml":null,"source_file":null,"sigma_matches":[]},
{"record_id":2100,"event_id":1013,"level":"Information","timestamp":"2026-02-23T05:27:43.852536Z","provider":"Microsoft-Windows-Search","channel":"Application","computer":"Niaina","task_id":1,"keywords":36028797018963968,"user_id":null,"data":{"ExtraInfo":"\n"},"raw_xml":null,"source_file":null,"sigma_matches":[]},
{"record_id":2101,"event_id":8300,"level":"Information","timestamp":"2026-02-23T05:27:42.904739Z","provider":"Microsoft-Windows-System-Restore","channel":"Application","computer":"Niaina","task_id":0,"keywords":9223653511831486465,"user_id":"S-1-5-18","data":{"SnapshotPath":"\\\\?\\GLOBALROOT\\Device\\HarddiskVolumeShadowCopy2"},"raw_xml":null,"source_file":null,"sigma_matches":[]},
