{"record_id":841,"event_id":1003,"level":"Information","timestamp":"2026-02-20T08:56:01.592239Z","provider":"Microsoft-Windows-Security-SPP","channel":"Application","computer":"Niaina","task_id":0,"keywords":36028797018963968,"user_id":null,"data":{"Data":{"#text":["0ff1ce15-a989-479d-af46-f275c6370663","\n1: 0e26561d-8b88-44cc-b87e-faf56344e5f3, 1, 0 [(0 [0xC004F014, 0, 0], [(?)(?)(?)(?)(?)(?)(?)(?)])(1 )(2 )(3 )]\n2: 1640c37d-e2eb-4785-a70b-3c94a2e9b07e, 1, 0 [(0 [0xC004F014, 0, 0], [(?)(?)(?)(?)(?)(?)(?)(?)])(1 )(2 )(3 )]\n3: 24996154-f927-413f-b2d5-c81882464ee3, 1, 0 [(0 [0xC004F014, 0, 0], [(?)(?)(?)(?)(?)(?)(?)(?)])(1 )(2 )(3 )]\n4: 447effdd-0073-4716-99f3-32ef2e155766, 1, 0 [(0 [0xC004F014, 0, 0], [(?)(?)(?)(?)(?)(?)(?)(?)])(1 )(2 )(3 )]\n5: 4a470b50-4d01-4fe5-910a-51bb0b7eb163, 1, 0 [(0 [0xC004F014, 0, 0], [(?)(?)(?)(?)(?)(?)(?)(?)])(1 )(2 )(3 )]\n6: 52c4d79f-6e1a-45b7-b479-36b666e0a2f8, 1, 0 [(0 [0xC004F014, 0, 0], [(?)(?)(?)(?)(?)(?)(?)(?)])(1 )(2 )(3 )]\n7: 5f472f1e-eb0a-4170-98e2-fb9e7f6ff535, 1, 0 [(0 [0xC004F014, 0, 0], [(?)(?)(?)(?)(?)(?)(?)(?)])(1 )(2 )(3 )]\n8: 6755c7a7-4dfe-46f5-bce8-427be8e9dc62, 1, 0 [(0 [0xC004F014, 0, 0], [(?)(?)(?)(?)(?)(?)(?)(?)])(1 )(2 )(3 )]\n9: 6bd3e147-ff80-44fd-a3a6-b8e5e4fa9ade, 1, 0 [(0 [0xC004F014, 0, 0], [(?)(?)(?)(?)(?)(?)(?)(?)])(1 )(2 )(3 )]\n10: 83bd3f0a-a827-46c9-8b30-3f73bf933cfe, 1, 0 [(0 [0xC004F014, 0, 0], [(?)(?)(?)(?)(?)(?)(?)(?)])(1 )(2 )(3 )]\n11: 85dd8b5f-eaa4-4af3-a628-cce9e77c9a03, 1, 1 [(0 [0x00000000, 1, 0], [(?)( 1 0x00000000)(?)( 2 0x00000000 0 0 msft:rm/algorithm/volume/1.0 0x00000000 258183)(?)(?)(?)(?)])(1 )(2 )(3 )]\n12: a3072b8f-adcc-4e75-8d62-fdeb9bdfae57, 1, 0 [(0 [0xC004F014, 0, 0], [(?)(?)(?)(?)(?)(?)(?)(?)])(1 )(2 )(3 )]\n13: c3b2612d-58ee-4d9b-ad9d-7568decb29f7, 1, 0 [(0 [0xC004F014, 0, 0], [(?)(?)(?)(?)(?)(?)(?)(?)])(1 )(2 )(3 )]\n14: cbcaf071-b911-40a1-a6c1-7becca481910, 1, 0 [(0 [0xC004F014, 0, 0], [(?)(?)(?)(?)(?)(?)(?)(?)])(1 )(2 )(3 )]\n15: cdbd81ef-bb2c-41cc-bb3e-ca6366f3f176, 1, 0 [(0 [0xC004F014, 0, 0], [(?)(?)(?)(?)(?)(?)(?)(?)])(1 )(2 )(3 )]\n16: db249714-bb54-4422-8c78-2cc8d4c4a19f, 1, 0 [(0 [0xC004F014, 0, 0], [(?)(?)(?)(?)(?)(?)(?)(?)])(1 )(2 )(3 )]\n17: e18c439e-424a-4e83-8f1b-5f9dd021b38d, 1, 0 [(0 [0xC004F014, 0, 0], [(?)(?)(?)(?)(?)(?)(?)(?)])(1 )(2 )(3 )]\n\n"]},"Binary":null},"raw_xml":null,"source_file":null,"sigma_matches":[]},
{"record_id":842,"event_id":100,"level":"Error","timestamp":"2026-02-20T08:56:02.296392Z","provider":"Bonjour Service","channel":"Application","computer":"Niaina","task_id":0,"keywords":36028797018963968,"user_id":null,"data":{"Data":{"#text":"mDNSCoreReceiveResponse: Received from 192.168.88.245:5353   16 Niaina.local. AAAA FE80:0000:0000:0000:5FB6:6328:87CD:3568"},"Binary":null},"raw_xml":null,"source_file":null,"sigma_matches":[]},
{"record_id":843,"event_id":100,"level":"Error","timestamp":"2026-02-20T08:56:02.296744Z","provider":"Bonjour Service","channel":"Application","computer":"Niaina","task_id":0,"keywords":36028797018963968,"user_id":null,"data":{"Data":{"#text":"mDNSCoreReceiveResponse: ProbeCount 2; will deregister    4 Niaina.local. Addr 192.168.88.246"},"Binary":null},"raw_xml":null,"source_file":null,"sigma_matches":[]},
{"record_id":844,"event_id":100,"level":"Error","timestamp":"2026-02-20T08:56:02.296919Z","provider":"Bonjour Service","channel":"Application","computer":"Niaina","task_id":0,"keywords":36028797018963968,"user_id":null,"data":{"Data":{"#text":"Local Hostname Niaina.local already in use; will try Niaina-2.local instead"},"Binary":null},"raw_xml":null,"source_file":null,"sigma_matches":[]},
{"record_id":845,"event_id":16384,"level":"Information","timestamp":"2026-02-20T08:56:52.791809Z","provider":"Microsoft-Windows-Security-SPP","channel":"Application","computer":"Niaina","task_id":0,"keywords":36028797018963968,"user_id":null,"data":{"Data":{"#text":["2026-05-20T15:57:52Z","RulesEngine"]},"Binary":null},"raw_xml":null,"source_file":null,"sigma_matches":[]},
{"record_id":846,"event_id":903,"level":"Information","timestamp":"2026-02-20T08:56:52.843316Z","provider":"Microsoft-Windows-Security-SPP","channel":"Application","computer":"Niaina","task_id":0,"keywords":36028797018963968,"user_id":null,"data":{"Data":{"#text":""},"Binary":null},"raw_xml":null,"source_file":null,"sigma_matches":[]},
{"record_id":847,"event_id":0,"level":"Information","timestamp":"2026-02-20T08:56:59.765505Z","provider":"edgeupdate","channel":"Application","computer":"Niaina","task_id":0,"keywords":36028797018963968,"user_id":null,"data":{"Data":{"#text":"Service stopped"},"Binary":null},"raw_xml":null,"source_file":null,"sigma_matches":[]},
{"record_id":848,"event_id":900,"level":"Information","timestamp":"2026-02-20T08:57:03.785332Z","provider":"Microsoft-Windows-Security-SPP","channel":"Application","computer":"Niaina","task_id":0,"keywords":36028797018963968,"user_id":null,"data":{"Data":{"#text":"<explicit>"},"Binary":null},"raw_xml":null,"source_file":null,"sigma_matches":[]},
{"record_id":849,"event_id":16394,"level":"Information","timestamp":"2026-02-20T08:57:03.978705Z","provider":"Microsoft-Windows-Security-SPP","channel":"Application","computer":"Niaina","task_id":0,"keywords":36028797018963968,"user_id":null,"data":{"Data":{"#text":""},"Binary":null},"raw_xml":null,"source_file":null,"sigma_matches":[]},
{"record_id":850,"event_id":1,"level":"Information","timestamp":"2026-02-20T08:57:08.146652Z","provider":"SecurityCenter","channel":"Application","computer":"Niaina","task_id":0,"keywords":36028797018963968,"user_id":null,"data":{"Data":{"#text":""},"Binary":null},"raw_xml":null,"source_file":null,"sigma_matches":[]},
{"record_id":851,"event_id":15,"level":"Information","timestamp":"2026-02-20T08:57:10.213737Z","provider":"SecurityCenter","channel":"Application","computer":"Niaina","task_id":0,"keywords":36028797018963968,"user_id":null,"data":{"Data":{"#text":["Windows Defender","SECURITY_PRODUCT_STATE_ON"]},"Binary":null},"raw_xml":null,"source_file":null,"sigma_matches":[]},
{"record_id":852,"event_id":16384,"level":"Information","timestamp":"2026-02-20T08:57:36.326923Z","provider":"Microsoft-Windows-Security-SPP","channel":"Application","computer":"Niaina","task_id":0,"keywords":36028797018963968,"user_id":null,"data":{"Data":{"#text":["2026-05-20T15:58:36Z","RulesEngine"]},"Binary":null},"raw_xml":null,"source_file":null,"sigma_matches":[]},
{"record_id":853,"event_id":16394,"level":"Information","timestamp":"2026-02-20T08:59:08.685794Z","provider":"Microsoft-Windows-Security-SPP","channel":"Application","computer":"Niaina","task_id":0,"keywords":36028797018963968,"user_id":null,"data":{"Data":{"#text":""},"Binary":null},"raw_xml":null,"source_file":null,"sigma_matches":[]},
{"record_id":854,"event_id":16384,"level":"Information","timestamp":"2026-02-20T08:59:58.742086Z","provider":"Microsoft-Windows-Security-SPP","channel":"Application","computer":"Niaina","task_id":0,"keywords":36028797018963968,"user_id":null,"data":{"Data":{"#text":["2026-05-20T15:57:58Z","RulesEngine"]},"Binary":null},"raw_xml":null,"source_file":null,"sigma_matches":[]},
{"record_id":855,"event_id":15,"level":"Information","timestamp":"2026-02-20T09:07:55.433246Z","provider":"SecurityCenter","channel":"Application","computer":"Niaina","task_id":0,"keywords":36028797018963968,"user_id":null,"data":{"Data":{"#text":["Windows Defender","SECURITY_PRODUCT_STATE_ON"]},"Binary":null},"raw_xml":null,"source_file":null,"sigma_matches":[]},
{"record_id":856,"event_id":16394,"level":"Information","timestamp":"2026-02-20T09:09:59.263499Z","provider":"Microsoft-Windows-Security-SPP","channel":"Application","computer":"Niaina","task_id":0,"keywords":36028797018963968,"user_id":null,"data":{"Data":{"#text":""},"Binary":null},"raw_xml":null,"source_file":null,"sigma_matches":[]},
{"record_id":857,"event_id":16384,"level":"Information","timestamp":"2026-02-20T09:10:38.184940Z","provider":"Microsoft-Windows-Security-SPP","channel":"Application","computer":"Niaina","task_id":0,"keywords":36028797018963968,"user_id":null,"data":{"Data":{"#text":["2026-05-20T15:58:38Z","RulesEngine"]},"Binary":null},"raw_xml":null,"source_file":null,"sigma_matches":[]},
{"record_id":858,"event_id":16394,"level":"Information","timestamp":"2026-02-20T09:48:11.733496Z","provider":"Microsoft-Windows-Security-SPP","channel":"Application","computer":"Niaina","task_id":0,"keywords":36028797018963968,"user_id":null,"data":{"Data":{"#text":""},"Binary":null},"raw_xml":null,"source_file":null,"sigma_matches":[]},
{"record_id":859,"event_id":16384,"level":"Information","timestamp":"2026-02-20T09:48:42.049060Z","provider":"Microsoft-Windows-Security-SPP","channel":"Application","computer":"Niaina","task_id":0,"keywords":36028797018963968,"user_id":null,"data":{"Data":{"#text":["2026-05-20T15:58:42Z","RulesEngine"]},"Binary":null},"raw_xml":null,"source_file":null,"sigma_matches":[]},
{"record_id":860,"event_id":0,"level":"Information","timestamp":"2026-02-20T09:54:11.613467Z","provider":"edgeupdate","channel":"Application","computer":"Niaina","task_id":0,"keywords":36028797018963968,"user_id":null,"data":{"Data":{"#text":"Service stopped"},"Binary":null},"raw_xml":null,"source_file":null,"sigma_matches":[]},
{"record_id":861,"event_id":16394,"level":"Information","timestamp":"2026-02-20T09:55:48.763278Z","provider":"Microsoft-Windows-Security-SPP","channel":"Application","computer":"Niaina","task_id":0,"keywords":36028797018963968,"user_id":null,"data":{"Data":{"#text":""},"Binary":null},"raw_xml":null,"source_file":null,"sigma_matches":[]},
{"record_id":862,"event_id":256,"level":"Information","timestamp":"2026-02-20T09:55:56.970226Z","provider":"Edge","channel":"Application","computer":"Niaina","task_id":1,"keywords":36028797018963968,"user_id":"S-1-5-21-3595381792-2646053551-3183893924-1001","data":{"Data":{"#text":"[7872:8124:0220/125556.969:INFO:chrome\\browser\\extensions\\extension_garbage_collector.cc:188] Garbage collection for extensions on file thread is complete."},"Binary":null},"raw_xml":null,"source_file":null,"sigma_matches":[]},
{"record_id":863,"event_id":16384,"level":"Information","timestamp":"2026-02-20T09:56:19.038333Z","provider":"Microsoft-Windows-Security-SPP","channel":"Application","computer":"Niaina","task_id":0,"keywords":36028797018963968,"user_id":null,"data":{"Data":{"#text":["2026-05-20T15:58:19Z","RulesEngine"]},"Binary":null},"raw_xml":null,"source_file":null,"sigma_matches":[]},
{"record_id":864,"event_id":508,"level":"Warning","timestamp":"2026-02-20T09:59:58.194264Z","provider":"ESENT","channel":"Application","computer":"Niaina","task_id":7,"keywords":36028797018963968,"user_id":null,"data":{"Data":{"#text":["svchost","4516,T,97,0","SRUJet: ","C:\\WINDOWS\\system32\\SRU\\SRU.chk","0 (0x0000000000000000)","4096 (0x00001000)","25"]},"Binary":null},"raw_xml":null,"source_file":null,"sigma_matches":[]},
{"record_id":865,"event_id":16394,"level":"Information","timestamp":"2026-02-20T10:06:09.033713Z","provider":"Microsoft-Windows-Security-SPP","channel":"Application","computer":"Niaina","task_id":0,"keywords":36028797018963968,"user_id":null,"data":{"Data":{"#text":""},"Binary":null},"raw_xml":null,"source_file":null,"sigma_matches":[]},
{"record_id":866,"event_id":16384,"level":"Information","timestamp":"2026-02-20T10:06:39.356340Z","provider":"Microsoft-Windows-Security-SPP","channel":"Application","computer":"Niaina","task_id":0,"keywords":36028797018963968,"user_id":null,"data":{"Data":{"#text":["2026-05-20T15:58:39Z","RulesEngine"]},"Binary":null},"raw_xml":null,"source_file":null,"sigma_matches":[]},
{"record_id":867,"event_id":16394,"level":"Information","timestamp":"2026-02-20T10:10:56.901647Z","provider":"Microsoft-Windows-Security-SPP","channel":"Application","computer":"Niaina","task_id":0,"keywords":36028797018963968,"user_id":null,"data":{"Data":{"#text":""},"Binary":null},"raw_xml":null,"source_file":null,"sigma_matches":[]},
{"record_id":868,"event_id":16384,"level":"Information","timestamp":"2026-02-20T10:11:27.190702Z","provider":"Microsoft-Windows-Security-SPP","channel":"Application","computer":"Niaina","task_id":0,"keywords":36028797018963968,"user_id":null,"data":{"Data":{"#text":["2026-05-20T15:58:27Z","RulesEngine"]},"Binary":null},"raw_xml":null,"source_file":null,"sigma_matches":[]},
{"record_id":869,"event_id":16394,"level":"Information","timestamp":"2026-02-20T10:14:30.777833Z","provider":"Microsoft-Windows-Security-SPP","channel":"Application","computer":"Niaina","task_id":0,"keywords":36028797018963968,"user_id":null,"data":{"Data":{"#text":""},"Binary":null},"raw_xml":null,"source_file":null,"sigma_matches":[]},
{"record_id":870,"event_id":16384,"level":"Information","timestamp":"2026-02-20T10:15:01.045359Z","provider":"Microsoft-Windows-Security-SPP","channel":"Application","computer":"Niaina","task_id":0,"keywords":36028797018963968,"user_id":null,"data":{"Data":{"#text":["2026-05-20T15:58:01Z","RulesEngine"]},"Binary":null},"raw_xml":null,"source_file":null,"sigma_matches":[]},
{"record_id":871,"event_id":2562,"level":"Information","timestamp":"2026-02-20T10:22:02.358107Z","provider":"Microsoft-Windows-AppXDeploymentServer/Operational","channel":"Application","computer":"Niaina","task_id":0,"keywords":36028797018963968,"user_id":null,"data":{"Data":{"#text":["MSIXDeployment","windows.applicationData","DeleteMachineFolder","Package Microsoft.MicrosoftOfficeHub_19.2602.43241.0_neutral_split.scale-125_8wekyb3d8bbwe removed machine folder C:\\ProgramData\\Microsoft\\Windows\\AppRepository\\Families\\ApplicationData\\Microsoft.MicrosoftOfficeHub_8wekyb3d8bbwe: Le chemin d’accès spécifié est introuvable."]},"Binary":null},"raw_xml":null,"source_file":null,"sigma_matches":[]},
{"record_id":872,"event_id":8216,"level":"Information","timestamp":"2026-02-20T10:22:05.177146Z","provider":"System Restore","channel":"Application","computer":"Niaina","task_id":0,"keywords":36028797018963968,"user_id":null,"data":{"Data":{"#text":["C:\\WINDOWS\\system32\\svchost.exe -k netsvcs -p -s wuauserv","Windows Update"]},"Binary":"0000000063020000590200000000000022CE28677C6DDA79E28C1C000000000000000000"},"raw_xml":null,"source_file":null,"sigma_matches":[]},
{"record_id":873,"event_id":2562,"level":"Information","timestamp":"2026-02-20T10:22:06.808410Z","provider":"Microsoft-Windows-AppXDeploymentServer/Operational","channel":"Application","computer":"Niaina","task_id":0,"keywords":36028797018963968,"user_id":null,"data":{"Data":{"#text":["MSIXDeployment","windows.applicationData","DeleteMachineFolder","Package Microsoft.MicrosoftOfficeHub_19.2602.43241.0_x64__8wekyb3d8bbwe removed machine folder C:\\ProgramData\\Microsoft\\Windows\\AppRepository\\Families\\ApplicationData\\Microsoft.MicrosoftOfficeHub_8wekyb3d8bbwe: Le chemin d’accès spécifié est introuvable."]},"Binary":null},"raw_xml":null,"source_file":null,"sigma_matches":[]},
{"record_id":874,"event_id":2562,"level":"Information","timestamp":"2026-02-20T10:22:06.808750Z","provider":"Microsoft-Windows-AppXDeploymentServer/Operational","channel":"Application","computer":"Niaina","task_id":0,"keywords":36028797018963968,"user_id":null,"data":{"Data":{"#text":["MSIXDeployment","windows.applicationData","DeleteMachineFolder","Package Microsoft.MicrosoftOfficeHub_19.2602.43241.0_neutral_split.language-fr_8wekyb3d8bbwe removed machine folder C:\\ProgramData\\Microsoft\\Windows\\AppRepository\\Families\\ApplicationData\\Microsoft.MicrosoftOfficeHub_8wekyb3d8bbwe: Le chemin d’accès spécifié est introuvable."]},"Binary":null},"raw_xml":null,"source_file":null,"sigma_matches":[]},
{"record_id":875,"event_id":2562,"level":"Information","timestamp":"2026-02-20T10:22:06.808947Z","provider":"Microsoft-Windows-AppXDeploymentServer/Operational","channel":"Application","computer":"Niaina","task_id":0,"keywords":36028797018963968,"user_id":null,"data":{"Data":{"#text":["MSIXDeployment","windows.applicationData","DeleteMachineFolder","Package Microsoft.MicrosoftOfficeHub_19.2602.43241.0_neutral_split.scale-100_8wekyb3d8bbwe removed machine folder C:\\ProgramData\\Microsoft\\Windows\\AppRepository\\Families\\ApplicationData\\Microsoft.MicrosoftOfficeHub_8wekyb3d8bbwe: Le chemin d’accès spécifié est introuvable."]},"Binary":null},"raw_xml":null,"source_file":null,"sigma_matches":[]},
{"record_id":876,"event_id":2562,"level":"Information","timestamp":"2026-02-20T10:22:06.809095Z","provider":"Microsoft-Windows-AppXDeploymentServer/Operational","channel":"Application","computer":"Niaina","task_id":0,"keywords":36028797018963968,"user_id":null,"data":{"Data":{"#text":["MSIXDeployment","windows.applicationData","DeleteMachineFolder","Package Microsoft.MicrosoftOfficeHub_19.2602.43241.0_neutral_split.scale-150_8wekyb3d8bbwe removed machine folder C:\\ProgramData\\Microsoft\\Windows\\AppRepository\\Families\\ApplicationData\\Microsoft.MicrosoftOfficeHub_8wekyb3d8bbwe: Le chemin d’accès spécifié est introuvable."]},"Binary":null},"raw_xml":null,"source_file":null,"sigma_matches":[]},
{"record_id":877,"event_id":8224,"level":"Information","timestamp":"2026-02-20T10:25:05.169366Z","provider":"VSS","channel":"Application","computer":"Niaina","task_id":0,"keywords":36028797018963968,"user_id":null,"data":{"Data":{"#text":""},"Binary":"2D20436F64653A2020434F525356434330303030303737322D2043616C6C3A2020434F525356434330303030303735342D205049443A202030303030333733322D205449443A202030303031363932382D20434D443A2020433A5C57494E444F57535C73797374656D33325C76737376632E6578652020202D20557365723A204E616D653A204155544F52495445204E545C53797374E86D652C205349443A532D312D352D313820"},"raw_xml":null,"source_file":null,"sigma_matches":[]},
{"record_id":878,"event_id":16394,"level":"Information","timestamp":"2026-02-20T10:52:50.066207Z","provider":"Microsoft-Windows-Security-SPP","channel":"Application","computer":"Niaina","task_id":0,"keywords":36028797018963968,"user_id":null,"data":{"Data":{"#text":""},"Binary":null},"raw_xml":null,"source_file":null,"sigma_matches":[]},
{"record_id":879,"event_id":16384,"level":"Information","timestamp":"2026-02-20T10:53:20.349145Z","provider":"Microsoft-Windows-Security-SPP","channel":"Application","computer":"Niaina","task_id":0,"keywords":36028797018963968,"user_id":null,"data":{"Data":{"#text":["2026-05-20T15:58:20Z","RulesEngine"]},"Binary":null},"raw_xml":null,"source_file":null,"sigma_matches":[]},
{"record_id":880,"event_id":16394,"level":"Information","timestamp":"2026-02-20T10:57:18.066993Z","provider":"Microsoft-Windows-Security-SPP","channel":"Application","computer":"Niaina","task_id":0,"keywords":36028797018963968,"user_id":null,"data":{"Data":{"#text":""},"Binary":null},"raw_xml":null,"source_file":null,"sigma_matches":[]},
{"record_id":881,"event_id":16384,"level":"Information","timestamp":"2026-02-20T10:57:48.352979Z","provider":"Microsoft-Windows-Security-SPP","channel":"Application","computer":"Niaina","task_id":0,"keywords":36028797018963968,"user_id":null,"data":{"Data":{"#text":["2026-05-20T15:57:48Z","RulesEngine"]},"Binary":null},"raw_xml":null,"source_file":null,"sigma_matches":[]},
{"record_id":882,"event_id":16394,"level":"Information","timestamp":"2026-02-20T11:06:31.866092Z","provider":"Microsoft-Windows-Security-SPP","channel":"Application","computer":"Niaina","task_id":0,"keywords":36028797018963968,"user_id":null,"data":{"Data":{"#text":""},"Binary":null},"raw_xml":null,"source_file":null,"sigma_matches":[]},
{"record_id":883,"event_id":16384,"level":"Information","timestamp":"2026-02-20T11:07:02.126563Z","provider":"Microsoft-Windows-Security-SPP","channel":"Application","computer":"Niaina","task_id":0,"keywords":36028797018963968,"user_id":null,"data":{"Data":{"#text":["2026-05-20T15:58:02Z","RulesEngine"]},"Binary":null},"raw_xml":null,"source_file":null,"sigma_matches":[]},
{"record_id":884,"event_id":16394,"level":"Information","timestamp":"2026-02-20T11:45:45.419718Z","provider":"Microsoft-Windows-Security-SPP","channel":"Application","computer":"Niaina","task_id":0,"keywords":36028797018963968,"user_id":null,"data":{"Data":{"#text":""},"Binary":null},"raw_xml":null,"source_file":null,"sigma_matches":[]},
{"record_id":885,"event_id":16384,"level":"Information","timestamp":"2026-02-20T11:46:15.697067Z","provider":"Microsoft-Windows-Security-SPP","channel":"Application","computer":"Niaina","task_id":0,"keywords":36028797018963968,"user_id":null,"data":{"Data":{"#text":["2026-05-20T15:58:15Z","RulesEngine"]},"Binary":null},"raw_xml":null,"source_file":null,"sigma_matches":[]},
{"record_id":886,"event_id":100,"level":"Error","timestamp":"2026-02-20T11:51:52.974264Z","provider":"Bonjour Service","channel":"Application","computer":"Niaina","task_id":0,"keywords":36028797018963968,"user_id":null,"data":{"Data":{"#text":"mDNSCoreReceiveResponse: Received from 192.168.88.248:5353   16 Niaina.local. AAAA FE80:0000:0000:0000:F59E:2296:BDD0:7541"},"Binary":null},"raw_xml":null,"source_file":null,"sigma_matches":[]},
{"record_id":887,"event_id":100,"level":"Error","timestamp":"2026-02-20T11:51:52.975004Z","provider":"Bonjour Service","channel":"Application","computer":"Niaina","task_id":0,"keywords":36028797018963968,"user_id":null,"data":{"Data":{"#text":"mDNSCoreReceiveResponse: Resetting to Probing:    4 Niaina.local. Addr 192.168.88.246"},"Binary":null},"raw_xml":null,"source_file":null,"sigma_matches":[]},
{"record_id":888,"event_id":100,"level":"Error","timestamp":"2026-02-20T11:51:52.975237Z","provider":"Bonjour Service","channel":"Application","computer":"Niaina","task_id":0,"keywords":36028797018963968,"user_id":null,"data":{"Data":{"#text":"mDNSCoreReceiveResponse: Received from 192.168.88.248:5353   16 Niaina.local. AAAA FE80:0000:0000:0000:F59E:2296:BDD0:7541"},"Binary":null},"raw_xml":null,"source_file":null,"sigma_matches":[]},
{"record_id":889,"event_id":100,"level":"Error","timestamp":"2026-02-20T11:51:52.975392Z","provider":"Bonjour Service","channel":"Application","computer":"Niaina","task_id":0,"keywords":36028797018963968,"user_id":null,"data":{"Data":{"#text":"mDNSCoreReceiveResponse: Resetting to Probing:   16 Niaina.local. AAAA FE80:0000:0000:0000:17AB:865F:3358:A307"},"Binary":null},"raw_xml":null,"source_file":null,"sigma_matches":[]},
{"record_id":890,"event_id":100,"level":"Error","timestamp":"2026-02-20T11:51:53.195524Z","provider":"Bonjour Service","channel":"Application","computer":"Niaina","task_id":0,"keywords":36028797018963968,"user_id":null,"data":{"Data":{"#text":"mDNSCoreReceiveResponse: Received from 192.168.88.248:5353   16 Niaina.local. AAAA FE80:0000:0000:0000:F59E:2296:BDD0:7541"},"Binary":null},"raw_xml":null,"source_file":null,"sigma_matches":[]},
{"record_id":891,"event_id":100,"level":"Error","timestamp":"2026-02-20T11:51:53.195727Z","provider":"Bonjour Service","channel":"Application","computer":"Niaina","task_id":0,"keywords":36028797018963968,"user_id":null,"data":{"Data":{"#text":"mDNSCoreReceiveResponse: ProbeCount 2; will deregister    4 Niaina.local. Addr 192.168.88.246"},"Binary":null},"raw_xml":null,"source_file":null,"sigma_matches":[]},
{"record_id":892,"event_id":100,"level":"Error","timestamp":"2026-02-20T11:51:53.195833Z","provider":"Bonjour Service","channel":"Application","computer":"Niaina","task_id":0,"keywords":36028797018963968,"user_id":null,"data":{"Data":{"#text":"Local Hostname Niaina.local already in use; will try Niaina-2.local instead"},"Binary":null},"raw_xml":null,"source_file":null,"sigma_matches":[]},
{"record_id":893,"event_id":16394,"level":"Information","timestamp":"2026-02-20T12:01:58.332611Z","provider":"Microsoft-Windows-Security-SPP","channel":"Application","computer":"Niaina","task_id":0,"keywords":36028797018963968,"user_id":null,"data":{"Data":{"#text":""},"Binary":null},"raw_xml":null,"source_file":null,"sigma_matches":[]},
{"record_id":894,"event_id":16384,"level":"Information","timestamp":"2026-02-20T12:02:28.612032Z","provider":"Microsoft-Windows-Security-SPP","channel":"Application","computer":"Niaina","task_id":0,"keywords":36028797018963968,"user_id":null,"data":{"Data":{"#text":["2026-05-20T15:58:28Z","RulesEngine"]},"Binary":null},"raw_xml":null,"source_file":null,"sigma_matches":[]},
{"record_id":895,"event_id":16394,"level":"Information","timestamp":"2026-02-20T12:13:48.927942Z","provider":"Microsoft-Windows-Security-SPP","channel":"Application","computer":"Niaina","task_id":0,"keywords":36028797018963968,"user_id":null,"data":{"Data":{"#text":""},"Binary":null},"raw_xml":null,"source_file":null,"sigma_matches":[]},
{"record_id":896,"event_id":16384,"level":"Information","timestamp":"2026-02-20T12:14:19.229037Z","provider":"Microsoft-Windows-Security-SPP","channel":"Application","computer":"Niaina","task_id":0,"keywords":36028797018963968,"user_id":null,"data":{"Data":{"#text":["2026-05-20T15:58:19Z","RulesEngine"]},"Binary":null},"raw_xml":null,"source_file":null,"sigma_matches":[]},
{"record_id":897,"event_id":16394,"level":"Information","timestamp":"2026-02-20T12:44:55.760489Z","provider":"Microsoft-Windows-Security-SPP","channel":"Application","computer":"Niaina","task_id":0,"keywords":36028797018963968,"user_id":null,"data":{"Data":{"#text":""},"Binary":null},"raw_xml":null,"source_file":null,"sigma_matches":[]},
{"record_id":898,"event_id":16384,"level":"Information","timestamp":"2026-02-20T12:45:28.506886Z","provider":"Microsoft-Windows-Security-SPP","channel":"Application","computer":"Niaina","task_id":0,"keywords":36028797018963968,"user_id":null,"data":{"Data":{"#text":["2026-05-20T15:58:28Z","RulesEngine"]},"Binary":null},"raw_xml":null,"source_file":null,"sigma_matches":[]},
{"record_id":899,"event_id":16394,"level":"Information","timestamp":"2026-02-20T13:04:58.977289Z","provider":"Microsoft-Windows-Security-SPP","channel":"Application","computer":"Niaina","task_id":0,"keywords":36028797018963968,"user_id":null,"data":{"Data":{"#text":""},"Binary":null},"raw_xml":null,"source_file":null,"sigma_matches":[]},
{"record_id":900,"event_id":16384,"level":"Information","timestamp":"2026-02-20T13:05:29.101380Z","provider":"Microsoft-Windows-Security-SPP","channel":"Application","computer":"Niaina","task_id":0,"keywords":36028797018963968,"user_id":null,"data":{"Data":{"#text":["2026-05-20T15:58:29Z","RulesEngine"]},"Binary":null},"raw_xml":null,"source_file":null,"sigma_matches":[]},
{"record_id":901,"event_id":16394,"level":"Information","timestamp":"2026-02-20T13:16:26.905402Z","provider":"Microsoft-Windows-Security-SPP","channel":"Application","computer":"Niaina","task_id":0,"keywords":36028797018963968,"user_id":null,"data":{"Data":{"#text":""},"Binary":null},"raw_xml":null,"source_file":null,"sigma_matches":[]},
{"record_id":902,"event_id":16384,"level":"Information","timestamp":"2026-02-20T13:16:57.215738Z","provider":"Microsoft-Windows-Security-SPP","channel":"Application","computer":"Niaina","task_id":0,"keywords":36028797018963968,"user_id":null,"data":{"Data":{"#text":["2026-05-20T15:57:57Z","RulesEngine"]},"Binary":null},"raw_xml":null,"source_file":null,"sigma_matches":[]},
{"record_id":903,"event_id":16394,"level":"Information","timestamp":"2026-02-20T14:05:40.499158Z","provider":"Microsoft-Windows-Security-SPP","channel":"Application","computer":"Niaina","task_id":0,"keywords":36028797018963968,"user_id":null,"data":{"Data":{"#text":""},"Binary":null},"raw_xml":null,"source_file":null,"sigma_matches":[]},
{"record_id":904,"event_id":16384,"level":"Information","timestamp":"2026-02-20T14:06:13.147975Z","provider":"Microsoft-Windows-Security-SPP","channel":"Application","computer":"Niaina","task_id":0,"keywords":36028797018963968,"user_id":null,"data":{"Data":{"#text":["2026-05-20T15:58:13Z","RulesEngine"]},"Binary":null},"raw_xml":null,"source_file":null,"sigma_matches":[]},
{"record_id":905,"event_id":16394,"level":"Information","timestamp":"2026-02-20T14:22:04.272404Z","provider":"Microsoft-Windows-Security-SPP","channel":"Application","computer":"Niaina","task_id":0,"keywords":36028797018963968,"user_id":null,"data":{"Data":{"#text":""},"Binary":null},"raw_xml":null,"source_file":null,"sigma_matches":[]},
{"record_id":906,"event_id":16384,"level":"Information","timestamp":"2026-02-20T17:23:29.518805Z","provider":"Microsoft-Windows-Security-SPP","channel":"Application","computer":"Niaina","task_id":0,"keywords":36028797018963968,"user_id":null,"data":{"Data":{"#text":["2026-05-20T15:58:29Z","RulesEngine"]},"Binary":null},"raw_xml":null,"source_file":null,"sigma_matches":[]},
{"record_id":907,"event_id":16394,"level":"Information","timestamp":"2026-02-20T17:51:24.705007Z","provider":"Microsoft-Windows-Security-SPP","channel":"Application","computer":"Niaina","task_id":0,"keywords":36028797018963968,"user_id":null,"data":{"Data":{"#text":""},"Binary":null},"raw_xml":null,"source_file":null,"sigma_matches":[]},
{"record_id":908,"event_id":16384,"level":"Information","timestamp":"2026-02-20T17:51:55.379944Z","provider":"Microsoft-Windows-Security-SPP","channel":"Application","computer":"Niaina","task_id":0,"keywords":36028797018963968,"user_id":null,"data":{"Data":{"#text":["2026-05-20T15:57:55Z","RulesEngine"]},"Binary":null},"raw_xml":null,"source_file":null,"sigma_matches":[]},
{"record_id":909,"event_id":16394,"level":"Information","timestamp":"2026-02-20T18:38:47.992132Z","provider":"Microsoft-Windows-Security-SPP","channel":"Application","computer":"Niaina","task_id":0,"keywords":36028797018963968,"user_id":null,"data":{"Data":{"#text":""},"Binary":null},"raw_xml":null,"source_file":null,"sigma_matches":[]},
{"record_id":910,"event_id":16384,"level":"Information","timestamp":"2026-02-20T18:39:19.572764Z","provider":"Microsoft-Windows-Security-SPP","channel":"Application","computer":"Niaina","task_id":0,"keywords":36028797018963968,"user_id":null,"data":{"Data":{"#text":["2026-05-20T15:58:19Z","RulesEngine"]},"Binary":null},"raw_xml":null,"source_file":null,"sigma_matches":[]},
{"record_id":911,"event_id":16394,"level":"Information","timestamp":"2026-02-20T19:15:30.509518Z","provider":"Microsoft-Windows-Security-SPP","channel":"Application","computer":"Niaina","task_id":0,"keywords":36028797018963968,"user_id":null,"data":{"Data":{"#text":""},"Binary":null},"raw_xml":null,"source_file":null,"sigma_matches":[]},
{"record_id":912,"event_id":16384,"level":"Information","timestamp":"2026-02-20T19:16:01.003934Z","provider":"Microsoft-Windows-Security-SPP","channel":"Application","computer":"Niaina","task_id":0,"keywords":36028797018963968,"user_id":null,"data":{"Data":{"#text":["2026-05-20T15:58:00Z","RulesEngine"]},"Binary":null},"raw_xml":null,"source_file":null,"sigma_matches":[]},
{"record_id":913,"event_id":16394,"level":"Information","timestamp":"2026-02-20T19:41:54.387340Z","provider":"Microsoft-Windows-Security-SPP","channel":"Application","computer":"Niaina","task_id":0,"keywords":36028797018963968,"user_id":null,"data":{"Data":{"#text":""},"Binary":null},"raw_xml":null,"source_file":null,"sigma_matches":[]},
{"record_id":914,"event_id":16384,"level":"Information","timestamp":"2026-02-20T19:42:24.799188Z","provider":"Microsoft-Windows-Security-SPP","channel":"Application","computer":"Niaina","task_id":0,"keywords":36028797018963968,"user_id":null,"data":{"Data":{"#text":["2026-05-20T15:58:24Z","RulesEngine"]},"Binary":null},"raw_xml":null,"source_file":null,"sigma_matches":[]},
{"record_id":915,"event_id":16394,"level":"Information","timestamp":"2026-02-20T19:49:00.053368Z","provider":"Microsoft-Windows-Security-SPP","channel":"Application","computer":"Niaina","task_id":0,"keywords":36028797018963968,"user_id":null,"data":{"Data":{"#text":""},"Binary":null},"raw_xml":null,"source_file":null,"sigma_matches":[]},
{"record_id":916,"event_id":16384,"level":"Information","timestamp":"2026-02-20T19:49:30.284534Z","provider":"Microsoft-Windows-Security-SPP","channel":"Application","computer":"Niaina","task_id":0,"keywords":36028797018963968,"user_id":null,"data":{"Data":{"#text":["2026-05-20T15:58:30Z","RulesEngine"]},"Binary":null},"raw_xml":null,"source_file":null,"sigma_matches":[]},
{"record_id":917,"event_id":0,"level":"Information","timestamp":"2026-02-20T20:23:48.114826Z","provider":"edgeupdate","channel":"Application","computer":"Niaina","task_id":0,"keywords":36028797018963968,"user_id":null,"data":{"Data":{"#text":"Service stopped"},"Binary":null},"raw_xml":null,"source_file":null,"sigma_matches":[]},
{"record_id":918,"event_id":16394,"level":"Information","timestamp":"2026-02-20T20:24:27.809290Z","provider":"Microsoft-Windows-Security-SPP","channel":"Application","computer":"Niaina","task_id":0,"keywords":36028797018963968,"user_id":null,"data":{"Data":{"#text":""},"Binary":null},"raw_xml":null,"source_file":null,"sigma_matches":[]},
{"record_id":919,"event_id":16384,"level":"Information","timestamp":"2026-02-20T20:24:58.003285Z","provider":"Microsoft-Windows-Security-SPP","channel":"Application","computer":"Niaina","task_id":0,"keywords":36028797018963968,"user_id":null,"data":{"Data":{"#text":["2026-05-20T15:57:57Z","RulesEngine"]},"Binary":null},"raw_xml":null,"source_file":null,"sigma_matches":[]},
{"record_id":920,"event_id":16394,"level":"Information","timestamp":"2026-02-20T20:31:32.369707Z","provider":"Microsoft-Windows-Security-SPP","channel":"Application","computer":"Niaina","task_id":0,"keywords":36028797018963968,"user_id":null,"data":{"Data":{"#text":""},"Binary":null},"raw_xml":null,"source_file":null,"sigma_matches":[]},
{"record_id":921,"event_id":16384,"level":"Information","timestamp":"2026-02-20T20:32:03.384025Z","provider":"Microsoft-Windows-Security-SPP","channel":"Application","computer":"Niaina","task_id":0,"keywords":36028797018963968,"user_id":null,"data":{"Data":{"#text":["2026-05-20T15:58:02Z","RulesEngine"]},"Binary":null},"raw_xml":null,"source_file":null,"sigma_matches":[]},
{"record_id":922,"event_id":1022,"level":"Error","timestamp":"2026-02-20T20:58:14.179806Z","provider":".NET Runtime","channel":"Application","computer":"Niaina","task_id":0,"keywords":36028797018963968,"user_id":null,"data":{"Data":{"#text":".NET Runtime version 4.0.30319.0 - Échec de l'initialisation de l'infrastructure d'attachement de l'API de profilage. Ce processus ne permet pas l'attachement d'un profileur. HRESULT : 0x80004005.  ID de processus (décimal) : 21920. Id de message : [0x2509]."},"Binary":null},"raw_xml":null,"source_file":null,"sigma_matches":[]},
{"record_id":923,"event_id":16394,"level":"Information","timestamp":"2026-02-20T21:13:06.327295Z","provider":"Microsoft-Windows-Security-SPP","channel":"Application","computer":"Niaina","task_id":0,"keywords":36028797018963968,"user_id":null,"data":{"Data":{"#text":""},"Binary":null},"raw_xml":null,"source_file":null,"sigma_matches":[]},
{"record_id":924,"event_id":16384,"level":"Information","timestamp":"2026-02-20T21:14:02.414709Z","provider":"Microsoft-Windows-Security-SPP","channel":"Application","computer":"Niaina","task_id":0,"keywords":36028797018963968,"user_id":null,"data":{"Data":{"#text":["2026-05-20T15:57:59Z","RulesEngine"]},"Binary":null},"raw_xml":null,"source_file":null,"sigma_matches":[]},
{"record_id":925,"event_id":16394,"level":"Information","timestamp":"2026-02-20T21:14:42.050805Z","provider":"Microsoft-Windows-Security-SPP","channel":"Application","computer":"Niaina","task_id":0,"keywords":36028797018963968,"user_id":null,"data":{"Data":{"#text":""},"Binary":null},"raw_xml":null,"source_file":null,"sigma_matches":[]},
{"record_id":926,"event_id":16384,"level":"Information","timestamp":"2026-02-20T21:15:12.565671Z","provider":"Microsoft-Windows-Security-SPP","channel":"Application","computer":"Niaina","task_id":0,"keywords":36028797018963968,"user_id":null,"data":{"Data":{"#text":["2026-05-20T15:58:12Z","RulesEngine"]},"Binary":null},"raw_xml":null,"source_file":null,"sigma_matches":[]},
{"record_id":927,"event_id":16394,"level":"Information","timestamp":"2026-02-20T21:16:18.754613Z","provider":"Microsoft-Windows-Security-SPP","channel":"Application","computer":"Niaina","task_id":0,"keywords":36028797018963968,"user_id":null,"data":{"Data":{"#text":""},"Binary":null},"raw_xml":null,"source_file":null,"sigma_matches":[]},
{"record_id":928,"event_id":16384,"level":"Information","timestamp":"2026-02-20T21:16:49.647087Z","provider":"Microsoft-Windows-Security-SPP","channel":"Application","computer":"Niaina","task_id":0,"keywords":36028797018963968,"user_id":null,"data":{"Data":{"#text":["2026-05-20T15:57:49Z","RulesEngine"]},"Binary":null},"raw_xml":null,"source_file":null,"sigma_matches":[]},
{"record_id":929,"event_id":16394,"level":"Information","timestamp":"2026-02-20T21:16:52.790100Z","provider":"Microsoft-Windows-Security-SPP","channel":"Application","computer":"Niaina","task_id":0,"keywords":36028797018963968,"user_id":null,"data":{"Data":{"#text":""},"Binary":null},"raw_xml":null,"source_file":null,"sigma_matches":[]},
{"record_id":930,"event_id":16384,"level":"Information","timestamp":"2026-02-20T21:17:23.193010Z","provider":"Microsoft-Windows-Security-SPP","channel":"Application","computer":"Niaina","task_id":0,"keywords":36028797018963968,"user_id":null,"data":{"Data":{"#text":["2026-05-20T15:58:23Z","RulesEngine"]},"Binary":null},"raw_xml":null,"source_file":null,"sigma_matches":[]},
{"record_id":931,"event_id":15,"level":"Information","timestamp":"2026-02-20T21:17:42.840844Z","provider":"SecurityCenter","channel":"Application","computer":"Niaina","task_id":0,"keywords":36028797018963968,"user_id":null,"data":{"Data":{"#text":["Windows Defender","SECURITY_PRODUCT_STATE_ON"]},"Binary":null},"raw_xml":null,"source_file":null,"sigma_matches":[]},
{"record_id":932,"event_id":16394,"level":"Information","timestamp":"2026-02-20T21:27:57.988680Z","provider":"Microsoft-Windows-Security-SPP","channel":"Application","computer":"Niaina","task_id":0,"keywords":36028797018963968,"user_id":null,"data":{"Data":{"#text":""},"Binary":null},"raw_xml":null,"source_file":null,"sigma_matches":[]},
{"record_id":933,"event_id":16384,"level":"Information","timestamp":"2026-02-20T21:28:28.462183Z","provider":"Microsoft-Windows-Security-SPP","channel":"Application","computer":"Niaina","task_id":0,"keywords":36028797018963968,"user_id":null,"data":{"Data":{"#text":["2026-05-20T15:58:28Z","RulesEngine"]},"Binary":null},"raw_xml":null,"source_file":null,"sigma_matches":[]},
{"record_id":934,"event_id":16394,"level":"Information","timestamp":"2026-02-20T21:33:29.053784Z","provider":"Microsoft-Windows-Security-SPP","channel":"Application","computer":"Niaina","task_id":0,"keywords":36028797018963968,"user_id":null,"data":{"Data":{"#text":""},"Binary":null},"raw_xml":null,"source_file":null,"sigma_matches":[]},
{"record_id":935,"event_id":16384,"level":"Information","timestamp":"2026-02-20T21:33:59.420497Z","provider":"Microsoft-Windows-Security-SPP","channel":"Application","computer":"Niaina","task_id":0,"keywords":36028797018963968,"user_id":null,"data":{"Data":{"#text":["2026-05-20T15:57:59Z","RulesEngine"]},"Binary":null},"raw_xml":null,"source_file":null,"sigma_matches":[]},
{"record_id":936,"event_id":102,"level":"Information","timestamp":"2026-02-20T21:35:53.551038Z","provider":"ESENT","channel":"Application","computer":"Niaina","task_id":1,"keywords":36028797018963968,"user_id":null,"data":{"Data":{"#text":["svchost","5360,P,98,0","DS_Token_DB: ","0","10","00","26200","0000"]},"Binary":null},"raw_xml":null,"source_file":null,"sigma_matches":[]},
{"record_id":937,"event_id":105,"level":"Information","timestamp":"2026-02-20T21:35:53.575504Z","provider":"ESENT","channel":"Application","computer":"Niaina","task_id":1,"keywords":36028797018963968,"user_id":null,"data":{"Data":{"#text":["svchost","5360,D,0,0","DS_Token_DB: ","0","0.038","\n[1] 0.003466 +J(0) +M(C:0K, Fs:169, WS:656K # 656K, PF:3676K # 3676K, P:3676K)\n[2] 0.001746 +J(0) +M(C:8K, Fs:113, WS:448K # 448K, PF:344K # 344K, P:344K)\n[3] 0.000031 +J(0) +M(C:0K, Fs:2, WS:4K # 4K, PF:68K # 68K, P:68K)\n[4] 0.000352 +J(0) +M(C:0K, Fs:65, WS:260K # 260K, PF:184K # 184K, P:184K)\n[5] 0.001802 +J(0) +M(C:0K, Fs:125, WS:500K # 500K, PF:20K # 20K, P:20K)\n[6] 0.009280 +J(0) +M(C:0K, Fs:32, WS:128K # 128K, PF:12K # 12K, P:12K)\n[7] -\n[8] -\n[9] -\n[10] -\n[11] -\n[12] -\n[13] 0.016795 -0.001260 (4) WT +J(CM:0, PgRf:0, Rd:0/0, Dy:0/0, Lg:616/1) +M(C:0K, Fs:104, WS:352K # 388K, PF:24K # 84K, P:24K)\n[14] 0.000022 +J(0) +M(C:0K, Fs:1, WS:4K # 0K, PF:0K # 0K, P:0K)\n[15] 0.000055 +J(0) +M(C:0K, Fs:17, WS:68K # 36K, PF:64K # 4K, P:64K)\n[16] 0.004054 -0.000152 (2) WT +J(0) +M(C:0K, Fs:3, WS:4K # 8K, PF:0K # 4K, P:0K).","RBSOn = 0\n"]},"Binary":null},"raw_xml":null,"source_file":null,"sigma_matches":[]},
{"record_id":938,"event_id":330,"level":"Information","timestamp":"2026-02-20T21:35:53.605509Z","provider":"ESENT","channel":"Application","computer":"Niaina","task_id":1,"keywords":36028797018963968,"user_id":null,"data":{"Data":{"#text":["svchost","5360,D,35,0","DS_Token_DB: ","C:\\WINDOWS\\system32\\config\\systemprofile\\AppData\\Local\\DataSharing\\Storage\\DSTokenDB2.dat","0x410022D8 (8920 | JET_efvAllowHigherPersistedFormat)","8920 (0x22d8)","9620 (0x2594)"]},"Binary":null},"raw_xml":null,"source_file":null,"sigma_matches":[]},
{"record_id":939,"event_id":325,"level":"Information","timestamp":"2026-02-20T21:35:53.626623Z","provider":"ESENT","channel":"Application","computer":"Niaina","task_id":1,"keywords":36028797018963968,"user_id":null,"data":{"Data":{"#text":["svchost","5360,D,35,0","DS_Token_DB: ","1","C:\\WINDOWS\\system32\\config\\systemprofile\\AppData\\Local\\DataSharing\\Storage\\DSTokenDB2.dat","0","\n[1] 0.000200 +J(0) +M(C:0K, Fs:3, WS:12K # 12K, PF:8K # 8K, P:8K)\n[2] 0.001344 -0.000085 (1) WT +J(CM:0, PgRf:0, Rd:0/0, Dy:0/0, Lg:3480/2) +M(C:0K, Fs:2, WS:8K # 8K, PF:0K # 0K, P:0K)\n[3] 0.007959 -0.000003 (3) WT +J(0) +M(C:0K, Fs:12, WS:40K # 44K, PF:24K # 28K, P:24K)\n[4] 0.011318 -0.008858 (1) WT +J(0) +M(C:0K, Fs:60, WS:240K # 236K, PF:88K # 84K, P:88K)\n[5] 0.002266 -0.000467 (3) WT +J(CM:0, PgRf:3, Rd:0/0, Dy:3/6, Lg:122/4) +M(C:8K, Fs:56, WS:220K # 220K, PF:168K # 172K, P:168K)\n[6] 0.004582 -0.002070 (1) WT +J(CM:0, PgRf:259, Rd:0/0, Dy:16/440, Lg:28550/479) +M(C:64K, Fs:122, WS:484K # 484K, PF:584K # 584K, P:584K)\n[7] 0.001725 -0.000142 (1) WT +J(CM:0, PgRf:0, Rd:0/0, Dy:0/0, Lg:4096/2) +M(C:0K, Fs:4, WS:16K # 16K, PF:0K # 0K, P:0K)\n[8] 0.000005 +J(0)\n[9] 0.001895 -0.000894 (3) WT +J(0) +M(C:0K, Fs:5, WS:16K # 16K, PF:52K # 48K, P:52K)\n[10] 0.017402 -0.007500 (33) CM -0.006760 (41) WT +J(CM:33, PgRf:392, Rd:0/33, Dy:11/87, Lg:12509/128) +M(C:-32K, Fs:47, WS:140K # 144K, PF:112K # 116K, P:112K)\n[11] 0.000004 +J(0).","0 0","lgposCreate = 00000001:0001:0268,\ndbv = 1568.20.0 (8920)"]},"Binary":null},"raw_xml":null,"source_file":null,"sigma_matches":[]},
{"record_id":940,"event_id":15,"level":"Information","timestamp":"2026-02-20T21:35:59.201050Z","provider":"SecurityCenter","channel":"Application","computer":"Niaina","task_id":0,"keywords":36028797018963968,"user_id":null,"data":{"Data":{"#text":["Windows Defender","SECURITY_PRODUCT_STATE_ON"]},"Binary":null},"raw_xml":null,"source_file":null,"sigma_matches":[]},
{"record_id":941,"event_id":15,"level":"Information","timestamp":"2026-02-20T21:36:13.794693Z","provider":"SecurityCenter","channel":"Application","computer":"Niaina","task_id":0,"keywords":36028797018963968,"user_id":null,"data":{"Data":{"#text":["Windows Defender","SECURITY_PRODUCT_STATE_ON"]},"Binary":null},"raw_xml":null,"source_file":null,"sigma_matches":[]},
{"record_id":942,"event_id":16394,"level":"Information","timestamp":"2026-02-20T21:40:20.507829Z","provider":"Microsoft-Windows-Security-SPP","channel":"Application","computer":"Niaina","task_id":0,"keywords":36028797018963968,"user_id":null,"data":{"Data":{"#text":""},"Binary":null},"raw_xml":null,"source_file":null,"sigma_matches":[]},
{"record_id":943,"event_id":16384,"level":"Information","timestamp":"2026-02-20T21:40:57.549157Z","provider":"Microsoft-Windows-Security-SPP","channel":"Application","computer":"Niaina","task_id":0,"keywords":36028797018963968,"user_id":null,"data":{"Data":{"#text":["2026-05-20T15:57:57Z","RulesEngine"]},"Binary":null},"raw_xml":null,"source_file":null,"sigma_matches":[]},
{"record_id":944,"event_id":15,"level":"Information","timestamp":"2026-02-20T21:41:21.950153Z","provider":"SecurityCenter","channel":"Application","computer":"Niaina","task_id":0,"keywords":36028797018963968,"user_id":null,"data":{"Data":{"#text":["Windows Defender","SECURITY_PRODUCT_STATE_ON"]},"Binary":null},"raw_xml":null,"source_file":null,"sigma_matches":[]},
{"record_id":945,"event_id":15,"level":"Information","timestamp":"2026-02-20T21:42:06.000945Z","provider":"SecurityCenter","channel":"Application","computer":"Niaina","task_id":0,"keywords":36028797018963968,"user_id":null,"data":{"Data":{"#text":["Windows Defender","SECURITY_PRODUCT_STATE_ON"]},"Binary":null},"raw_xml":null,"source_file":null,"sigma_matches":[]},
{"record_id":946,"event_id":16394,"level":"Information","timestamp":"2026-02-20T21:48:50.326065Z","provider":"Microsoft-Windows-Security-SPP","channel":"Application","computer":"Niaina","task_id":0,"keywords":36028797018963968,"user_id":null,"data":{"Data":{"#text":""},"Binary":null},"raw_xml":null,"source_file":null,"sigma_matches":[]},
{"record_id":947,"event_id":15,"level":"Information","timestamp":"2026-02-20T21:49:12.505869Z","provider":"SecurityCenter","channel":"Application","computer":"Niaina","task_id":0,"keywords":36028797018963968,"user_id":null,"data":{"Data":{"#text":["Windows Defender","SECURITY_PRODUCT_STATE_ON"]},"Binary":null},"raw_xml":null,"source_file":null,"sigma_matches":[]},
{"record_id":948,"event_id":15,"level":"Information","timestamp":"2026-02-20T21:49:17.387682Z","provider":"SecurityCenter","channel":"Application","computer":"Niaina","task_id":0,"keywords":36028797018963968,"user_id":null,"data":{"Data":{"#text":["Windows Defender","SECURITY_PRODUCT_STATE_ON"]},"Binary":null},"raw_xml":null,"source_file":null,"sigma_matches":[]},
{"record_id":949,"event_id":16384,"level":"Information","timestamp":"2026-02-20T21:49:20.816199Z","provider":"Microsoft-Windows-Security-SPP","channel":"Application","computer":"Niaina","task_id":0,"keywords":36028797018963968,"user_id":null,"data":{"Data":{"#text":["2026-05-20T15:58:20Z","RulesEngine"]},"Binary":null},"raw_xml":null,"source_file":null,"sigma_matches":[]},
{"record_id":950,"event_id":16394,"level":"Information","timestamp":"2026-02-20T22:00:12.593307Z","provider":"Microsoft-Windows-Security-SPP","channel":"Application","computer":"Niaina","task_id":0,"keywords":36028797018963968,"user_id":null,"data":{"Data":{"#text":""},"Binary":null},"raw_xml":null,"source_file":null,"sigma_matches":[]},
{"record_id":951,"event_id":16384,"level":"Information","timestamp":"2026-02-20T22:00:43.089628Z","provider":"Microsoft-Windows-Security-SPP","channel":"Application","computer":"Niaina","task_id":0,"keywords":36028797018963968,"user_id":null,"data":{"Data":{"#text":["2026-05-20T15:58:42Z","RulesEngine"]},"Binary":null},"raw_xml":null,"source_file":null,"sigma_matches":[]},
{"record_id":952,"event_id":16394,"level":"Information","timestamp":"2026-02-20T22:27:31.987197Z","provider":"Microsoft-Windows-Security-SPP","channel":"Application","computer":"Niaina","task_id":0,"keywords":36028797018963968,"user_id":null,"data":{"Data":{"#text":""},"Binary":null},"raw_xml":null,"source_file":null,"sigma_matches":[]},
{"record_id":953,"event_id":16384,"level":"Information","timestamp":"2026-02-20T22:28:02.656507Z","provider":"Microsoft-Windows-Security-SPP","channel":"Application","computer":"Niaina","task_id":0,"keywords":36028797018963968,"user_id":null,"data":{"Data":{"#text":["2026-05-20T15:58:02Z","RulesEngine"]},"Binary":null},"raw_xml":null,"source_file":null,"sigma_matches":[]},
{"record_id":954,"event_id":16394,"level":"Information","timestamp":"2026-02-20T22:41:51.104157Z","provider":"Microsoft-Windows-Security-SPP","channel":"Application","computer":"Niaina","task_id":0,"keywords":36028797018963968,"user_id":null,"data":{"Data":{"#text":""},"Binary":null},"raw_xml":null,"source_file":null,"sigma_matches":[]},
{"record_id":955,"event_id":16384,"level":"Information","timestamp":"2026-02-20T22:42:24.359742Z","provider":"Microsoft-Windows-Security-SPP","channel":"Application","computer":"Niaina","task_id":0,"keywords":36028797018963968,"user_id":null,"data":{"Data":{"#text":["2026-05-20T15:58:24Z","RulesEngine"]},"Binary":null},"raw_xml":null,"source_file":null,"sigma_matches":[]},
