{"record_id":2102,"event_id":1003,"level":"Information","timestamp":"2026-02-23T05:27:47.430944Z","provider":"Microsoft-Windows-Search","channel":"Application","computer":"Niaina","task_id":1,"keywords":36028797018963968,"user_id":null,"data":{"ExtraInfo":"\n"},"raw_xml":null,"source_file":null,"sigma_matches":[]},
{"record_id":2103,"event_id":1013,"level":"Information","timestamp":"2026-02-23T05:28:02.181209Z","provider":"Microsoft-Windows-Search","channel":"Application","computer":"Niaina","task_id":1,"keywords":36028797018963968,"user_id":null,"data":{"ExtraInfo":"\n"},"raw_xml":null,"source_file":null,"sigma_matches":[]},
{"record_id":2104,"event_id":16384,"level":"Information","timestamp":"2026-02-23T05:28:03.596088Z","provider":"Microsoft-Windows-Security-SPP","channel":"Application","computer":"Niaina","task_id":0,"keywords":36028797018963968,"user_id":null,"data":{"Data":{"#text":["2026-05-20T15:58:03Z","RulesEngine"]},"Binary":null},"raw_xml":null,"source_file":null,"sigma_matches":[]},
{"record_id":2105,"event_id":1040,"level":"Information","timestamp":"2026-02-23T05:28:05.726668Z","provider":"MsiInstaller","channel":"Application","computer":"Niaina","task_id":0,"keywords":36028797018963968,"user_id":"S-1-5-18","data":{"Data":{"#text":["c:\\program files (x86)\\microsoft office\\root\\integration\\c2rint.16.msi","17956","(NULL)","(NULL)","(NULL)","(NULL)"]},"Binary":null},"raw_xml":null,"source_file":null,"sigma_matches":[]},
{"record_id":2106,"event_id":11728,"level":"Information","timestamp":"2026-02-23T05:28:08.232574Z","provider":"MsiInstaller","channel":"Application","computer":"Niaina","task_id":0,"keywords":36028797018963968,"user_id":"S-1-5-18","data":{"Data":{"#text":["Produit : Office 16 Click-to-Run Extensibility Component -- Configuration effectuée.","(NULL)","(NULL)","(NULL)","(NULL)","(NULL)"]},"Binary":"7B39303136303030302D303038432D303030302D303030302D3030303030303046463143457D"},"raw_xml":null,"source_file":null,"sigma_matches":[]},
{"record_id":2107,"event_id":1035,"level":"Information","timestamp":"2026-02-23T05:28:08.232941Z","provider":"MsiInstaller","channel":"Application","computer":"Niaina","task_id":0,"keywords":36028797018963968,"user_id":"S-1-5-18","data":{"Data":{"#text":["Office 16 Click-to-Run Extensibility Component","16.0.19628.20214","0","0","Microsoft Corporation","(NULL)"]},"Binary":"7B39303136303030302D303038432D303030302D303030302D3030303030303046463143457D3030303037633531386261373861376162613436666336336437636561303834346232353030303030303030"},"raw_xml":null,"source_file":null,"sigma_matches":[]},
{"record_id":2108,"event_id":1042,"level":"Information","timestamp":"2026-02-23T05:28:08.244060Z","provider":"MsiInstaller","channel":"Application","computer":"Niaina","task_id":0,"keywords":36028797018963968,"user_id":"S-1-5-18","data":{"Data":{"#text":["c:\\program files (x86)\\microsoft office\\root\\integration\\c2rint.16.msi","17956","(NULL)","(NULL)","(NULL)","(NULL)"]},"Binary":null},"raw_xml":null,"source_file":null,"sigma_matches":[]},
{"record_id":2109,"event_id":16394,"level":"Information","timestamp":"2026-02-23T05:28:08.428081Z","provider":"Microsoft-Windows-Security-SPP","channel":"Application","computer":"Niaina","task_id":0,"keywords":36028797018963968,"user_id":null,"data":{"Data":{"#text":""},"Binary":null},"raw_xml":null,"source_file":null,"sigma_matches":[]},
{"record_id":2110,"event_id":1003,"level":"Information","timestamp":"2026-02-23T05:28:08.442048Z","provider":"Microsoft-Windows-Search","channel":"Application","computer":"Niaina","task_id":1,"keywords":36028797018963968,"user_id":null,"data":{"ExtraInfo":"\n"},"raw_xml":null,"source_file":null,"sigma_matches":[]},
{"record_id":2111,"event_id":1040,"level":"Information","timestamp":"2026-02-23T05:28:08.523680Z","provider":"MsiInstaller","channel":"Application","computer":"Niaina","task_id":0,"keywords":36028797018963968,"user_id":"S-1-5-18","data":{"Data":{"#text":["c:\\program files (x86)\\microsoft office\\root\\integration\\c2rint64.16.msi","17956","(NULL)","(NULL)","(NULL)","(NULL)"]},"Binary":null},"raw_xml":null,"source_file":null,"sigma_matches":[]},
{"record_id":2112,"event_id":11728,"level":"Information","timestamp":"2026-02-23T05:28:08.663520Z","provider":"MsiInstaller","channel":"Application","computer":"Niaina","task_id":0,"keywords":36028797018963968,"user_id":"S-1-5-18","data":{"Data":{"#text":["Produit : Office 16 Click-to-Run Extensibility Component 64-bit Registration -- Configuration effectuée.","(NULL)","(NULL)","(NULL)","(NULL)","(NULL)"]},"Binary":"7B39303136303030302D303044442D303030302D313030302D3030303030303046463143457D"},"raw_xml":null,"source_file":null,"sigma_matches":[]},
{"record_id":2113,"event_id":1035,"level":"Information","timestamp":"2026-02-23T05:28:08.664118Z","provider":"MsiInstaller","channel":"Application","computer":"Niaina","task_id":0,"keywords":36028797018963968,"user_id":"S-1-5-18","data":{"Data":{"#text":["Office 16 Click-to-Run Extensibility Component 64-bit Registration","16.0.19628.20214","0","0","Microsoft Corporation","(NULL)"]},"Binary":"7B39303136303030302D303044442D303030302D313030302D3030303030303046463143457D3030303063376162393139313661306263653234623766613163623461333665396461393030303030303030"},"raw_xml":null,"source_file":null,"sigma_matches":[]},
{"record_id":2114,"event_id":1042,"level":"Information","timestamp":"2026-02-23T05:28:08.674680Z","provider":"MsiInstaller","channel":"Application","computer":"Niaina","task_id":0,"keywords":36028797018963968,"user_id":"S-1-5-18","data":{"Data":{"#text":["c:\\program files (x86)\\microsoft office\\root\\integration\\c2rint64.16.msi","17956","(NULL)","(NULL)","(NULL)","(NULL)"]},"Binary":null},"raw_xml":null,"source_file":null,"sigma_matches":[]},
{"record_id":2115,"event_id":1034,"level":"Information","timestamp":"2026-02-23T05:28:08.951865Z","provider":"Microsoft-Windows-Security-SPP","channel":"Application","computer":"Niaina","task_id":0,"keywords":36028797018963968,"user_id":null,"data":{"Data":{"#text":["AAD-AddDeviceJoinUserToAdminGroup-Policy","100"]},"Binary":null},"raw_xml":null,"source_file":null,"sigma_matches":[]},
{"record_id":2116,"event_id":1034,"level":"Information","timestamp":"2026-02-23T05:28:08.966674Z","provider":"Microsoft-Windows-Security-SPP","channel":"Application","computer":"Niaina","task_id":0,"keywords":36028797018963968,"user_id":null,"data":{"Data":{"#text":["AAD-AddDeviceJoinUserToAdminGroup-Policy","100"]},"Binary":null},"raw_xml":null,"source_file":null,"sigma_matches":[]},
{"record_id":2117,"event_id":1034,"level":"Information","timestamp":"2026-02-23T05:28:08.981565Z","provider":"Microsoft-Windows-Security-SPP","channel":"Application","computer":"Niaina","task_id":0,"keywords":36028797018963968,"user_id":null,"data":{"Data":{"#text":["AAD-AddDeviceJoinUserToAdminGroup-Policy","100"]},"Binary":null},"raw_xml":null,"source_file":null,"sigma_matches":[]},
{"record_id":2118,"event_id":1034,"level":"Information","timestamp":"2026-02-23T05:28:09.002288Z","provider":"Microsoft-Windows-Security-SPP","channel":"Application","computer":"Niaina","task_id":0,"keywords":36028797018963968,"user_id":null,"data":{"Data":{"#text":["AAD-AddDeviceJoinUserToAdminGroup-Policy","100"]},"Binary":null},"raw_xml":null,"source_file":null,"sigma_matches":[]},
{"record_id":2119,"event_id":1034,"level":"Information","timestamp":"2026-02-23T05:28:09.016675Z","provider":"Microsoft-Windows-Security-SPP","channel":"Application","computer":"Niaina","task_id":0,"keywords":36028797018963968,"user_id":null,"data":{"Data":{"#text":["AAD-AddDeviceJoinUserToAdminGroup-Policy","100"]},"Binary":null},"raw_xml":null,"source_file":null,"sigma_matches":[]},
{"record_id":2120,"event_id":1034,"level":"Information","timestamp":"2026-02-23T05:28:09.029472Z","provider":"Microsoft-Windows-Security-SPP","channel":"Application","computer":"Niaina","task_id":0,"keywords":36028797018963968,"user_id":null,"data":{"Data":{"#text":["AAD-AddDeviceJoinUserToAdminGroup-Policy","100"]},"Binary":null},"raw_xml":null,"source_file":null,"sigma_matches":[]},
{"record_id":2121,"event_id":1034,"level":"Information","timestamp":"2026-02-23T05:28:09.042431Z","provider":"Microsoft-Windows-Security-SPP","channel":"Application","computer":"Niaina","task_id":0,"keywords":36028797018963968,"user_id":null,"data":{"Data":{"#text":["AAD-AddDeviceJoinUserToAdminGroup-Policy","100"]},"Binary":null},"raw_xml":null,"source_file":null,"sigma_matches":[]},
{"record_id":2122,"event_id":1034,"level":"Information","timestamp":"2026-02-23T05:28:09.056368Z","provider":"Microsoft-Windows-Security-SPP","channel":"Application","computer":"Niaina","task_id":0,"keywords":36028797018963968,"user_id":null,"data":{"Data":{"#text":["AAD-AddDeviceJoinUserToAdminGroup-Policy","100"]},"Binary":null},"raw_xml":null,"source_file":null,"sigma_matches":[]},
{"record_id":2123,"event_id":1034,"level":"Information","timestamp":"2026-02-23T05:28:09.070209Z","provider":"Microsoft-Windows-Security-SPP","channel":"Application","computer":"Niaina","task_id":0,"keywords":36028797018963968,"user_id":null,"data":{"Data":{"#text":["AAD-AddDeviceJoinUserToAdminGroup-Policy","100"]},"Binary":null},"raw_xml":null,"source_file":null,"sigma_matches":[]},
{"record_id":2124,"event_id":1034,"level":"Information","timestamp":"2026-02-23T05:28:09.083344Z","provider":"Microsoft-Windows-Security-SPP","channel":"Application","computer":"Niaina","task_id":0,"keywords":36028797018963968,"user_id":null,"data":{"Data":{"#text":["AAD-AddDeviceJoinUserToAdminGroup-Policy","100"]},"Binary":null},"raw_xml":null,"source_file":null,"sigma_matches":[]},
{"record_id":2125,"event_id":1034,"level":"Information","timestamp":"2026-02-23T05:28:09.096462Z","provider":"Microsoft-Windows-Security-SPP","channel":"Application","computer":"Niaina","task_id":0,"keywords":36028797018963968,"user_id":null,"data":{"Data":{"#text":["AAD-AddDeviceJoinUserToAdminGroup-Policy","100"]},"Binary":null},"raw_xml":null,"source_file":null,"sigma_matches":[]},
{"record_id":2126,"event_id":1034,"level":"Information","timestamp":"2026-02-23T05:28:09.101902Z","provider":"Microsoft-Windows-Security-SPP","channel":"Application","computer":"Niaina","task_id":0,"keywords":36028797018963968,"user_id":null,"data":{"Data":{"#text":["Security-SPP-WriteWauMarker","500"]},"Binary":null},"raw_xml":null,"source_file":null,"sigma_matches":[]},
{"record_id":2127,"event_id":1033,"level":"Information","timestamp":"2026-02-23T05:28:09.103805Z","provider":"Microsoft-Windows-Security-SPP","channel":"Application","computer":"Niaina","task_id":0,"keywords":36028797018963968,"user_id":null,"data":{"Data":{"#text":["(Security-SPP-Reserved-EnableNotificationMode) ","55c92734-d682-4d71-983e-d6ec3f16059f","4de7cb65-cdf1-4de9-8ae8-e3cce27b9f2c"]},"Binary":null},"raw_xml":null,"source_file":null,"sigma_matches":[]},
{"record_id":2128,"event_id":15,"level":"Information","timestamp":"2026-02-23T05:28:33.809850Z","provider":"SecurityCenter","channel":"Application","computer":"Niaina","task_id":0,"keywords":36028797018963968,"user_id":null,"data":{"Data":{"#text":["Windows Defender","SECURITY_PRODUCT_STATE_ON"]},"Binary":null},"raw_xml":null,"source_file":null,"sigma_matches":[]},
{"record_id":2129,"event_id":16384,"level":"Information","timestamp":"2026-02-23T05:28:39.199162Z","provider":"Microsoft-Windows-Security-SPP","channel":"Application","computer":"Niaina","task_id":0,"keywords":36028797018963968,"user_id":null,"data":{"Data":{"#text":["2026-05-20T15:58:39Z","RulesEngine"]},"Binary":null},"raw_xml":null,"source_file":null,"sigma_matches":[]},
{"record_id":2130,"event_id":8301,"level":"Information","timestamp":"2026-02-23T05:29:37.925698Z","provider":"Microsoft-Windows-System-Restore","channel":"Application","computer":"Niaina","task_id":0,"keywords":9223653511831486465,"user_id":"S-1-5-18","data":{"SnapshotPath":"\\\\?\\GLOBALROOT\\Device\\HarddiskVolumeShadowCopy2","ErrorCode":"0x0","TotalDirectories":177441,"TotalFiles":768277,"FilesScoped":341764,"FilesResident":149341,"FilesCachedFirstPass":187689,"FilesMissedSecondPass":185995},"raw_xml":null,"source_file":null,"sigma_matches":[]},
{"record_id":2131,"event_id":8302,"level":"Information","timestamp":"2026-02-23T05:29:37.925708Z","provider":"Microsoft-Windows-System-Restore","channel":"Application","computer":"Niaina","task_id":0,"keywords":9223372036854775808,"user_id":"S-1-5-18","data":{"SnapshotPath":"\\\\?\\GLOBALROOT\\Device\\HarddiskVolumeShadowCopy2","ErrorCode":"0x0","TotalDirectories":177441,"TotalFiles":768277,"FilesScoped":341764,"FilesResident":149341,"FilesCachedFirstPass":187689,"FilesMissedSecondPass":185995},"raw_xml":null,"source_file":null,"sigma_matches":[]},
{"record_id":2132,"event_id":8224,"level":"Information","timestamp":"2026-02-23T05:30:37.169088Z","provider":"VSS","channel":"Application","computer":"Niaina","task_id":0,"keywords":36028797018963968,"user_id":null,"data":{"Data":{"#text":""},"Binary":"2D20436F64653A2020434F525356434330303030303737322D2043616C6C3A2020434F525356434330303030303735342D205049443A202030303031373034302D205449443A202030303031343239362D20434D443A2020433A5C57494E444F57535C73797374656D33325C76737376632E6578652020202D20557365723A204E616D653A204155544F52495445204E545C53797374E86D652C205349443A532D312D352D313820"},"raw_xml":null,"source_file":null,"sigma_matches":[]},
{"record_id":2133,"event_id":16394,"level":"Information","timestamp":"2026-02-23T05:32:44.355195Z","provider":"Microsoft-Windows-Security-SPP","channel":"Application","computer":"Niaina","task_id":0,"keywords":36028797018963968,"user_id":null,"data":{"Data":{"#text":""},"Binary":null},"raw_xml":null,"source_file":null,"sigma_matches":[]},
{"record_id":2134,"event_id":16384,"level":"Information","timestamp":"2026-02-23T05:33:22.128918Z","provider":"Microsoft-Windows-Security-SPP","channel":"Application","computer":"Niaina","task_id":0,"keywords":36028797018963968,"user_id":null,"data":{"Data":{"#text":["2026-05-20T15:58:22Z","RulesEngine"]},"Binary":null},"raw_xml":null,"source_file":null,"sigma_matches":[]},
{"record_id":2135,"event_id":15,"level":"Information","timestamp":"2026-02-23T05:33:37.057225Z","provider":"SecurityCenter","channel":"Application","computer":"Niaina","task_id":0,"keywords":36028797018963968,"user_id":null,"data":{"Data":{"#text":["Windows Defender","SECURITY_PRODUCT_STATE_ON"]},"Binary":null},"raw_xml":null,"source_file":null,"sigma_matches":[]},
{"record_id":2136,"event_id":15,"level":"Information","timestamp":"2026-02-23T05:33:47.652906Z","provider":"SecurityCenter","channel":"Application","computer":"Niaina","task_id":0,"keywords":36028797018963968,"user_id":null,"data":{"Data":{"#text":["Windows Defender","SECURITY_PRODUCT_STATE_ON"]},"Binary":null},"raw_xml":null,"source_file":null,"sigma_matches":[]},
{"record_id":2137,"event_id":16394,"level":"Information","timestamp":"2026-02-23T05:51:36.556742Z","provider":"Microsoft-Windows-Security-SPP","channel":"Application","computer":"Niaina","task_id":0,"keywords":36028797018963968,"user_id":null,"data":{"Data":{"#text":""},"Binary":null},"raw_xml":null,"source_file":null,"sigma_matches":[]},
{"record_id":2138,"event_id":16384,"level":"Information","timestamp":"2026-02-23T05:52:06.928915Z","provider":"Microsoft-Windows-Security-SPP","channel":"Application","computer":"Niaina","task_id":0,"keywords":36028797018963968,"user_id":null,"data":{"Data":{"#text":["2026-05-20T15:58:06Z","RulesEngine"]},"Binary":null},"raw_xml":null,"source_file":null,"sigma_matches":[]},
{"record_id":2139,"event_id":0,"level":"Information","timestamp":"2026-02-23T05:52:55.097575Z","provider":"edgeupdate","channel":"Application","computer":"Niaina","task_id":0,"keywords":36028797018963968,"user_id":null,"data":{"Data":{"#text":"Service stopped"},"Binary":null},"raw_xml":null,"source_file":null,"sigma_matches":[]},
{"record_id":2140,"event_id":16394,"level":"Information","timestamp":"2026-02-23T05:54:17.867789Z","provider":"Microsoft-Windows-Security-SPP","channel":"Application","computer":"Niaina","task_id":0,"keywords":36028797018963968,"user_id":null,"data":{"Data":{"#text":""},"Binary":null},"raw_xml":null,"source_file":null,"sigma_matches":[]},
{"record_id":2141,"event_id":16384,"level":"Information","timestamp":"2026-02-23T05:55:13.681274Z","provider":"Microsoft-Windows-Security-SPP","channel":"Application","computer":"Niaina","task_id":0,"keywords":36028797018963968,"user_id":null,"data":{"Data":{"#text":["2026-05-20T15:58:13Z","RulesEngine"]},"Binary":null},"raw_xml":null,"source_file":null,"sigma_matches":[]},
{"record_id":2142,"event_id":16394,"level":"Information","timestamp":"2026-02-23T06:23:12.937040Z","provider":"Microsoft-Windows-Security-SPP","channel":"Application","computer":"Niaina","task_id":0,"keywords":36028797018963968,"user_id":null,"data":{"Data":{"#text":""},"Binary":null},"raw_xml":null,"source_file":null,"sigma_matches":[]},
{"record_id":2143,"event_id":16384,"level":"Information","timestamp":"2026-02-23T06:23:43.275685Z","provider":"Microsoft-Windows-Security-SPP","channel":"Application","computer":"Niaina","task_id":0,"keywords":36028797018963968,"user_id":null,"data":{"Data":{"#text":["2026-05-20T15:58:43Z","RulesEngine"]},"Binary":null},"raw_xml":null,"source_file":null,"sigma_matches":[]},
{"record_id":2144,"event_id":16394,"level":"Information","timestamp":"2026-02-23T06:27:02.251544Z","provider":"Microsoft-Windows-Security-SPP","channel":"Application","computer":"Niaina","task_id":0,"keywords":36028797018963968,"user_id":null,"data":{"Data":{"#text":""},"Binary":null},"raw_xml":null,"source_file":null,"sigma_matches":[]},
{"record_id":2145,"event_id":16384,"level":"Information","timestamp":"2026-02-23T06:28:31.595620Z","provider":"Microsoft-Windows-Security-SPP","channel":"Application","computer":"Niaina","task_id":0,"keywords":36028797018963968,"user_id":null,"data":{"Data":{"#text":["2026-05-20T15:58:32Z","RulesEngine"]},"Binary":null},"raw_xml":null,"source_file":null,"sigma_matches":[]},
{"record_id":2146,"event_id":16394,"level":"Information","timestamp":"2026-02-23T06:41:29.248444Z","provider":"Microsoft-Windows-Security-SPP","channel":"Application","computer":"Niaina","task_id":0,"keywords":36028797018963968,"user_id":null,"data":{"Data":{"#text":""},"Binary":null},"raw_xml":null,"source_file":null,"sigma_matches":[]},
{"record_id":2147,"event_id":16384,"level":"Information","timestamp":"2026-02-23T06:41:59.602578Z","provider":"Microsoft-Windows-Security-SPP","channel":"Application","computer":"Niaina","task_id":0,"keywords":36028797018963968,"user_id":null,"data":{"Data":{"#text":["2026-05-20T15:57:59Z","RulesEngine"]},"Binary":null},"raw_xml":null,"source_file":null,"sigma_matches":[]},
{"record_id":2148,"event_id":16394,"level":"Information","timestamp":"2026-02-23T07:15:55.048139Z","provider":"Microsoft-Windows-Security-SPP","channel":"Application","computer":"Niaina","task_id":0,"keywords":36028797018963968,"user_id":null,"data":{"Data":{"#text":""},"Binary":null},"raw_xml":null,"source_file":null,"sigma_matches":[]},
{"record_id":2149,"event_id":16384,"level":"Information","timestamp":"2026-02-23T07:17:57.658994Z","provider":"Microsoft-Windows-Security-SPP","channel":"Application","computer":"Niaina","task_id":0,"keywords":36028797018963968,"user_id":null,"data":{"Data":{"#text":["2026-05-20T15:57:57Z","RulesEngine"]},"Binary":null},"raw_xml":null,"source_file":null,"sigma_matches":[]},
{"record_id":2150,"event_id":16394,"level":"Information","timestamp":"2026-02-23T07:24:52.370118Z","provider":"Microsoft-Windows-Security-SPP","channel":"Application","computer":"Niaina","task_id":0,"keywords":36028797018963968,"user_id":null,"data":{"Data":{"#text":""},"Binary":null},"raw_xml":null,"source_file":null,"sigma_matches":[]},
{"record_id":2151,"event_id":16384,"level":"Information","timestamp":"2026-02-23T07:25:24.759149Z","provider":"Microsoft-Windows-Security-SPP","channel":"Application","computer":"Niaina","task_id":0,"keywords":36028797018963968,"user_id":null,"data":{"Data":{"#text":["2026-05-20T15:58:24Z","RulesEngine"]},"Binary":null},"raw_xml":null,"source_file":null,"sigma_matches":[]},
{"record_id":2152,"event_id":16394,"level":"Information","timestamp":"2026-02-23T07:36:19.721230Z","provider":"Microsoft-Windows-Security-SPP","channel":"Application","computer":"Niaina","task_id":0,"keywords":36028797018963968,"user_id":null,"data":{"Data":{"#text":""},"Binary":null},"raw_xml":null,"source_file":null,"sigma_matches":[]},
{"record_id":2153,"event_id":16384,"level":"Information","timestamp":"2026-02-23T07:36:50.017662Z","provider":"Microsoft-Windows-Security-SPP","channel":"Application","computer":"Niaina","task_id":0,"keywords":36028797018963968,"user_id":null,"data":{"Data":{"#text":["2026-05-20T15:57:49Z","RulesEngine"]},"Binary":null},"raw_xml":null,"source_file":null,"sigma_matches":[]},
{"record_id":2154,"event_id":16394,"level":"Information","timestamp":"2026-02-23T07:37:58.431897Z","provider":"Microsoft-Windows-Security-SPP","channel":"Application","computer":"Niaina","task_id":0,"keywords":36028797018963968,"user_id":null,"data":{"Data":{"#text":""},"Binary":null},"raw_xml":null,"source_file":null,"sigma_matches":[]},
{"record_id":2155,"event_id":16384,"level":"Information","timestamp":"2026-02-23T07:38:29.515223Z","provider":"Microsoft-Windows-Security-SPP","channel":"Application","computer":"Niaina","task_id":0,"keywords":36028797018963968,"user_id":null,"data":{"Data":{"#text":["2026-05-20T15:58:29Z","RulesEngine"]},"Binary":null},"raw_xml":null,"source_file":null,"sigma_matches":[]},
{"record_id":2156,"event_id":15,"level":"Information","timestamp":"2026-02-23T07:49:40.268150Z","provider":"SecurityCenter","channel":"Application","computer":"Niaina","task_id":0,"keywords":36028797018963968,"user_id":null,"data":{"Data":{"#text":["Windows Defender","SECURITY_PRODUCT_STATE_ON"]},"Binary":null},"raw_xml":null,"source_file":null,"sigma_matches":[]},
{"record_id":2157,"event_id":15,"level":"Information","timestamp":"2026-02-23T07:53:40.035171Z","provider":"SecurityCenter","channel":"Application","computer":"Niaina","task_id":0,"keywords":36028797018963968,"user_id":null,"data":{"Data":{"#text":["Windows Defender","SECURITY_PRODUCT_STATE_ON"]},"Binary":null},"raw_xml":null,"source_file":null,"sigma_matches":[]},
{"record_id":2158,"event_id":1022,"level":"Error","timestamp":"2026-02-23T07:57:21.525507Z","provider":".NET Runtime","channel":"Application","computer":"Niaina","task_id":0,"keywords":36028797018963968,"user_id":null,"data":{"Data":{"#text":".NET Runtime version 4.0.30319.0 - Échec de l'initialisation de l'infrastructure d'attachement de l'API de profilage. Ce processus ne permet pas l'attachement d'un profileur. HRESULT : 0x80004005.  ID de processus (décimal) : 856. Id de message : [0x2509]."},"Binary":null},"raw_xml":null,"source_file":null,"sigma_matches":[]},
{"record_id":2159,"event_id":16394,"level":"Information","timestamp":"2026-02-23T07:57:27.213674Z","provider":"Microsoft-Windows-Security-SPP","channel":"Application","computer":"Niaina","task_id":0,"keywords":36028797018963968,"user_id":null,"data":{"Data":{"#text":""},"Binary":null},"raw_xml":null,"source_file":null,"sigma_matches":[]},
{"record_id":2160,"event_id":1003,"level":"Information","timestamp":"2026-02-23T07:57:27.392261Z","provider":"Microsoft-Windows-Security-SPP","channel":"Application","computer":"Niaina","task_id":0,"keywords":36028797018963968,"user_id":null,"data":{"Data":{"#text":["0ff1ce15-a989-479d-af46-f275c6370663","\n1: 0e26561d-8b88-44cc-b87e-faf56344e5f3, 1, 0 [(0 [0xC004F014, 0, 0], [(?)(?)(?)(?)(?)(?)(?)(?)])(1 )(2 )(3 )]\n2: 1640c37d-e2eb-4785-a70b-3c94a2e9b07e, 1, 0 [(0 [0xC004F014, 0, 0], [(?)(?)(?)(?)(?)(?)(?)(?)])(1 )(2 )(3 )]\n3: 24996154-f927-413f-b2d5-c81882464ee3, 1, 0 [(0 [0xC004F014, 0, 0], [(?)(?)(?)(?)(?)(?)(?)(?)])(1 )(2 )(3 )]\n4: 447effdd-0073-4716-99f3-32ef2e155766, 1, 0 [(0 [0xC004F014, 0, 0], [(?)(?)(?)(?)(?)(?)(?)(?)])(1 )(2 )(3 )]\n5: 4a470b50-4d01-4fe5-910a-51bb0b7eb163, 1, 0 [(0 [0xC004F014, 0, 0], [(?)(?)(?)(?)(?)(?)(?)(?)])(1 )(2 )(3 )]\n6: 52c4d79f-6e1a-45b7-b479-36b666e0a2f8, 1, 0 [(0 [0xC004F014, 0, 0], [(?)(?)(?)(?)(?)(?)(?)(?)])(1 )(2 )(3 )]\n7: 5f472f1e-eb0a-4170-98e2-fb9e7f6ff535, 1, 0 [(0 [0xC004F014, 0, 0], [(?)(?)(?)(?)(?)(?)(?)(?)])(1 )(2 )(3 )]\n8: 6755c7a7-4dfe-46f5-bce8-427be8e9dc62, 1, 0 [(0 [0xC004F014, 0, 0], [(?)(?)(?)(?)(?)(?)(?)(?)])(1 )(2 )(3 )]\n9: 6bd3e147-ff80-44fd-a3a6-b8e5e4fa9ade, 1, 0 [(0 [0xC004F014, 0, 0], [(?)(?)(?)(?)(?)(?)(?)(?)])(1 )(2 )(3 )]\n10: 83bd3f0a-a827-46c9-8b30-3f73bf933cfe, 1, 0 [(0 [0xC004F014, 0, 0], [(?)(?)(?)(?)(?)(?)(?)(?)])(1 )(2 )(3 )]\n11: 85dd8b5f-eaa4-4af3-a628-cce9e77c9a03, 1, 1 [(0 [0x00000000, 1, 0], [(?)( 1 0x00000000)(?)( 2 0x00000000 0 0 msft:rm/algorithm/volume/1.0 0x00000000 253922)(?)(?)(?)(?)])(1 )(2 )(3 )]\n12: a3072b8f-adcc-4e75-8d62-fdeb9bdfae57, 1, 0 [(0 [0xC004F014, 0, 0], [(?)(?)(?)(?)(?)(?)(?)(?)])(1 )(2 )(3 )]\n13: c3b2612d-58ee-4d9b-ad9d-7568decb29f7, 1, 0 [(0 [0xC004F014, 0, 0], [(?)(?)(?)(?)(?)(?)(?)(?)])(1 )(2 )(3 )]\n14: cbcaf071-b911-40a1-a6c1-7becca481910, 1, 0 [(0 [0xC004F014, 0, 0], [(?)(?)(?)(?)(?)(?)(?)(?)])(1 )(2 )(3 )]\n15: cdbd81ef-bb2c-41cc-bb3e-ca6366f3f176, 1, 0 [(0 [0xC004F014, 0, 0], [(?)(?)(?)(?)(?)(?)(?)(?)])(1 )(2 )(3 )]\n16: db249714-bb54-4422-8c78-2cc8d4c4a19f, 1, 0 [(0 [0xC004F014, 0, 0], [(?)(?)(?)(?)(?)(?)(?)(?)])(1 )(2 )(3 )]\n17: e18c439e-424a-4e83-8f1b-5f9dd021b38d, 1, 0 [(0 [0xC004F014, 0, 0], [(?)(?)(?)(?)(?)(?)(?)(?)])(1 )(2 )(3 )]\n\n"]},"Binary":null},"raw_xml":null,"source_file":null,"sigma_matches":[]},
{"record_id":2161,"event_id":1003,"level":"Information","timestamp":"2026-02-23T07:57:27.596607Z","provider":"Microsoft-Windows-Security-SPP","channel":"Application","computer":"Niaina","task_id":0,"keywords":36028797018963968,"user_id":null,"data":{"Data":{"#text":["0ff1ce15-a989-479d-af46-f275c6370663","\n1: 85dd8b5f-eaa4-4af3-a628-cce9e77c9a03, 1, 1 [(0 [0x00000000, 1, 0], [(?)( 1 0x00000000)(?)( 2 0x00000000 0 0 msft:rm/algorithm/volume/1.0 0x00000000 253922)(?)(?)(?)(?)])(1 )(2 )(3 )]\n\n"]},"Binary":null},"raw_xml":null,"source_file":null,"sigma_matches":[]},
{"record_id":2162,"event_id":16384,"level":"Information","timestamp":"2026-02-23T07:58:01.806626Z","provider":"Microsoft-Windows-Security-SPP","channel":"Application","computer":"Niaina","task_id":0,"keywords":36028797018963968,"user_id":null,"data":{"Data":{"#text":["2026-05-20T15:58:01Z","RulesEngine"]},"Binary":null},"raw_xml":null,"source_file":null,"sigma_matches":[]},
{"record_id":2163,"event_id":1022,"level":"Error","timestamp":"2026-02-23T08:19:05.363353Z","provider":".NET Runtime","channel":"Application","computer":"Niaina","task_id":0,"keywords":36028797018963968,"user_id":null,"data":{"Data":{"#text":".NET Runtime version 4.0.30319.0 - Échec de l'initialisation de l'infrastructure d'attachement de l'API de profilage. Ce processus ne permet pas l'attachement d'un profileur. HRESULT : 0x80004005.  ID de processus (décimal) : 14696. Id de message : [0x2509]."},"Binary":null},"raw_xml":null,"source_file":null,"sigma_matches":[]},
{"record_id":2164,"event_id":16394,"level":"Information","timestamp":"2026-02-23T08:21:45.371795Z","provider":"Microsoft-Windows-Security-SPP","channel":"Application","computer":"Niaina","task_id":0,"keywords":36028797018963968,"user_id":null,"data":{"Data":{"#text":""},"Binary":null},"raw_xml":null,"source_file":null,"sigma_matches":[]},
{"record_id":2165,"event_id":1000,"level":"Error","timestamp":"2026-02-23T08:21:45.328584Z","provider":"Application Error","channel":"Application","computer":"Niaina","task_id":100,"keywords":9223372036854775808,"user_id":"S-1-5-21-3595381792-2646053551-3183893924-1001","data":{"AppName":"E_YARNYWE.EXE","AppVersion":"11.0.0.4","AppTimeStamp":"63e49eaa","ModuleName":"E_YGRCYWE.DLL","ModuleVersion":"0.3.0.32","ModuleTimeStamp":"617a4a68","ExceptionCode":"c0000005","FaultingOffset":"0000000000002f1e","ProcessId":"0x303c","ProcessCreationTime":"0x1dca49d433bfdea","AppPath":"C:\\WINDOWS\\system32\\spool\\DRIVERS\\x64\\3\\E_YARNYWE.EXE","ModulePath":"C:\\WINDOWS\\system32\\spool\\DRIVERS\\x64\\3\\E_YGRCYWE.DLL","IntegratorReportId":"dde962f8-108b-4d9c-98f1-99b245389906","PackageFullName":"","PackageRelativeAppId":""},"raw_xml":null,"source_file":null,"sigma_matches":[]},
{"record_id":2166,"event_id":1001,"level":"Information","timestamp":"2026-02-23T08:21:56.686463Z","provider":"Windows Error Reporting","channel":"Application","computer":"Niaina","task_id":0,"keywords":9223372036854775808,"user_id":"S-1-5-21-3595381792-2646053551-3183893924-1001","data":{"Bucket":"","BucketType":"0","EventName":"APPCRASH","Response":"Non disponible","CabId":"0","P1":"E_YARNYWE.EXE","P2":"11.0.0.4","P3":"63e49eaa","P4":"E_YGRCYWE.DLL","P5":"0.3.0.32","P6":"617a4a68","P7":"c0000005","P8":"0000000000002f1e","P9":"","P10":"","AttachedFiles":"\r\n\\\\?\\C:\\ProgramData\\Microsoft\\Windows\\WER\\Temp\\WER.585f6048-78d1-400a-a993-9a4ba1f4cea2.tmp.mdmp\r\n\\\\?\\C:\\ProgramData\\Microsoft\\Windows\\WER\\Temp\\WER.5352ee83-3ee5-4f3a-9126-efdc5afdaf33.tmp.WERInternalMetadata.xml\r\n\\\\?\\C:\\ProgramData\\Microsoft\\Windows\\WER\\ReportQueue\\AppCrash_E_YARNYWE.EXE_1c899dd56d2b32886f65b9461c3d1fc511f0_077a6c67_cab_12ebf3e0-e9fb-4e6c-bb51-0f5770846115\\WPR_initiated_DiagTrackMiniLogger_OneTrace_User_Logger_20260222_1_EC_0_inject.etl\r\n\\\\?\\C:\\ProgramData\\Microsoft\\Windows\\WER\\Temp\\WER.a2879c9c-0f53-47b5-9feb-f18c120b00bf.tmp.etl\r\n\\\\?\\C:\\ProgramData\\Microsoft\\Windows\\WER\\ReportQueue\\AppCrash_E_YARNYWE.EXE_1c899dd56d2b32886f65b9461c3d1fc511f0_077a6c67_cab_12ebf3e0-e9fb-4e6c-bb51-0f5770846115\\WPR_initiated_DiagTrackMiniLogger_WPR System Collector_inject.etl\r\n\\\\?\\C:\\ProgramData\\Microsoft\\Windows\\WER\\Temp\\WER.3e50a3b4-2d16-47e0-b0b5-42f8c6eb66c5.tmp.etl\r\n\\\\?\\C:\\ProgramData\\Microsoft\\Windows\\WER\\Temp\\WER.eb084a51-60da-44ff-809b-5b75bc3d7e6e.tmp.csv\r\n\\\\?\\C:\\ProgramData\\Microsoft\\Windows\\WER\\Temp\\WER.e3fd1cce-2a6c-4e9a-86f7-40c5eafdb19c.tmp.txt\r\n\\\\?\\C:\\ProgramData\\Microsoft\\Windows\\WER\\Temp\\WER.c07a305e-c9dd-4f38-b61b-f5aa67989bca.tmp.xml\r\n\\\\?\\C:\\Users\\Niaina\\AppData\\Local\\Temp\\WER.d2fb0fbb-5ca8-4bcf-9a14-e4654145f88f.tmp.appcompat.txt\r\n\\\\?\\C:\\ProgramData\\Microsoft\\Windows\\WER\\ReportQueue\\AppCrash_E_YARNYWE.EXE_1c899dd56d2b32886f65b9461c3d1fc511f0_077a6c67_cab_12ebf3e0-e9fb-4e6c-bb51-0f5770846115\\memory.hdmp","StorePath":"\\\\?\\C:\\ProgramData\\Microsoft\\Windows\\WER\\ReportQueue\\AppCrash_E_YARNYWE.EXE_1c899dd56d2b32886f65b9461c3d1fc511f0_077a6c67_cab_12ebf3e0-e9fb-4e6c-bb51-0f5770846115","AnalysisSymbol":"","Rechecking":0,"ReportId":"dde962f8-108b-4d9c-98f1-99b245389906","ReportStatus":100,"HashedBucket":"","CabGuid":"0"},"raw_xml":null,"source_file":null,"sigma_matches":[]},
{"record_id":2167,"event_id":1001,"level":"Information","timestamp":"2026-02-23T08:22:00.490823Z","provider":"Windows Error Reporting","channel":"Application","computer":"Niaina","task_id":0,"keywords":9223372036854775808,"user_id":"S-1-5-18","data":{"Bucket":"1690296419434235434","BucketType":"4","EventName":"APPCRASH","Response":"Non disponible","CabId":"0","P1":"E_YARNYWE.EXE","P2":"11.0.0.4","P3":"63e49eaa","P4":"E_YGRCYWE.DLL","P5":"0.3.0.32","P6":"617a4a68","P7":"c0000005","P8":"0000000000002f1e","P9":"","P10":"","AttachedFiles":"\r\n\\\\?\\C:\\ProgramData\\Microsoft\\Windows\\WER\\Temp\\WER.585f6048-78d1-400a-a993-9a4ba1f4cea2.tmp.mdmp\r\n\\\\?\\C:\\ProgramData\\Microsoft\\Windows\\WER\\Temp\\WER.5352ee83-3ee5-4f3a-9126-efdc5afdaf33.tmp.WERInternalMetadata.xml\r\n\\\\?\\C:\\ProgramData\\Microsoft\\Windows\\WER\\ReportQueue\\AppCrash_E_YARNYWE.EXE_1c899dd56d2b32886f65b9461c3d1fc511f0_077a6c67_cab_12ebf3e0-e9fb-4e6c-bb51-0f5770846115\\WPR_initiated_DiagTrackMiniLogger_OneTrace_User_Logger_20260222_1_EC_0_inject.etl\r\n\\\\?\\C:\\ProgramData\\Microsoft\\Windows\\WER\\Temp\\WER.a2879c9c-0f53-47b5-9feb-f18c120b00bf.tmp.etl\r\n\\\\?\\C:\\ProgramData\\Microsoft\\Windows\\WER\\ReportQueue\\AppCrash_E_YARNYWE.EXE_1c899dd56d2b32886f65b9461c3d1fc511f0_077a6c67_cab_12ebf3e0-e9fb-4e6c-bb51-0f5770846115\\WPR_initiated_DiagTrackMiniLogger_WPR System Collector_inject.etl\r\n\\\\?\\C:\\ProgramData\\Microsoft\\Windows\\WER\\Temp\\WER.3e50a3b4-2d16-47e0-b0b5-42f8c6eb66c5.tmp.etl\r\n\\\\?\\C:\\ProgramData\\Microsoft\\Windows\\WER\\Temp\\WER.eb084a51-60da-44ff-809b-5b75bc3d7e6e.tmp.csv\r\n\\\\?\\C:\\ProgramData\\Microsoft\\Windows\\WER\\Temp\\WER.e3fd1cce-2a6c-4e9a-86f7-40c5eafdb19c.tmp.txt\r\n\\\\?\\C:\\ProgramData\\Microsoft\\Windows\\WER\\Temp\\WER.c07a305e-c9dd-4f38-b61b-f5aa67989bca.tmp.xml\r\n\\\\?\\C:\\Users\\Niaina\\AppData\\Local\\Temp\\WER.d2fb0fbb-5ca8-4bcf-9a14-e4654145f88f.tmp.appcompat.txt\r\n\\\\?\\C:\\ProgramData\\Microsoft\\Windows\\WER\\ReportQueue\\AppCrash_E_YARNYWE.EXE_1c899dd56d2b32886f65b9461c3d1fc511f0_077a6c67_cab_12ebf3e0-e9fb-4e6c-bb51-0f5770846115\\memory.hdmp","StorePath":"\\\\?\\C:\\ProgramData\\Microsoft\\Windows\\WER\\ReportArchive\\AppCrash_E_YARNYWE.EXE_1c899dd56d2b32886f65b9461c3d1fc511f0_077a6c67_12ebf3e0-e9fb-4e6c-bb51-0f5770846115","AnalysisSymbol":"","Rechecking":0,"ReportId":"dde962f8-108b-4d9c-98f1-99b245389906","ReportStatus":268435552,"HashedBucket":"d4c805a24d673a21b77523a34d7e062a","CabGuid":"0"},"raw_xml":null,"source_file":null,"sigma_matches":[]},
{"record_id":2168,"event_id":16384,"level":"Information","timestamp":"2026-02-23T08:22:15.696336Z","provider":"Microsoft-Windows-Security-SPP","channel":"Application","computer":"Niaina","task_id":0,"keywords":36028797018963968,"user_id":null,"data":{"Data":{"#text":["2026-05-20T15:58:15Z","RulesEngine"]},"Binary":null},"raw_xml":null,"source_file":null,"sigma_matches":[]},
{"record_id":2169,"event_id":1000,"level":"Error","timestamp":"2026-02-23T08:22:41.585014Z","provider":"Application Error","channel":"Application","computer":"Niaina","task_id":100,"keywords":9223372036854775808,"user_id":"S-1-5-21-3595381792-2646053551-3183893924-1001","data":{"AppName":"E_YARNYWE.EXE","AppVersion":"11.0.0.4","AppTimeStamp":"63e49eaa","ModuleName":"E_YAPRYWE.DLL","ModuleVersion":"11.0.1.5","ModuleTimeStamp":"67c04f93","ExceptionCode":"c0000005","FaultingOffset":"000000000016c3e7","ProcessId":"0x3630","ProcessCreationTime":"0x1dca49d934d1bb0","AppPath":"C:\\WINDOWS\\system32\\spool\\DRIVERS\\x64\\3\\E_YARNYWE.EXE","ModulePath":"C:\\WINDOWS\\system32\\spool\\DRIVERS\\x64\\3\\E_YAPRYWE.DLL","IntegratorReportId":"bf075ff5-17eb-4ffd-9f81-004da28f5337","PackageFullName":"","PackageRelativeAppId":""},"raw_xml":null,"source_file":null,"sigma_matches":[]},
{"record_id":2170,"event_id":1001,"level":"Information","timestamp":"2026-02-23T08:22:47.315364Z","provider":"Windows Error Reporting","channel":"Application","computer":"Niaina","task_id":0,"keywords":9223372036854775808,"user_id":"S-1-5-21-3595381792-2646053551-3183893924-1001","data":{"Bucket":"2007717154513474057","BucketType":"4","EventName":"APPCRASH","Response":"Non disponible","CabId":"0","P1":"E_YARNYWE.EXE","P2":"11.0.0.4","P3":"63e49eaa","P4":"E_YAPRYWE.DLL","P5":"11.0.1.5","P6":"67c04f93","P7":"c0000005","P8":"000000000016c3e7","P9":"","P10":"","AttachedFiles":"\r\n\\\\?\\C:\\ProgramData\\Microsoft\\Windows\\WER\\Temp\\WER.89fc1266-f6bb-4c1d-be3c-363c557c70d6.tmp.mdmp\r\n\\\\?\\C:\\ProgramData\\Microsoft\\Windows\\WER\\Temp\\WER.81902a05-7cfc-44da-93b1-e28e7d71c815.tmp.WERInternalMetadata.xml\r\nWPR_initiated_DiagTrackMiniLogger_OneTrace_User_Logger_20260222_1_EC_0_inject.etl\r\n\\\\?\\C:\\ProgramData\\Microsoft\\Windows\\WER\\Temp\\WER.6c6770ca-a78d-4dce-8720-7e7a230db5ab.tmp.etl\r\nWPR_initiated_DiagTrackMiniLogger_WPR System Collector_inject.etl\r\n\\\\?\\C:\\ProgramData\\Microsoft\\Windows\\WER\\Temp\\WER.4995a85e-4f4d-4728-b5a1-86b05687e814.tmp.etl\r\n\\\\?\\C:\\ProgramData\\Microsoft\\Windows\\WER\\Temp\\WER.62e6dcbd-3a3d-4eca-b3be-7fcad4dad0e9.tmp.csv\r\n\\\\?\\C:\\ProgramData\\Microsoft\\Windows\\WER\\Temp\\WER.775e0a04-4390-401c-a3f5-19cc5f845059.tmp.txt\r\n\\\\?\\C:\\ProgramData\\Microsoft\\Windows\\WER\\Temp\\WER.e19e0d04-af69-4035-b6e1-af679ce1e471.tmp.xml","StorePath":"\\\\?\\C:\\ProgramData\\Microsoft\\Windows\\WER\\ReportArchive\\AppCrash_E_YARNYWE.EXE_2caa8effb63dd2745e47d968b712a179c38149_077a6c67_558e8dc0-84bc-4b79-90c5-7e042fa4f8f1","AnalysisSymbol":"","Rechecking":0,"ReportId":"bf075ff5-17eb-4ffd-9f81-004da28f5337","ReportStatus":268435456,"HashedBucket":"2e60e695414772750bdcd81d5c3bd209","CabGuid":"0"},"raw_xml":null,"source_file":null,"sigma_matches":[]},
{"record_id":2171,"event_id":1022,"level":"Error","timestamp":"2026-02-23T08:23:19.480565Z","provider":".NET Runtime","channel":"Application","computer":"Niaina","task_id":0,"keywords":36028797018963968,"user_id":null,"data":{"Data":{"#text":".NET Runtime version 4.0.30319.0 - Échec de l'initialisation de l'infrastructure d'attachement de l'API de profilage. Ce processus ne permet pas l'attachement d'un profileur. HRESULT : 0x80004005.  ID de processus (décimal) : 20352. Id de message : [0x2509]."},"Binary":null},"raw_xml":null,"source_file":null,"sigma_matches":[]},
{"record_id":2172,"event_id":1000,"level":"Error","timestamp":"2026-02-23T08:23:49.010670Z","provider":"Application Error","channel":"Application","computer":"Niaina","task_id":100,"keywords":9223372036854775808,"user_id":"S-1-5-21-3595381792-2646053551-3183893924-1001","data":{"AppName":"E_YARNYWE.EXE","AppVersion":"11.0.0.4","AppTimeStamp":"63e49eaa","ModuleName":"E_YGRCYWE.DLL","ModuleVersion":"0.3.0.32","ModuleTimeStamp":"617a4a68","ExceptionCode":"c0000005","FaultingOffset":"0000000000002f1e","ProcessId":"0x2b48","ProcessCreationTime":"0x1dca49dab7e551c","AppPath":"C:\\WINDOWS\\system32\\spool\\DRIVERS\\x64\\3\\E_YARNYWE.EXE","ModulePath":"C:\\WINDOWS\\system32\\spool\\DRIVERS\\x64\\3\\E_YGRCYWE.DLL","IntegratorReportId":"175f0613-a39d-49ad-b8ca-680e14109d02","PackageFullName":"","PackageRelativeAppId":""},"raw_xml":null,"source_file":null,"sigma_matches":[]},
{"record_id":2173,"event_id":1001,"level":"Information","timestamp":"2026-02-23T08:23:54.820959Z","provider":"Windows Error Reporting","channel":"Application","computer":"Niaina","task_id":0,"keywords":9223372036854775808,"user_id":"S-1-5-21-3595381792-2646053551-3183893924-1001","data":{"Bucket":"1690296419434235434","BucketType":"4","EventName":"APPCRASH","Response":"Non disponible","CabId":"0","P1":"E_YARNYWE.EXE","P2":"11.0.0.4","P3":"63e49eaa","P4":"E_YGRCYWE.DLL","P5":"0.3.0.32","P6":"617a4a68","P7":"c0000005","P8":"0000000000002f1e","P9":"","P10":"","AttachedFiles":"\r\n\\\\?\\C:\\ProgramData\\Microsoft\\Windows\\WER\\Temp\\WER.a028a022-2ed0-4c69-b133-f7391d3c3964.tmp.mdmp\r\n\\\\?\\C:\\ProgramData\\Microsoft\\Windows\\WER\\Temp\\WER.df55aad4-370c-469d-82e0-16e9052efabf.tmp.WERInternalMetadata.xml\r\nWPR_initiated_DiagTrackMiniLogger_OneTrace_User_Logger_20260222_1_EC_0_inject.etl\r\n\\\\?\\C:\\ProgramData\\Microsoft\\Windows\\WER\\Temp\\WER.6fd2b432-c96a-4087-89d9-1d75d1c06588.tmp.etl\r\nWPR_initiated_DiagTrackMiniLogger_WPR System Collector_inject.etl\r\n\\\\?\\C:\\ProgramData\\Microsoft\\Windows\\WER\\Temp\\WER.05802b62-4601-4d60-9747-d1d7edb19a27.tmp.etl\r\n\\\\?\\C:\\ProgramData\\Microsoft\\Windows\\WER\\Temp\\WER.882b94e7-73c5-46e0-8422-ebaec6330476.tmp.csv\r\n\\\\?\\C:\\ProgramData\\Microsoft\\Windows\\WER\\Temp\\WER.350c4a82-e87c-43a8-9dc3-7a7bce484632.tmp.txt\r\n\\\\?\\C:\\ProgramData\\Microsoft\\Windows\\WER\\Temp\\WER.e0ab0d45-4ddb-49fb-9c95-7d36a11e1ac8.tmp.xml","StorePath":"\\\\?\\C:\\ProgramData\\Microsoft\\Windows\\WER\\ReportArchive\\AppCrash_E_YARNYWE.EXE_1c899dd56d2b32886f65b9461c3d1fc511f0_077a6c67_033c1bf7-5417-4d0f-89d8-3e5dc46359cf","AnalysisSymbol":"","Rechecking":0,"ReportId":"175f0613-a39d-49ad-b8ca-680e14109d02","ReportStatus":268435456,"HashedBucket":"d4c805a24d673a21b77523a34d7e062a","CabGuid":"0"},"raw_xml":null,"source_file":null,"sigma_matches":[]},
{"record_id":2174,"event_id":16394,"level":"Information","timestamp":"2026-02-23T08:23:58.568974Z","provider":"Microsoft-Windows-Security-SPP","channel":"Application","computer":"Niaina","task_id":0,"keywords":36028797018963968,"user_id":null,"data":{"Data":{"#text":""},"Binary":null},"raw_xml":null,"source_file":null,"sigma_matches":[]},
{"record_id":2175,"event_id":16384,"level":"Information","timestamp":"2026-02-23T08:24:28.931320Z","provider":"Microsoft-Windows-Security-SPP","channel":"Application","computer":"Niaina","task_id":0,"keywords":36028797018963968,"user_id":null,"data":{"Data":{"#text":["2026-05-20T15:58:28Z","RulesEngine"]},"Binary":null},"raw_xml":null,"source_file":null,"sigma_matches":[]},
{"record_id":2176,"event_id":16394,"level":"Information","timestamp":"2026-02-23T08:50:08.564994Z","provider":"Microsoft-Windows-Security-SPP","channel":"Application","computer":"Niaina","task_id":0,"keywords":36028797018963968,"user_id":null,"data":{"Data":{"#text":""},"Binary":null},"raw_xml":null,"source_file":null,"sigma_matches":[]},
{"record_id":2177,"event_id":16384,"level":"Information","timestamp":"2026-02-23T08:50:39.212270Z","provider":"Microsoft-Windows-Security-SPP","channel":"Application","computer":"Niaina","task_id":0,"keywords":36028797018963968,"user_id":null,"data":{"Data":{"#text":["2026-05-20T15:58:39Z","RulesEngine"]},"Binary":null},"raw_xml":null,"source_file":null,"sigma_matches":[]},
{"record_id":2178,"event_id":16394,"level":"Information","timestamp":"2026-02-23T08:56:45.699303Z","provider":"Microsoft-Windows-Security-SPP","channel":"Application","computer":"Niaina","task_id":0,"keywords":36028797018963968,"user_id":null,"data":{"Data":{"#text":""},"Binary":null},"raw_xml":null,"source_file":null,"sigma_matches":[]},
{"record_id":2179,"event_id":16384,"level":"Information","timestamp":"2026-02-23T08:57:16.027643Z","provider":"Microsoft-Windows-Security-SPP","channel":"Application","computer":"Niaina","task_id":0,"keywords":36028797018963968,"user_id":null,"data":{"Data":{"#text":["2026-05-20T15:58:15Z","RulesEngine"]},"Binary":null},"raw_xml":null,"source_file":null,"sigma_matches":[]},
{"record_id":2180,"event_id":16394,"level":"Information","timestamp":"2026-02-23T09:00:14.893510Z","provider":"Microsoft-Windows-Security-SPP","channel":"Application","computer":"Niaina","task_id":0,"keywords":36028797018963968,"user_id":null,"data":{"Data":{"#text":""},"Binary":null},"raw_xml":null,"source_file":null,"sigma_matches":[]},
{"record_id":2181,"event_id":16384,"level":"Information","timestamp":"2026-02-23T09:00:45.208258Z","provider":"Microsoft-Windows-Security-SPP","channel":"Application","computer":"Niaina","task_id":0,"keywords":36028797018963968,"user_id":null,"data":{"Data":{"#text":["2026-05-20T15:57:45Z","RulesEngine"]},"Binary":null},"raw_xml":null,"source_file":null,"sigma_matches":[]},
{"record_id":2182,"event_id":16394,"level":"Information","timestamp":"2026-02-23T09:05:46.793823Z","provider":"Microsoft-Windows-Security-SPP","channel":"Application","computer":"Niaina","task_id":0,"keywords":36028797018963968,"user_id":null,"data":{"Data":{"#text":""},"Binary":null},"raw_xml":null,"source_file":null,"sigma_matches":[]},
{"record_id":2183,"event_id":16384,"level":"Information","timestamp":"2026-02-23T09:06:17.096718Z","provider":"Microsoft-Windows-Security-SPP","channel":"Application","computer":"Niaina","task_id":0,"keywords":36028797018963968,"user_id":null,"data":{"Data":{"#text":["2026-05-20T15:58:17Z","RulesEngine"]},"Binary":null},"raw_xml":null,"source_file":null,"sigma_matches":[]},
{"record_id":2184,"event_id":15,"level":"Information","timestamp":"2026-02-23T09:06:23.484627Z","provider":"SecurityCenter","channel":"Application","computer":"Niaina","task_id":0,"keywords":36028797018963968,"user_id":null,"data":{"Data":{"#text":["Windows Defender","SECURITY_PRODUCT_STATE_ON"]},"Binary":null},"raw_xml":null,"source_file":null,"sigma_matches":[]},
{"record_id":2185,"event_id":15,"level":"Information","timestamp":"2026-02-23T09:12:53.245518Z","provider":"SecurityCenter","channel":"Application","computer":"Niaina","task_id":0,"keywords":36028797018963968,"user_id":null,"data":{"Data":{"#text":["Windows Defender","SECURITY_PRODUCT_STATE_ON"]},"Binary":null},"raw_xml":null,"source_file":null,"sigma_matches":[]},
{"record_id":2186,"event_id":16394,"level":"Information","timestamp":"2026-02-23T09:31:25.595469Z","provider":"Microsoft-Windows-Security-SPP","channel":"Application","computer":"Niaina","task_id":0,"keywords":36028797018963968,"user_id":null,"data":{"Data":{"#text":""},"Binary":null},"raw_xml":null,"source_file":null,"sigma_matches":[]},
{"record_id":2187,"event_id":16384,"level":"Information","timestamp":"2026-02-23T09:31:55.741211Z","provider":"Microsoft-Windows-Security-SPP","channel":"Application","computer":"Niaina","task_id":0,"keywords":36028797018963968,"user_id":null,"data":{"Data":{"#text":["2026-05-20T15:57:55Z","RulesEngine"]},"Binary":null},"raw_xml":null,"source_file":null,"sigma_matches":[]},
{"record_id":2188,"event_id":8224,"level":"Information","timestamp":"2026-02-23T09:33:02.402831Z","provider":"VSS","channel":"Application","computer":"Niaina","task_id":0,"keywords":36028797018963968,"user_id":null,"data":{"Data":{"#text":""},"Binary":"2D20436F64653A2020434F525356434330303030303737322D2043616C6C3A2020434F525356434330303030303735342D205049443A202030303032303636382D205449443A202030303031323638342D20434D443A2020433A5C57494E444F57535C73797374656D33325C76737376632E6578652020202D20557365723A204E616D653A204155544F52495445204E545C53797374E86D652C205349443A532D312D352D313820"},"raw_xml":null,"source_file":null,"sigma_matches":[]},
{"record_id":2189,"event_id":16394,"level":"Information","timestamp":"2026-02-23T09:42:05.698322Z","provider":"Microsoft-Windows-Security-SPP","channel":"Application","computer":"Niaina","task_id":0,"keywords":36028797018963968,"user_id":null,"data":{"Data":{"#text":""},"Binary":null},"raw_xml":null,"source_file":null,"sigma_matches":[]},
{"record_id":2190,"event_id":16384,"level":"Information","timestamp":"2026-02-23T09:42:35.998584Z","provider":"Microsoft-Windows-Security-SPP","channel":"Application","computer":"Niaina","task_id":0,"keywords":36028797018963968,"user_id":null,"data":{"Data":{"#text":["2026-05-20T15:58:35Z","RulesEngine"]},"Binary":null},"raw_xml":null,"source_file":null,"sigma_matches":[]},
{"record_id":2191,"event_id":16394,"level":"Information","timestamp":"2026-02-23T10:14:35.256133Z","provider":"Microsoft-Windows-Security-SPP","channel":"Application","computer":"Niaina","task_id":0,"keywords":36028797018963968,"user_id":null,"data":{"Data":{"#text":""},"Binary":null},"raw_xml":null,"source_file":null,"sigma_matches":[]},
{"record_id":2192,"event_id":16384,"level":"Information","timestamp":"2026-02-23T10:15:10.304748Z","provider":"Microsoft-Windows-Security-SPP","channel":"Application","computer":"Niaina","task_id":0,"keywords":36028797018963968,"user_id":null,"data":{"Data":{"#text":["2026-05-20T15:58:10Z","RulesEngine"]},"Binary":null},"raw_xml":null,"source_file":null,"sigma_matches":[]},
{"record_id":2193,"event_id":1001,"level":"Information","timestamp":"2026-02-23T10:50:06.062918Z","provider":"Windows Error Reporting","channel":"Application","computer":"Niaina","task_id":0,"keywords":9223372036854775808,"user_id":"S-1-5-21-3595381792-2646053551-3183893924-1001","data":{"Bucket":"1723947625513544004","BucketType":"5","EventName":"RADAR_PRE_LEAK_64","Response":"Non disponible","CabId":"0","P1":"Trae.exe","P2":"2.3.10208.0","P3":"10.0.26200.2.0.0","P4":"","P5":"","P6":"","P7":"","P8":"","P9":"","P10":"","AttachedFiles":"\r\n\\\\?\\C:\\Users\\Niaina\\AppData\\Local\\Temp\\RDR9285.tmp\\empty.txt\r\n\\\\?\\C:\\ProgramData\\Microsoft\\Windows\\WER\\Temp\\WER.e88b2d3e-b956-414d-b7be-afa92fb58457.tmp.WERInternalMetadata.xml\r\nWPR_initiated_DiagTrackMiniLogger_OneTrace_User_Logger_20260222_1_EC_0_inject.etl\r\n\\\\?\\C:\\ProgramData\\Microsoft\\Windows\\WER\\Temp\\WER.aa799cd9-4d1e-4b3f-bdba-7dae38f247b1.tmp.etl\r\nWPR_initiated_DiagTrackMiniLogger_WPR System Collector_inject.etl\r\n\\\\?\\C:\\ProgramData\\Microsoft\\Windows\\WER\\Temp\\WER.f46ff93e-84de-4646-a72c-1943cbeccc83.tmp.etl\r\n\\\\?\\C:\\ProgramData\\Microsoft\\Windows\\WER\\Temp\\WER.5fe8276a-c892-4a87-9cac-d6e81e3577af.tmp.csv\r\n\\\\?\\C:\\ProgramData\\Microsoft\\Windows\\WER\\Temp\\WER.bdcc8491-2049-4231-9789-9e93bf8c119a.tmp.txt\r\n\\\\?\\C:\\ProgramData\\Microsoft\\Windows\\WER\\Temp\\WER.48883f89-8f69-439f-84b1-cbec4b59adb8.tmp.xml","StorePath":"NULL","AnalysisSymbol":"","Rechecking":0,"ReportId":"6683207d-7213-4ba8-b508-336dad0cb5ec","ReportStatus":268435456,"HashedBucket":"6f6bed5eb72f456f67ecb13b461ce944","CabGuid":"0"},"raw_xml":null,"source_file":null,"sigma_matches":[]},
{"record_id":2194,"event_id":16394,"level":"Information","timestamp":"2026-02-23T11:08:04.212743Z","provider":"Microsoft-Windows-Security-SPP","channel":"Application","computer":"Niaina","task_id":0,"keywords":36028797018963968,"user_id":null,"data":{"Data":{"#text":""},"Binary":null},"raw_xml":null,"source_file":null,"sigma_matches":[]},
{"record_id":2195,"event_id":16384,"level":"Information","timestamp":"2026-02-23T11:08:40.578693Z","provider":"Microsoft-Windows-Security-SPP","channel":"Application","computer":"Niaina","task_id":0,"keywords":36028797018963968,"user_id":null,"data":{"Data":{"#text":["2026-05-20T15:58:40Z","RulesEngine"]},"Binary":null},"raw_xml":null,"source_file":null,"sigma_matches":[]},
{"record_id":2196,"event_id":16394,"level":"Information","timestamp":"2026-02-23T11:09:55.527678Z","provider":"Microsoft-Windows-Security-SPP","channel":"Application","computer":"Niaina","task_id":0,"keywords":36028797018963968,"user_id":null,"data":{"Data":{"#text":""},"Binary":null},"raw_xml":null,"source_file":null,"sigma_matches":[]},
