{"record_id":1678,"event_id":1042,"level":"Information","timestamp":"2026-02-22T04:53:53.481240Z","provider":"MsiInstaller","channel":"Application","computer":"Niaina","task_id":0,"keywords":36028797018963968,"user_id":"S-1-5-18","data":{"Data":{"#text":["C:\\ProgramData\\Package Cache\\{4D41CBE1-5A10-4384-BC2C-081A7EE74BBA}v80.8.45513\\dotnet-host-10.0.2-win-x86.msi","14264","(NULL)","(NULL)","(NULL)","(NULL)"]},"Binary":null},"raw_xml":null,"source_file":null,"sigma_matches":[]},
{"record_id":1679,"event_id":1040,"level":"Information","timestamp":"2026-02-22T04:53:53.542745Z","provider":"MsiInstaller","channel":"Application","computer":"Niaina","task_id":0,"keywords":36028797018963968,"user_id":"S-1-5-21-3595381792-2646053551-3183893924-1001","data":{"Data":{"#text":["C:\\ProgramData\\Package Cache\\{70404123-D6F2-4C34-BDE2-20EC46E51C65}v80.8.45513\\dotnet-hostfxr-10.0.2-win-x86.msi","14264","(NULL)","(NULL)","(NULL)","(NULL)"]},"Binary":null},"raw_xml":null,"source_file":null,"sigma_matches":[]},
{"record_id":1680,"event_id":10001,"level":"Information","timestamp":"2026-02-22T04:53:53.455689Z","provider":"Microsoft-Windows-RestartManager","channel":"Application","computer":"Niaina","task_id":0,"keywords":9223372036854775808,"user_id":"S-1-5-21-3595381792-2646053551-3183893924-1001","data":null,"raw_xml":null,"source_file":null,"sigma_matches":[]},
{"record_id":1681,"event_id":10000,"level":"Information","timestamp":"2026-02-22T04:53:53.641767Z","provider":"Microsoft-Windows-RestartManager","channel":"Application","computer":"Niaina","task_id":0,"keywords":9223372036854775808,"user_id":"S-1-5-21-3595381792-2646053551-3183893924-1001","data":null,"raw_xml":null,"source_file":null,"sigma_matches":[]},
{"record_id":1682,"event_id":11707,"level":"Information","timestamp":"2026-02-22T04:53:54.520739Z","provider":"MsiInstaller","channel":"Application","computer":"Niaina","task_id":0,"keywords":36028797018963968,"user_id":"S-1-5-21-3595381792-2646053551-3183893924-1001","data":{"Data":{"#text":["Product: Microsoft .NET Host FX Resolver - 10.0.2 (x86) -- Installation completed successfully.","(NULL)","(NULL)","(NULL)","(NULL)","(NULL)"]},"Binary":"7B37303430343132332D443646322D344333342D424445322D3230454334364535314336357D"},"raw_xml":null,"source_file":null,"sigma_matches":[]},
{"record_id":1683,"event_id":1033,"level":"Information","timestamp":"2026-02-22T04:53:54.522044Z","provider":"MsiInstaller","channel":"Application","computer":"Niaina","task_id":0,"keywords":36028797018963968,"user_id":"S-1-5-21-3595381792-2646053551-3183893924-1001","data":{"Data":{"#text":["Microsoft .NET Host FX Resolver - 10.0.2 (x86)","80.8.45513","1033","0","Microsoft Corporation","(NULL)"]},"Binary":"7B37303430343132332D443646322D344333342D424445322D3230454334364535314336357D3030303063383964633566326166313433353130376364613036363130383038663836613030303030393034"},"raw_xml":null,"source_file":null,"sigma_matches":[]},
{"record_id":1684,"event_id":1042,"level":"Information","timestamp":"2026-02-22T04:53:54.553872Z","provider":"MsiInstaller","channel":"Application","computer":"Niaina","task_id":0,"keywords":36028797018963968,"user_id":"S-1-5-18","data":{"Data":{"#text":["C:\\ProgramData\\Package Cache\\{70404123-D6F2-4C34-BDE2-20EC46E51C65}v80.8.45513\\dotnet-hostfxr-10.0.2-win-x86.msi","14264","(NULL)","(NULL)","(NULL)","(NULL)"]},"Binary":null},"raw_xml":null,"source_file":null,"sigma_matches":[]},
{"record_id":1685,"event_id":1040,"level":"Information","timestamp":"2026-02-22T04:53:54.632506Z","provider":"MsiInstaller","channel":"Application","computer":"Niaina","task_id":0,"keywords":36028797018963968,"user_id":"S-1-5-21-3595381792-2646053551-3183893924-1001","data":{"Data":{"#text":["C:\\ProgramData\\Package Cache\\{402DD442-5623-4DDB-9132-19424EDBFF59}v80.8.45513\\dotnet-runtime-10.0.2-win-x86.msi","14264","(NULL)","(NULL)","(NULL)","(NULL)"]},"Binary":null},"raw_xml":null,"source_file":null,"sigma_matches":[]},
{"record_id":1686,"event_id":10001,"level":"Information","timestamp":"2026-02-22T04:53:54.532834Z","provider":"Microsoft-Windows-RestartManager","channel":"Application","computer":"Niaina","task_id":0,"keywords":9223372036854775808,"user_id":"S-1-5-21-3595381792-2646053551-3183893924-1001","data":null,"raw_xml":null,"source_file":null,"sigma_matches":[]},
{"record_id":1687,"event_id":10000,"level":"Information","timestamp":"2026-02-22T04:53:54.812483Z","provider":"Microsoft-Windows-RestartManager","channel":"Application","computer":"Niaina","task_id":0,"keywords":9223372036854775808,"user_id":"S-1-5-21-3595381792-2646053551-3183893924-1001","data":null,"raw_xml":null,"source_file":null,"sigma_matches":[]},
{"record_id":1688,"event_id":11707,"level":"Information","timestamp":"2026-02-22T04:53:58.221816Z","provider":"MsiInstaller","channel":"Application","computer":"Niaina","task_id":0,"keywords":36028797018963968,"user_id":"S-1-5-21-3595381792-2646053551-3183893924-1001","data":{"Data":{"#text":["Product: Microsoft .NET Runtime - 10.0.2 (x86) -- Installation completed successfully.","(NULL)","(NULL)","(NULL)","(NULL)","(NULL)"]},"Binary":"7B34303244443434322D353632332D344444422D393133322D3139343234454442464635397D"},"raw_xml":null,"source_file":null,"sigma_matches":[]},
{"record_id":1689,"event_id":1033,"level":"Information","timestamp":"2026-02-22T04:53:58.222945Z","provider":"MsiInstaller","channel":"Application","computer":"Niaina","task_id":0,"keywords":36028797018963968,"user_id":"S-1-5-21-3595381792-2646053551-3183893924-1001","data":{"Data":{"#text":["Microsoft .NET Runtime - 10.0.2 (x86)","80.8.45513","1033","0","Microsoft Corporation","(NULL)"]},"Binary":"7B34303244443434322D353632332D344444422D393133322D3139343234454442464635397D3030303032303764656336623764613936656338613061663837396631616333396630333030303030393034"},"raw_xml":null,"source_file":null,"sigma_matches":[]},
{"record_id":1690,"event_id":1042,"level":"Information","timestamp":"2026-02-22T04:53:58.253911Z","provider":"MsiInstaller","channel":"Application","computer":"Niaina","task_id":0,"keywords":36028797018963968,"user_id":"S-1-5-18","data":{"Data":{"#text":["C:\\ProgramData\\Package Cache\\{402DD442-5623-4DDB-9132-19424EDBFF59}v80.8.45513\\dotnet-runtime-10.0.2-win-x86.msi","14264","(NULL)","(NULL)","(NULL)","(NULL)"]},"Binary":null},"raw_xml":null,"source_file":null,"sigma_matches":[]},
{"record_id":1691,"event_id":1040,"level":"Information","timestamp":"2026-02-22T04:53:58.293170Z","provider":"MsiInstaller","channel":"Application","computer":"Niaina","task_id":0,"keywords":36028797018963968,"user_id":"S-1-5-21-3595381792-2646053551-3183893924-1001","data":{"Data":{"#text":["C:\\ProgramData\\Package Cache\\{1C3473F0-1017-4033-9A59-002B0F914656}v80.8.45513\\windowsdesktop-runtime-10.0.2-win-x86.msi","14264","(NULL)","(NULL)","(NULL)","(NULL)"]},"Binary":null},"raw_xml":null,"source_file":null,"sigma_matches":[]},
{"record_id":1692,"event_id":10001,"level":"Information","timestamp":"2026-02-22T04:53:58.239912Z","provider":"Microsoft-Windows-RestartManager","channel":"Application","computer":"Niaina","task_id":0,"keywords":9223372036854775808,"user_id":"S-1-5-21-3595381792-2646053551-3183893924-1001","data":null,"raw_xml":null,"source_file":null,"sigma_matches":[]},
{"record_id":1693,"event_id":10000,"level":"Information","timestamp":"2026-02-22T04:53:58.506566Z","provider":"Microsoft-Windows-RestartManager","channel":"Application","computer":"Niaina","task_id":0,"keywords":9223372036854775808,"user_id":"S-1-5-21-3595381792-2646053551-3183893924-1001","data":null,"raw_xml":null,"source_file":null,"sigma_matches":[]},
{"record_id":1694,"event_id":11707,"level":"Information","timestamp":"2026-02-22T04:54:02.861420Z","provider":"MsiInstaller","channel":"Application","computer":"Niaina","task_id":0,"keywords":36028797018963968,"user_id":"S-1-5-21-3595381792-2646053551-3183893924-1001","data":{"Data":{"#text":["Product: Microsoft Windows Desktop Runtime - 10.0.2 (x86) -- Installation completed successfully.","(NULL)","(NULL)","(NULL)","(NULL)","(NULL)"]},"Binary":"7B31433334373346302D313031372D343033332D394135392D3030324230463931343635367D"},"raw_xml":null,"source_file":null,"sigma_matches":[]},
{"record_id":1695,"event_id":1033,"level":"Information","timestamp":"2026-02-22T04:54:02.862638Z","provider":"MsiInstaller","channel":"Application","computer":"Niaina","task_id":0,"keywords":36028797018963968,"user_id":"S-1-5-21-3595381792-2646053551-3183893924-1001","data":{"Data":{"#text":["Microsoft Windows Desktop Runtime - 10.0.2 (x86)","80.8.45513","1033","0","Microsoft Corporation","(NULL)"]},"Binary":"7B31433334373346302D313031372D343033332D394135392D3030324230463931343635367D3030303038336537343539343133393365663963613665356434383565613362303262663030303030393034"},"raw_xml":null,"source_file":null,"sigma_matches":[]},
{"record_id":1696,"event_id":1042,"level":"Information","timestamp":"2026-02-22T04:54:02.896148Z","provider":"MsiInstaller","channel":"Application","computer":"Niaina","task_id":0,"keywords":36028797018963968,"user_id":"S-1-5-18","data":{"Data":{"#text":["C:\\ProgramData\\Package Cache\\{1C3473F0-1017-4033-9A59-002B0F914656}v80.8.45513\\windowsdesktop-runtime-10.0.2-win-x86.msi","14264","(NULL)","(NULL)","(NULL)","(NULL)"]},"Binary":null},"raw_xml":null,"source_file":null,"sigma_matches":[]},
{"record_id":1697,"event_id":10001,"level":"Information","timestamp":"2026-02-22T04:54:02.878746Z","provider":"Microsoft-Windows-RestartManager","channel":"Application","computer":"Niaina","task_id":0,"keywords":9223372036854775808,"user_id":"S-1-5-21-3595381792-2646053551-3183893924-1001","data":null,"raw_xml":null,"source_file":null,"sigma_matches":[]},
{"record_id":1698,"event_id":16394,"level":"Information","timestamp":"2026-02-22T04:54:19.037316Z","provider":"Microsoft-Windows-Security-SPP","channel":"Application","computer":"Niaina","task_id":0,"keywords":36028797018963968,"user_id":null,"data":{"Data":{"#text":""},"Binary":null},"raw_xml":null,"source_file":null,"sigma_matches":[]},
{"record_id":1699,"event_id":10001,"level":"Information","timestamp":"2026-02-22T04:54:27.585274Z","provider":"Microsoft-Windows-RestartManager","channel":"Application","computer":"Niaina","task_id":0,"keywords":9223372036854775808,"user_id":"S-1-5-21-3595381792-2646053551-3183893924-1001","data":null,"raw_xml":null,"source_file":null,"sigma_matches":[]},
{"record_id":1700,"event_id":16384,"level":"Information","timestamp":"2026-02-22T04:54:49.421528Z","provider":"Microsoft-Windows-Security-SPP","channel":"Application","computer":"Niaina","task_id":0,"keywords":36028797018963968,"user_id":null,"data":{"Data":{"#text":["2026-05-20T15:57:49Z","RulesEngine"]},"Binary":null},"raw_xml":null,"source_file":null,"sigma_matches":[]},
{"record_id":1701,"event_id":1001,"level":"Information","timestamp":"2026-02-22T05:02:26.103754Z","provider":"Windows Error Reporting","channel":"Application","computer":"Niaina","task_id":0,"keywords":9223372036854775808,"user_id":"S-1-5-21-3595381792-2646053551-3183893924-1001","data":{"Bucket":"1182567082035170635","BucketType":"5","EventName":"RADAR_PRE_LEAK_64","Response":"Non disponible","CabId":"0","P1":"obs64.exe","P2":"32.0.4.0","P3":"10.0.26200.2.0.0","P4":"","P5":"","P6":"","P7":"","P8":"","P9":"","P10":"","AttachedFiles":"\r\n\\\\?\\C:\\Users\\Niaina\\AppData\\Local\\Temp\\RDRC828.tmp\\empty.txt\r\n\\\\?\\C:\\ProgramData\\Microsoft\\Windows\\WER\\Temp\\WER.8bfba74f-df4d-4cbc-a8af-df32057bb3b1.tmp.WERInternalMetadata.xml\r\nWPR_initiated_DiagTrackMiniLogger_OneTrace_User_Logger_20260219_1_EC_0_inject.etl\r\n\\\\?\\C:\\ProgramData\\Microsoft\\Windows\\WER\\Temp\\WER.99f383d7-8930-4fc0-8a81-651a8992f9cc.tmp.etl\r\nWPR_initiated_DiagTrackMiniLogger_WPR System Collector_inject.etl\r\n\\\\?\\C:\\ProgramData\\Microsoft\\Windows\\WER\\Temp\\WER.2c33a318-5af7-4106-a999-2dd3a5f62196.tmp.etl\r\n\\\\?\\C:\\ProgramData\\Microsoft\\Windows\\WER\\Temp\\WER.3800c8d8-0476-474d-a547-2c0b32d7e1b9.tmp.csv\r\n\\\\?\\C:\\ProgramData\\Microsoft\\Windows\\WER\\Temp\\WER.3c06902b-7cda-43db-bc8a-d990f9467f3f.tmp.txt\r\n\\\\?\\C:\\ProgramData\\Microsoft\\Windows\\WER\\Temp\\WER.906b7f8f-e5c8-4427-9d89-2669f7d46409.tmp.xml","StorePath":"NULL","AnalysisSymbol":"","Rechecking":0,"ReportId":"3e1d2bdb-24de-4c41-ab6c-d441e772c130","ReportStatus":268435456,"HashedBucket":"240bbfab29b0a2dc1069527edfc6cd4b","CabGuid":"0"},"raw_xml":null,"source_file":null,"sigma_matches":[]},
{"record_id":1702,"event_id":16394,"level":"Information","timestamp":"2026-02-22T05:16:31.795477Z","provider":"Microsoft-Windows-Security-SPP","channel":"Application","computer":"Niaina","task_id":0,"keywords":36028797018963968,"user_id":null,"data":{"Data":{"#text":""},"Binary":null},"raw_xml":null,"source_file":null,"sigma_matches":[]},
{"record_id":1703,"event_id":16384,"level":"Information","timestamp":"2026-02-22T05:17:02.197715Z","provider":"Microsoft-Windows-Security-SPP","channel":"Application","computer":"Niaina","task_id":0,"keywords":36028797018963968,"user_id":null,"data":{"Data":{"#text":["2026-05-20T15:58:02Z","RulesEngine"]},"Binary":null},"raw_xml":null,"source_file":null,"sigma_matches":[]},
{"record_id":1704,"event_id":16394,"level":"Information","timestamp":"2026-02-22T05:17:17.265856Z","provider":"Microsoft-Windows-Security-SPP","channel":"Application","computer":"Niaina","task_id":0,"keywords":36028797018963968,"user_id":null,"data":{"Data":{"#text":""},"Binary":null},"raw_xml":null,"source_file":null,"sigma_matches":[]},
{"record_id":1705,"event_id":16384,"level":"Information","timestamp":"2026-02-22T05:17:47.650913Z","provider":"Microsoft-Windows-Security-SPP","channel":"Application","computer":"Niaina","task_id":0,"keywords":36028797018963968,"user_id":null,"data":{"Data":{"#text":["2026-05-20T15:57:47Z","RulesEngine"]},"Binary":null},"raw_xml":null,"source_file":null,"sigma_matches":[]},
{"record_id":1706,"event_id":16394,"level":"Information","timestamp":"2026-02-22T06:03:46.738522Z","provider":"Microsoft-Windows-Security-SPP","channel":"Application","computer":"Niaina","task_id":0,"keywords":36028797018963968,"user_id":null,"data":{"Data":{"#text":""},"Binary":null},"raw_xml":null,"source_file":null,"sigma_matches":[]},
{"record_id":1707,"event_id":16384,"level":"Information","timestamp":"2026-02-22T06:04:17.263384Z","provider":"Microsoft-Windows-Security-SPP","channel":"Application","computer":"Niaina","task_id":0,"keywords":36028797018963968,"user_id":null,"data":{"Data":{"#text":["2026-05-20T15:58:17Z","RulesEngine"]},"Binary":null},"raw_xml":null,"source_file":null,"sigma_matches":[]},
{"record_id":1708,"event_id":16394,"level":"Information","timestamp":"2026-02-22T06:15:13.756909Z","provider":"Microsoft-Windows-Security-SPP","channel":"Application","computer":"Niaina","task_id":0,"keywords":36028797018963968,"user_id":null,"data":{"Data":{"#text":""},"Binary":null},"raw_xml":null,"source_file":null,"sigma_matches":[]},
{"record_id":1709,"event_id":16384,"level":"Information","timestamp":"2026-02-22T06:15:44.086843Z","provider":"Microsoft-Windows-Security-SPP","channel":"Application","computer":"Niaina","task_id":0,"keywords":36028797018963968,"user_id":null,"data":{"Data":{"#text":["2026-05-20T15:58:44Z","RulesEngine"]},"Binary":null},"raw_xml":null,"source_file":null,"sigma_matches":[]},
{"record_id":1710,"event_id":16394,"level":"Information","timestamp":"2026-02-22T06:44:16.071647Z","provider":"Microsoft-Windows-Security-SPP","channel":"Application","computer":"Niaina","task_id":0,"keywords":36028797018963968,"user_id":null,"data":{"Data":{"#text":""},"Binary":null},"raw_xml":null,"source_file":null,"sigma_matches":[]},
{"record_id":1711,"event_id":16384,"level":"Information","timestamp":"2026-02-22T06:44:46.504450Z","provider":"Microsoft-Windows-Security-SPP","channel":"Application","computer":"Niaina","task_id":0,"keywords":36028797018963968,"user_id":null,"data":{"Data":{"#text":["2026-05-20T15:57:46Z","RulesEngine"]},"Binary":null},"raw_xml":null,"source_file":null,"sigma_matches":[]},
{"record_id":1712,"event_id":0,"level":"Information","timestamp":"2026-02-22T06:53:37.553923Z","provider":"edgeupdate","channel":"Application","computer":"Niaina","task_id":0,"keywords":36028797018963968,"user_id":null,"data":{"Data":{"#text":"Service stopped"},"Binary":null},"raw_xml":null,"source_file":null,"sigma_matches":[]},
{"record_id":1713,"event_id":16394,"level":"Information","timestamp":"2026-02-22T07:12:00.523063Z","provider":"Microsoft-Windows-Security-SPP","channel":"Application","computer":"Niaina","task_id":0,"keywords":36028797018963968,"user_id":null,"data":{"Data":{"#text":""},"Binary":null},"raw_xml":null,"source_file":null,"sigma_matches":[]},
{"record_id":1714,"event_id":16384,"level":"Information","timestamp":"2026-02-22T07:12:33.313539Z","provider":"Microsoft-Windows-Security-SPP","channel":"Application","computer":"Niaina","task_id":0,"keywords":36028797018963968,"user_id":null,"data":{"Data":{"#text":["2026-05-20T15:58:33Z","RulesEngine"]},"Binary":null},"raw_xml":null,"source_file":null,"sigma_matches":[]},
{"record_id":1715,"event_id":16394,"level":"Information","timestamp":"2026-02-22T07:47:39.568162Z","provider":"Microsoft-Windows-Security-SPP","channel":"Application","computer":"Niaina","task_id":0,"keywords":36028797018963968,"user_id":null,"data":{"Data":{"#text":""},"Binary":null},"raw_xml":null,"source_file":null,"sigma_matches":[]},
{"record_id":1716,"event_id":16384,"level":"Information","timestamp":"2026-02-22T07:48:09.896872Z","provider":"Microsoft-Windows-Security-SPP","channel":"Application","computer":"Niaina","task_id":0,"keywords":36028797018963968,"user_id":null,"data":{"Data":{"#text":["2026-05-20T15:58:09Z","RulesEngine"]},"Binary":null},"raw_xml":null,"source_file":null,"sigma_matches":[]},
{"record_id":1717,"event_id":16394,"level":"Information","timestamp":"2026-02-22T08:04:14.596615Z","provider":"Microsoft-Windows-Security-SPP","channel":"Application","computer":"Niaina","task_id":0,"keywords":36028797018963968,"user_id":null,"data":{"Data":{"#text":""},"Binary":null},"raw_xml":null,"source_file":null,"sigma_matches":[]},
{"record_id":1718,"event_id":16384,"level":"Information","timestamp":"2026-02-22T08:04:44.933636Z","provider":"Microsoft-Windows-Security-SPP","channel":"Application","computer":"Niaina","task_id":0,"keywords":36028797018963968,"user_id":null,"data":{"Data":{"#text":["2026-05-20T15:58:44Z","RulesEngine"]},"Binary":null},"raw_xml":null,"source_file":null,"sigma_matches":[]},
{"record_id":1719,"event_id":16394,"level":"Information","timestamp":"2026-02-22T08:28:47.998708Z","provider":"Microsoft-Windows-Security-SPP","channel":"Application","computer":"Niaina","task_id":0,"keywords":36028797018963968,"user_id":null,"data":{"Data":{"#text":""},"Binary":null},"raw_xml":null,"source_file":null,"sigma_matches":[]},
{"record_id":1720,"event_id":16384,"level":"Information","timestamp":"2026-02-22T08:29:18.307920Z","provider":"Microsoft-Windows-Security-SPP","channel":"Application","computer":"Niaina","task_id":0,"keywords":36028797018963968,"user_id":null,"data":{"Data":{"#text":["2026-05-20T15:58:18Z","RulesEngine"]},"Binary":null},"raw_xml":null,"source_file":null,"sigma_matches":[]},
{"record_id":1721,"event_id":16394,"level":"Information","timestamp":"2026-02-22T08:50:45.695356Z","provider":"Microsoft-Windows-Security-SPP","channel":"Application","computer":"Niaina","task_id":0,"keywords":36028797018963968,"user_id":null,"data":{"Data":{"#text":""},"Binary":null},"raw_xml":null,"source_file":null,"sigma_matches":[]},
{"record_id":1722,"event_id":16384,"level":"Information","timestamp":"2026-02-22T08:51:15.997309Z","provider":"Microsoft-Windows-Security-SPP","channel":"Application","computer":"Niaina","task_id":0,"keywords":36028797018963968,"user_id":null,"data":{"Data":{"#text":["2026-05-20T15:58:15Z","RulesEngine"]},"Binary":null},"raw_xml":null,"source_file":null,"sigma_matches":[]},
{"record_id":1723,"event_id":16394,"level":"Information","timestamp":"2026-02-22T09:09:38.988645Z","provider":"Microsoft-Windows-Security-SPP","channel":"Application","computer":"Niaina","task_id":0,"keywords":36028797018963968,"user_id":null,"data":{"Data":{"#text":""},"Binary":null},"raw_xml":null,"source_file":null,"sigma_matches":[]},
{"record_id":1724,"event_id":16384,"level":"Information","timestamp":"2026-02-22T09:10:09.294381Z","provider":"Microsoft-Windows-Security-SPP","channel":"Application","computer":"Niaina","task_id":0,"keywords":36028797018963968,"user_id":null,"data":{"Data":{"#text":["2026-05-20T15:58:09Z","RulesEngine"]},"Binary":null},"raw_xml":null,"source_file":null,"sigma_matches":[]},
{"record_id":1725,"event_id":16394,"level":"Information","timestamp":"2026-02-22T09:15:50.362947Z","provider":"Microsoft-Windows-Security-SPP","channel":"Application","computer":"Niaina","task_id":0,"keywords":36028797018963968,"user_id":null,"data":{"Data":{"#text":""},"Binary":null},"raw_xml":null,"source_file":null,"sigma_matches":[]},
{"record_id":1726,"event_id":16384,"level":"Information","timestamp":"2026-02-22T09:16:20.656210Z","provider":"Microsoft-Windows-Security-SPP","channel":"Application","computer":"Niaina","task_id":0,"keywords":36028797018963968,"user_id":null,"data":{"Data":{"#text":["2026-05-20T15:58:20Z","RulesEngine"]},"Binary":null},"raw_xml":null,"source_file":null,"sigma_matches":[]},
{"record_id":1727,"event_id":16394,"level":"Information","timestamp":"2026-02-22T09:49:18.806653Z","provider":"Microsoft-Windows-Security-SPP","channel":"Application","computer":"Niaina","task_id":0,"keywords":36028797018963968,"user_id":null,"data":{"Data":{"#text":""},"Binary":null},"raw_xml":null,"source_file":null,"sigma_matches":[]},
{"record_id":1728,"event_id":16384,"level":"Information","timestamp":"2026-02-22T09:49:49.081540Z","provider":"Microsoft-Windows-Security-SPP","channel":"Application","computer":"Niaina","task_id":0,"keywords":36028797018963968,"user_id":null,"data":{"Data":{"#text":["2026-05-20T15:57:49Z","RulesEngine"]},"Binary":null},"raw_xml":null,"source_file":null,"sigma_matches":[]},
{"record_id":1729,"event_id":16394,"level":"Information","timestamp":"2026-02-22T10:26:15.727683Z","provider":"Microsoft-Windows-Security-SPP","channel":"Application","computer":"Niaina","task_id":0,"keywords":36028797018963968,"user_id":null,"data":{"Data":{"#text":""},"Binary":null},"raw_xml":null,"source_file":null,"sigma_matches":[]},
{"record_id":1730,"event_id":16384,"level":"Information","timestamp":"2026-02-22T10:26:46.210023Z","provider":"Microsoft-Windows-Security-SPP","channel":"Application","computer":"Niaina","task_id":0,"keywords":36028797018963968,"user_id":null,"data":{"Data":{"#text":["2026-05-20T15:57:46Z","RulesEngine"]},"Binary":null},"raw_xml":null,"source_file":null,"sigma_matches":[]},
{"record_id":1731,"event_id":16394,"level":"Information","timestamp":"2026-02-22T11:04:14.724232Z","provider":"Microsoft-Windows-Security-SPP","channel":"Application","computer":"Niaina","task_id":0,"keywords":36028797018963968,"user_id":null,"data":{"Data":{"#text":""},"Binary":null},"raw_xml":null,"source_file":null,"sigma_matches":[]},
{"record_id":1732,"event_id":16384,"level":"Information","timestamp":"2026-02-22T11:04:49.072670Z","provider":"Microsoft-Windows-Security-SPP","channel":"Application","computer":"Niaina","task_id":0,"keywords":36028797018963968,"user_id":null,"data":{"Data":{"#text":["2026-05-20T15:57:49Z","RulesEngine"]},"Binary":null},"raw_xml":null,"source_file":null,"sigma_matches":[]},
{"record_id":1733,"event_id":16394,"level":"Information","timestamp":"2026-02-22T11:45:06.120855Z","provider":"Microsoft-Windows-Security-SPP","channel":"Application","computer":"Niaina","task_id":0,"keywords":36028797018963968,"user_id":null,"data":{"Data":{"#text":""},"Binary":null},"raw_xml":null,"source_file":null,"sigma_matches":[]},
{"record_id":1734,"event_id":16384,"level":"Information","timestamp":"2026-02-22T11:45:36.530978Z","provider":"Microsoft-Windows-Security-SPP","channel":"Application","computer":"Niaina","task_id":0,"keywords":36028797018963968,"user_id":null,"data":{"Data":{"#text":["2026-05-20T15:58:36Z","RulesEngine"]},"Binary":null},"raw_xml":null,"source_file":null,"sigma_matches":[]},
{"record_id":1735,"event_id":2562,"level":"Information","timestamp":"2026-02-22T11:46:36.932970Z","provider":"Microsoft-Windows-AppXDeploymentServer/Operational","channel":"Application","computer":"Niaina","task_id":0,"keywords":36028797018963968,"user_id":null,"data":{"Data":{"#text":["MSIXDeployment","windows.applicationData","DeleteMachineFolder","Package Microsoft.MicrosoftOfficeHub_19.2602.47191.0_neutral_split.scale-125_8wekyb3d8bbwe removed machine folder C:\\ProgramData\\Microsoft\\Windows\\AppRepository\\Families\\ApplicationData\\Microsoft.MicrosoftOfficeHub_8wekyb3d8bbwe: Le chemin d’accès spécifié est introuvable."]},"Binary":null},"raw_xml":null,"source_file":null,"sigma_matches":[]},
{"record_id":1736,"event_id":8216,"level":"Information","timestamp":"2026-02-22T11:46:39.465743Z","provider":"System Restore","channel":"Application","computer":"Niaina","task_id":0,"keywords":36028797018963968,"user_id":null,"data":{"Data":{"#text":["C:\\WINDOWS\\system32\\svchost.exe -k netsvcs -p -s wuauserv","Windows Update"]},"Binary":"0000000063020000590200000000000022CE28677C6DDA79E28C1C000000000000000000"},"raw_xml":null,"source_file":null,"sigma_matches":[]},
{"record_id":1737,"event_id":2562,"level":"Information","timestamp":"2026-02-22T11:46:41.177305Z","provider":"Microsoft-Windows-AppXDeploymentServer/Operational","channel":"Application","computer":"Niaina","task_id":0,"keywords":36028797018963968,"user_id":null,"data":{"Data":{"#text":["MSIXDeployment","windows.applicationData","DeleteMachineFolder","Package Microsoft.MicrosoftOfficeHub_19.2602.47191.0_x64__8wekyb3d8bbwe removed machine folder C:\\ProgramData\\Microsoft\\Windows\\AppRepository\\Families\\ApplicationData\\Microsoft.MicrosoftOfficeHub_8wekyb3d8bbwe: Le chemin d’accès spécifié est introuvable."]},"Binary":null},"raw_xml":null,"source_file":null,"sigma_matches":[]},
{"record_id":1738,"event_id":2562,"level":"Information","timestamp":"2026-02-22T11:46:41.177851Z","provider":"Microsoft-Windows-AppXDeploymentServer/Operational","channel":"Application","computer":"Niaina","task_id":0,"keywords":36028797018963968,"user_id":null,"data":{"Data":{"#text":["MSIXDeployment","windows.applicationData","DeleteMachineFolder","Package Microsoft.MicrosoftOfficeHub_19.2602.47191.0_neutral_split.language-fr_8wekyb3d8bbwe removed machine folder C:\\ProgramData\\Microsoft\\Windows\\AppRepository\\Families\\ApplicationData\\Microsoft.MicrosoftOfficeHub_8wekyb3d8bbwe: Le chemin d’accès spécifié est introuvable."]},"Binary":null},"raw_xml":null,"source_file":null,"sigma_matches":[]},
{"record_id":1739,"event_id":2562,"level":"Information","timestamp":"2026-02-22T11:46:41.178148Z","provider":"Microsoft-Windows-AppXDeploymentServer/Operational","channel":"Application","computer":"Niaina","task_id":0,"keywords":36028797018963968,"user_id":null,"data":{"Data":{"#text":["MSIXDeployment","windows.applicationData","DeleteMachineFolder","Package Microsoft.MicrosoftOfficeHub_19.2602.47191.0_neutral_split.scale-100_8wekyb3d8bbwe removed machine folder C:\\ProgramData\\Microsoft\\Windows\\AppRepository\\Families\\ApplicationData\\Microsoft.MicrosoftOfficeHub_8wekyb3d8bbwe: Le chemin d’accès spécifié est introuvable."]},"Binary":null},"raw_xml":null,"source_file":null,"sigma_matches":[]},
{"record_id":1740,"event_id":2562,"level":"Information","timestamp":"2026-02-22T11:46:41.178446Z","provider":"Microsoft-Windows-AppXDeploymentServer/Operational","channel":"Application","computer":"Niaina","task_id":0,"keywords":36028797018963968,"user_id":null,"data":{"Data":{"#text":["MSIXDeployment","windows.applicationData","DeleteMachineFolder","Package Microsoft.MicrosoftOfficeHub_19.2602.47191.0_neutral_split.scale-150_8wekyb3d8bbwe removed machine folder C:\\ProgramData\\Microsoft\\Windows\\AppRepository\\Families\\ApplicationData\\Microsoft.MicrosoftOfficeHub_8wekyb3d8bbwe: Le chemin d’accès spécifié est introuvable."]},"Binary":null},"raw_xml":null,"source_file":null,"sigma_matches":[]},
{"record_id":1741,"event_id":8224,"level":"Information","timestamp":"2026-02-22T11:50:42.451064Z","provider":"VSS","channel":"Application","computer":"Niaina","task_id":0,"keywords":36028797018963968,"user_id":null,"data":{"Data":{"#text":""},"Binary":"2D20436F64653A2020434F525356434330303030303737322D2043616C6C3A2020434F525356434330303030303735342D205049443A202030303031383838382D205449443A202030303031313930382D20434D443A2020433A5C57494E444F57535C73797374656D33325C76737376632E6578652020202D20557365723A204E616D653A204155544F52495445204E545C53797374E86D652C205349443A532D312D352D313820"},"raw_xml":null,"source_file":null,"sigma_matches":[]},
{"record_id":1742,"event_id":16394,"level":"Information","timestamp":"2026-02-22T12:15:02.673706Z","provider":"Microsoft-Windows-Security-SPP","channel":"Application","computer":"Niaina","task_id":0,"keywords":36028797018963968,"user_id":null,"data":{"Data":{"#text":""},"Binary":null},"raw_xml":null,"source_file":null,"sigma_matches":[]},
{"record_id":1743,"event_id":16384,"level":"Information","timestamp":"2026-02-22T12:15:33.031404Z","provider":"Microsoft-Windows-Security-SPP","channel":"Application","computer":"Niaina","task_id":0,"keywords":36028797018963968,"user_id":null,"data":{"Data":{"#text":["2026-05-20T15:58:32Z","RulesEngine"]},"Binary":null},"raw_xml":null,"source_file":null,"sigma_matches":[]},
{"record_id":1744,"event_id":16394,"level":"Information","timestamp":"2026-02-22T12:40:00.571194Z","provider":"Microsoft-Windows-Security-SPP","channel":"Application","computer":"Niaina","task_id":0,"keywords":36028797018963968,"user_id":null,"data":{"Data":{"#text":""},"Binary":null},"raw_xml":null,"source_file":null,"sigma_matches":[]},
{"record_id":1745,"event_id":16384,"level":"Information","timestamp":"2026-02-22T12:40:31.690072Z","provider":"Microsoft-Windows-Security-SPP","channel":"Application","computer":"Niaina","task_id":0,"keywords":36028797018963968,"user_id":null,"data":{"Data":{"#text":["2026-05-20T15:58:31Z","RulesEngine"]},"Binary":null},"raw_xml":null,"source_file":null,"sigma_matches":[]},
{"record_id":1746,"event_id":16394,"level":"Information","timestamp":"2026-02-22T12:46:18.370702Z","provider":"Microsoft-Windows-Security-SPP","channel":"Application","computer":"Niaina","task_id":0,"keywords":36028797018963968,"user_id":null,"data":{"Data":{"#text":""},"Binary":null},"raw_xml":null,"source_file":null,"sigma_matches":[]},
{"record_id":1747,"event_id":16384,"level":"Information","timestamp":"2026-02-22T12:46:48.714451Z","provider":"Microsoft-Windows-Security-SPP","channel":"Application","computer":"Niaina","task_id":0,"keywords":36028797018963968,"user_id":null,"data":{"Data":{"#text":["2026-05-20T15:57:48Z","RulesEngine"]},"Binary":null},"raw_xml":null,"source_file":null,"sigma_matches":[]},
{"record_id":1748,"event_id":256,"level":"Information","timestamp":"2026-02-22T13:01:51.838429Z","provider":"Edge","channel":"Application","computer":"Niaina","task_id":1,"keywords":36028797018963968,"user_id":"S-1-5-21-3595381792-2646053551-3183893924-1001","data":{"Data":{"#text":"[22168:22260:0222/160151.826:INFO:chrome\\browser\\extensions\\extension_garbage_collector.cc:188] Garbage collection for extensions on file thread is complete."},"Binary":null},"raw_xml":null,"source_file":null,"sigma_matches":[]},
{"record_id":1749,"event_id":16394,"level":"Information","timestamp":"2026-02-22T13:01:56.562152Z","provider":"Microsoft-Windows-Security-SPP","channel":"Application","computer":"Niaina","task_id":0,"keywords":36028797018963968,"user_id":null,"data":{"Data":{"#text":""},"Binary":null},"raw_xml":null,"source_file":null,"sigma_matches":[]},
{"record_id":1750,"event_id":16384,"level":"Information","timestamp":"2026-02-22T13:02:51.649604Z","provider":"Microsoft-Windows-Security-SPP","channel":"Application","computer":"Niaina","task_id":0,"keywords":36028797018963968,"user_id":null,"data":{"Data":{"#text":["2026-05-20T15:57:51Z","RulesEngine"]},"Binary":null},"raw_xml":null,"source_file":null,"sigma_matches":[]},
{"record_id":1751,"event_id":16394,"level":"Information","timestamp":"2026-02-22T13:02:54.420583Z","provider":"Microsoft-Windows-Security-SPP","channel":"Application","computer":"Niaina","task_id":0,"keywords":36028797018963968,"user_id":null,"data":{"Data":{"#text":""},"Binary":null},"raw_xml":null,"source_file":null,"sigma_matches":[]},
{"record_id":1752,"event_id":16384,"level":"Information","timestamp":"2026-02-22T13:03:39.625194Z","provider":"Microsoft-Windows-Security-SPP","channel":"Application","computer":"Niaina","task_id":0,"keywords":36028797018963968,"user_id":null,"data":{"Data":{"#text":["2026-05-20T15:58:39Z","RulesEngine"]},"Binary":null},"raw_xml":null,"source_file":null,"sigma_matches":[]},
{"record_id":1753,"event_id":0,"level":"Information","timestamp":"2026-02-22T13:07:09.459919Z","provider":"PostgreSQL","channel":"Application","computer":"Niaina","task_id":0,"keywords":36028797018963968,"user_id":null,"data":{"Data":{"#text":"Waiting for server startup...\n"},"Binary":null},"raw_xml":null,"source_file":null,"sigma_matches":[]},
{"record_id":1754,"event_id":0,"level":"Information","timestamp":"2026-02-22T13:07:09.551826Z","provider":"PostgreSQL","channel":"Application","computer":"Niaina","task_id":0,"keywords":36028797018963968,"user_id":null,"data":{"Data":{"#text":"2026-02-22 16:07:09 EAT LOG:  redirection des traces vers le processus de récupération des traces\n2026-02-22 16:07:09 EAT ASTUCE :  Les prochaines traces apparaîtront dans le répertoire « log ».\n"},"Binary":null},"raw_xml":null,"source_file":null,"sigma_matches":[]},
{"record_id":1755,"event_id":0,"level":"Information","timestamp":"2026-02-22T13:07:09.708222Z","provider":"PostgreSQL","channel":"Application","computer":"Niaina","task_id":0,"keywords":36028797018963968,"user_id":null,"data":{"Data":{"#text":"Server started and accepting connections\n"},"Binary":null},"raw_xml":null,"source_file":null,"sigma_matches":[]},
{"record_id":1756,"event_id":16394,"level":"Information","timestamp":"2026-02-22T13:13:56.875250Z","provider":"Microsoft-Windows-Security-SPP","channel":"Application","computer":"Niaina","task_id":0,"keywords":36028797018963968,"user_id":null,"data":{"Data":{"#text":""},"Binary":null},"raw_xml":null,"source_file":null,"sigma_matches":[]},
{"record_id":1757,"event_id":16384,"level":"Information","timestamp":"2026-02-22T13:14:27.211723Z","provider":"Microsoft-Windows-Security-SPP","channel":"Application","computer":"Niaina","task_id":0,"keywords":36028797018963968,"user_id":null,"data":{"Data":{"#text":["2026-05-20T15:58:27Z","RulesEngine"]},"Binary":null},"raw_xml":null,"source_file":null,"sigma_matches":[]},
{"record_id":1758,"event_id":16394,"level":"Information","timestamp":"2026-02-22T13:20:53.649519Z","provider":"Microsoft-Windows-Security-SPP","channel":"Application","computer":"Niaina","task_id":0,"keywords":36028797018963968,"user_id":null,"data":{"Data":{"#text":""},"Binary":null},"raw_xml":null,"source_file":null,"sigma_matches":[]},
{"record_id":1759,"event_id":16384,"level":"Information","timestamp":"2026-02-22T13:21:44.943663Z","provider":"Microsoft-Windows-Security-SPP","channel":"Application","computer":"Niaina","task_id":0,"keywords":36028797018963968,"user_id":null,"data":{"Data":{"#text":["2026-05-20T15:58:44Z","RulesEngine"]},"Binary":null},"raw_xml":null,"source_file":null,"sigma_matches":[]},
{"record_id":1760,"event_id":16394,"level":"Information","timestamp":"2026-02-22T13:26:49.345481Z","provider":"Microsoft-Windows-Security-SPP","channel":"Application","computer":"Niaina","task_id":0,"keywords":36028797018963968,"user_id":null,"data":{"Data":{"#text":""},"Binary":null},"raw_xml":null,"source_file":null,"sigma_matches":[]},
{"record_id":1761,"event_id":16384,"level":"Information","timestamp":"2026-02-22T13:27:19.705845Z","provider":"Microsoft-Windows-Security-SPP","channel":"Application","computer":"Niaina","task_id":0,"keywords":36028797018963968,"user_id":null,"data":{"Data":{"#text":["2026-05-20T15:58:19Z","RulesEngine"]},"Binary":null},"raw_xml":null,"source_file":null,"sigma_matches":[]},
{"record_id":1762,"event_id":16394,"level":"Information","timestamp":"2026-02-22T13:53:37.407031Z","provider":"Microsoft-Windows-Security-SPP","channel":"Application","computer":"Niaina","task_id":0,"keywords":36028797018963968,"user_id":null,"data":{"Data":{"#text":""},"Binary":null},"raw_xml":null,"source_file":null,"sigma_matches":[]},
{"record_id":1763,"event_id":16384,"level":"Information","timestamp":"2026-02-22T13:54:07.996697Z","provider":"Microsoft-Windows-Security-SPP","channel":"Application","computer":"Niaina","task_id":0,"keywords":36028797018963968,"user_id":null,"data":{"Data":{"#text":["2026-05-20T15:58:07Z","RulesEngine"]},"Binary":null},"raw_xml":null,"source_file":null,"sigma_matches":[]},
{"record_id":1764,"event_id":16394,"level":"Information","timestamp":"2026-02-22T14:00:01.822447Z","provider":"Microsoft-Windows-Security-SPP","channel":"Application","computer":"Niaina","task_id":0,"keywords":36028797018963968,"user_id":null,"data":{"Data":{"#text":""},"Binary":null},"raw_xml":null,"source_file":null,"sigma_matches":[]},
{"record_id":1765,"event_id":16384,"level":"Information","timestamp":"2026-02-22T14:00:43.616489Z","provider":"Microsoft-Windows-Security-SPP","channel":"Application","computer":"Niaina","task_id":0,"keywords":36028797018963968,"user_id":null,"data":{"Data":{"#text":["2026-05-20T15:58:43Z","RulesEngine"]},"Binary":null},"raw_xml":null,"source_file":null,"sigma_matches":[]},
{"record_id":1766,"event_id":256,"level":"Information","timestamp":"2026-02-22T14:01:57.138862Z","provider":"Edge","channel":"Application","computer":"Niaina","task_id":1,"keywords":36028797018963968,"user_id":"S-1-5-21-3595381792-2646053551-3183893924-1001","data":{"Data":{"#text":"[21740:8008:0222/170157.131:INFO:chrome\\browser\\extensions\\extension_garbage_collector.cc:188] Garbage collection for extensions on file thread is complete."},"Binary":null},"raw_xml":null,"source_file":null,"sigma_matches":[]},
{"record_id":1767,"event_id":16394,"level":"Information","timestamp":"2026-02-22T14:29:08.155403Z","provider":"Microsoft-Windows-Security-SPP","channel":"Application","computer":"Niaina","task_id":0,"keywords":36028797018963968,"user_id":null,"data":{"Data":{"#text":""},"Binary":null},"raw_xml":null,"source_file":null,"sigma_matches":[]},
{"record_id":1768,"event_id":16384,"level":"Information","timestamp":"2026-02-22T14:29:38.719487Z","provider":"Microsoft-Windows-Security-SPP","channel":"Application","computer":"Niaina","task_id":0,"keywords":36028797018963968,"user_id":null,"data":{"Data":{"#text":["2026-05-20T15:58:38Z","RulesEngine"]},"Binary":null},"raw_xml":null,"source_file":null,"sigma_matches":[]},
{"record_id":1769,"event_id":16394,"level":"Information","timestamp":"2026-02-22T14:56:29.428325Z","provider":"Microsoft-Windows-Security-SPP","channel":"Application","computer":"Niaina","task_id":0,"keywords":36028797018963968,"user_id":null,"data":{"Data":{"#text":""},"Binary":null},"raw_xml":null,"source_file":null,"sigma_matches":[]},
{"record_id":1770,"event_id":16384,"level":"Information","timestamp":"2026-02-22T14:56:59.688285Z","provider":"Microsoft-Windows-Security-SPP","channel":"Application","computer":"Niaina","task_id":0,"keywords":36028797018963968,"user_id":null,"data":{"Data":{"#text":["2026-05-20T15:57:59Z","RulesEngine"]},"Binary":null},"raw_xml":null,"source_file":null,"sigma_matches":[]},
{"record_id":1771,"event_id":16394,"level":"Information","timestamp":"2026-02-22T15:03:37.338275Z","provider":"Microsoft-Windows-Security-SPP","channel":"Application","computer":"Niaina","task_id":0,"keywords":36028797018963968,"user_id":null,"data":{"Data":{"#text":""},"Binary":null},"raw_xml":null,"source_file":null,"sigma_matches":[]},
{"record_id":1772,"event_id":16384,"level":"Information","timestamp":"2026-02-22T15:04:07.720032Z","provider":"Microsoft-Windows-Security-SPP","channel":"Application","computer":"Niaina","task_id":0,"keywords":36028797018963968,"user_id":null,"data":{"Data":{"#text":["2026-05-20T15:58:07Z","RulesEngine"]},"Binary":null},"raw_xml":null,"source_file":null,"sigma_matches":[]},
{"record_id":1773,"event_id":16394,"level":"Information","timestamp":"2026-02-22T15:12:18.217626Z","provider":"Microsoft-Windows-Security-SPP","channel":"Application","computer":"Niaina","task_id":0,"keywords":36028797018963968,"user_id":null,"data":{"Data":{"#text":""},"Binary":null},"raw_xml":null,"source_file":null,"sigma_matches":[]},
{"record_id":1774,"event_id":16384,"level":"Information","timestamp":"2026-02-22T15:12:48.676184Z","provider":"Microsoft-Windows-Security-SPP","channel":"Application","computer":"Niaina","task_id":0,"keywords":36028797018963968,"user_id":null,"data":{"Data":{"#text":["2026-05-20T15:57:48Z","RulesEngine"]},"Binary":null},"raw_xml":null,"source_file":null,"sigma_matches":[]},
{"record_id":1775,"event_id":16394,"level":"Information","timestamp":"2026-02-22T15:17:20.918558Z","provider":"Microsoft-Windows-Security-SPP","channel":"Application","computer":"Niaina","task_id":0,"keywords":36028797018963968,"user_id":null,"data":{"Data":{"#text":""},"Binary":null},"raw_xml":null,"source_file":null,"sigma_matches":[]},
{"record_id":1776,"event_id":16384,"level":"Information","timestamp":"2026-02-22T15:17:51.067163Z","provider":"Microsoft-Windows-Security-SPP","channel":"Application","computer":"Niaina","task_id":0,"keywords":36028797018963968,"user_id":null,"data":{"Data":{"#text":["2026-05-20T15:57:51Z","RulesEngine"]},"Binary":null},"raw_xml":null,"source_file":null,"sigma_matches":[]},
{"record_id":1777,"event_id":102,"level":"Information","timestamp":"2026-02-22T15:19:01.006974Z","provider":"ESENT","channel":"Application","computer":"Niaina","task_id":1,"keywords":36028797018963968,"user_id":null,"data":{"Data":{"#text":["svchost","6408,P,98,0","DS_Token_DB: ","0","10","00","26200","0000"]},"Binary":null},"raw_xml":null,"source_file":null,"sigma_matches":[]},
{"record_id":1778,"event_id":300,"level":"Information","timestamp":"2026-02-22T15:19:01.015307Z","provider":"ESENT","channel":"Application","computer":"Niaina","task_id":3,"keywords":36028797018963968,"user_id":null,"data":{"Data":{"#text":["svchost","6408,R,98,0","DS_Token_DB: "]},"Binary":null},"raw_xml":null,"source_file":null,"sigma_matches":[]},
{"record_id":1779,"event_id":330,"level":"Information","timestamp":"2026-02-22T15:19:01.021053Z","provider":"ESENT","channel":"Application","computer":"Niaina","task_id":1,"keywords":36028797018963968,"user_id":null,"data":{"Data":{"#text":["svchost","6408,R,98,0","DS_Token_DB: ","C:\\WINDOWS\\system32\\config\\systemprofile\\AppData\\Local\\DataSharing\\Storage\\DSTokenDB2.dat","0x410022D8 (8920 | JET_efvAllowHigherPersistedFormat)","8920 (0x22d8)","9620 (0x2594)"]},"Binary":null},"raw_xml":null,"source_file":null,"sigma_matches":[]},
{"record_id":1780,"event_id":301,"level":"Information","timestamp":"2026-02-22T15:19:01.108113Z","provider":"ESENT","channel":"Application","computer":"Niaina","task_id":3,"keywords":36028797018963968,"user_id":null,"data":{"Data":{"#text":["svchost","6408,R,98,0","DS_Token_DB: ","C:\\WINDOWS\\system32\\config\\systemprofile\\AppData\\Local\\DataSharing\\Storage\\DSS00001.log","\n[1] 0.090756 -0.068975 (278) CM -0.062959 (287) WT +J(CM:278, PgRf:335, Rd:0/278, Dy:2/4, Lg:56679/758) +M(C:8K, Fs:186, WS:668K # 668K, PF:568K # 568K, P:568K).","Insert   ","294"]},"Binary":null},"raw_xml":null,"source_file":null,"sigma_matches":[]},
{"record_id":1781,"event_id":301,"level":"Information","timestamp":"2026-02-22T15:19:01.133075Z","provider":"ESENT","channel":"Application","computer":"Niaina","task_id":3,"keywords":36028797018963968,"user_id":null,"data":{"Data":{"#text":["svchost","6408,R,98,0","DS_Token_DB: ","C:\\WINDOWS\\system32\\config\\systemprofile\\AppData\\Local\\DataSharing\\Storage\\DSS.log","\n[1] 0.018468 -0.015626 (18) CM -0.014761 (18) WT +J(CM:18, PgRf:55, Rd:49/14, Dy:1/1, Lg:12158/123) +M(C:32K, Fs:21, WS:84K # 84K, PF:92K # 92K, P:92K).","Insert   ","39"]},"Binary":null},"raw_xml":null,"source_file":null,"sigma_matches":[]},
{"record_id":1782,"event_id":302,"level":"Information","timestamp":"2026-02-22T15:19:01.154357Z","provider":"ESENT","channel":"Application","computer":"Niaina","task_id":3,"keywords":36028797018963968,"user_id":null,"data":{"Data":{"#text":["svchost","6408,U,98,0","DS_Token_DB: "]},"Binary":null},"raw_xml":null,"source_file":null,"sigma_matches":[]},
{"record_id":1783,"event_id":105,"level":"Information","timestamp":"2026-02-22T15:19:01.159410Z","provider":"ESENT","channel":"Application","computer":"Niaina","task_id":1,"keywords":36028797018963968,"user_id":null,"data":{"Data":{"#text":["svchost","6408,D,0,0","DS_Token_DB: ","0","0.157","\n[1] 0.000574 +J(0) +M(C:0K, Fs:164, WS:636K # 636K, PF:2788K # 2788K, P:2788K)\n[2] 0.000380 +J(0) +M(C:8K, Fs:121, WS:476K # 476K, PF:1244K # 1244K, P:1244K)\n[3] 0.000016 +J(0) +M(C:0K, Fs:6, WS:24K # 24K, PF:64K # 64K, P:64K)\n[4] 0.000237 +J(0) +M(C:0K, Fs:123, WS:492K # 492K, PF:180K # 180K, P:180K)\n[5] 0.000937 +J(0) +M(C:0K, Fs:61, WS:240K # 240K, PF:20K # 20K, P:20K)\n[6] 0.005053 +J(0) +M(C:0K, Fs:43, WS:172K # 172K, PF:12K # 12K, P:12K)\n[7] 0.002034 -0.000998 (2) WT +J(0) +M(C:0K, Fs:39, WS:156K # 156K, PF:64K # 64K, P:64K)\n[8] 0.095453 -0.068975 (278) CM -0.063758 (290) WT +J(CM:278, PgRf:335, Rd:0/278, Dy:2/4, Lg:56679/758) +M(C:8K, Fs:218, WS:784K # 784K, PF:660K # 660K, P:660K)\n[9] 0.026659 -0.015626 (18) CM -0.016615 (20) WT +J(CM:18, PgRf:55, Rd:56/14, Dy:1/1, Lg:12158/123) +M(C:48K, Fs:45, WS:176K # 176K, PF:124K # 128K, P:124K) + 1 lgens\n[10] 0.001708 -0.000730 (1) WT +J(0) +M(C:0K, Fs:0, WS:-60K # 0K, PF:-60K # 0K, P:-60K)\n[11] 0.000119 +J(CM:0, PgRf:0, Rd:0/0, Dy:0/0, Lg:49/1) +M(C:0K, Fs:5, WS:20K # 0K, PF:0K # 0K, P:0K)\n[12] 0.000885 +J(0)\n[13] 0.021978 -0.000501 (2) CM -0.005705 (18) WT +J(CM:2, PgRf:2, Rd:0/2, Dy:0/0, Lg:8759/5) +M(C:0K, Fs:32, WS:8K # 32K, PF:-32K # 0K, P:-32K)\n[14] 0.000016 +J(0)\n[15] 0.000008 +J(0)\n[16] 0.000692 -0.000155 (1) WT +J(0) +M(C:0K, Fs:3, WS:4K # 0K, PF:4K # 0K, P:4K).","lgposV2[] = 00000001:0001:0000 - 00000001:000E:0FE1 - 00000002:0004:0000 - 00000002:0004:0000 (00000000:0000:0000)\ncReInits = 1\nRBSOn = 0\n"]},"Binary":null},"raw_xml":null,"source_file":null,"sigma_matches":[]},
{"record_id":1784,"event_id":330,"level":"Information","timestamp":"2026-02-22T15:19:01.170526Z","provider":"ESENT","channel":"Application","computer":"Niaina","task_id":1,"keywords":36028797018963968,"user_id":null,"data":{"Data":{"#text":["svchost","6408,D,50,0","DS_Token_DB: ","C:\\WINDOWS\\system32\\config\\systemprofile\\AppData\\Local\\DataSharing\\Storage\\DSTokenDB2.dat","0x410022D8 (8920 | JET_efvAllowHigherPersistedFormat)","8920 (0x22d8)","9620 (0x2594)"]},"Binary":null},"raw_xml":null,"source_file":null,"sigma_matches":[]},
{"record_id":1785,"event_id":326,"level":"Information","timestamp":"2026-02-22T15:19:01.171732Z","provider":"ESENT","channel":"Application","computer":"Niaina","task_id":1,"keywords":36028797018963968,"user_id":null,"data":{"Data":{"#text":["svchost","6408,D,50,0","DS_Token_DB: ","1","C:\\WINDOWS\\system32\\config\\systemprofile\\AppData\\Local\\DataSharing\\Storage\\DSTokenDB2.dat","0","\n[1] 0.000003 +J(0)\n[2] 0.001690 -0.000687 (1) WT +J(0) +M(C:0K, Fs:17, WS:4K # 0K, PF:4K # 0K, P:4K)\n[3] 0.004930 -0.000785 (6) WT +J(CM:0, PgRf:0, Rd:0/0, Dy:0/0, Lg:3480/2) +M(C:0K, Fs:6, WS:20K # 0K, PF:20K # 0K, P:20K)\n[4] 0.001632 +J(0)\n[5] -\n[6] 0.000025 +J(CM:0, PgRf:2, Rd:0/0, Dy:0/0, Lg:0/0)\n[7] 0.000001 +J(0)\n[8] 0.000739 -0.000571 (1) CM -0.000521 (1) WT +J(CM:1, PgRf:1, Rd:11/1, Dy:0/0, Lg:0/0) +M(C:0K, Fs:17, WS:68K # 24K, PF:192K # 124K, P:192K)\n[9] -\n[10] -\n[11] -\n[12] 0.000504 +J(0)\n[13] 0.000349 -0.000215 (1) CM -0.000181 (1) WT +J(CM:1, PgRf:23, Rd:0/1, Dy:0/0, Lg:0/0) +M(C:0K, Fs:14, WS:56K # 56K, PF:0K # 0K, P:0K)\n[14] 0.000330 -0.000224 (1) CM -0.000187 (1) WT +J(CM:1, PgRf:40, Rd:0/1, Dy:0/0, Lg:0/0) +M(C:0K, Fs:5, WS:20K # 20K, PF:0K # 0K, P:0K)\n[15] 0.000005 +J(CM:0, PgRf:1, Rd:0/0, Dy:0/0, Lg:0/0)\n[16] 0.000007 +J(CM:0, PgRf:1, Rd:0/0, Dy:0/0, Lg:0/0) +M(C:0K, Fs:1, WS:4K # 4K, PF:0K # 0K, P:0K)\n[17] 0.000043 +J(CM:0, PgRf:42, Rd:0/0, Dy:0/0, Lg:0/0) +M(C:0K, Fs:6, WS:24K # 24K, PF:0K # 0K, P:0K)\n[18] 0.0 +J(0)\n[19] 0.0 +J(0)\n[20] 0.000006 +J(CM:0, PgRf:1, Rd:0/0, Dy:0/0, Lg:0/0) +M(C:0K, Fs:1, WS:4K # 4K, PF:0K # 0K, P:0K).","1 0","lgposAttach = 00000002:0006:0268,\ndbv = 1568.20.0 (8920)"]},"Binary":null},"raw_xml":null,"source_file":null,"sigma_matches":[]},
{"record_id":1786,"event_id":16394,"level":"Information","timestamp":"2026-02-22T15:32:16.944249Z","provider":"Microsoft-Windows-Security-SPP","channel":"Application","computer":"Niaina","task_id":0,"keywords":36028797018963968,"user_id":null,"data":{"Data":{"#text":""},"Binary":null},"raw_xml":null,"source_file":null,"sigma_matches":[]},
{"record_id":1787,"event_id":16384,"level":"Information","timestamp":"2026-02-22T15:32:48.336457Z","provider":"Microsoft-Windows-Security-SPP","channel":"Application","computer":"Niaina","task_id":0,"keywords":36028797018963968,"user_id":null,"data":{"Data":{"#text":["2026-05-20T15:57:48Z","RulesEngine"]},"Binary":null},"raw_xml":null,"source_file":null,"sigma_matches":[]},
